<?xml version="1.0" encoding="UTF-8"?>
<testsuite xmlns:xsi="http://www.w3.org/2001/XMLSchema-instance" xsi:schemaLocation="https://maven.apache.org/surefire/maven-surefire-plugin/xsd/surefire-test-report.xsd" name="TestSuite" time="117.09" tests="2" errors="0" skipped="0" failures="1">
  <properties>
    <property name="java.runtime.name" value="OpenJDK Runtime Environment"/>
    <property name="java.vm.version" value="15.0.2+7"/>
    <property name="sun.boot.library.path" value="/usr/local/Cellar/openjdk/15.0.2/libexec/openjdk.jdk/Contents/Home/lib"/>
    <property name="maven.multiModuleProjectDirectory" value="/Users/ra324990/Documents/assignment"/>
    <property name="java.vm.vendor" value="Oracle Corporation"/>
    <property name="java.vendor.url" value="https://openjdk.java.net/"/>
    <property name="guice.disable.misplaced.annotation.check" value="true"/>
    <property name="path.separator" value=":"/>
    <property name="java.vm.name" value="OpenJDK 64-Bit Server VM"/>
    <property name="user.country" value="GB"/>
    <property name="sun.java.launcher" value="SUN_STANDARD"/>
    <property name="java.vm.specification.name" value="Java Virtual Machine Specification"/>
    <property name="user.dir" value="/Users/ra324990/Documents/assignment"/>
    <property name="java.vm.compressedOopsMode" value="Zero based"/>
    <property name="java.runtime.version" value="15.0.2+7"/>
    <property name="os.arch" value="x86_64"/>
    <property name="java.io.tmpdir" value="/var/folders/l5/vx855n854h37d7_mcyfcn_sc0000gq/T/"/>
    <property name="line.separator" value="&#10;"/>
    <property name="java.vm.specification.vendor" value="Oracle Corporation"/>
    <property name="os.name" value="Mac OS X"/>
    <property name="classworlds.conf" value="/usr/local/Cellar/maven/3.8.1/libexec/bin/m2.conf"/>
    <property name="sun.jnu.encoding" value="UTF-8"/>
    <property name="java.library.path" value="/Users/ra324990/Library/Java/Extensions:/Library/Java/Extensions:/Network/Library/Java/Extensions:/System/Library/Java/Extensions:/usr/lib/java:."/>
    <property name="maven.conf" value="/usr/local/Cellar/maven/3.8.1/libexec/conf"/>
    <property name="jdk.debug" value="release"/>
    <property name="java.class.version" value="59.0"/>
    <property name="java.specification.name" value="Java Platform API Specification"/>
    <property name="sun.management.compiler" value="HotSpot 64-Bit Tiered Compilers"/>
    <property name="os.version" value="10.15.7"/>
    <property name="library.jansi.path" value="/usr/local/Cellar/maven/3.8.1/libexec/lib/jansi-native"/>
    <property name="http.nonProxyHosts" value="local|*.local|169.254/16|*.169.254/16"/>
    <property name="user.home" value="/Users/ra324990"/>
    <property name="user.timezone" value="Europe/London"/>
    <property name="file.encoding" value="UTF-8"/>
    <property name="java.specification.version" value="15"/>
    <property name="user.name" value="ra324990"/>
    <property name="java.class.path" value="/usr/local/Cellar/maven/3.8.1/libexec/boot/plexus-classworlds-2.6.0.jar"/>
    <property name="java.vm.specification.version" value="15"/>
    <property name="sun.arch.data.model" value="64"/>
    <property name="sun.java.command" value="org.codehaus.plexus.classworlds.launcher.Launcher clean install"/>
    <property name="java.home" value="/usr/local/Cellar/openjdk/15.0.2/libexec/openjdk.jdk/Contents/Home"/>
    <property name="user.language" value="en"/>
    <property name="java.specification.vendor" value="Oracle Corporation"/>
    <property name="java.vm.info" value="mixed mode, sharing"/>
    <property name="java.version" value="15.0.2"/>
    <property name="java.vendor" value="N/A"/>
    <property name="maven.home" value="/usr/local/Cellar/maven/3.8.1/libexec"/>
    <property name="file.separator" value="/"/>
    <property name="java.version.date" value="2021-01-19"/>
    <property name="java.vendor.url.bug" value="https://bugreport.java.com/bugreport/"/>
    <property name="sun.io.unicode.encoding" value="UnicodeBig"/>
    <property name="sun.cpu.endian" value="little"/>
    <property name="socksNonProxyHosts" value="local|*.local|169.254/16|*.169.254/16"/>
    <property name="ftp.nonProxyHosts" value="local|*.local|169.254/16|*.169.254/16"/>
  </properties>
  <testcase name="verifyBookingRestTest" classname="com.encore.web.tests.EncoreWebTests" time="62.211"/>
  <testcase name="verifyBookingTest" classname="com.encore.web.tests.EncoreWebTests" time="40.091">
    <failure message="no such element: Unable to locate element: {&quot;method&quot;:&quot;xpath&quot;,&quot;selector&quot;:&quot;//div[@class=&apos;seat-summary__price o-seat-summary__price--per-ticket&apos;]/span&quot;}&#10;  (Session info: chrome=93.0.4577.82)&#10;For documentation on this error, please visit: https://www.seleniumhq.org/exceptions/no_such_element.html&#10;Build info: version: &apos;3.141.59&apos;, revision: &apos;e82be7d358&apos;, time: &apos;2018-11-14T08:17:03&apos;&#10;System info: host: &apos;C02X6HZXJG5J&apos;, ip: &apos;fe80:0:0:0:1870:b65f:e892:dfba%en0&apos;, os.name: &apos;Mac OS X&apos;, os.arch: &apos;x86_64&apos;, os.version: &apos;10.15.7&apos;, java.version: &apos;15.0.2&apos;&#10;Driver info: org.openqa.selenium.chrome.ChromeDriver&#10;Capabilities {acceptInsecureCerts: false, browserName: chrome, browserVersion: 93.0.4577.82, chrome: {chromedriverVersion: 93.0.4577.63 (ff5c0da2ec0ad..., userDataDir: /var/folders/l5/vx855n854h3...}, goog:chromeOptions: {debuggerAddress: localhost:51316}, javascriptEnabled: true, networkConnectionEnabled: false, pageLoadStrategy: normal, platform: MAC, platformName: MAC, proxy: Proxy(), setWindowRect: true, strictFileInteractability: false, timeouts: {implicit: 0, pageLoad: 300000, script: 30000}, unhandledPromptBehavior: dismiss and notify, webauthn:extension:credBlob: true, webauthn:extension:largeBlob: true, webauthn:virtualAuthenticators: true}&#10;Session ID: aa2df9b1a580e8a1d8c32819fc62d46b&#10;*** Element info: {Using=xpath, value=//div[@class=&apos;seat-summary__price o-seat-summary__price--per-ticket&apos;]/span}" type="org.openqa.selenium.NoSuchElementException">org.openqa.selenium.NoSuchElementException: 
no such element: Unable to locate element: {"method":"xpath","selector":"//div[@class='seat-summary__price o-seat-summary__price--per-ticket']/span"}
  (Session info: chrome=93.0.4577.82)
For documentation on this error, please visit: https://www.seleniumhq.org/exceptions/no_such_element.html
Build info: version: '3.141.59', revision: 'e82be7d358', time: '2018-11-14T08:17:03'
System info: host: 'C02X6HZXJG5J', ip: 'fe80:0:0:0:1870:b65f:e892:dfba%en0', os.name: 'Mac OS X', os.arch: 'x86_64', os.version: '10.15.7', java.version: '15.0.2'
Driver info: org.openqa.selenium.chrome.ChromeDriver
Capabilities {acceptInsecureCerts: false, browserName: chrome, browserVersion: 93.0.4577.82, chrome: {chromedriverVersion: 93.0.4577.63 (ff5c0da2ec0ad..., userDataDir: /var/folders/l5/vx855n854h3...}, goog:chromeOptions: {debuggerAddress: localhost:51316}, javascriptEnabled: true, networkConnectionEnabled: false, pageLoadStrategy: normal, platform: MAC, platformName: MAC, proxy: Proxy(), setWindowRect: true, strictFileInteractability: false, timeouts: {implicit: 0, pageLoad: 300000, script: 30000}, unhandledPromptBehavior: dismiss and notify, webauthn:extension:credBlob: true, webauthn:extension:largeBlob: true, webauthn:virtualAuthenticators: true}
Session ID: aa2df9b1a580e8a1d8c32819fc62d46b
*** Element info: {Using=xpath, value=//div[@class='seat-summary__price o-seat-summary__price--per-ticket']/span}
	at com.encore.web.tests.EncoreWebTests.verifyBookingTest(EncoreWebTests.java:66)
</failure>
    <system-out><![CDATA[[verifyBookingRestTest INFO ] 2021-09-20 23:11:41.428 (BaseTest.java:60) - afterMethodTestBase() called
[verifyBookingRestTest INFO ] 2021-09-20 23:11:41.867 (BaseTest.java:67) - Test log for verifyBookingRestTest is available at target/logs/verifyBookingRestTest/app-execution-2021-09-20-23-10-34-180.log
[verifyBookingTest INFO ] 2021-09-20 23:11:41.869 (AppDriver.java:54) - Test log for verifyBookingTest is available at target/logs/verifyBookingTest/app-execution-2021-09-20-23-11-41-869.log
[verifyBookingTest INFO ] 2021-09-20 23:11:41.870 (BaseTest.java:42) - beforeMethodTestBase() called
Thread 19	
Thread 19	Request:
Thread 19	Url:	https://inventory-service.tixuk.io/api/v4/availability/products/6362/quantity/2/from/20211101/to/20211201
Thread 19	Method:	GET
Thread 19	Header	Accept:application/json
Thread 19	Header	Accept-Language:en_US
Thread 19	Header	affiliateId:encoretickets
Thread 19	Header	Content-Type:application/json
Thread 19	Body:	null
Thread 19	
Thread 19	Response:
Thread 19	Code:	200
Thread 19	Header	X-Cache:MISS, HIT
Thread 19	Header	x-origurl:/api/v4/availability/products/6362/quantity/2/from/20211101/to/20211201?affiliateId=encoretickets
Thread 19	Header	Server:nginx
Thread 19	Header	Access-Control-Allow-Origin:*
Thread 19	Header	X-Correlation-ID:2dd16887-8991-4432-ae23-d4539255540f
Thread 19	Header	Connection:keep-alive
Thread 19	Header	Date:Mon, 20 Sep 2021 22:11:41 GMT
Thread 19	Header	X-Timer:S1632175902.856616,VS0,VE1
Thread 19	Header	Via:1.1 varnish, 1.1 varnish
Thread 19	Header	Allow:GET
Thread 19	Header	Accept-Ranges:bytes
Thread 19	Header	X-Client-Request-DateTime:2021-09-20T22:00:51+0000
Thread 19	Header	Cache-Control:max-age=14400, public, s-maxage=14400
Thread 19	Header	X-Served-By:cache-lcy19234-LCY, cache-lhr7343-LHR
Thread 19	Header	Vary:Accept-Encoding
Thread 19	Header	X-Cache-Tags:summary-availability_v4 summary-availability_v4_encoretickets summary-availability_v4_6362
Thread 19	Header	X-Client-Request-DateTime-Generated:1
Thread 19	Header	Content-Length:6403
Thread 19	Header	X-Cache-Hits:0, 1
Thread 19	Header	x-refUrl:/api/v4/availability/products/6362/quantity/2/from/20211101/to/20211201?affiliateId=encoretickets
Thread 19	Header	Age:650
Thread 19	Header	X-Powered-By:PHP/7.4.23
Thread 19	Header	Content-Type:application/json
Thread 19	Body:	{"request":{"body":"","query":{"affiliateId":"encoretickets"},"urlParams":{"productId":"6362","quantity":"2","fromDate":"20211101","toDate":"20211201"}},"response":[{"datetime":"2021-11-01T19:00:00+0000","partTwoDatetime":null,"largestLumpOfTickets":9,"availableSeatCount":851,"minPrice":2400,"maxPrice":null,"noBookingFee":false,"discount":false},{"datetime":"2021-11-03T19:30:00+0000","partTwoDatetime":null,"largestLumpOfTickets":9,"availableSeatCount":703,"minPrice":2400,"maxPrice":null,"noBookingFee":false,"discount":false},{"datetime":"2021-11-04T14:30:00+0000","partTwoDatetime":null,"largestLumpOfTickets":9,"availableSeatCount":569,"minPrice":3000,"maxPrice":null,"noBookingFee":false,"discount":false},{"datetime":"2021-11-04T19:30:00+0000","partTwoDatetime":null,"largestLumpOfTickets":9,"availableSeatCount":743,"minPrice":3000,"maxPrice":null,"noBookingFee":false,"discount":false},{"datetime":"2021-11-05T19:30:00+0000","partTwoDatetime":null,"largestLumpOfTickets":9,"availableSeatCount":894,"minPrice":3600,"maxPrice":null,"noBookingFee":false,"discount":false},{"datetime":"2021-11-06T14:30:00+0000","partTwoDatetime":null,"largestLumpOfTickets":9,"availableSeatCount":571,"minPrice":5400,"maxPrice":null,"noBookingFee":false,"discount":false},{"datetime":"2021-11-06T19:30:00+0000","partTwoDatetime":null,"largestLumpOfTickets":9,"availableSeatCount":716,"minPrice":3600,"maxPrice":null,"noBookingFee":false,"discount":false},{"datetime":"2021-11-07T15:00:00+0000","partTwoDatetime":null,"largestLumpOfTickets":9,"availableSeatCount":785,"minPrice":3600,"maxPrice":null,"noBookingFee":false,"discount":false},{"datetime":"2021-11-08T19:00:00+0000","partTwoDatetime":null,"largestLumpOfTickets":9,"availableSeatCount":934,"minPrice":2400,"maxPrice":null,"noBookingFee":false,"discount":false},{"datetime":"2021-11-10T19:30:00+0000","partTwoDatetime":null,"largestLumpOfTickets":9,"availableSeatCount":769,"minPrice":2400,"maxPrice":null,"noBookingFee":false,"discount":false},{"datetime":"2021-11-11T14:30:00+0000","partTwoDatetime":null,"largestLumpOfTickets":9,"availableSeatCount":681,"minPrice":3000,"maxPrice":null,"noBookingFee":false,"discount":false},{"datetime":"2021-11-11T19:30:00+0000","partTwoDatetime":null,"largestLumpOfTickets":9,"availableSeatCount":780,"minPrice":3000,"maxPrice":null,"noBookingFee":false,"discount":false},{"datetime":"2021-11-12T19:30:00+0000","partTwoDatetime":null,"largestLumpOfTickets":9,"availableSeatCount":840,"minPrice":5400,"maxPrice":null,"noBookingFee":false,"discount":false},{"datetime":"2021-11-13T14:30:00+0000","partTwoDatetime":null,"largestLumpOfTickets":9,"availableSeatCount":532,"minPrice":3600,"maxPrice":null,"noBookingFee":false,"discount":false},{"datetime":"2021-11-13T19:30:00+0000","partTwoDatetime":null,"largestLumpOfTickets":9,"availableSeatCount":722,"minPrice":3600,"maxPrice":null,"noBookingFee":false,"discount":false},{"datetime":"2021-11-14T15:00:00+0000","partTwoDatetime":null,"largestLumpOfTickets":9,"availableSeatCount":823,"minPrice":3600,"maxPrice":null,"noBookingFee":false,"discount":false},{"datetime":"2021-11-15T19:00:00+0000","partTwoDatetime":null,"largestLumpOfTickets":9,"availableSeatCount":899,"minPrice":2400,"maxPrice":null,"noBookingFee":false,"discount":false},{"datetime":"2021-11-17T19:30:00+0000","partTwoDatetime":null,"largestLumpOfTickets":9,"availableSeatCount":872,"minPrice":2400,"maxPrice":null,"noBookingFee":false,"discount":false},{"datetime":"2021-11-18T14:30:00+0000","partTwoDatetime":null,"largestLumpOfTickets":9,"availableSeatCount":615,"minPrice":3000,"maxPrice":null,"noBookingFee":false,"discount":false},{"datetime":"2021-11-18T19:30:00+0000","partTwoDatetime":null,"largestLumpOfTickets":9,"availableSeatCount":798,"minPrice":3000,"maxPrice":null,"noBookingFee":false,"discount":false},{"datetime":"2021-11-19T19:30:00+0000","partTwoDatetime":null,"largestLumpOfTickets":9,"availableSeatCount":887,"minPrice":5400,"maxPrice":null,"noBookingFee":false,"discount":false},{"datetime":"2021-11-20T14:30:00+0000","partTwoDatetime":null,"largestLumpOfTickets":9,"availableSeatCount":580,"minPrice":5400,"maxPrice":null,"noBookingFee":false,"discount":false},{"datetime":"2021-11-20T19:30:00+0000","partTwoDatetime":null,"largestLumpOfTickets":9,"availableSeatCount":540,"minPrice":3600,"maxPrice":null,"noBookingFee":false,"discount":false},{"datetime":"2021-11-21T15:00:00+0000","partTwoDatetime":null,"largestLumpOfTickets":9,"availableSeatCount":895,"minPrice":3600,"maxPrice":null,"noBookingFee":false,"discount":false},{"datetime":"2021-11-22T19:00:00+0000","partTwoDatetime":null,"largestLumpOfTickets":9,"availableSeatCount":909,"minPrice":2400,"maxPrice":null,"noBookingFee":false,"discount":false},{"datetime":"2021-11-24T19:30:00+0000","partTwoDatetime":null,"largestLumpOfTickets":9,"availableSeatCount":877,"minPrice":2400,"maxPrice":null,"noBookingFee":false,"discount":false},{"datetime":"2021-11-25T14:30:00+0000","partTwoDatetime":null,"largestLumpOfTickets":9,"availableSeatCount":605,"minPrice":3000,"maxPrice":null,"noBookingFee":false,"discount":false},{"datetime":"2021-11-25T19:30:00+0000","partTwoDatetime":null,"largestLumpOfTickets":9,"availableSeatCount":852,"minPrice":3000,"maxPrice":null,"noBookingFee":false,"discount":false},{"datetime":"2021-11-26T19:30:00+0000","partTwoDatetime":null,"largestLumpOfTickets":9,"availableSeatCount":818,"minPrice":3600,"maxPrice":null,"noBookingFee":false,"discount":false},{"datetime":"2021-11-27T14:30:00+0000","partTwoDatetime":null,"largestLumpOfTickets":9,"availableSeatCount":424,"minPrice":3600,"maxPrice":null,"noBookingFee":false,"discount":false},{"datetime":"2021-11-27T19:30:00+0000","partTwoDatetime":null,"largestLumpOfTickets":9,"availableSeatCount":670,"minPrice":3600,"maxPrice":null,"noBookingFee":false,"discount":false},{"datetime":"2021-11-28T15:00:00+0000","partTwoDatetime":null,"largestLumpOfTickets":9,"availableSeatCount":824,"minPrice":3600,"maxPrice":null,"noBookingFee":false,"discount":false},{"datetime":"2021-11-29T19:00:00+0000","partTwoDatetime":null,"largestLumpOfTickets":9,"availableSeatCount":906,"minPrice":2400,"maxPrice":null,"noBookingFee":false,"discount":false},{"datetime":"2021-12-01T19:30:00+0000","partTwoDatetime":null,"largestLumpOfTickets":9,"availableSeatCount":835,"minPrice":2400,"maxPrice":null,"noBookingFee":false,"discount":false}],"context":null}
Thread 19	
Thread 19	Request:
Thread 19	Url:	https://inventory-service.tixuk.io/api/v4/products/6362/areas?date=20211122&time=1900&quantity=2&includeSeatsAttributes=true
Thread 19	Method:	GET
Thread 19	Header	Accept:application/json
Thread 19	Header	Accept-Language:en_US
Thread 19	Header	affiliateId:encoretickets
Thread 19	Header	Content-Type:application/x-www-form-urlencoded
Thread 19	Body:	null
Thread 19	
Thread 19	Response:
Thread 19	Code:	200
Thread 19	Header	X-Cache:MISS, MISS
Thread 19	Header	x-origurl:/api/v4/products/6362/areas?date=20211122&time=1900&quantity=2&includeSeatsAttributes=true&affiliateId=encoretickets
Thread 19	Header	Server:nginx
Thread 19	Header	Access-Control-Allow-Origin:*
Thread 19	Header	X-Correlation-ID:9bebed80-5fd9-48f8-a714-73f82686466e
Thread 19	Header	Connection:keep-alive
Thread 19	Header	Date:Mon, 20 Sep 2021 22:11:45 GMT
Thread 19	Header	X-Timer:S1632175902.894826,VS0,VE3190
Thread 19	Header	Via:1.1 varnish, 1.1 varnish
Thread 19	Header	Allow:GET
Thread 19	Header	Accept-Ranges:bytes
Thread 19	Header	X-Client-Request-DateTime:2021-09-20T22:11:41+0000
Thread 19	Header	Cache-Control:max-age=600, public, s-maxage=600
Thread 19	Header	X-Served-By:cache-lcy19257-LCY, cache-lhr7343-LHR
Thread 19	Header	Vary:Accept-Encoding
Thread 19	Header	X-Cache-Tags:app_v4_aggregateitems_areas_v4 app_v4_aggregateitems_areas_v4_encoretickets app_v4_aggregateitems_areas_v4_6362 app_v4_aggregateitems_areas_v4_2 app_v4_aggregateitems_areas_v4_lump app_v4_aggregateitems_areas_v4_202111221900 app_v4_aggregateitems_areas_v4_6362_202111221900 app_v4_aggregateitems_areas_v4_6362_2_202111221900
Thread 19	Header	X-Client-Request-DateTime-Generated:1
Thread 19	Header	Content-Length:579327
Thread 19	Header	X-Cache-Hits:0, 0
Thread 19	Header	x-refUrl:/api/v4/products/6362/areas?affiliateId=encoretickets&date=20211122&includeSeatsAttributes=true&quantity=2&time=1900
Thread 19	Header	Age:0
Thread 19	Header	X-Powered-By:PHP/7.4.23
Thread 19	Header	Content-Type:application/json
Thread 19	Body:	{"request":{"body":"","query":{"affiliateId":"encoretickets","date":"20211122","includeSeatsAttributes":"true","quantity":"2","time":"1900"},"urlParams":{"productId":"6362"}},"response":{"displayCurrency":"GBP","availableCount":3,"areas":[{"availableCount":251,"date":"2021-11-22T19:00:00+0000","partTwoDate":null,"name":"Grand Circle","mode":"allocated","groupings":[{"groupIdentifier":"GRAND CIRCLE~H1;6","aggregateReference":null,"row":"H","mode":"allocated","seatNumberStart":1,"seatNumberEnd":6,"availableCount":6,"pricing":{"salePrice":[{"value":2400,"currency":"GBP","decimalPlaces":2}],"faceValue":[{"value":2000,"currency":"GBP","decimalPlaces":2}],"percentageDiscount":0,"includesBookingFee":true,"createdAt":"2021-09-20T22:11:43+0000","promotionLabel":null},"seats":[{"seatIdentifier":"GRAND_CIRCLE-H1","aggregateReference":"eyJ0eXAiOiJKV1QiLCJhbGciOiJIUzI1NiJ9.eyJzdGkiOjcwNzc1MiwicGFpIjoiZW5jb3JldGlja2V0cyIsInByaSI6ODYsInNpIjoiR1JBTkQgQ0lSQ0xFLUgtMSJ9.Zaper5kBxyc1fnn2fZ-0h_Jw_2GRXIS29w-wmqACgDs","row":"H","number":1,"pricing":{"salePrice":[{"value":2400,"currency":"GBP","decimalPlaces":2}],"faceValue":[{"value":2000,"currency":"GBP","decimalPlaces":2}],"percentageDiscount":0,"includesBookingFee":true,"createdAt":"2021-09-20T22:11:43+0000","promotionLabel":null},"attributes":[{"title":"EndOfRow","description":"Seat at end of row","intention":"positive"}],"isRestrictedView":false},{"seatIdentifier":"GRAND_CIRCLE-H2","aggregateReference":"eyJ0eXAiOiJKV1QiLCJhbGciOiJIUzI1NiJ9.eyJzdGkiOjcwNzc1MiwicGFpIjoiZW5jb3JldGlja2V0cyIsInByaSI6ODYsInNpIjoiR1JBTkQgQ0lSQ0xFLUgtMiJ9.ks3u80AoyTv2sLo2wWAxz0oTUa5Yqx2OXiCSeiLHvXs","row":"H","number":2,"pricing":{"salePrice":[{"value":2400,"currency":"GBP","decimalPlaces":2}],"faceValue":[{"value":2000,"currency":"GBP","decimalPlaces":2}],"percentageDiscount":0,"includesBookingFee":true,"createdAt":"2021-09-20T22:11:43+0000","promotionLabel":null},"attributes":[],"isRestrictedView":false},{"seatIdentifier":"GRAND_CIRCLE-H3","aggregateReference":"eyJ0eXAiOiJKV1QiLCJhbGciOiJIUzI1NiJ9.eyJzdGkiOjcwNzc1MiwicGFpIjoiZW5jb3JldGlja2V0cyIsInByaSI6ODYsInNpIjoiR1JBTkQgQ0lSQ0xFLUgtMyJ9.cmOD9Ip7QntbDeBDv6iSJ6VFB1ZlVrwqqNI6IjDmRsM","row":"H","number":3,"pricing":{"salePrice":[{"value":2400,"currency":"GBP","decimalPlaces":2}],"faceValue":[{"value":2000,"currency":"GBP","decimalPlaces":2}],"percentageDiscount":0,"includesBookingFee":true,"createdAt":"2021-09-20T22:11:43+0000","promotionLabel":null},"attributes":[],"isRestrictedView":false},{"seatIdentifier":"GRAND_CIRCLE-H4","aggregateReference":"eyJ0eXAiOiJKV1QiLCJhbGciOiJIUzI1NiJ9.eyJzdGkiOjcwNzc1MiwicGFpIjoiZW5jb3JldGlja2V0cyIsInByaSI6ODYsInNpIjoiR1JBTkQgQ0lSQ0xFLUgtNCJ9.Dhc6hDBQMERaFnYcizW1unpLeXxrlUG1iFUWMvcvqtc","row":"H","number":4,"pricing":{"salePrice":[{"value":2400,"currency":"GBP","decimalPlaces":2}],"faceValue":[{"value":2000,"currency":"GBP","decimalPlaces":2}],"percentageDiscount":0,"includesBookingFee":true,"createdAt":"2021-09-20T22:11:43+0000","promotionLabel":null},"attributes":[],"isRestrictedView":false},{"seatIdentifier":"GRAND_CIRCLE-H5","aggregateReference":"eyJ0eXAiOiJKV1QiLCJhbGciOiJIUzI1NiJ9.eyJzdGkiOjcwNzc1MiwicGFpIjoiZW5jb3JldGlja2V0cyIsInByaSI6ODYsInNpIjoiR1JBTkQgQ0lSQ0xFLUgtNSJ9.6h_KZOT1MxIk0h0dIaDOvaKTHCkLJj9ZGIY2PqJDZ4E","row":"H","number":5,"pricing":{"salePrice":[{"value":2400,"currency":"GBP","decimalPlaces":2}],"faceValue":[{"value":2000,"currency":"GBP","decimalPlaces":2}],"percentageDiscount":0,"includesBookingFee":true,"createdAt":"2021-09-20T22:11:43+0000","promotionLabel":null},"attributes":[],"isRestrictedView":false},{"seatIdentifier":"GRAND_CIRCLE-H6","aggregateReference":"eyJ0eXAiOiJKV1QiLCJhbGciOiJIUzI1NiJ9.eyJzdGkiOjcwNzc1MiwicGFpIjoiZW5jb3JldGlja2V0cyIsInByaSI6ODYsInNpIjoiR1JBTkQgQ0lSQ0xFLUgtNiJ9.eMJodGukwjE1oJ6I1JHhrvNBw3NczU6QOjs4GoMUxDY","row":"H","number":6,"pricing":{"salePrice":[{"value":2400,"currency":"GBP","decimalPlaces":2}],"faceValue":[{"value":2000,"currency":"GBP","decimalPlaces":2}],"percentageDiscount":0,"includesBookingFee":true,"createdAt":"2021-09-20T22:11:43+0000","promotionLabel":null},"attributes":[],"isRestrictedView":false}],"seatLumps":[{"seats":["GRAND_CIRCLE-H1","GRAND_CIRCLE-H2"]},{"seats":["GRAND_CIRCLE-H3","GRAND_CIRCLE-H4"]},{"seats":["GRAND_CIRCLE-H5","GRAND_CIRCLE-H6"]}]},{"groupIdentifier":"GRAND CIRCLE~H18;27","aggregateReference":null,"row":"H","mode":"allocated","seatNumberStart":18,"seatNumberEnd":27,"availableCount":10,"pricing":{"salePrice":[{"value":2400,"currency":"GBP","decimalPlaces":2}],"faceValue":[{"value":2000,"currency":"GBP","decimalPlaces":2}],"percentageDiscount":0,"includesBookingFee":true,"createdAt":"2021-09-20T22:11:43+0000","promotionLabel":null},"seats":[{"seatIdentifier":"GRAND_CIRCLE-H18","aggregateReference":"eyJ0eXAiOiJKV1QiLCJhbGciOiJIUzI1NiJ9.eyJzdGkiOjcwNzc1MiwicGFpIjoiZW5jb3JldGlja2V0cyIsInByaSI6ODYsInNpIjoiR1JBTkQgQ0lSQ0xFLUgtMTgifQ.fVu0wBExqq3qKUTU2UT07mYY-YGHKDJCu1Z0y69uGrM","row":"H","number":18,"pricing":{"salePrice":[{"value":2400,"currency":"GBP","decimalPlaces":2}],"faceValue":[{"value":2000,"currency":"GBP","decimalPlaces":2}],"percentageDiscount":0,"includesBookingFee":true,"createdAt":"2021-09-20T22:11:43+0000","promotionLabel":null},"attributes":[],"isRestrictedView":false},{"seatIdentifier":"GRAND_CIRCLE-H19","aggregateReference":"eyJ0eXAiOiJKV1QiLCJhbGciOiJIUzI1NiJ9.eyJzdGkiOjcwNzc1MiwicGFpIjoiZW5jb3JldGlja2V0cyIsInByaSI6ODYsInNpIjoiR1JBTkQgQ0lSQ0xFLUgtMTkifQ.SfWb_zGos-HHiLNLLwOlrA2Di9tu_t_w1SshJPXjf3Y","row":"H","number":19,"pricing":{"salePrice":[{"value":2400,"currency":"GBP","decimalPlaces":2}],"faceValue":[{"value":2000,"currency":"GBP","decimalPlaces":2}],"percentageDiscount":0,"includesBookingFee":true,"createdAt":"2021-09-20T22:11:43+0000","promotionLabel":null},"attributes":[],"isRestrictedView":false},{"seatIdentifier":"GRAND_CIRCLE-H20","aggregateReference":"eyJ0eXAiOiJKV1QiLCJhbGciOiJIUzI1NiJ9.eyJzdGkiOjcwNzc1MiwicGFpIjoiZW5jb3JldGlja2V0cyIsInByaSI6ODYsInNpIjoiR1JBTkQgQ0lSQ0xFLUgtMjAifQ.oikHcV_kB-shFeeN-LmqVPLBuhA1G21FwXoZ0I2COzc","row":"H","number":20,"pricing":{"salePrice":[{"value":2400,"currency":"GBP","decimalPlaces":2}],"faceValue":[{"value":2000,"currency":"GBP","decimalPlaces":2}],"percentageDiscount":0,"includesBookingFee":true,"createdAt":"2021-09-20T22:11:43+0000","promotionLabel":null},"attributes":[],"isRestrictedView":false},{"seatIdentifier":"GRAND_CIRCLE-H21","aggregateReference":"eyJ0eXAiOiJKV1QiLCJhbGciOiJIUzI1NiJ9.eyJzdGkiOjcwNzc1MiwicGFpIjoiZW5jb3JldGlja2V0cyIsInByaSI6ODYsInNpIjoiR1JBTkQgQ0lSQ0xFLUgtMjEifQ.MrWRKlVvRebrF_hID79anMnHtbKJUdfpsU1DxXV27YQ","row":"H","number":21,"pricing":{"salePrice":[{"value":2400,"currency":"GBP","decimalPlaces":2}],"faceValue":[{"value":2000,"currency":"GBP","decimalPlaces":2}],"percentageDiscount":0,"includesBookingFee":true,"createdAt":"2021-09-20T22:11:43+0000","promotionLabel":null},"attributes":[],"isRestrictedView":false},{"seatIdentifier":"GRAND_CIRCLE-H22","aggregateReference":"eyJ0eXAiOiJKV1QiLCJhbGciOiJIUzI1NiJ9.eyJzdGkiOjcwNzc1MiwicGFpIjoiZW5jb3JldGlja2V0cyIsInByaSI6ODYsInNpIjoiR1JBTkQgQ0lSQ0xFLUgtMjIifQ.b3dOB7mq3moS-xF4oPAXg2xfhWQBYxt-DLz1aDP2SQg","row":"H","number":22,"pricing":{"salePrice":[{"value":2400,"currency":"GBP","decimalPlaces":2}],"faceValue":[{"value":2000,"currency":"GBP","decimalPlaces":2}],"percentageDiscount":0,"includesBookingFee":true,"createdAt":"2021-09-20T22:11:43+0000","promotionLabel":null},"attributes":[],"isRestrictedView":false},{"seatIdentifier":"GRAND_CIRCLE-H23","aggregateReference":"eyJ0eXAiOiJKV1QiLCJhbGciOiJIUzI1NiJ9.eyJzdGkiOjcwNzc1MiwicGFpIjoiZW5jb3JldGlja2V0cyIsInByaSI6ODYsInNpIjoiR1JBTkQgQ0lSQ0xFLUgtMjMifQ.agP_LO1RXWhgHfEjDZJwvVs4_hf45iDROqg9WUm6K4w","row":"H","number":23,"pricing":{"salePrice":[{"value":2400,"currency":"GBP","decimalPlaces":2}],"faceValue":[{"value":2000,"currency":"GBP","decimalPlaces":2}],"percentageDiscount":0,"includesBookingFee":true,"createdAt":"2021-09-20T22:11:43+0000","promotionLabel":null},"attributes":[],"isRestrictedView":false},{"seatIdentifier":"GRAND_CIRCLE-H24","aggregateReference":"eyJ0eXAiOiJKV1QiLCJhbGciOiJIUzI1NiJ9.eyJzdGkiOjcwNzc1MiwicGFpIjoiZW5jb3JldGlja2V0cyIsInByaSI6ODYsInNpIjoiR1JBTkQgQ0lSQ0xFLUgtMjQifQ.AfcDRhbqf5h42aCLEDcW3IsYYwlCUe35HRMxiWRtpBM","row":"H","number":24,"pricing":{"salePrice":[{"value":2400,"currency":"GBP","decimalPlaces":2}],"faceValue":[{"value":2000,"currency":"GBP","decimalPlaces":2}],"percentageDiscount":0,"includesBookingFee":true,"createdAt":"2021-09-20T22:11:43+0000","promotionLabel":null},"attributes":[],"isRestrictedView":false},{"seatIdentifier":"GRAND_CIRCLE-H25","aggregateReference":"eyJ0eXAiOiJKV1QiLCJhbGciOiJIUzI1NiJ9.eyJzdGkiOjcwNzc1MiwicGFpIjoiZW5jb3JldGlja2V0cyIsInByaSI6ODYsInNpIjoiR1JBTkQgQ0lSQ0xFLUgtMjUifQ.MeIBo6ju1d0Ttjqu0SS6aU_u7aXnr1q2QDvfbY-VNjU","row":"H","number":25,"pricing":{"salePrice":[{"value":2400,"currency":"GBP","decimalPlaces":2}],"faceValue":[{"value":2000,"currency":"GBP","decimalPlaces":2}],"percentageDiscount":0,"includesBookingFee":true,"createdAt":"2021-09-20T22:11:43+0000","promotionLabel":null},"attributes":[],"isRestrictedView":false},{"seatIdentifier":"GRAND_CIRCLE-H26","aggregateReference":"eyJ0eXAiOiJKV1QiLCJhbGciOiJIUzI1NiJ9.eyJzdGkiOjcwNzc1MiwicGFpIjoiZW5jb3JldGlja2V0cyIsInByaSI6ODYsInNpIjoiR1JBTkQgQ0lSQ0xFLUgtMjYifQ.DBoo34LAiQ8voTqp-dBs6S_cAUzasCEqRUln8rxaJrg","row":"H","number":26,"pricing":{"salePrice":[{"value":2400,"currency":"GBP","decimalPlaces":2}],"faceValue":[{"value":2000,"currency":"GBP","decimalPlaces":2}],"percentageDiscount":0,"includesBookingFee":true,"createdAt":"2021-09-20T22:11:43+0000","promotionLabel":null},"attributes":[],"isRestrictedView":false},{"seatIdentifier":"GRAND_CIRCLE-H27","aggregateReference":"eyJ0eXAiOiJKV1QiLCJhbGciOiJIUzI1NiJ9.eyJzdGkiOjcwNzc1MiwicGFpIjoiZW5jb3JldGlja2V0cyIsInByaSI6ODYsInNpIjoiR1JBTkQgQ0lSQ0xFLUgtMjcifQ.C1dSVTsCAgGKjM4ydkB7gL9vF2k9sAcdsMwxoDfW5Ws","row":"H","number":27,"pricing":{"salePrice":[{"value":2400,"currency":"GBP","decimalPlaces":2}],"faceValue":[{"value":2000,"currency":"GBP","decimalPlaces":2}],"percentageDiscount":0,"includesBookingFee":true,"createdAt":"2021-09-20T22:11:43+0000","promotionLabel":null},"attributes":[{"title":"EndOfRow","description":"Seat at end of row","intention":"positive"}],"isRestrictedView":false}],"seatLumps":[{"seats":["GRAND_CIRCLE-H18","GRAND_CIRCLE-H19"]},{"seats":["GRAND_CIRCLE-H20","GRAND_CIRCLE-H21"]},{"seats":["GRAND_CIRCLE-H21","GRAND_CIRCLE-H22"]},{"seats":["GRAND_CIRCLE-H22","GRAND_CIRCLE-H23"]},{"seats":["GRAND_CIRCLE-H23","GRAND_CIRCLE-H24"]},{"seats":["GRAND_CIRCLE-H24","GRAND_CIRCLE-H25"]},{"seats":["GRAND_CIRCLE-H26","GRAND_CIRCLE-H27"]}]},{"groupIdentifier":"GRAND CIRCLE~J1;13","aggregateReference":null,"row":"J","mode":"allocated","seatNumberStart":1,"seatNumberEnd":13,"availableCount":13,"pricing":{"salePrice":[{"value":2400,"currency":"GBP","decimalPlaces":2}],"faceValue":[{"value":2000,"currency":"GBP","decimalPlaces":2}],"percentageDiscount":0,"includesBookingFee":true,"createdAt":"2021-09-20T22:11:43+0000","promotionLabel":null},"seats":[{"seatIdentifier":"GRAND_CIRCLE-J1","aggregateReference":"eyJ0eXAiOiJKV1QiLCJhbGciOiJIUzI1NiJ9.eyJzdGkiOjcwNzc1MiwicGFpIjoiZW5jb3JldGlja2V0cyIsInByaSI6ODYsInNpIjoiR1JBTkQgQ0lSQ0xFLUotMSJ9.b3ySiLzLeyFNzhK4ra2niUR2D1GXL2dOO-RuBpGQLRk","row":"J","number":1,"pricing":{"salePrice":[{"value":2400,"currency":"GBP","decimalPlaces":2}],"faceValue":[{"value":2000,"currency":"GBP","decimalPlaces":2}],"percentageDiscount":0,"includesBookingFee":true,"createdAt":"2021-09-20T22:11:43+0000","promotionLabel":null},"attributes":[{"title":"EndOfRow","description":"Seat at end of row","intention":"positive"}],"isRestrictedView":false},{"seatIdentifier":"GRAND_CIRCLE-J2","aggregateReference":"eyJ0eXAiOiJKV1QiLCJhbGciOiJIUzI1NiJ9.eyJzdGkiOjcwNzc1MiwicGFpIjoiZW5jb3JldGlja2V0cyIsInByaSI6ODYsInNpIjoiR1JBTkQgQ0lSQ0xFLUotMiJ9.xbwSOK765rjGSd153vvs-nF5quNG2CpE1YDUJQKk9zw","row":"J","number":2,"pricing":{"salePrice":[{"value":2400,"currency":"GBP","decimalPlaces":2}],"faceValue":[{"value":2000,"currency":"GBP","decimalPlaces":2}],"percentageDiscount":0,"includesBookingFee":true,"createdAt":"2021-09-20T22:11:43+0000","promotionLabel":null},"attributes":[],"isRestrictedView":false},{"seatIdentifier":"GRAND_CIRCLE-J3","aggregateReference":"eyJ0eXAiOiJKV1QiLCJhbGciOiJIUzI1NiJ9.eyJzdGkiOjcwNzc1MiwicGFpIjoiZW5jb3JldGlja2V0cyIsInByaSI6ODYsInNpIjoiR1JBTkQgQ0lSQ0xFLUotMyJ9.vXq4D3W6zuUMpf219Qd_HyafXPSbU4dquUfYQFJn3fk","row":"J","number":3,"pricing":{"salePrice":[{"value":2400,"currency":"GBP","decimalPlaces":2}],"faceValue":[{"value":2000,"currency":"GBP","decimalPlaces":2}],"percentageDiscount":0,"includesBookingFee":true,"createdAt":"2021-09-20T22:11:43+0000","promotionLabel":null},"attributes":[],"isRestrictedView":false},{"seatIdentifier":"GRAND_CIRCLE-J4","aggregateReference":"eyJ0eXAiOiJKV1QiLCJhbGciOiJIUzI1NiJ9.eyJzdGkiOjcwNzc1MiwicGFpIjoiZW5jb3JldGlja2V0cyIsInByaSI6ODYsInNpIjoiR1JBTkQgQ0lSQ0xFLUotNCJ9.Pp53wNEbHV7RR9wam7WKZXCa4-7GeBSDgwrO8EApq-o","row":"J","number":4,"pricing":{"salePrice":[{"value":2400,"currency":"GBP","decimalPlaces":2}],"faceValue":[{"value":2000,"currency":"GBP","decimalPlaces":2}],"percentageDiscount":0,"includesBookingFee":true,"createdAt":"2021-09-20T22:11:43+0000","promotionLabel":null},"attributes":[],"isRestrictedView":false},{"seatIdentifier":"GRAND_CIRCLE-J5","aggregateReference":"eyJ0eXAiOiJKV1QiLCJhbGciOiJIUzI1NiJ9.eyJzdGkiOjcwNzc1MiwicGFpIjoiZW5jb3JldGlja2V0cyIsInByaSI6ODYsInNpIjoiR1JBTkQgQ0lSQ0xFLUotNSJ9.3pbST72bW_TgQ5WcJETHD51qGSbLJqnpbRISFrqMtKY","row":"J","number":5,"pricing":{"salePrice":[{"value":2400,"currency":"GBP","decimalPlaces":2}],"faceValue":[{"value":2000,"currency":"GBP","decimalPlaces":2}],"percentageDiscount":0,"includesBookingFee":true,"createdAt":"2021-09-20T22:11:43+0000","promotionLabel":null},"attributes":[],"isRestrictedView":false},{"seatIdentifier":"GRAND_CIRCLE-J6","aggregateReference":"eyJ0eXAiOiJKV1QiLCJhbGciOiJIUzI1NiJ9.eyJzdGkiOjcwNzc1MiwicGFpIjoiZW5jb3JldGlja2V0cyIsInByaSI6ODYsInNpIjoiR1JBTkQgQ0lSQ0xFLUotNiJ9.orPj4eyOfD-hY4Cgn7QV_VyBqliXJ3owU7Pp6J2gJvk","row":"J","number":6,"pricing":{"salePrice":[{"value":2400,"currency":"GBP","decimalPlaces":2}],"faceValue":[{"value":2000,"currency":"GBP","decimalPlaces":2}],"percentageDiscount":0,"includesBookingFee":true,"createdAt":"2021-09-20T22:11:43+0000","promotionLabel":null},"attributes":[],"isRestrictedView":false},{"seatIdentifier":"GRAND_CIRCLE-J7","aggregateReference":"eyJ0eXAiOiJKV1QiLCJhbGciOiJIUzI1NiJ9.eyJzdGkiOjcwNzc1MiwicGFpIjoiZW5jb3JldGlja2V0cyIsInByaSI6ODYsInNpIjoiR1JBTkQgQ0lSQ0xFLUotNyJ9.IXSrUVxaOG_z7y1wFu7YSNi6pK_FRE27CTj7w2Bt7eA","row":"J","number":7,"pricing":{"salePrice":[{"value":2400,"currency":"GBP","decimalPlaces":2}],"faceValue":[{"value":2000,"currency":"GBP","decimalPlaces":2}],"percentageDiscount":0,"includesBookingFee":true,"createdAt":"2021-09-20T22:11:43+0000","promotionLabel":null},"attributes":[],"isRestrictedView":false},{"seatIdentifier":"GRAND_CIRCLE-J8","aggregateReference":"eyJ0eXAiOiJKV1QiLCJhbGciOiJIUzI1NiJ9.eyJzdGkiOjcwNzc1MiwicGFpIjoiZW5jb3JldGlja2V0cyIsInByaSI6ODYsInNpIjoiR1JBTkQgQ0lSQ0xFLUotOCJ9.8Iy4IXJH4846R9WjlACIAGIKdK01Y8oX6JZ-eSABsbA","row":"J","number":8,"pricing":{"salePrice":[{"value":2400,"currency":"GBP","decimalPlaces":2}],"faceValue":[{"value":2000,"currency":"GBP","decimalPlaces":2}],"percentageDiscount":0,"includesBookingFee":true,"createdAt":"2021-09-20T22:11:43+0000","promotionLabel":null},"attributes":[],"isRestrictedView":false},{"seatIdentifier":"GRAND_CIRCLE-J9","aggregateReference":"eyJ0eXAiOiJKV1QiLCJhbGciOiJIUzI1NiJ9.eyJzdGkiOjcwNzc1MiwicGFpIjoiZW5jb3JldGlja2V0cyIsInByaSI6ODYsInNpIjoiR1JBTkQgQ0lSQ0xFLUotOSJ9.FCKQturza-slSY_y_6VnGS6i9U7gqctqG9Adv6mDIqI","row":"J","number":9,"pricing":{"salePrice":[{"value":2400,"currency":"GBP","decimalPlaces":2}],"faceValue":[{"value":2000,"currency":"GBP","decimalPlaces":2}],"percentageDiscount":0,"includesBookingFee":true,"createdAt":"2021-09-20T22:11:43+0000","promotionLabel":null},"attributes":[],"isRestrictedView":false},{"seatIdentifier":"GRAND_CIRCLE-J10","aggregateReference":"eyJ0eXAiOiJKV1QiLCJhbGciOiJIUzI1NiJ9.eyJzdGkiOjcwNzc1MiwicGFpIjoiZW5jb3JldGlja2V0cyIsInByaSI6ODYsInNpIjoiR1JBTkQgQ0lSQ0xFLUotMTAifQ.HJ3aQPjGf18HbP1ozMwJGcij4X8Y519tgB7NP15YAT4","row":"J","number":10,"pricing":{"salePrice":[{"value":2400,"currency":"GBP","decimalPlaces":2}],"faceValue":[{"value":2000,"currency":"GBP","decimalPlaces":2}],"percentageDiscount":0,"includesBookingFee":true,"createdAt":"2021-09-20T22:11:43+0000","promotionLabel":null},"attributes":[],"isRestrictedView":false},{"seatIdentifier":"GRAND_CIRCLE-J11","aggregateReference":"eyJ0eXAiOiJKV1QiLCJhbGciOiJIUzI1NiJ9.eyJzdGkiOjcwNzc1MiwicGFpIjoiZW5jb3JldGlja2V0cyIsInByaSI6ODYsInNpIjoiR1JBTkQgQ0lSQ0xFLUotMTEifQ.lDDKklxPooqLYTnxX_EJOIv9lUWiJyklE_J42dMVDUg","row":"J","number":11,"pricing":{"salePrice":[{"value":2400,"currency":"GBP","decimalPlaces":2}],"faceValue":[{"value":2000,"currency":"GBP","decimalPlaces":2}],"percentageDiscount":0,"includesBookingFee":true,"createdAt":"2021-09-20T22:11:43+0000","promotionLabel":null},"attributes":[],"isRestrictedView":false},{"seatIdentifier":"GRAND_CIRCLE-J12","aggregateReference":"eyJ0eXAiOiJKV1QiLCJhbGciOiJIUzI1NiJ9.eyJzdGkiOjcwNzc1MiwicGFpIjoiZW5jb3JldGlja2V0cyIsInByaSI6ODYsInNpIjoiR1JBTkQgQ0lSQ0xFLUotMTIifQ.Pa_8lChzjA-YkdJ59wzpaetpyR0I7WpAmP4vO6PQBJ8","row":"J","number":12,"pricing":{"salePrice":[{"value":2400,"currency":"GBP","decimalPlaces":2}],"faceValue":[{"value":2000,"currency":"GBP","decimalPlaces":2}],"percentageDiscount":0,"includesBookingFee":true,"createdAt":"2021-09-20T22:11:43+0000","promotionLabel":null},"attributes":[],"isRestrictedView":false},{"seatIdentifier":"GRAND_CIRCLE-J13","aggregateReference":"eyJ0eXAiOiJKV1QiLCJhbGciOiJIUzI1NiJ9.eyJzdGkiOjcwNzc1MiwicGFpIjoiZW5jb3JldGlja2V0cyIsInByaSI6ODYsInNpIjoiR1JBTkQgQ0lSQ0xFLUotMTMifQ.EQlrWNImgqB96E14jQ2p8squuq4BSKhTWmjdFOqP5aU","row":"J","number":13,"pricing":{"salePrice":[{"value":2400,"currency":"GBP","decimalPlaces":2}],"faceValue":[{"value":2000,"currency":"GBP","decimalPlaces":2}],"percentageDiscount":0,"includesBookingFee":true,"createdAt":"2021-09-20T22:11:43+0000","promotionLabel":null},"attributes":[],"isRestrictedView":false}],"seatLumps":[{"seats":["GRAND_CIRCLE-J1","GRAND_CIRCLE-J2"]},{"seats":["GRAND_CIRCLE-J3","GRAND_CIRCLE-J4"]},{"seats":["GRAND_CIRCLE-J4","GRAND_CIRCLE-J5"]},{"seats":["GRAND_CIRCLE-J5","GRAND_CIRCLE-J6"]},{"seats":["GRAND_CIRCLE-J6","GRAND_CIRCLE-J7"]},{"seats":["GRAND_CIRCLE-J7","GRAND_CIRCLE-J8"]},{"seats":["GRAND_CIRCLE-J8","GRAND_CIRCLE-J9"]},{"seats":["GRAND_CIRCLE-J9","GRAND_CIRCLE-J10"]},{"seats":["GRAND_CIRCLE-J10","GRAND_CIRCLE-J11"]},{"seats":["GRAND_CIRCLE-J12","GRAND_CIRCLE-J13"]}]},{"groupIdentifier":"GRAND CIRCLE~J16;26","aggregateReference":null,"row":"J","mode":"allocated","seatNumberStart":16,"seatNumberEnd":26,"availableCount":11,"pricing":{"salePrice":[{"value":2400,"currency":"GBP","decimalPlaces":2}],"faceValue":[{"value":2000,"currency":"GBP","decimalPlaces":2}],"percentageDiscount":0,"includesBookingFee":true,"createdAt":"2021-09-20T22:11:43+0000","promotionLabel":null},"seats":[{"seatIdentifier":"GRAND_CIRCLE-J16","aggregateReference":"eyJ0eXAiOiJKV1QiLCJhbGciOiJIUzI1NiJ9.eyJzdGkiOjcwNzc1MiwicGFpIjoiZW5jb3JldGlja2V0cyIsInByaSI6ODYsInNpIjoiR1JBTkQgQ0lSQ0xFLUotMTYifQ.VWrbiDLbjco8AAFoRXHd-rowgmUhn1fbqqJQiuJmAJo","row":"J","number":16,"pricing":{"salePrice":[{"value":2400,"currency":"GBP","decimalPlaces":2}],"faceValue":[{"value":2000,"currency":"GBP","decimalPlaces":2}],"percentageDiscount":0,"includesBookingFee":true,"createdAt":"2021-09-20T22:11:43+0000","promotionLabel":null},"attributes":[],"isRestrictedView":false},{"seatIdentifier":"GRAND_CIRCLE-J17","aggregateReference":"eyJ0eXAiOiJKV1QiLCJhbGciOiJIUzI1NiJ9.eyJzdGkiOjcwNzc1MiwicGFpIjoiZW5jb3JldGlja2V0cyIsInByaSI6ODYsInNpIjoiR1JBTkQgQ0lSQ0xFLUotMTcifQ.-tMyV6EBccKvqiWeSOAeIYB36t57V5J9wRK8-VX8RgY","row":"J","number":17,"pricing":{"salePrice":[{"value":2400,"currency":"GBP","decimalPlaces":2}],"faceValue":[{"value":2000,"currency":"GBP","decimalPlaces":2}],"percentageDiscount":0,"includesBookingFee":true,"createdAt":"2021-09-20T22:11:43+0000","promotionLabel":null},"attributes":[],"isRestrictedView":false},{"seatIdentifier":"GRAND_CIRCLE-J18","aggregateReference":"eyJ0eXAiOiJKV1QiLCJhbGciOiJIUzI1NiJ9.eyJzdGkiOjcwNzc1MiwicGFpIjoiZW5jb3JldGlja2V0cyIsInByaSI6ODYsInNpIjoiR1JBTkQgQ0lSQ0xFLUotMTgifQ.Zel71kU8BZH4BcYLKp_jsfu-F8J6nAcLANlDBswcpUc","row":"J","number":18,"pricing":{"salePrice":[{"value":2400,"currency":"GBP","decimalPlaces":2}],"faceValue":[{"value":2000,"currency":"GBP","decimalPlaces":2}],"percentageDiscount":0,"includesBookingFee":true,"createdAt":"2021-09-20T22:11:43+0000","promotionLabel":null},"attributes":[],"isRestrictedView":false},{"seatIdentifier":"GRAND_CIRCLE-J19","aggregateReference":"eyJ0eXAiOiJKV1QiLCJhbGciOiJIUzI1NiJ9.eyJzdGkiOjcwNzc1MiwicGFpIjoiZW5jb3JldGlja2V0cyIsInByaSI6ODYsInNpIjoiR1JBTkQgQ0lSQ0xFLUotMTkifQ.g8JpY_RjYYrUikq1Y3myWrzRSdR_KjSKW4wpeekEiu0","row":"J","number":19,"pricing":{"salePrice":[{"value":2400,"currency":"GBP","decimalPlaces":2}],"faceValue":[{"value":2000,"currency":"GBP","decimalPlaces":2}],"percentageDiscount":0,"includesBookingFee":true,"createdAt":"2021-09-20T22:11:43+0000","promotionLabel":null},"attributes":[],"isRestrictedView":false},{"seatIdentifier":"GRAND_CIRCLE-J20","aggregateReference":"eyJ0eXAiOiJKV1QiLCJhbGciOiJIUzI1NiJ9.eyJzdGkiOjcwNzc1MiwicGFpIjoiZW5jb3JldGlja2V0cyIsInByaSI6ODYsInNpIjoiR1JBTkQgQ0lSQ0xFLUotMjAifQ.BnmWba10z7R4d0xx_vgYD-_Ju1LDInGs8f60sCv3_bM","row":"J","number":20,"pricing":{"salePrice":[{"value":2400,"currency":"GBP","decimalPlaces":2}],"faceValue":[{"value":2000,"currency":"GBP","decimalPlaces":2}],"percentageDiscount":0,"includesBookingFee":true,"createdAt":"2021-09-20T22:11:43+0000","promotionLabel":null},"attributes":[],"isRestrictedView":false},{"seatIdentifier":"GRAND_CIRCLE-J21","aggregateReference":"eyJ0eXAiOiJKV1QiLCJhbGciOiJIUzI1NiJ9.eyJzdGkiOjcwNzc1MiwicGFpIjoiZW5jb3JldGlja2V0cyIsInByaSI6ODYsInNpIjoiR1JBTkQgQ0lSQ0xFLUotMjEifQ.EcYQox9BFq_7CrpIP_4Ap6jrRbV9Wk9G6XCJHDd47D8","row":"J","number":21,"pricing":{"salePrice":[{"value":2400,"currency":"GBP","decimalPlaces":2}],"faceValue":[{"value":2000,"currency":"GBP","decimalPlaces":2}],"percentageDiscount":0,"includesBookingFee":true,"createdAt":"2021-09-20T22:11:43+0000","promotionLabel":null},"attributes":[],"isRestrictedView":false},{"seatIdentifier":"GRAND_CIRCLE-J22","aggregateReference":"eyJ0eXAiOiJKV1QiLCJhbGciOiJIUzI1NiJ9.eyJzdGkiOjcwNzc1MiwicGFpIjoiZW5jb3JldGlja2V0cyIsInByaSI6ODYsInNpIjoiR1JBTkQgQ0lSQ0xFLUotMjIifQ.Y1zsGKgIKgIUl0DEYx-qlz6hHKJciujatw3fUI5JZwI","row":"J","number":22,"pricing":{"salePrice":[{"value":2400,"currency":"GBP","decimalPlaces":2}],"faceValue":[{"value":2000,"currency":"GBP","decimalPlaces":2}],"percentageDiscount":0,"includesBookingFee":true,"createdAt":"2021-09-20T22:11:43+0000","promotionLabel":null},"attributes":[],"isRestrictedView":false},{"seatIdentifier":"GRAND_CIRCLE-J23","aggregateReference":"eyJ0eXAiOiJKV1QiLCJhbGciOiJIUzI1NiJ9.eyJzdGkiOjcwNzc1MiwicGFpIjoiZW5jb3JldGlja2V0cyIsInByaSI6ODYsInNpIjoiR1JBTkQgQ0lSQ0xFLUotMjMifQ.WqGm5Ejq_dqrADVXA0NVp3PEa9Z8SppAKoUXUHGw-BU","row":"J","number":23,"pricing":{"salePrice":[{"value":2400,"currency":"GBP","decimalPlaces":2}],"faceValue":[{"value":2000,"currency":"GBP","decimalPlaces":2}],"percentageDiscount":0,"includesBookingFee":true,"createdAt":"2021-09-20T22:11:43+0000","promotionLabel":null},"attributes":[],"isRestrictedView":false},{"seatIdentifier":"GRAND_CIRCLE-J24","aggregateReference":"eyJ0eXAiOiJKV1QiLCJhbGciOiJIUzI1NiJ9.eyJzdGkiOjcwNzc1MiwicGFpIjoiZW5jb3JldGlja2V0cyIsInByaSI6ODYsInNpIjoiR1JBTkQgQ0lSQ0xFLUotMjQifQ.q37smNMZJAN-_JFYDvKiw7wzoE3rL2LogAUKmHCVizA","row":"J","number":24,"pricing":{"salePrice":[{"value":2400,"currency":"GBP","decimalPlaces":2}],"faceValue":[{"value":2000,"currency":"GBP","decimalPlaces":2}],"percentageDiscount":0,"includesBookingFee":true,"createdAt":"2021-09-20T22:11:43+0000","promotionLabel":null},"attributes":[],"isRestrictedView":false},{"seatIdentifier":"GRAND_CIRCLE-J25","aggregateReference":"eyJ0eXAiOiJKV1QiLCJhbGciOiJIUzI1NiJ9.eyJzdGkiOjcwNzc1MiwicGFpIjoiZW5jb3JldGlja2V0cyIsInByaSI6ODYsInNpIjoiR1JBTkQgQ0lSQ0xFLUotMjUifQ.RjhkhftSCjp_gLXG25yj8PKaVLUtjEccStvxTOTRqe0","row":"J","number":25,"pricing":{"salePrice":[{"value":2400,"currency":"GBP","decimalPlaces":2}],"faceValue":[{"value":2000,"currency":"GBP","decimalPlaces":2}],"percentageDiscount":0,"includesBookingFee":true,"createdAt":"2021-09-20T22:11:43+0000","promotionLabel":null},"attributes":[],"isRestrictedView":false},{"seatIdentifier":"GRAND_CIRCLE-J26","aggregateReference":"eyJ0eXAiOiJKV1QiLCJhbGciOiJIUzI1NiJ9.eyJzdGkiOjcwNzc1MiwicGFpIjoiZW5jb3JldGlja2V0cyIsInByaSI6ODYsInNpIjoiR1JBTkQgQ0lSQ0xFLUotMjYifQ.xcuI5Ck-y4mZlOh-13T68nuZK5ZANzLDD9f0vFH6pCg","row":"J","number":26,"pricing":{"salePrice":[{"value":2400,"currency":"GBP","decimalPlaces":2}],"faceValue":[{"value":2000,"currency":"GBP","decimalPlaces":2}],"percentageDiscount":0,"includesBookingFee":true,"createdAt":"2021-09-20T22:11:43+0000","promotionLabel":null},"attributes":[{"title":"EndOfRow","description":"Seat at end of row","intention":"positive"}],"isRestrictedView":false}],"seatLumps":[{"seats":["GRAND_CIRCLE-J16","GRAND_CIRCLE-J17"]},{"seats":["GRAND_CIRCLE-J18","GRAND_CIRCLE-J19"]},{"seats":["GRAND_CIRCLE-J19","GRAND_CIRCLE-J20"]},{"seats":["GRAND_CIRCLE-J20","GRAND_CIRCLE-J21"]},{"seats":["GRAND_CIRCLE-J21","GRAND_CIRCLE-J22"]},{"seats":["GRAND_CIRCLE-J22","GRAND_CIRCLE-J23"]},{"seats":["GRAND_CIRCLE-J23","GRAND_CIRCLE-J24"]},{"seats":["GRAND_CIRCLE-J25","GRAND_CIRCLE-J26"]}]},{"groupIdentifier":"GRAND CIRCLE~K1;10","aggregateReference":null,"row":"K","mode":"allocated","seatNumberStart":1,"seatNumberEnd":10,"availableCount":10,"pricing":{"salePrice":[{"value":2400,"currency":"GBP","decimalPlaces":2}],"faceValue":[{"value":2000,"currency":"GBP","decimalPlaces":2}],"percentageDiscount":0,"includesBookingFee":true,"createdAt":"2021-09-20T22:11:43+0000","promotionLabel":null},"seats":[{"seatIdentifier":"GRAND_CIRCLE-K1","aggregateReference":"eyJ0eXAiOiJKV1QiLCJhbGciOiJIUzI1NiJ9.eyJzdGkiOjcwNzc1MiwicGFpIjoiZW5jb3JldGlja2V0cyIsInByaSI6ODYsInNpIjoiR1JBTkQgQ0lSQ0xFLUstMSJ9.wbsYACpKzKQMs1ir_3CZa8bYRC7QqMZ-qtFHLr8_GGQ","row":"K","number":1,"pricing":{"salePrice":[{"value":2400,"currency":"GBP","decimalPlaces":2}],"faceValue":[{"value":2000,"currency":"GBP","decimalPlaces":2}],"percentageDiscount":0,"includesBookingFee":true,"createdAt":"2021-09-20T22:11:43+0000","promotionLabel":null},"attributes":[{"title":"EndOfRow","description":"Seat at end of row","intention":"positive"}],"isRestrictedView":false},{"seatIdentifier":"GRAND_CIRCLE-K2","aggregateReference":"eyJ0eXAiOiJKV1QiLCJhbGciOiJIUzI1NiJ9.eyJzdGkiOjcwNzc1MiwicGFpIjoiZW5jb3JldGlja2V0cyIsInByaSI6ODYsInNpIjoiR1JBTkQgQ0lSQ0xFLUstMiJ9.CvSlg0odC3pvwDpqwG08nZVXuHoPn9ElPCiX-dgv33w","row":"K","number":2,"pricing":{"salePrice":[{"value":2400,"currency":"GBP","decimalPlaces":2}],"faceValue":[{"value":2000,"currency":"GBP","decimalPlaces":2}],"percentageDiscount":0,"includesBookingFee":true,"createdAt":"2021-09-20T22:11:43+0000","promotionLabel":null},"attributes":[],"isRestrictedView":false},{"seatIdentifier":"GRAND_CIRCLE-K3","aggregateReference":"eyJ0eXAiOiJKV1QiLCJhbGciOiJIUzI1NiJ9.eyJzdGkiOjcwNzc1MiwicGFpIjoiZW5jb3JldGlja2V0cyIsInByaSI6ODYsInNpIjoiR1JBTkQgQ0lSQ0xFLUstMyJ9.2bZhmxYMiWxAwxtqD0FWyLhrcsbWuedDVpmZeA8iAbg","row":"K","number":3,"pricing":{"salePrice":[{"value":2400,"currency":"GBP","decimalPlaces":2}],"faceValue":[{"value":2000,"currency":"GBP","decimalPlaces":2}],"percentageDiscount":0,"includesBookingFee":true,"createdAt":"2021-09-20T22:11:43+0000","promotionLabel":null},"attributes":[],"isRestrictedView":false},{"seatIdentifier":"GRAND_CIRCLE-K4","aggregateReference":"eyJ0eXAiOiJKV1QiLCJhbGciOiJIUzI1NiJ9.eyJzdGkiOjcwNzc1MiwicGFpIjoiZW5jb3JldGlja2V0cyIsInByaSI6ODYsInNpIjoiR1JBTkQgQ0lSQ0xFLUstNCJ9.B2tOjVjA1WV0GIzSBRG4_XTmbyGzXukUcfD2FuVciS0","row":"K","number":4,"pricing":{"salePrice":[{"value":2400,"currency":"GBP","decimalPlaces":2}],"faceValue":[{"value":2000,"currency":"GBP","decimalPlaces":2}],"percentageDiscount":0,"includesBookingFee":true,"createdAt":"2021-09-20T22:11:43+0000","promotionLabel":null},"attributes":[],"isRestrictedView":false},{"seatIdentifier":"GRAND_CIRCLE-K5","aggregateReference":"eyJ0eXAiOiJKV1QiLCJhbGciOiJIUzI1NiJ9.eyJzdGkiOjcwNzc1MiwicGFpIjoiZW5jb3JldGlja2V0cyIsInByaSI6ODYsInNpIjoiR1JBTkQgQ0lSQ0xFLUstNSJ9.o3n-3EzPFf-b1xjs3vMYqUGRXVXS-BXbw4P7k0IL21U","row":"K","number":5,"pricing":{"salePrice":[{"value":2400,"currency":"GBP","decimalPlaces":2}],"faceValue":[{"value":2000,"currency":"GBP","decimalPlaces":2}],"percentageDiscount":0,"includesBookingFee":true,"createdAt":"2021-09-20T22:11:43+0000","promotionLabel":null},"attributes":[],"isRestrictedView":false},{"seatIdentifier":"GRAND_CIRCLE-K6","aggregateReference":"eyJ0eXAiOiJKV1QiLCJhbGciOiJIUzI1NiJ9.eyJzdGkiOjcwNzc1MiwicGFpIjoiZW5jb3JldGlja2V0cyIsInByaSI6ODYsInNpIjoiR1JBTkQgQ0lSQ0xFLUstNiJ9.a1QRAAi9YzVVFW6wKPS8pzghuhaAeE-zUMwSVo492ps","row":"K","number":6,"pricing":{"salePrice":[{"value":2400,"currency":"GBP","decimalPlaces":2}],"faceValue":[{"value":2000,"currency":"GBP","decimalPlaces":2}],"percentageDiscount":0,"includesBookingFee":true,"createdAt":"2021-09-20T22:11:43+0000","promotionLabel":null},"attributes":[],"isRestrictedView":false},{"seatIdentifier":"GRAND_CIRCLE-K7","aggregateReference":"eyJ0eXAiOiJKV1QiLCJhbGciOiJIUzI1NiJ9.eyJzdGkiOjcwNzc1MiwicGFpIjoiZW5jb3JldGlja2V0cyIsInByaSI6ODYsInNpIjoiR1JBTkQgQ0lSQ0xFLUstNyJ9.die4hzeyfVXzMjXxHVse9iHOmpTGWhmEFE9j4prgnMM","row":"K","number":7,"pricing":{"salePrice":[{"value":2400,"currency":"GBP","decimalPlaces":2}],"faceValue":[{"value":2000,"currency":"GBP","decimalPlaces":2}],"percentageDiscount":0,"includesBookingFee":true,"createdAt":"2021-09-20T22:11:43+0000","promotionLabel":null},"attributes":[],"isRestrictedView":false},{"seatIdentifier":"GRAND_CIRCLE-K8","aggregateReference":"eyJ0eXAiOiJKV1QiLCJhbGciOiJIUzI1NiJ9.eyJzdGkiOjcwNzc1MiwicGFpIjoiZW5jb3JldGlja2V0cyIsInByaSI6ODYsInNpIjoiR1JBTkQgQ0lSQ0xFLUstOCJ9.1OSsqsanqjg7a6m-YM17Q4r4BTO8-OJgYc7Ju8JcmYE","row":"K","number":8,"pricing":{"salePrice":[{"value":2400,"currency":"GBP","decimalPlaces":2}],"faceValue":[{"value":2000,"currency":"GBP","decimalPlaces":2}],"percentageDiscount":0,"includesBookingFee":true,"createdAt":"2021-09-20T22:11:43+0000","promotionLabel":null},"attributes":[],"isRestrictedView":false},{"seatIdentifier":"GRAND_CIRCLE-K9","aggregateReference":"eyJ0eXAiOiJKV1QiLCJhbGciOiJIUzI1NiJ9.eyJzdGkiOjcwNzc1MiwicGFpIjoiZW5jb3JldGlja2V0cyIsInByaSI6ODYsInNpIjoiR1JBTkQgQ0lSQ0xFLUstOSJ9.7ClrSI3WGvGp33lFyBb_y45mjpCnURn5K5xI-sNzSaY","row":"K","number":9,"pricing":{"salePrice":[{"value":2400,"currency":"GBP","decimalPlaces":2}],"faceValue":[{"value":2000,"currency":"GBP","decimalPlaces":2}],"percentageDiscount":0,"includesBookingFee":true,"createdAt":"2021-09-20T22:11:43+0000","promotionLabel":null},"attributes":[],"isRestrictedView":false},{"seatIdentifier":"GRAND_CIRCLE-K10","aggregateReference":"eyJ0eXAiOiJKV1QiLCJhbGciOiJIUzI1NiJ9.eyJzdGkiOjcwNzc1MiwicGFpIjoiZW5jb3JldGlja2V0cyIsInByaSI6ODYsInNpIjoiR1JBTkQgQ0lSQ0xFLUstMTAifQ.aMCVHeWVTpLAzMRoU6YEyrPOIdMh5ERJTLtYaSRyeuk","row":"K","number":10,"pricing":{"salePrice":[{"value":2400,"currency":"GBP","decimalPlaces":2}],"faceValue":[{"value":2000,"currency":"GBP","decimalPlaces":2}],"percentageDiscount":0,"includesBookingFee":true,"createdAt":"2021-09-20T22:11:43+0000","promotionLabel":null},"attributes":[{"title":"EndOfRow","description":"Seat at end of row","intention":"positive"}],"isRestrictedView":false}],"seatLumps":[{"seats":["GRAND_CIRCLE-K1","GRAND_CIRCLE-K2"]},{"seats":["GRAND_CIRCLE-K3","GRAND_CIRCLE-K4"]},{"seats":["GRAND_CIRCLE-K4","GRAND_CIRCLE-K5"]},{"seats":["GRAND_CIRCLE-K5","GRAND_CIRCLE-K6"]},{"seats":["GRAND_CIRCLE-K6","GRAND_CIRCLE-K7"]},{"seats":["GRAND_CIRCLE-K7","GRAND_CIRCLE-K8"]},{"seats":["GRAND_CIRCLE-K9","GRAND_CIRCLE-K10"]}]},{"groupIdentifier":"GRAND CIRCLE~K18;24","aggregateReference":null,"row":"K","mode":"allocated","seatNumberStart":18,"seatNumberEnd":24,"availableCount":7,"pricing":{"salePrice":[{"value":2400,"currency":"GBP","decimalPlaces":2}],"faceValue":[{"value":2000,"currency":"GBP","decimalPlaces":2}],"percentageDiscount":0,"includesBookingFee":true,"createdAt":"2021-09-20T22:11:43+0000","promotionLabel":null},"seats":[{"seatIdentifier":"GRAND_CIRCLE-K18","aggregateReference":"eyJ0eXAiOiJKV1QiLCJhbGciOiJIUzI1NiJ9.eyJzdGkiOjcwNzc1MiwicGFpIjoiZW5jb3JldGlja2V0cyIsInByaSI6ODYsInNpIjoiR1JBTkQgQ0lSQ0xFLUstMTgifQ.5CgQ2F7Mt18QL6Yrm9ZN-BE_6hCZpO6GvB8MImQDjKs","row":"K","number":18,"pricing":{"salePrice":[{"value":2400,"currency":"GBP","decimalPlaces":2}],"faceValue":[{"value":2000,"currency":"GBP","decimalPlaces":2}],"percentageDiscount":0,"includesBookingFee":true,"createdAt":"2021-09-20T22:11:43+0000","promotionLabel":null},"attributes":[],"isRestrictedView":false},{"seatIdentifier":"GRAND_CIRCLE-K19","aggregateReference":"eyJ0eXAiOiJKV1QiLCJhbGciOiJIUzI1NiJ9.eyJzdGkiOjcwNzc1MiwicGFpIjoiZW5jb3JldGlja2V0cyIsInByaSI6ODYsInNpIjoiR1JBTkQgQ0lSQ0xFLUstMTkifQ.1zEH1CYMr8Aa_FMwJNzCXk7ZbWupM9oAFOuT93dcWrw","row":"K","number":19,"pricing":{"salePrice":[{"value":2400,"currency":"GBP","decimalPlaces":2}],"faceValue":[{"value":2000,"currency":"GBP","decimalPlaces":2}],"percentageDiscount":0,"includesBookingFee":true,"createdAt":"2021-09-20T22:11:43+0000","promotionLabel":null},"attributes":[],"isRestrictedView":false},{"seatIdentifier":"GRAND_CIRCLE-K20","aggregateReference":"eyJ0eXAiOiJKV1QiLCJhbGciOiJIUzI1NiJ9.eyJzdGkiOjcwNzc1MiwicGFpIjoiZW5jb3JldGlja2V0cyIsInByaSI6ODYsInNpIjoiR1JBTkQgQ0lSQ0xFLUstMjAifQ.bspiIbDDycoUt-83h9hWG33EVcucBCQWAsvOP8FqZQA","row":"K","number":20,"pricing":{"salePrice":[{"value":2400,"currency":"GBP","decimalPlaces":2}],"faceValue":[{"value":2000,"currency":"GBP","decimalPlaces":2}],"percentageDiscount":0,"includesBookingFee":true,"createdAt":"2021-09-20T22:11:43+0000","promotionLabel":null},"attributes":[],"isRestrictedView":false},{"seatIdentifier":"GRAND_CIRCLE-K21","aggregateReference":"eyJ0eXAiOiJKV1QiLCJhbGciOiJIUzI1NiJ9.eyJzdGkiOjcwNzc1MiwicGFpIjoiZW5jb3JldGlja2V0cyIsInByaSI6ODYsInNpIjoiR1JBTkQgQ0lSQ0xFLUstMjEifQ.6lNNxSsDBXUkvX_WNKqcUIlYnKncPIUQ_gcfYbuYUsU","row":"K","number":21,"pricing":{"salePrice":[{"value":2400,"currency":"GBP","decimalPlaces":2}],"faceValue":[{"value":2000,"currency":"GBP","decimalPlaces":2}],"percentageDiscount":0,"includesBookingFee":true,"createdAt":"2021-09-20T22:11:43+0000","promotionLabel":null},"attributes":[],"isRestrictedView":false},{"seatIdentifier":"GRAND_CIRCLE-K22","aggregateReference":"eyJ0eXAiOiJKV1QiLCJhbGciOiJIUzI1NiJ9.eyJzdGkiOjcwNzc1MiwicGFpIjoiZW5jb3JldGlja2V0cyIsInByaSI6ODYsInNpIjoiR1JBTkQgQ0lSQ0xFLUstMjIifQ.x9V8we-r60OaTbpqBNzl3cZ1c3l7KmpwhNosqPjmbZw","row":"K","number":22,"pricing":{"salePrice":[{"value":2400,"currency":"GBP","decimalPlaces":2}],"faceValue":[{"value":2000,"currency":"GBP","decimalPlaces":2}],"percentageDiscount":0,"includesBookingFee":true,"createdAt":"2021-09-20T22:11:43+0000","promotionLabel":null},"attributes":[],"isRestrictedView":false},{"seatIdentifier":"GRAND_CIRCLE-K23","aggregateReference":"eyJ0eXAiOiJKV1QiLCJhbGciOiJIUzI1NiJ9.eyJzdGkiOjcwNzc1MiwicGFpIjoiZW5jb3JldGlja2V0cyIsInByaSI6ODYsInNpIjoiR1JBTkQgQ0lSQ0xFLUstMjMifQ.9gQ7N9AJ6gwJ3_QHWmW3ArY9fCxjt7A4-XJLf-mlvCU","row":"K","number":23,"pricing":{"salePrice":[{"value":2400,"currency":"GBP","decimalPlaces":2}],"faceValue":[{"value":2000,"currency":"GBP","decimalPlaces":2}],"percentageDiscount":0,"includesBookingFee":true,"createdAt":"2021-09-20T22:11:43+0000","promotionLabel":null},"attributes":[],"isRestrictedView":false},{"seatIdentifier":"GRAND_CIRCLE-K24","aggregateReference":"eyJ0eXAiOiJKV1QiLCJhbGciOiJIUzI1NiJ9.eyJzdGkiOjcwNzc1MiwicGFpIjoiZW5jb3JldGlja2V0cyIsInByaSI6ODYsInNpIjoiR1JBTkQgQ0lSQ0xFLUstMjQifQ.66dLffHxMR58mkfGcxO26u5i4Kg2dQgNu7H1O-IzVWo","row":"K","number":24,"pricing":{"salePrice":[{"value":2400,"currency":"GBP","decimalPlaces":2}],"faceValue":[{"value":2000,"currency":"GBP","decimalPlaces":2}],"percentageDiscount":0,"includesBookingFee":true,"createdAt":"2021-09-20T22:11:43+0000","promotionLabel":null},"attributes":[{"title":"EndOfRow","description":"Seat at end of row","intention":"positive"}],"isRestrictedView":false}],"seatLumps":[{"seats":["GRAND_CIRCLE-K18","GRAND_CIRCLE-K19"]},{"seats":["GRAND_CIRCLE-K20","GRAND_CIRCLE-K21"]},{"seats":["GRAND_CIRCLE-K21","GRAND_CIRCLE-K22"]},{"seats":["GRAND_CIRCLE-K23","GRAND_CIRCLE-K24"]}]},{"groupIdentifier":"GRAND CIRCLE~L1;2","aggregateReference":null,"row":"L","mode":"allocated","seatNumberStart":1,"seatNumberEnd":2,"availableCount":2,"pricing":{"salePrice":[{"value":2400,"currency":"GBP","decimalPlaces":2}],"faceValue":[{"value":2000,"currency":"GBP","decimalPlaces":2}],"percentageDiscount":0,"includesBookingFee":true,"createdAt":"2021-09-20T22:11:43+0000","promotionLabel":null},"seats":[{"seatIdentifier":"GRAND_CIRCLE-L1","aggregateReference":"eyJ0eXAiOiJKV1QiLCJhbGciOiJIUzI1NiJ9.eyJzdGkiOjcwNzc1MiwicGFpIjoiZW5jb3JldGlja2V0cyIsInByaSI6ODYsInNpIjoiR1JBTkQgQ0lSQ0xFLUwtMSJ9.S88dDZKNzR4MXI0jNZbxDaLG46pmNlCYnSMrFC3haVQ","row":"L","number":1,"pricing":{"salePrice":[{"value":2400,"currency":"GBP","decimalPlaces":2}],"faceValue":[{"value":2000,"currency":"GBP","decimalPlaces":2}],"percentageDiscount":0,"includesBookingFee":true,"createdAt":"2021-09-20T22:11:43+0000","promotionLabel":null},"attributes":[{"title":"EndOfRow","description":"Seat at end of row","intention":"positive"}],"isRestrictedView":false},{"seatIdentifier":"GRAND_CIRCLE-L2","aggregateReference":"eyJ0eXAiOiJKV1QiLCJhbGciOiJIUzI1NiJ9.eyJzdGkiOjcwNzc1MiwicGFpIjoiZW5jb3JldGlja2V0cyIsInByaSI6ODYsInNpIjoiR1JBTkQgQ0lSQ0xFLUwtMiJ9.6KPB_YYjY_fqi04lRDTuwquRxsO6Q1DY1K-7kkgoE4E","row":"L","number":2,"pricing":{"salePrice":[{"value":2400,"currency":"GBP","decimalPlaces":2}],"faceValue":[{"value":2000,"currency":"GBP","decimalPlaces":2}],"percentageDiscount":0,"includesBookingFee":true,"createdAt":"2021-09-20T22:11:43+0000","promotionLabel":null},"attributes":[{"title":"EndOfRow","description":"Seat at end of row","intention":"positive"}],"isRestrictedView":false}],"seatLumps":[{"seats":["GRAND_CIRCLE-L1","GRAND_CIRCLE-L2"]}]},{"groupIdentifier":"GRAND CIRCLE~L21;22","aggregateReference":null,"row":"L","mode":"allocated","seatNumberStart":21,"seatNumberEnd":22,"availableCount":2,"pricing":{"salePrice":[{"value":2400,"currency":"GBP","decimalPlaces":2}],"faceValue":[{"value":2000,"currency":"GBP","decimalPlaces":2}],"percentageDiscount":0,"includesBookingFee":true,"createdAt":"2021-09-20T22:11:43+0000","promotionLabel":null},"seats":[{"seatIdentifier":"GRAND_CIRCLE-L21","aggregateReference":"eyJ0eXAiOiJKV1QiLCJhbGciOiJIUzI1NiJ9.eyJzdGkiOjcwNzc1MiwicGFpIjoiZW5jb3JldGlja2V0cyIsInByaSI6ODYsInNpIjoiR1JBTkQgQ0lSQ0xFLUwtMjEifQ.G8euNArIuCuL5qw3SBPzQvnQU7PPdQD1ihL1fdAE09c","row":"L","number":21,"pricing":{"salePrice":[{"value":2400,"currency":"GBP","decimalPlaces":2}],"faceValue":[{"value":2000,"currency":"GBP","decimalPlaces":2}],"percentageDiscount":0,"includesBookingFee":true,"createdAt":"2021-09-20T22:11:43+0000","promotionLabel":null},"attributes":[{"title":"EndOfRow","description":"Seat at end of row","intention":"positive"}],"isRestrictedView":false},{"seatIdentifier":"GRAND_CIRCLE-L22","aggregateReference":"eyJ0eXAiOiJKV1QiLCJhbGciOiJIUzI1NiJ9.eyJzdGkiOjcwNzc1MiwicGFpIjoiZW5jb3JldGlja2V0cyIsInByaSI6ODYsInNpIjoiR1JBTkQgQ0lSQ0xFLUwtMjIifQ.QLdlihi4hTAq6tXlWTeF98dOSO3pHFdkowURy73Ex-Y","row":"L","number":22,"pricing":{"salePrice":[{"value":2400,"currency":"GBP","decimalPlaces":2}],"faceValue":[{"value":2000,"currency":"GBP","decimalPlaces":2}],"percentageDiscount":0,"includesBookingFee":true,"createdAt":"2021-09-20T22:11:43+0000","promotionLabel":null},"attributes":[{"title":"EndOfRow","description":"Seat at end of row","intention":"positive"}],"isRestrictedView":false}],"seatLumps":[{"seats":["GRAND_CIRCLE-L21","GRAND_CIRCLE-L22"]}]},{"groupIdentifier":"GRAND CIRCLE~D1;4","aggregateReference":null,"row":"D","mode":"allocated","seatNumberStart":1,"seatNumberEnd":4,"availableCount":4,"pricing":{"salePrice":[{"value":3600,"currency":"GBP","decimalPlaces":2}],"faceValue":[{"value":3000,"currency":"GBP","decimalPlaces":2}],"percentageDiscount":0,"includesBookingFee":true,"createdAt":"2021-09-20T22:11:43+0000","promotionLabel":null},"seats":[{"seatIdentifier":"GRAND_CIRCLE-D1","aggregateReference":"eyJ0eXAiOiJKV1QiLCJhbGciOiJIUzI1NiJ9.eyJzdGkiOjcwNzc1MiwicGFpIjoiZW5jb3JldGlja2V0cyIsInByaSI6ODYsInNpIjoiR1JBTkQgQ0lSQ0xFLUQtMSJ9.zuL0uieY_kfot-UwrNEydDzpFQKUFNGXfcsPh-R2Ars","row":"D","number":1,"pricing":{"salePrice":[{"value":3600,"currency":"GBP","decimalPlaces":2}],"faceValue":[{"value":3000,"currency":"GBP","decimalPlaces":2}],"percentageDiscount":0,"includesBookingFee":true,"createdAt":"2021-09-20T22:11:43+0000","promotionLabel":null},"attributes":[{"title":"EndOfRow","description":"Seat at end of row","intention":"positive"},{"title":"ExtraLegRoom","description":"Extra legroom","intention":"positive"},{"title":"RestrictedView","description":"Restricted view","intention":"negative"}],"isRestrictedView":true},{"seatIdentifier":"GRAND_CIRCLE-D2","aggregateReference":"eyJ0eXAiOiJKV1QiLCJhbGciOiJIUzI1NiJ9.eyJzdGkiOjcwNzc1MiwicGFpIjoiZW5jb3JldGlja2V0cyIsInByaSI6ODYsInNpIjoiR1JBTkQgQ0lSQ0xFLUQtMiJ9.2wm20HrwUiAKdavgwNdsG2ta9UY3sZXBelGGXMhuSds","row":"D","number":2,"pricing":{"salePrice":[{"value":3600,"currency":"GBP","decimalPlaces":2}],"faceValue":[{"value":3000,"currency":"GBP","decimalPlaces":2}],"percentageDiscount":0,"includesBookingFee":true,"createdAt":"2021-09-20T22:11:43+0000","promotionLabel":null},"attributes":[{"title":"ExtraLegRoom","description":"Extra legroom","intention":"positive"},{"title":"RestrictedView","description":"Restricted view","intention":"negative"}],"isRestrictedView":true},{"seatIdentifier":"GRAND_CIRCLE-D3","aggregateReference":"eyJ0eXAiOiJKV1QiLCJhbGciOiJIUzI1NiJ9.eyJzdGkiOjcwNzc1MiwicGFpIjoiZW5jb3JldGlja2V0cyIsInByaSI6ODYsInNpIjoiR1JBTkQgQ0lSQ0xFLUQtMyJ9.7lg7vNYnNOoZryU8y484O_z6wd8YCUFyFRIXzk1occA","row":"D","number":3,"pricing":{"salePrice":[{"value":3600,"currency":"GBP","decimalPlaces":2}],"faceValue":[{"value":3000,"currency":"GBP","decimalPlaces":2}],"percentageDiscount":0,"includesBookingFee":true,"createdAt":"2021-09-20T22:11:43+0000","promotionLabel":null},"attributes":[{"title":"ExtraLegRoom","description":"Extra legroom","intention":"positive"},{"title":"RestrictedView","description":"Restricted view","intention":"negative"}],"isRestrictedView":true},{"seatIdentifier":"GRAND_CIRCLE-D4","aggregateReference":"eyJ0eXAiOiJKV1QiLCJhbGciOiJIUzI1NiJ9.eyJzdGkiOjcwNzc1MiwicGFpIjoiZW5jb3JldGlja2V0cyIsInByaSI6ODYsInNpIjoiR1JBTkQgQ0lSQ0xFLUQtNCJ9.BGL2KTQ30A0RXULdvNmAQm_to_7UOZnYvy6zt7ELgr4","row":"D","number":4,"pricing":{"salePrice":[{"value":3600,"currency":"GBP","decimalPlaces":2}],"faceValue":[{"value":3000,"currency":"GBP","decimalPlaces":2}],"percentageDiscount":0,"includesBookingFee":true,"createdAt":"2021-09-20T22:11:43+0000","promotionLabel":null},"attributes":[{"title":"ExtraLegRoom","description":"Extra legroom","intention":"positive"},{"title":"RestrictedView","description":"Restricted view","intention":"negative"}],"isRestrictedView":true}],"seatLumps":[{"seats":["GRAND_CIRCLE-D1","GRAND_CIRCLE-D2"]},{"seats":["GRAND_CIRCLE-D3","GRAND_CIRCLE-D4"]}]},{"groupIdentifier":"GRAND CIRCLE~D26;29","aggregateReference":null,"row":"D","mode":"allocated","seatNumberStart":26,"seatNumberEnd":29,"availableCount":4,"pricing":{"salePrice":[{"value":3600,"currency":"GBP","decimalPlaces":2}],"faceValue":[{"value":3000,"currency":"GBP","decimalPlaces":2}],"percentageDiscount":0,"includesBookingFee":true,"createdAt":"2021-09-20T22:11:43+0000","promotionLabel":null},"seats":[{"seatIdentifier":"GRAND_CIRCLE-D26","aggregateReference":"eyJ0eXAiOiJKV1QiLCJhbGciOiJIUzI1NiJ9.eyJzdGkiOjcwNzc1MiwicGFpIjoiZW5jb3JldGlja2V0cyIsInByaSI6ODYsInNpIjoiR1JBTkQgQ0lSQ0xFLUQtMjYifQ.SiCRcvRV_TSgcyGJkM0xD_oDk1agYHsD9ViPsIiQ-3k","row":"D","number":26,"pricing":{"salePrice":[{"value":3600,"currency":"GBP","decimalPlaces":2}],"faceValue":[{"value":3000,"currency":"GBP","decimalPlaces":2}],"percentageDiscount":0,"includesBookingFee":true,"createdAt":"2021-09-20T22:11:43+0000","promotionLabel":null},"attributes":[{"title":"ExtraLegRoom","description":"Extra legroom","intention":"positive"},{"title":"RestrictedView","description":"Restricted view","intention":"negative"}],"isRestrictedView":true},{"seatIdentifier":"GRAND_CIRCLE-D27","aggregateReference":"eyJ0eXAiOiJKV1QiLCJhbGciOiJIUzI1NiJ9.eyJzdGkiOjcwNzc1MiwicGFpIjoiZW5jb3JldGlja2V0cyIsInByaSI6ODYsInNpIjoiR1JBTkQgQ0lSQ0xFLUQtMjcifQ.MDeCycgCDPP8H0tVMbXRuiTYbZjicHnDXL-LOAQv22k","row":"D","number":27,"pricing":{"salePrice":[{"value":3600,"currency":"GBP","decimalPlaces":2}],"faceValue":[{"value":3000,"currency":"GBP","decimalPlaces":2}],"percentageDiscount":0,"includesBookingFee":true,"createdAt":"2021-09-20T22:11:43+0000","promotionLabel":null},"attributes":[{"title":"ExtraLegRoom","description":"Extra legroom","intention":"positive"},{"title":"RestrictedView","description":"Restricted view","intention":"negative"}],"isRestrictedView":true},{"seatIdentifier":"GRAND_CIRCLE-D28","aggregateReference":"eyJ0eXAiOiJKV1QiLCJhbGciOiJIUzI1NiJ9.eyJzdGkiOjcwNzc1MiwicGFpIjoiZW5jb3JldGlja2V0cyIsInByaSI6ODYsInNpIjoiR1JBTkQgQ0lSQ0xFLUQtMjgifQ.lkqdFA83-AuuFUAYD-9MsZEtLqiDPZfD7gi3MpmGt-w","row":"D","number":28,"pricing":{"salePrice":[{"value":3600,"currency":"GBP","decimalPlaces":2}],"faceValue":[{"value":3000,"currency":"GBP","decimalPlaces":2}],"percentageDiscount":0,"includesBookingFee":true,"createdAt":"2021-09-20T22:11:43+0000","promotionLabel":null},"attributes":[{"title":"ExtraLegRoom","description":"Extra legroom","intention":"positive"},{"title":"RestrictedView","description":"Restricted view","intention":"negative"}],"isRestrictedView":true},{"seatIdentifier":"GRAND_CIRCLE-D29","aggregateReference":"eyJ0eXAiOiJKV1QiLCJhbGciOiJIUzI1NiJ9.eyJzdGkiOjcwNzc1MiwicGFpIjoiZW5jb3JldGlja2V0cyIsInByaSI6ODYsInNpIjoiR1JBTkQgQ0lSQ0xFLUQtMjkifQ.M7lY4RMyCOBwkfwmZOxpLP5LWeon3nELyroeInWPLds","row":"D","number":29,"pricing":{"salePrice":[{"value":3600,"currency":"GBP","decimalPlaces":2}],"faceValue":[{"value":3000,"currency":"GBP","decimalPlaces":2}],"percentageDiscount":0,"includesBookingFee":true,"createdAt":"2021-09-20T22:11:43+0000","promotionLabel":null},"attributes":[{"title":"EndOfRow","description":"Seat at end of row","intention":"positive"},{"title":"ExtraLegRoom","description":"Extra legroom","intention":"positive"},{"title":"RestrictedView","description":"Restricted view","intention":"negative"}],"isRestrictedView":true}],"seatLumps":[{"seats":["GRAND_CIRCLE-D26","GRAND_CIRCLE-D27"]},{"seats":["GRAND_CIRCLE-D28","GRAND_CIRCLE-D29"]}]},{"groupIdentifier":"GRAND CIRCLE~E1;16","aggregateReference":null,"row":"E","mode":"allocated","seatNumberStart":1,"seatNumberEnd":16,"availableCount":16,"pricing":{"salePrice":[{"value":3600,"currency":"GBP","decimalPlaces":2}],"faceValue":[{"value":3000,"currency":"GBP","decimalPlaces":2}],"percentageDiscount":0,"includesBookingFee":true,"createdAt":"2021-09-20T22:11:43+0000","promotionLabel":null},"seats":[{"seatIdentifier":"GRAND_CIRCLE-E1","aggregateReference":"eyJ0eXAiOiJKV1QiLCJhbGciOiJIUzI1NiJ9.eyJzdGkiOjcwNzc1MiwicGFpIjoiZW5jb3JldGlja2V0cyIsInByaSI6ODYsInNpIjoiR1JBTkQgQ0lSQ0xFLUUtMSJ9.E095e2KY_L7cZJj2XJYO73-S5m6PElxQiAf9wVNPO1U","row":"E","number":1,"pricing":{"salePrice":[{"value":3600,"currency":"GBP","decimalPlaces":2}],"faceValue":[{"value":3000,"currency":"GBP","decimalPlaces":2}],"percentageDiscount":0,"includesBookingFee":true,"createdAt":"2021-09-20T22:11:43+0000","promotionLabel":null},"attributes":[{"title":"EndOfRow","description":"Seat at end of row","intention":"positive"}],"isRestrictedView":false},{"seatIdentifier":"GRAND_CIRCLE-E2","aggregateReference":"eyJ0eXAiOiJKV1QiLCJhbGciOiJIUzI1NiJ9.eyJzdGkiOjcwNzc1MiwicGFpIjoiZW5jb3JldGlja2V0cyIsInByaSI6ODYsInNpIjoiR1JBTkQgQ0lSQ0xFLUUtMiJ9.h-JyNzNW6QNB-v4gV-DaBi_oXEwOeBNcWpFMT878KTQ","row":"E","number":2,"pricing":{"salePrice":[{"value":3600,"currency":"GBP","decimalPlaces":2}],"faceValue":[{"value":3000,"currency":"GBP","decimalPlaces":2}],"percentageDiscount":0,"includesBookingFee":true,"createdAt":"2021-09-20T22:11:43+0000","promotionLabel":null},"attributes":[],"isRestrictedView":false},{"seatIdentifier":"GRAND_CIRCLE-E3","aggregateReference":"eyJ0eXAiOiJKV1QiLCJhbGciOiJIUzI1NiJ9.eyJzdGkiOjcwNzc1MiwicGFpIjoiZW5jb3JldGlja2V0cyIsInByaSI6ODYsInNpIjoiR1JBTkQgQ0lSQ0xFLUUtMyJ9.Qjkn4c3ofjB_bpJeTVcTB2qAvIuP4jSzncPs-5ZWbvM","row":"E","number":3,"pricing":{"salePrice":[{"value":3600,"currency":"GBP","decimalPlaces":2}],"faceValue":[{"value":3000,"currency":"GBP","decimalPlaces":2}],"percentageDiscount":0,"includesBookingFee":true,"createdAt":"2021-09-20T22:11:43+0000","promotionLabel":null},"attributes":[],"isRestrictedView":false},{"seatIdentifier":"GRAND_CIRCLE-E4","aggregateReference":"eyJ0eXAiOiJKV1QiLCJhbGciOiJIUzI1NiJ9.eyJzdGkiOjcwNzc1MiwicGFpIjoiZW5jb3JldGlja2V0cyIsInByaSI6ODYsInNpIjoiR1JBTkQgQ0lSQ0xFLUUtNCJ9.j9kovUMC5DSg2b4Ottsr27kOwbf6JVpsSL1qAhVjFmc","row":"E","number":4,"pricing":{"salePrice":[{"value":3600,"currency":"GBP","decimalPlaces":2}],"faceValue":[{"value":3000,"currency":"GBP","decimalPlaces":2}],"percentageDiscount":0,"includesBookingFee":true,"createdAt":"2021-09-20T22:11:43+0000","promotionLabel":null},"attributes":[],"isRestrictedView":false},{"seatIdentifier":"GRAND_CIRCLE-E5","aggregateReference":"eyJ0eXAiOiJKV1QiLCJhbGciOiJIUzI1NiJ9.eyJzdGkiOjcwNzc1MiwicGFpIjoiZW5jb3JldGlja2V0cyIsInByaSI6ODYsInNpIjoiR1JBTkQgQ0lSQ0xFLUUtNSJ9.YJn1dZCKvG79xWj1yAi9bfmTCP8gwYJfntTFLdxwyt0","row":"E","number":5,"pricing":{"salePrice":[{"value":3600,"currency":"GBP","decimalPlaces":2}],"faceValue":[{"value":3000,"currency":"GBP","decimalPlaces":2}],"percentageDiscount":0,"includesBookingFee":true,"createdAt":"2021-09-20T22:11:43+0000","promotionLabel":null},"attributes":[],"isRestrictedView":false},{"seatIdentifier":"GRAND_CIRCLE-E6","aggregateReference":"eyJ0eXAiOiJKV1QiLCJhbGciOiJIUzI1NiJ9.eyJzdGkiOjcwNzc1MiwicGFpIjoiZW5jb3JldGlja2V0cyIsInByaSI6ODYsInNpIjoiR1JBTkQgQ0lSQ0xFLUUtNiJ9._t76qxqSST6Xm17gQ8fBJiHYwCNYTLc0Rad_LqMAg4I","row":"E","number":6,"pricing":{"salePrice":[{"value":3600,"currency":"GBP","decimalPlaces":2}],"faceValue":[{"value":3000,"currency":"GBP","decimalPlaces":2}],"percentageDiscount":0,"includesBookingFee":true,"createdAt":"2021-09-20T22:11:43+0000","promotionLabel":null},"attributes":[],"isRestrictedView":false},{"seatIdentifier":"GRAND_CIRCLE-E7","aggregateReference":"eyJ0eXAiOiJKV1QiLCJhbGciOiJIUzI1NiJ9.eyJzdGkiOjcwNzc1MiwicGFpIjoiZW5jb3JldGlja2V0cyIsInByaSI6ODYsInNpIjoiR1JBTkQgQ0lSQ0xFLUUtNyJ9.agr3mWXL-oL0n3303s6_N9jB13koLiWxhFMho6Q1pok","row":"E","number":7,"pricing":{"salePrice":[{"value":3600,"currency":"GBP","decimalPlaces":2}],"faceValue":[{"value":3000,"currency":"GBP","decimalPlaces":2}],"percentageDiscount":0,"includesBookingFee":true,"createdAt":"2021-09-20T22:11:43+0000","promotionLabel":null},"attributes":[],"isRestrictedView":false},{"seatIdentifier":"GRAND_CIRCLE-E8","aggregateReference":"eyJ0eXAiOiJKV1QiLCJhbGciOiJIUzI1NiJ9.eyJzdGkiOjcwNzc1MiwicGFpIjoiZW5jb3JldGlja2V0cyIsInByaSI6ODYsInNpIjoiR1JBTkQgQ0lSQ0xFLUUtOCJ9.cdHt20qa1rE0DI-3T8SaVhp5b01nrS2AjNCijIWsSN0","row":"E","number":8,"pricing":{"salePrice":[{"value":3600,"currency":"GBP","decimalPlaces":2}],"faceValue":[{"value":3000,"currency":"GBP","decimalPlaces":2}],"percentageDiscount":0,"includesBookingFee":true,"createdAt":"2021-09-20T22:11:43+0000","promotionLabel":null},"attributes":[],"isRestrictedView":false},{"seatIdentifier":"GRAND_CIRCLE-E9","aggregateReference":"eyJ0eXAiOiJKV1QiLCJhbGciOiJIUzI1NiJ9.eyJzdGkiOjcwNzc1MiwicGFpIjoiZW5jb3JldGlja2V0cyIsInByaSI6ODYsInNpIjoiR1JBTkQgQ0lSQ0xFLUUtOSJ9.dE8Cw6Xd-N1XeQgeJl3748rEJ-2bMxTq7ynkFYIUlyg","row":"E","number":9,"pricing":{"salePrice":[{"value":3600,"currency":"GBP","decimalPlaces":2}],"faceValue":[{"value":3000,"currency":"GBP","decimalPlaces":2}],"percentageDiscount":0,"includesBookingFee":true,"createdAt":"2021-09-20T22:11:43+0000","promotionLabel":null},"attributes":[],"isRestrictedView":false},{"seatIdentifier":"GRAND_CIRCLE-E10","aggregateReference":"eyJ0eXAiOiJKV1QiLCJhbGciOiJIUzI1NiJ9.eyJzdGkiOjcwNzc1MiwicGFpIjoiZW5jb3JldGlja2V0cyIsInByaSI6ODYsInNpIjoiR1JBTkQgQ0lSQ0xFLUUtMTAifQ.bWvN0PHmO0Y32di5SR3XWBYBLMAIM4Hstg34oTWywuU","row":"E","number":10,"pricing":{"salePrice":[{"value":3600,"currency":"GBP","decimalPlaces":2}],"faceValue":[{"value":3000,"currency":"GBP","decimalPlaces":2}],"percentageDiscount":0,"includesBookingFee":true,"createdAt":"2021-09-20T22:11:43+0000","promotionLabel":null},"attributes":[],"isRestrictedView":false},{"seatIdentifier":"GRAND_CIRCLE-E11","aggregateReference":"eyJ0eXAiOiJKV1QiLCJhbGciOiJIUzI1NiJ9.eyJzdGkiOjcwNzc1MiwicGFpIjoiZW5jb3JldGlja2V0cyIsInByaSI6ODYsInNpIjoiR1JBTkQgQ0lSQ0xFLUUtMTEifQ.WgAWiQ9iZdD2TXBKsyUDkT6GwoqLdn8Il4A_0XWYbis","row":"E","number":11,"pricing":{"salePrice":[{"value":3600,"currency":"GBP","decimalPlaces":2}],"faceValue":[{"value":3000,"currency":"GBP","decimalPlaces":2}],"percentageDiscount":0,"includesBookingFee":true,"createdAt":"2021-09-20T22:11:43+0000","promotionLabel":null},"attributes":[],"isRestrictedView":false},{"seatIdentifier":"GRAND_CIRCLE-E12","aggregateReference":"eyJ0eXAiOiJKV1QiLCJhbGciOiJIUzI1NiJ9.eyJzdGkiOjcwNzc1MiwicGFpIjoiZW5jb3JldGlja2V0cyIsInByaSI6ODYsInNpIjoiR1JBTkQgQ0lSQ0xFLUUtMTIifQ.TlG290EHtgQommxjLxqOZlGYPDPy9suJjaWOpWNB7Qg","row":"E","number":12,"pricing":{"salePrice":[{"value":3600,"currency":"GBP","decimalPlaces":2}],"faceValue":[{"value":3000,"currency":"GBP","decimalPlaces":2}],"percentageDiscount":0,"includesBookingFee":true,"createdAt":"2021-09-20T22:11:43+0000","promotionLabel":null},"attributes":[],"isRestrictedView":false},{"seatIdentifier":"GRAND_CIRCLE-E13","aggregateReference":"eyJ0eXAiOiJKV1QiLCJhbGciOiJIUzI1NiJ9.eyJzdGkiOjcwNzc1MiwicGFpIjoiZW5jb3JldGlja2V0cyIsInByaSI6ODYsInNpIjoiR1JBTkQgQ0lSQ0xFLUUtMTMifQ.Cc6b2hbPpAG98o4vn6F7RdSOhP7c6x-_6_mv4-kYAfg","row":"E","number":13,"pricing":{"salePrice":[{"value":3600,"currency":"GBP","decimalPlaces":2}],"faceValue":[{"value":3000,"currency":"GBP","decimalPlaces":2}],"percentageDiscount":0,"includesBookingFee":true,"createdAt":"2021-09-20T22:11:43+0000","promotionLabel":null},"attributes":[],"isRestrictedView":false},{"seatIdentifier":"GRAND_CIRCLE-E14","aggregateReference":"eyJ0eXAiOiJKV1QiLCJhbGciOiJIUzI1NiJ9.eyJzdGkiOjcwNzc1MiwicGFpIjoiZW5jb3JldGlja2V0cyIsInByaSI6ODYsInNpIjoiR1JBTkQgQ0lSQ0xFLUUtMTQifQ.LZ_zoIaK3JKFzJli_Sly8zOhSeNA2Ame9o_VuDhp-Bw","row":"E","number":14,"pricing":{"salePrice":[{"value":3600,"currency":"GBP","decimalPlaces":2}],"faceValue":[{"value":3000,"currency":"GBP","decimalPlaces":2}],"percentageDiscount":0,"includesBookingFee":true,"createdAt":"2021-09-20T22:11:43+0000","promotionLabel":null},"attributes":[],"isRestrictedView":false},{"seatIdentifier":"GRAND_CIRCLE-E15","aggregateReference":"eyJ0eXAiOiJKV1QiLCJhbGciOiJIUzI1NiJ9.eyJzdGkiOjcwNzc1MiwicGFpIjoiZW5jb3JldGlja2V0cyIsInByaSI6ODYsInNpIjoiR1JBTkQgQ0lSQ0xFLUUtMTUifQ.A-tQfQluMvhGAys4VfDa_5UAHCpNi5o92RC0i-mKJlo","row":"E","number":15,"pricing":{"salePrice":[{"value":3600,"currency":"GBP","decimalPlaces":2}],"faceValue":[{"value":3000,"currency":"GBP","decimalPlaces":2}],"percentageDiscount":0,"includesBookingFee":true,"createdAt":"2021-09-20T22:11:43+0000","promotionLabel":null},"attributes":[],"isRestrictedView":false},{"seatIdentifier":"GRAND_CIRCLE-E16","aggregateReference":"eyJ0eXAiOiJKV1QiLCJhbGciOiJIUzI1NiJ9.eyJzdGkiOjcwNzc1MiwicGFpIjoiZW5jb3JldGlja2V0cyIsInByaSI6ODYsInNpIjoiR1JBTkQgQ0lSQ0xFLUUtMTYifQ.B74qjjlMi96Mqlc-xShItxdd1Q_A768Om64G_Ahwyd8","row":"E","number":16,"pricing":{"salePrice":[{"value":3600,"currency":"GBP","decimalPlaces":2}],"faceValue":[{"value":3000,"currency":"GBP","decimalPlaces":2}],"percentageDiscount":0,"includesBookingFee":true,"createdAt":"2021-09-20T22:11:43+0000","promotionLabel":null},"attributes":[],"isRestrictedView":false}],"seatLumps":[{"seats":["GRAND_CIRCLE-E1","GRAND_CIRCLE-E2"]},{"seats":["GRAND_CIRCLE-E3","GRAND_CIRCLE-E4"]},{"seats":["GRAND_CIRCLE-E4","GRAND_CIRCLE-E5"]},{"seats":["GRAND_CIRCLE-E5","GRAND_CIRCLE-E6"]},{"seats":["GRAND_CIRCLE-E6","GRAND_CIRCLE-E7"]},{"seats":["GRAND_CIRCLE-E7","GRAND_CIRCLE-E8"]},{"seats":["GRAND_CIRCLE-E8","GRAND_CIRCLE-E9"]},{"seats":["GRAND_CIRCLE-E9","GRAND_CIRCLE-E10"]},{"seats":["GRAND_CIRCLE-E10","GRAND_CIRCLE-E11"]},{"seats":["GRAND_CIRCLE-E11","GRAND_CIRCLE-E12"]},{"seats":["GRAND_CIRCLE-E12","GRAND_CIRCLE-E13"]},{"seats":["GRAND_CIRCLE-E13","GRAND_CIRCLE-E14"]},{"seats":["GRAND_CIRCLE-E15","GRAND_CIRCLE-E16"]}]},{"groupIdentifier":"GRAND CIRCLE~E19;30","aggregateReference":null,"row":"E","mode":"allocated","seatNumberStart":19,"seatNumberEnd":30,"availableCount":12,"pricing":{"salePrice":[{"value":3600,"currency":"GBP","decimalPlaces":2}],"faceValue":[{"value":3000,"currency":"GBP","decimalPlaces":2}],"percentageDiscount":0,"includesBookingFee":true,"createdAt":"2021-09-20T22:11:43+0000","promotionLabel":null},"seats":[{"seatIdentifier":"GRAND_CIRCLE-E19","aggregateReference":"eyJ0eXAiOiJKV1QiLCJhbGciOiJIUzI1NiJ9.eyJzdGkiOjcwNzc1MiwicGFpIjoiZW5jb3JldGlja2V0cyIsInByaSI6ODYsInNpIjoiR1JBTkQgQ0lSQ0xFLUUtMTkifQ.VWw9SCmy_esH5-njV0HVWifvUHc0fvVpeYrCAMLWhzE","row":"E","number":19,"pricing":{"salePrice":[{"value":3600,"currency":"GBP","decimalPlaces":2}],"faceValue":[{"value":3000,"currency":"GBP","decimalPlaces":2}],"percentageDiscount":0,"includesBookingFee":true,"createdAt":"2021-09-20T22:11:43+0000","promotionLabel":null},"attributes":[],"isRestrictedView":false},{"seatIdentifier":"GRAND_CIRCLE-E20","aggregateReference":"eyJ0eXAiOiJKV1QiLCJhbGciOiJIUzI1NiJ9.eyJzdGkiOjcwNzc1MiwicGFpIjoiZW5jb3JldGlja2V0cyIsInByaSI6ODYsInNpIjoiR1JBTkQgQ0lSQ0xFLUUtMjAifQ.lKDcvHnPiq6kTZKrWX1bMbanaIhYiSDNBv5_bsmh1iQ","row":"E","number":20,"pricing":{"salePrice":[{"value":3600,"currency":"GBP","decimalPlaces":2}],"faceValue":[{"value":3000,"currency":"GBP","decimalPlaces":2}],"percentageDiscount":0,"includesBookingFee":true,"createdAt":"2021-09-20T22:11:43+0000","promotionLabel":null},"attributes":[],"isRestrictedView":false},{"seatIdentifier":"GRAND_CIRCLE-E21","aggregateReference":"eyJ0eXAiOiJKV1QiLCJhbGciOiJIUzI1NiJ9.eyJzdGkiOjcwNzc1MiwicGFpIjoiZW5jb3JldGlja2V0cyIsInByaSI6ODYsInNpIjoiR1JBTkQgQ0lSQ0xFLUUtMjEifQ.4l1lF9PWkSwIKXtB6x6Pfm18YW-oEhm5uzD0SnI7-qg","row":"E","number":21,"pricing":{"salePrice":[{"value":3600,"currency":"GBP","decimalPlaces":2}],"faceValue":[{"value":3000,"currency":"GBP","decimalPlaces":2}],"percentageDiscount":0,"includesBookingFee":true,"createdAt":"2021-09-20T22:11:43+0000","promotionLabel":null},"attributes":[],"isRestrictedView":false},{"seatIdentifier":"GRAND_CIRCLE-E22","aggregateReference":"eyJ0eXAiOiJKV1QiLCJhbGciOiJIUzI1NiJ9.eyJzdGkiOjcwNzc1MiwicGFpIjoiZW5jb3JldGlja2V0cyIsInByaSI6ODYsInNpIjoiR1JBTkQgQ0lSQ0xFLUUtMjIifQ.M1_OudxYQqH70d5l6PkhthXrPb_hB6WQ-wtSElju0Uc","row":"E","number":22,"pricing":{"salePrice":[{"value":3600,"currency":"GBP","decimalPlaces":2}],"faceValue":[{"value":3000,"currency":"GBP","decimalPlaces":2}],"percentageDiscount":0,"includesBookingFee":true,"createdAt":"2021-09-20T22:11:43+0000","promotionLabel":null},"attributes":[],"isRestrictedView":false},{"seatIdentifier":"GRAND_CIRCLE-E23","aggregateReference":"eyJ0eXAiOiJKV1QiLCJhbGciOiJIUzI1NiJ9.eyJzdGkiOjcwNzc1MiwicGFpIjoiZW5jb3JldGlja2V0cyIsInByaSI6ODYsInNpIjoiR1JBTkQgQ0lSQ0xFLUUtMjMifQ.JEWrCZjr-GybuwtG0_4xvFvDGF4cQ6te_LvwL5li2lk","row":"E","number":23,"pricing":{"salePrice":[{"value":3600,"currency":"GBP","decimalPlaces":2}],"faceValue":[{"value":3000,"currency":"GBP","decimalPlaces":2}],"percentageDiscount":0,"includesBookingFee":true,"createdAt":"2021-09-20T22:11:43+0000","promotionLabel":null},"attributes":[],"isRestrictedView":false},{"seatIdentifier":"GRAND_CIRCLE-E24","aggregateReference":"eyJ0eXAiOiJKV1QiLCJhbGciOiJIUzI1NiJ9.eyJzdGkiOjcwNzc1MiwicGFpIjoiZW5jb3JldGlja2V0cyIsInByaSI6ODYsInNpIjoiR1JBTkQgQ0lSQ0xFLUUtMjQifQ.ss02ON_DZ5m9us1ae4aKizT02I4jRDuMmo0D8r6fO3s","row":"E","number":24,"pricing":{"salePrice":[{"value":3600,"currency":"GBP","decimalPlaces":2}],"faceValue":[{"value":3000,"currency":"GBP","decimalPlaces":2}],"percentageDiscount":0,"includesBookingFee":true,"createdAt":"2021-09-20T22:11:43+0000","promotionLabel":null},"attributes":[],"isRestrictedView":false},{"seatIdentifier":"GRAND_CIRCLE-E25","aggregateReference":"eyJ0eXAiOiJKV1QiLCJhbGciOiJIUzI1NiJ9.eyJzdGkiOjcwNzc1MiwicGFpIjoiZW5jb3JldGlja2V0cyIsInByaSI6ODYsInNpIjoiR1JBTkQgQ0lSQ0xFLUUtMjUifQ.cGYDy6MxPIBWkkQ7U_qKD237OVFxBCM1XsACUoYrxbA","row":"E","number":25,"pricing":{"salePrice":[{"value":3600,"currency":"GBP","decimalPlaces":2}],"faceValue":[{"value":3000,"currency":"GBP","decimalPlaces":2}],"percentageDiscount":0,"includesBookingFee":true,"createdAt":"2021-09-20T22:11:43+0000","promotionLabel":null},"attributes":[],"isRestrictedView":false},{"seatIdentifier":"GRAND_CIRCLE-E26","aggregateReference":"eyJ0eXAiOiJKV1QiLCJhbGciOiJIUzI1NiJ9.eyJzdGkiOjcwNzc1MiwicGFpIjoiZW5jb3JldGlja2V0cyIsInByaSI6ODYsInNpIjoiR1JBTkQgQ0lSQ0xFLUUtMjYifQ.STyXQ9U_uM_x-V8GO7e_wWzHJGtyUiFEy26OErh1v_0","row":"E","number":26,"pricing":{"salePrice":[{"value":3600,"currency":"GBP","decimalPlaces":2}],"faceValue":[{"value":3000,"currency":"GBP","decimalPlaces":2}],"percentageDiscount":0,"includesBookingFee":true,"createdAt":"2021-09-20T22:11:43+0000","promotionLabel":null},"attributes":[],"isRestrictedView":false},{"seatIdentifier":"GRAND_CIRCLE-E27","aggregateReference":"eyJ0eXAiOiJKV1QiLCJhbGciOiJIUzI1NiJ9.eyJzdGkiOjcwNzc1MiwicGFpIjoiZW5jb3JldGlja2V0cyIsInByaSI6ODYsInNpIjoiR1JBTkQgQ0lSQ0xFLUUtMjcifQ.ZFhI_yGDXIEFeXVpLCIkRtYxjGMdwRvnfA11aRn2t5w","row":"E","number":27,"pricing":{"salePrice":[{"value":3600,"currency":"GBP","decimalPlaces":2}],"faceValue":[{"value":3000,"currency":"GBP","decimalPlaces":2}],"percentageDiscount":0,"includesBookingFee":true,"createdAt":"2021-09-20T22:11:43+0000","promotionLabel":null},"attributes":[],"isRestrictedView":false},{"seatIdentifier":"GRAND_CIRCLE-E28","aggregateReference":"eyJ0eXAiOiJKV1QiLCJhbGciOiJIUzI1NiJ9.eyJzdGkiOjcwNzc1MiwicGFpIjoiZW5jb3JldGlja2V0cyIsInByaSI6ODYsInNpIjoiR1JBTkQgQ0lSQ0xFLUUtMjgifQ.1YOugV27wPtpClVlec7C10Hl7DeaNJNxSPjYCSNgoq8","row":"E","number":28,"pricing":{"salePrice":[{"value":3600,"currency":"GBP","decimalPlaces":2}],"faceValue":[{"value":3000,"currency":"GBP","decimalPlaces":2}],"percentageDiscount":0,"includesBookingFee":true,"createdAt":"2021-09-20T22:11:43+0000","promotionLabel":null},"attributes":[],"isRestrictedView":false},{"seatIdentifier":"GRAND_CIRCLE-E29","aggregateReference":"eyJ0eXAiOiJKV1QiLCJhbGciOiJIUzI1NiJ9.eyJzdGkiOjcwNzc1MiwicGFpIjoiZW5jb3JldGlja2V0cyIsInByaSI6ODYsInNpIjoiR1JBTkQgQ0lSQ0xFLUUtMjkifQ.3tTqVYWgoJjOM27SfJFm_q4PJKCVjV44TOYPcm3Y47s","row":"E","number":29,"pricing":{"salePrice":[{"value":3600,"currency":"GBP","decimalPlaces":2}],"faceValue":[{"value":3000,"currency":"GBP","decimalPlaces":2}],"percentageDiscount":0,"includesBookingFee":true,"createdAt":"2021-09-20T22:11:43+0000","promotionLabel":null},"attributes":[],"isRestrictedView":false},{"seatIdentifier":"GRAND_CIRCLE-E30","aggregateReference":"eyJ0eXAiOiJKV1QiLCJhbGciOiJIUzI1NiJ9.eyJzdGkiOjcwNzc1MiwicGFpIjoiZW5jb3JldGlja2V0cyIsInByaSI6ODYsInNpIjoiR1JBTkQgQ0lSQ0xFLUUtMzAifQ.UCnHMbSalLeIeuZoHvyslzdjdwmCrfqYJwGhDezb6_M","row":"E","number":30,"pricing":{"salePrice":[{"value":3600,"currency":"GBP","decimalPlaces":2}],"faceValue":[{"value":3000,"currency":"GBP","decimalPlaces":2}],"percentageDiscount":0,"includesBookingFee":true,"createdAt":"2021-09-20T22:11:43+0000","promotionLabel":null},"attributes":[{"title":"EndOfRow","description":"Seat at end of row","intention":"positive"}],"isRestrictedView":false}],"seatLumps":[{"seats":["GRAND_CIRCLE-E19","GRAND_CIRCLE-E20"]},{"seats":["GRAND_CIRCLE-E21","GRAND_CIRCLE-E22"]},{"seats":["GRAND_CIRCLE-E22","GRAND_CIRCLE-E23"]},{"seats":["GRAND_CIRCLE-E23","GRAND_CIRCLE-E24"]},{"seats":["GRAND_CIRCLE-E24","GRAND_CIRCLE-E25"]},{"seats":["GRAND_CIRCLE-E25","GRAND_CIRCLE-E26"]},{"seats":["GRAND_CIRCLE-E26","GRAND_CIRCLE-E27"]},{"seats":["GRAND_CIRCLE-E27","GRAND_CIRCLE-E28"]},{"seats":["GRAND_CIRCLE-E29","GRAND_CIRCLE-E30"]}]},{"groupIdentifier":"GRAND CIRCLE~F1;29","aggregateReference":null,"row":"F","mode":"allocated","seatNumberStart":1,"seatNumberEnd":29,"availableCount":29,"pricing":{"salePrice":[{"value":3600,"currency":"GBP","decimalPlaces":2}],"faceValue":[{"value":3000,"currency":"GBP","decimalPlaces":2}],"percentageDiscount":0,"includesBookingFee":true,"createdAt":"2021-09-20T22:11:43+0000","promotionLabel":null},"seats":[{"seatIdentifier":"GRAND_CIRCLE-F1","aggregateReference":"eyJ0eXAiOiJKV1QiLCJhbGciOiJIUzI1NiJ9.eyJzdGkiOjcwNzc1MiwicGFpIjoiZW5jb3JldGlja2V0cyIsInByaSI6ODYsInNpIjoiR1JBTkQgQ0lSQ0xFLUYtMSJ9.mHWLuh3PYmAArerWeOmUnLuzaFgpesg5C17e4rTnOt0","row":"F","number":1,"pricing":{"salePrice":[{"value":3600,"currency":"GBP","decimalPlaces":2}],"faceValue":[{"value":3000,"currency":"GBP","decimalPlaces":2}],"percentageDiscount":0,"includesBookingFee":true,"createdAt":"2021-09-20T22:11:43+0000","promotionLabel":null},"attributes":[{"title":"EndOfRow","description":"Seat at end of row","intention":"positive"}],"isRestrictedView":false},{"seatIdentifier":"GRAND_CIRCLE-F2","aggregateReference":"eyJ0eXAiOiJKV1QiLCJhbGciOiJIUzI1NiJ9.eyJzdGkiOjcwNzc1MiwicGFpIjoiZW5jb3JldGlja2V0cyIsInByaSI6ODYsInNpIjoiR1JBTkQgQ0lSQ0xFLUYtMiJ9.oVZhlikfYN4tt3oC75uy8LLSaTJp7eMx1Fwo3r_dz0o","row":"F","number":2,"pricing":{"salePrice":[{"value":3600,"currency":"GBP","decimalPlaces":2}],"faceValue":[{"value":3000,"currency":"GBP","decimalPlaces":2}],"percentageDiscount":0,"includesBookingFee":true,"createdAt":"2021-09-20T22:11:43+0000","promotionLabel":null},"attributes":[],"isRestrictedView":false},{"seatIdentifier":"GRAND_CIRCLE-F3","aggregateReference":"eyJ0eXAiOiJKV1QiLCJhbGciOiJIUzI1NiJ9.eyJzdGkiOjcwNzc1MiwicGFpIjoiZW5jb3JldGlja2V0cyIsInByaSI6ODYsInNpIjoiR1JBTkQgQ0lSQ0xFLUYtMyJ9.SJlU9bXC1mSHmNJroym6O2dveaCCxRhExxwuHxMDe_A","row":"F","number":3,"pricing":{"salePrice":[{"value":3600,"currency":"GBP","decimalPlaces":2}],"faceValue":[{"value":3000,"currency":"GBP","decimalPlaces":2}],"percentageDiscount":0,"includesBookingFee":true,"createdAt":"2021-09-20T22:11:43+0000","promotionLabel":null},"attributes":[],"isRestrictedView":false},{"seatIdentifier":"GRAND_CIRCLE-F4","aggregateReference":"eyJ0eXAiOiJKV1QiLCJhbGciOiJIUzI1NiJ9.eyJzdGkiOjcwNzc1MiwicGFpIjoiZW5jb3JldGlja2V0cyIsInByaSI6ODYsInNpIjoiR1JBTkQgQ0lSQ0xFLUYtNCJ9.XWlXBluFUdKxsyyfZCI0iv0vP98pvG52vWo73VLS0zQ","row":"F","number":4,"pricing":{"salePrice":[{"value":3600,"currency":"GBP","decimalPlaces":2}],"faceValue":[{"value":3000,"currency":"GBP","decimalPlaces":2}],"percentageDiscount":0,"includesBookingFee":true,"createdAt":"2021-09-20T22:11:43+0000","promotionLabel":null},"attributes":[],"isRestrictedView":false},{"seatIdentifier":"GRAND_CIRCLE-F5","aggregateReference":"eyJ0eXAiOiJKV1QiLCJhbGciOiJIUzI1NiJ9.eyJzdGkiOjcwNzc1MiwicGFpIjoiZW5jb3JldGlja2V0cyIsInByaSI6ODYsInNpIjoiR1JBTkQgQ0lSQ0xFLUYtNSJ9.pc9UNcHoMC6y2Vb_vaP4lAcQl-e_NHL1BWfo_0CnFBs","row":"F","number":5,"pricing":{"salePrice":[{"value":3600,"currency":"GBP","decimalPlaces":2}],"faceValue":[{"value":3000,"currency":"GBP","decimalPlaces":2}],"percentageDiscount":0,"includesBookingFee":true,"createdAt":"2021-09-20T22:11:43+0000","promotionLabel":null},"attributes":[],"isRestrictedView":false},{"seatIdentifier":"GRAND_CIRCLE-F6","aggregateReference":"eyJ0eXAiOiJKV1QiLCJhbGciOiJIUzI1NiJ9.eyJzdGkiOjcwNzc1MiwicGFpIjoiZW5jb3JldGlja2V0cyIsInByaSI6ODYsInNpIjoiR1JBTkQgQ0lSQ0xFLUYtNiJ9.vHclCmaEZl4kIdJcRKYVy_y0p5Fj3d61gbyPKgQqD28","row":"F","number":6,"pricing":{"salePrice":[{"value":3600,"currency":"GBP","decimalPlaces":2}],"faceValue":[{"value":3000,"currency":"GBP","decimalPlaces":2}],"percentageDiscount":0,"includesBookingFee":true,"createdAt":"2021-09-20T22:11:43+0000","promotionLabel":null},"attributes":[],"isRestrictedView":false},{"seatIdentifier":"GRAND_CIRCLE-F7","aggregateReference":"eyJ0eXAiOiJKV1QiLCJhbGciOiJIUzI1NiJ9.eyJzdGkiOjcwNzc1MiwicGFpIjoiZW5jb3JldGlja2V0cyIsInByaSI6ODYsInNpIjoiR1JBTkQgQ0lSQ0xFLUYtNyJ9.K5wR6A8g2EG-lyaktcpGGL7FRJeWugwsJ3HfSJh6Nx8","row":"F","number":7,"pricing":{"salePrice":[{"value":3600,"currency":"GBP","decimalPlaces":2}],"faceValue":[{"value":3000,"currency":"GBP","decimalPlaces":2}],"percentageDiscount":0,"includesBookingFee":true,"createdAt":"2021-09-20T22:11:43+0000","promotionLabel":null},"attributes":[],"isRestrictedView":false},{"seatIdentifier":"GRAND_CIRCLE-F8","aggregateReference":"eyJ0eXAiOiJKV1QiLCJhbGciOiJIUzI1NiJ9.eyJzdGkiOjcwNzc1MiwicGFpIjoiZW5jb3JldGlja2V0cyIsInByaSI6ODYsInNpIjoiR1JBTkQgQ0lSQ0xFLUYtOCJ9.y4AGCeWqqZdOrdI-gAJVRL9SexVDhj4OktcJ9uGbAOo","row":"F","number":8,"pricing":{"salePrice":[{"value":3600,"currency":"GBP","decimalPlaces":2}],"faceValue":[{"value":3000,"currency":"GBP","decimalPlaces":2}],"percentageDiscount":0,"includesBookingFee":true,"createdAt":"2021-09-20T22:11:43+0000","promotionLabel":null},"attributes":[],"isRestrictedView":false},{"seatIdentifier":"GRAND_CIRCLE-F9","aggregateReference":"eyJ0eXAiOiJKV1QiLCJhbGciOiJIUzI1NiJ9.eyJzdGkiOjcwNzc1MiwicGFpIjoiZW5jb3JldGlja2V0cyIsInByaSI6ODYsInNpIjoiR1JBTkQgQ0lSQ0xFLUYtOSJ9.a38iyWCUbv-DqGXc9i9pmrsuyx8eQVkkVaKgcsE6Do8","row":"F","number":9,"pricing":{"salePrice":[{"value":3600,"currency":"GBP","decimalPlaces":2}],"faceValue":[{"value":3000,"currency":"GBP","decimalPlaces":2}],"percentageDiscount":0,"includesBookingFee":true,"createdAt":"2021-09-20T22:11:43+0000","promotionLabel":null},"attributes":[],"isRestrictedView":false},{"seatIdentifier":"GRAND_CIRCLE-F10","aggregateReference":"eyJ0eXAiOiJKV1QiLCJhbGciOiJIUzI1NiJ9.eyJzdGkiOjcwNzc1MiwicGFpIjoiZW5jb3JldGlja2V0cyIsInByaSI6ODYsInNpIjoiR1JBTkQgQ0lSQ0xFLUYtMTAifQ.0NzaBZvbmPmLDCY9kmQcBYYBJ-5Y9dVrx3dnzVd6a9g","row":"F","number":10,"pricing":{"salePrice":[{"value":3600,"currency":"GBP","decimalPlaces":2}],"faceValue":[{"value":3000,"currency":"GBP","decimalPlaces":2}],"percentageDiscount":0,"includesBookingFee":true,"createdAt":"2021-09-20T22:11:43+0000","promotionLabel":null},"attributes":[],"isRestrictedView":false},{"seatIdentifier":"GRAND_CIRCLE-F11","aggregateReference":"eyJ0eXAiOiJKV1QiLCJhbGciOiJIUzI1NiJ9.eyJzdGkiOjcwNzc1MiwicGFpIjoiZW5jb3JldGlja2V0cyIsInByaSI6ODYsInNpIjoiR1JBTkQgQ0lSQ0xFLUYtMTEifQ.UP2iw_qtHfF6-WDvSA7sk6iY0GHTzzo4R_FXMlTLGcU","row":"F","number":11,"pricing":{"salePrice":[{"value":3600,"currency":"GBP","decimalPlaces":2}],"faceValue":[{"value":3000,"currency":"GBP","decimalPlaces":2}],"percentageDiscount":0,"includesBookingFee":true,"createdAt":"2021-09-20T22:11:43+0000","promotionLabel":null},"attributes":[],"isRestrictedView":false},{"seatIdentifier":"GRAND_CIRCLE-F12","aggregateReference":"eyJ0eXAiOiJKV1QiLCJhbGciOiJIUzI1NiJ9.eyJzdGkiOjcwNzc1MiwicGFpIjoiZW5jb3JldGlja2V0cyIsInByaSI6ODYsInNpIjoiR1JBTkQgQ0lSQ0xFLUYtMTIifQ.F4iQzWGGl4ITc601QPsAcM7M4odIujK4JAgNVgc8Fcc","row":"F","number":12,"pricing":{"salePrice":[{"value":3600,"currency":"GBP","decimalPlaces":2}],"faceValue":[{"value":3000,"currency":"GBP","decimalPlaces":2}],"percentageDiscount":0,"includesBookingFee":true,"createdAt":"2021-09-20T22:11:43+0000","promotionLabel":null},"attributes":[],"isRestrictedView":false},{"seatIdentifier":"GRAND_CIRCLE-F13","aggregateReference":"eyJ0eXAiOiJKV1QiLCJhbGciOiJIUzI1NiJ9.eyJzdGkiOjcwNzc1MiwicGFpIjoiZW5jb3JldGlja2V0cyIsInByaSI6ODYsInNpIjoiR1JBTkQgQ0lSQ0xFLUYtMTMifQ.qGXiu4IFRKWdov0ITCQt95tE9KgfSbORXWs0EE6L3vs","row":"F","number":13,"pricing":{"salePrice":[{"value":3600,"currency":"GBP","decimalPlaces":2}],"faceValue":[{"value":3000,"currency":"GBP","decimalPlaces":2}],"percentageDiscount":0,"includesBookingFee":true,"createdAt":"2021-09-20T22:11:43+0000","promotionLabel":null},"attributes":[],"isRestrictedView":false},{"seatIdentifier":"GRAND_CIRCLE-F14","aggregateReference":"eyJ0eXAiOiJKV1QiLCJhbGciOiJIUzI1NiJ9.eyJzdGkiOjcwNzc1MiwicGFpIjoiZW5jb3JldGlja2V0cyIsInByaSI6ODYsInNpIjoiR1JBTkQgQ0lSQ0xFLUYtMTQifQ.gr0CDXTasTRerUz2VhjZEQRMHtOLaQaHmlhMB07qzbw","row":"F","number":14,"pricing":{"salePrice":[{"value":3600,"currency":"GBP","decimalPlaces":2}],"faceValue":[{"value":3000,"currency":"GBP","decimalPlaces":2}],"percentageDiscount":0,"includesBookingFee":true,"createdAt":"2021-09-20T22:11:43+0000","promotionLabel":null},"attributes":[],"isRestrictedView":false},{"seatIdentifier":"GRAND_CIRCLE-F15","aggregateReference":"eyJ0eXAiOiJKV1QiLCJhbGciOiJIUzI1NiJ9.eyJzdGkiOjcwNzc1MiwicGFpIjoiZW5jb3JldGlja2V0cyIsInByaSI6ODYsInNpIjoiR1JBTkQgQ0lSQ0xFLUYtMTUifQ.JQQ4S3r3RtepCh0GABtzZmU8CEMi0R2axlcxozoxWPI","row":"F","number":15,"pricing":{"salePrice":[{"value":3600,"currency":"GBP","decimalPlaces":2}],"faceValue":[{"value":3000,"currency":"GBP","decimalPlaces":2}],"percentageDiscount":0,"includesBookingFee":true,"createdAt":"2021-09-20T22:11:43+0000","promotionLabel":null},"attributes":[],"isRestrictedView":false},{"seatIdentifier":"GRAND_CIRCLE-F16","aggregateReference":"eyJ0eXAiOiJKV1QiLCJhbGciOiJIUzI1NiJ9.eyJzdGkiOjcwNzc1MiwicGFpIjoiZW5jb3JldGlja2V0cyIsInByaSI6ODYsInNpIjoiR1JBTkQgQ0lSQ0xFLUYtMTYifQ.s5gCfrEDUhBUinYrnN7e6Zf6lDPQZokAmr-sNk3sZ80","row":"F","number":16,"pricing":{"salePrice":[{"value":3600,"currency":"GBP","decimalPlaces":2}],"faceValue":[{"value":3000,"currency":"GBP","decimalPlaces":2}],"percentageDiscount":0,"includesBookingFee":true,"createdAt":"2021-09-20T22:11:43+0000","promotionLabel":null},"attributes":[],"isRestrictedView":false},{"seatIdentifier":"GRAND_CIRCLE-F17","aggregateReference":"eyJ0eXAiOiJKV1QiLCJhbGciOiJIUzI1NiJ9.eyJzdGkiOjcwNzc1MiwicGFpIjoiZW5jb3JldGlja2V0cyIsInByaSI6ODYsInNpIjoiR1JBTkQgQ0lSQ0xFLUYtMTcifQ.P2jLX7CflMun326i2Cgnq0iR6rQzPAHGWTX8cAOHfvc","row":"F","number":17,"pricing":{"salePrice":[{"value":3600,"currency":"GBP","decimalPlaces":2}],"faceValue":[{"value":3000,"currency":"GBP","decimalPlaces":2}],"percentageDiscount":0,"includesBookingFee":true,"createdAt":"2021-09-20T22:11:43+0000","promotionLabel":null},"attributes":[],"isRestrictedView":false},{"seatIdentifier":"GRAND_CIRCLE-F18","aggregateReference":"eyJ0eXAiOiJKV1QiLCJhbGciOiJIUzI1NiJ9.eyJzdGkiOjcwNzc1MiwicGFpIjoiZW5jb3JldGlja2V0cyIsInByaSI6ODYsInNpIjoiR1JBTkQgQ0lSQ0xFLUYtMTgifQ.M4DxhqiSlGeNx-FRtZVmVudgHZuQJiNoCEwcm8NnX80","row":"F","number":18,"pricing":{"salePrice":[{"value":3600,"currency":"GBP","decimalPlaces":2}],"faceValue":[{"value":3000,"currency":"GBP","decimalPlaces":2}],"percentageDiscount":0,"includesBookingFee":true,"createdAt":"2021-09-20T22:11:43+0000","promotionLabel":null},"attributes":[],"isRestrictedView":false},{"seatIdentifier":"GRAND_CIRCLE-F19","aggregateReference":"eyJ0eXAiOiJKV1QiLCJhbGciOiJIUzI1NiJ9.eyJzdGkiOjcwNzc1MiwicGFpIjoiZW5jb3JldGlja2V0cyIsInByaSI6ODYsInNpIjoiR1JBTkQgQ0lSQ0xFLUYtMTkifQ.NO32BgJCOd2ws0fUSrls6TmXaluVOlzZfqJkVKlTT9g","row":"F","number":19,"pricing":{"salePrice":[{"value":3600,"currency":"GBP","decimalPlaces":2}],"faceValue":[{"value":3000,"currency":"GBP","decimalPlaces":2}],"percentageDiscount":0,"includesBookingFee":true,"createdAt":"2021-09-20T22:11:43+0000","promotionLabel":null},"attributes":[],"isRestrictedView":false},{"seatIdentifier":"GRAND_CIRCLE-F20","aggregateReference":"eyJ0eXAiOiJKV1QiLCJhbGciOiJIUzI1NiJ9.eyJzdGkiOjcwNzc1MiwicGFpIjoiZW5jb3JldGlja2V0cyIsInByaSI6ODYsInNpIjoiR1JBTkQgQ0lSQ0xFLUYtMjAifQ.-RkNqpl9k8psQYZxogleruH8MwtdKVfJp_Zprv4qDVg","row":"F","number":20,"pricing":{"salePrice":[{"value":3600,"currency":"GBP","decimalPlaces":2}],"faceValue":[{"value":3000,"currency":"GBP","decimalPlaces":2}],"percentageDiscount":0,"includesBookingFee":true,"createdAt":"2021-09-20T22:11:43+0000","promotionLabel":null},"attributes":[],"isRestrictedView":false},{"seatIdentifier":"GRAND_CIRCLE-F21","aggregateReference":"eyJ0eXAiOiJKV1QiLCJhbGciOiJIUzI1NiJ9.eyJzdGkiOjcwNzc1MiwicGFpIjoiZW5jb3JldGlja2V0cyIsInByaSI6ODYsInNpIjoiR1JBTkQgQ0lSQ0xFLUYtMjEifQ.d5WBuvymxQ7muM0OCdmahw0XQUfvBskDbOjanDZDjuE","row":"F","number":21,"pricing":{"salePrice":[{"value":3600,"currency":"GBP","decimalPlaces":2}],"faceValue":[{"value":3000,"currency":"GBP","decimalPlaces":2}],"percentageDiscount":0,"includesBookingFee":true,"createdAt":"2021-09-20T22:11:43+0000","promotionLabel":null},"attributes":[],"isRestrictedView":false},{"seatIdentifier":"GRAND_CIRCLE-F22","aggregateReference":"eyJ0eXAiOiJKV1QiLCJhbGciOiJIUzI1NiJ9.eyJzdGkiOjcwNzc1MiwicGFpIjoiZW5jb3JldGlja2V0cyIsInByaSI6ODYsInNpIjoiR1JBTkQgQ0lSQ0xFLUYtMjIifQ.euMzFQXWRduLAXAPmijaMUsLw0piva5FrTM54u33EJU","row":"F","number":22,"pricing":{"salePrice":[{"value":3600,"currency":"GBP","decimalPlaces":2}],"faceValue":[{"value":3000,"currency":"GBP","decimalPlaces":2}],"percentageDiscount":0,"includesBookingFee":true,"createdAt":"2021-09-20T22:11:43+0000","promotionLabel":null},"attributes":[],"isRestrictedView":false},{"seatIdentifier":"GRAND_CIRCLE-F23","aggregateReference":"eyJ0eXAiOiJKV1QiLCJhbGciOiJIUzI1NiJ9.eyJzdGkiOjcwNzc1MiwicGFpIjoiZW5jb3JldGlja2V0cyIsInByaSI6ODYsInNpIjoiR1JBTkQgQ0lSQ0xFLUYtMjMifQ.PjL2CKtC4shqrBkGFLaDRA5gbloA7CgCRy_1GnlEpSk","row":"F","number":23,"pricing":{"salePrice":[{"value":3600,"currency":"GBP","decimalPlaces":2}],"faceValue":[{"value":3000,"currency":"GBP","decimalPlaces":2}],"percentageDiscount":0,"includesBookingFee":true,"createdAt":"2021-09-20T22:11:43+0000","promotionLabel":null},"attributes":[],"isRestrictedView":false},{"seatIdentifier":"GRAND_CIRCLE-F24","aggregateReference":"eyJ0eXAiOiJKV1QiLCJhbGciOiJIUzI1NiJ9.eyJzdGkiOjcwNzc1MiwicGFpIjoiZW5jb3JldGlja2V0cyIsInByaSI6ODYsInNpIjoiR1JBTkQgQ0lSQ0xFLUYtMjQifQ._Yw-FJKToXCK2UTYe0YP6-RQtGitAGGHW3QOwYenv9w","row":"F","number":24,"pricing":{"salePrice":[{"value":3600,"currency":"GBP","decimalPlaces":2}],"faceValue":[{"value":3000,"currency":"GBP","decimalPlaces":2}],"percentageDiscount":0,"includesBookingFee":true,"createdAt":"2021-09-20T22:11:43+0000","promotionLabel":null},"attributes":[],"isRestrictedView":false},{"seatIdentifier":"GRAND_CIRCLE-F25","aggregateReference":"eyJ0eXAiOiJKV1QiLCJhbGciOiJIUzI1NiJ9.eyJzdGkiOjcwNzc1MiwicGFpIjoiZW5jb3JldGlja2V0cyIsInByaSI6ODYsInNpIjoiR1JBTkQgQ0lSQ0xFLUYtMjUifQ.NAzk3zmq8JSncZ9ReIOv001FTXikBHPeVPOu6yW-y44","row":"F","number":25,"pricing":{"salePrice":[{"value":3600,"currency":"GBP","decimalPlaces":2}],"faceValue":[{"value":3000,"currency":"GBP","decimalPlaces":2}],"percentageDiscount":0,"includesBookingFee":true,"createdAt":"2021-09-20T22:11:43+0000","promotionLabel":null},"attributes":[],"isRestrictedView":false},{"seatIdentifier":"GRAND_CIRCLE-F26","aggregateReference":"eyJ0eXAiOiJKV1QiLCJhbGciOiJIUzI1NiJ9.eyJzdGkiOjcwNzc1MiwicGFpIjoiZW5jb3JldGlja2V0cyIsInByaSI6ODYsInNpIjoiR1JBTkQgQ0lSQ0xFLUYtMjYifQ.fiDIx11Zw1xYcQCnGSN4l2Za7CyNi3iVb_SdCAMS4-s","row":"F","number":26,"pricing":{"salePrice":[{"value":3600,"currency":"GBP","decimalPlaces":2}],"faceValue":[{"value":3000,"currency":"GBP","decimalPlaces":2}],"percentageDiscount":0,"includesBookingFee":true,"createdAt":"2021-09-20T22:11:43+0000","promotionLabel":null},"attributes":[],"isRestrictedView":false},{"seatIdentifier":"GRAND_CIRCLE-F27","aggregateReference":"eyJ0eXAiOiJKV1QiLCJhbGciOiJIUzI1NiJ9.eyJzdGkiOjcwNzc1MiwicGFpIjoiZW5jb3JldGlja2V0cyIsInByaSI6ODYsInNpIjoiR1JBTkQgQ0lSQ0xFLUYtMjcifQ.vXzyYOl9JhDdMRtTx8wguHFXLb26QP_c5kRal6ZSi4A","row":"F","number":27,"pricing":{"salePrice":[{"value":3600,"currency":"GBP","decimalPlaces":2}],"faceValue":[{"value":3000,"currency":"GBP","decimalPlaces":2}],"percentageDiscount":0,"includesBookingFee":true,"createdAt":"2021-09-20T22:11:43+0000","promotionLabel":null},"attributes":[],"isRestrictedView":false},{"seatIdentifier":"GRAND_CIRCLE-F28","aggregateReference":"eyJ0eXAiOiJKV1QiLCJhbGciOiJIUzI1NiJ9.eyJzdGkiOjcwNzc1MiwicGFpIjoiZW5jb3JldGlja2V0cyIsInByaSI6ODYsInNpIjoiR1JBTkQgQ0lSQ0xFLUYtMjgifQ.qOvfHpTtZO6u1jlddsfraA8ToJZrT6HJzb5BMapGjQY","row":"F","number":28,"pricing":{"salePrice":[{"value":3600,"currency":"GBP","decimalPlaces":2}],"faceValue":[{"value":3000,"currency":"GBP","decimalPlaces":2}],"percentageDiscount":0,"includesBookingFee":true,"createdAt":"2021-09-20T22:11:43+0000","promotionLabel":null},"attributes":[],"isRestrictedView":false},{"seatIdentifier":"GRAND_CIRCLE-F29","aggregateReference":"eyJ0eXAiOiJKV1QiLCJhbGciOiJIUzI1NiJ9.eyJzdGkiOjcwNzc1MiwicGFpIjoiZW5jb3JldGlja2V0cyIsInByaSI6ODYsInNpIjoiR1JBTkQgQ0lSQ0xFLUYtMjkifQ.SfZfzfKVvpUWx2cmLtZTsXczbYkxioAKucAXN_cBnTc","row":"F","number":29,"pricing":{"salePrice":[{"value":3600,"currency":"GBP","decimalPlaces":2}],"faceValue":[{"value":3000,"currency":"GBP","decimalPlaces":2}],"percentageDiscount":0,"includesBookingFee":true,"createdAt":"2021-09-20T22:11:43+0000","promotionLabel":null},"attributes":[{"title":"EndOfRow","description":"Seat at end of row","intention":"positive"}],"isRestrictedView":false}],"seatLumps":[{"seats":["GRAND_CIRCLE-F1","GRAND_CIRCLE-F2"]},{"seats":["GRAND_CIRCLE-F3","GRAND_CIRCLE-F4"]},{"seats":["GRAND_CIRCLE-F4","GRAND_CIRCLE-F5"]},{"seats":["GRAND_CIRCLE-F5","GRAND_CIRCLE-F6"]},{"seats":["GRAND_CIRCLE-F6","GRAND_CIRCLE-F7"]},{"seats":["GRAND_CIRCLE-F7","GRAND_CIRCLE-F8"]},{"seats":["GRAND_CIRCLE-F8","GRAND_CIRCLE-F9"]},{"seats":["GRAND_CIRCLE-F9","GRAND_CIRCLE-F10"]},{"seats":["GRAND_CIRCLE-F10","GRAND_CIRCLE-F11"]},{"seats":["GRAND_CIRCLE-F11","GRAND_CIRCLE-F12"]},{"seats":["GRAND_CIRCLE-F12","GRAND_CIRCLE-F13"]},{"seats":["GRAND_CIRCLE-F13","GRAND_CIRCLE-F14"]},{"seats":["GRAND_CIRCLE-F14","GRAND_CIRCLE-F15"]},{"seats":["GRAND_CIRCLE-F15","GRAND_CIRCLE-F16"]},{"seats":["GRAND_CIRCLE-F16","GRAND_CIRCLE-F17"]},{"seats":["GRAND_CIRCLE-F17","GRAND_CIRCLE-F18"]},{"seats":["GRAND_CIRCLE-F18","GRAND_CIRCLE-F19"]},{"seats":["GRAND_CIRCLE-F19","GRAND_CIRCLE-F20"]},{"seats":["GRAND_CIRCLE-F20","GRAND_CIRCLE-F21"]},{"seats":["GRAND_CIRCLE-F21","GRAND_CIRCLE-F22"]},{"seats":["GRAND_CIRCLE-F22","GRAND_CIRCLE-F23"]},{"seats":["GRAND_CIRCLE-F23","GRAND_CIRCLE-F24"]},{"seats":["GRAND_CIRCLE-F24","GRAND_CIRCLE-F25"]},{"seats":["GRAND_CIRCLE-F25","GRAND_CIRCLE-F26"]},{"seats":["GRAND_CIRCLE-F26","GRAND_CIRCLE-F27"]},{"seats":["GRAND_CIRCLE-F28","GRAND_CIRCLE-F29"]}]},{"groupIdentifier":"GRAND CIRCLE~G1;28","aggregateReference":null,"row":"G","mode":"allocated","seatNumberStart":1,"seatNumberEnd":28,"availableCount":28,"pricing":{"salePrice":[{"value":3600,"currency":"GBP","decimalPlaces":2}],"faceValue":[{"value":3000,"currency":"GBP","decimalPlaces":2}],"percentageDiscount":0,"includesBookingFee":true,"createdAt":"2021-09-20T22:11:43+0000","promotionLabel":null},"seats":[{"seatIdentifier":"GRAND_CIRCLE-G1","aggregateReference":"eyJ0eXAiOiJKV1QiLCJhbGciOiJIUzI1NiJ9.eyJzdGkiOjcwNzc1MiwicGFpIjoiZW5jb3JldGlja2V0cyIsInByaSI6ODYsInNpIjoiR1JBTkQgQ0lSQ0xFLUctMSJ9.7UUpEvY14ZQLEUCbSlPs-xKPsmsgC0OCL10vlws2RBE","row":"G","number":1,"pricing":{"salePrice":[{"value":3600,"currency":"GBP","decimalPlaces":2}],"faceValue":[{"value":3000,"currency":"GBP","decimalPlaces":2}],"percentageDiscount":0,"includesBookingFee":true,"createdAt":"2021-09-20T22:11:43+0000","promotionLabel":null},"attributes":[{"title":"EndOfRow","description":"Seat at end of row","intention":"positive"}],"isRestrictedView":false},{"seatIdentifier":"GRAND_CIRCLE-G2","aggregateReference":"eyJ0eXAiOiJKV1QiLCJhbGciOiJIUzI1NiJ9.eyJzdGkiOjcwNzc1MiwicGFpIjoiZW5jb3JldGlja2V0cyIsInByaSI6ODYsInNpIjoiR1JBTkQgQ0lSQ0xFLUctMiJ9.dIKrO_wJaGgW088gFwSLLE9sq6ES0iWWawoAXKitW2k","row":"G","number":2,"pricing":{"salePrice":[{"value":3600,"currency":"GBP","decimalPlaces":2}],"faceValue":[{"value":3000,"currency":"GBP","decimalPlaces":2}],"percentageDiscount":0,"includesBookingFee":true,"createdAt":"2021-09-20T22:11:43+0000","promotionLabel":null},"attributes":[],"isRestrictedView":false},{"seatIdentifier":"GRAND_CIRCLE-G3","aggregateReference":"eyJ0eXAiOiJKV1QiLCJhbGciOiJIUzI1NiJ9.eyJzdGkiOjcwNzc1MiwicGFpIjoiZW5jb3JldGlja2V0cyIsInByaSI6ODYsInNpIjoiR1JBTkQgQ0lSQ0xFLUctMyJ9.dYZzPo0Wn5J0IqPdmjZeUcOQUqmQbrlVeeNcTTWcP68","row":"G","number":3,"pricing":{"salePrice":[{"value":3600,"currency":"GBP","decimalPlaces":2}],"faceValue":[{"value":3000,"currency":"GBP","decimalPlaces":2}],"percentageDiscount":0,"includesBookingFee":true,"createdAt":"2021-09-20T22:11:43+0000","promotionLabel":null},"attributes":[],"isRestrictedView":false},{"seatIdentifier":"GRAND_CIRCLE-G4","aggregateReference":"eyJ0eXAiOiJKV1QiLCJhbGciOiJIUzI1NiJ9.eyJzdGkiOjcwNzc1MiwicGFpIjoiZW5jb3JldGlja2V0cyIsInByaSI6ODYsInNpIjoiR1JBTkQgQ0lSQ0xFLUctNCJ9.sYjSoR8MNGsRb0EFqA_moulQxcKdARtPqMYP9cPsPJE","row":"G","number":4,"pricing":{"salePrice":[{"value":3600,"currency":"GBP","decimalPlaces":2}],"faceValue":[{"value":3000,"currency":"GBP","decimalPlaces":2}],"percentageDiscount":0,"includesBookingFee":true,"createdAt":"2021-09-20T22:11:43+0000","promotionLabel":null},"attributes":[],"isRestrictedView":false},{"seatIdentifier":"GRAND_CIRCLE-G5","aggregateReference":"eyJ0eXAiOiJKV1QiLCJhbGciOiJIUzI1NiJ9.eyJzdGkiOjcwNzc1MiwicGFpIjoiZW5jb3JldGlja2V0cyIsInByaSI6ODYsInNpIjoiR1JBTkQgQ0lSQ0xFLUctNSJ9.rh1urQkDfFUgo4fEutFFxUlnUuBxE2hnCzC20RibZW4","row":"G","number":5,"pricing":{"salePrice":[{"value":3600,"currency":"GBP","decimalPlaces":2}],"faceValue":[{"value":3000,"currency":"GBP","decimalPlaces":2}],"percentageDiscount":0,"includesBookingFee":true,"createdAt":"2021-09-20T22:11:43+0000","promotionLabel":null},"attributes":[],"isRestrictedView":false},{"seatIdentifier":"GRAND_CIRCLE-G6","aggregateReference":"eyJ0eXAiOiJKV1QiLCJhbGciOiJIUzI1NiJ9.eyJzdGkiOjcwNzc1MiwicGFpIjoiZW5jb3JldGlja2V0cyIsInByaSI6ODYsInNpIjoiR1JBTkQgQ0lSQ0xFLUctNiJ9.CI6TEJkHkveVvqZb_x9xZS4nYy8HWZyKqGwoh6jgDyA","row":"G","number":6,"pricing":{"salePrice":[{"value":3600,"currency":"GBP","decimalPlaces":2}],"faceValue":[{"value":3000,"currency":"GBP","decimalPlaces":2}],"percentageDiscount":0,"includesBookingFee":true,"createdAt":"2021-09-20T22:11:43+0000","promotionLabel":null},"attributes":[],"isRestrictedView":false},{"seatIdentifier":"GRAND_CIRCLE-G7","aggregateReference":"eyJ0eXAiOiJKV1QiLCJhbGciOiJIUzI1NiJ9.eyJzdGkiOjcwNzc1MiwicGFpIjoiZW5jb3JldGlja2V0cyIsInByaSI6ODYsInNpIjoiR1JBTkQgQ0lSQ0xFLUctNyJ9.7AM_MZIGZbgwiTFfZU4IJYoOtGJ-7z4QD5_m1dubpUU","row":"G","number":7,"pricing":{"salePrice":[{"value":3600,"currency":"GBP","decimalPlaces":2}],"faceValue":[{"value":3000,"currency":"GBP","decimalPlaces":2}],"percentageDiscount":0,"includesBookingFee":true,"createdAt":"2021-09-20T22:11:43+0000","promotionLabel":null},"attributes":[],"isRestrictedView":false},{"seatIdentifier":"GRAND_CIRCLE-G8","aggregateReference":"eyJ0eXAiOiJKV1QiLCJhbGciOiJIUzI1NiJ9.eyJzdGkiOjcwNzc1MiwicGFpIjoiZW5jb3JldGlja2V0cyIsInByaSI6ODYsInNpIjoiR1JBTkQgQ0lSQ0xFLUctOCJ9.7S11Iccume1eal8Lrc-w5NyMuHCQzPHlTCc-EgPkkIs","row":"G","number":8,"pricing":{"salePrice":[{"value":3600,"currency":"GBP","decimalPlaces":2}],"faceValue":[{"value":3000,"currency":"GBP","decimalPlaces":2}],"percentageDiscount":0,"includesBookingFee":true,"createdAt":"2021-09-20T22:11:43+0000","promotionLabel":null},"attributes":[],"isRestrictedView":false},{"seatIdentifier":"GRAND_CIRCLE-G9","aggregateReference":"eyJ0eXAiOiJKV1QiLCJhbGciOiJIUzI1NiJ9.eyJzdGkiOjcwNzc1MiwicGFpIjoiZW5jb3JldGlja2V0cyIsInByaSI6ODYsInNpIjoiR1JBTkQgQ0lSQ0xFLUctOSJ9.b2WFOgG6YHRYQcAcciCaKnnKo05V0F5GIGAZr0-Strw","row":"G","number":9,"pricing":{"salePrice":[{"value":3600,"currency":"GBP","decimalPlaces":2}],"faceValue":[{"value":3000,"currency":"GBP","decimalPlaces":2}],"percentageDiscount":0,"includesBookingFee":true,"createdAt":"2021-09-20T22:11:43+0000","promotionLabel":null},"attributes":[],"isRestrictedView":false},{"seatIdentifier":"GRAND_CIRCLE-G10","aggregateReference":"eyJ0eXAiOiJKV1QiLCJhbGciOiJIUzI1NiJ9.eyJzdGkiOjcwNzc1MiwicGFpIjoiZW5jb3JldGlja2V0cyIsInByaSI6ODYsInNpIjoiR1JBTkQgQ0lSQ0xFLUctMTAifQ.oOztPvcpaqBzRb83gJYpCzYsNgfsVGWSzjOXkJpTY84","row":"G","number":10,"pricing":{"salePrice":[{"value":3600,"currency":"GBP","decimalPlaces":2}],"faceValue":[{"value":3000,"currency":"GBP","decimalPlaces":2}],"percentageDiscount":0,"includesBookingFee":true,"createdAt":"2021-09-20T22:11:43+0000","promotionLabel":null},"attributes":[],"isRestrictedView":false},{"seatIdentifier":"GRAND_CIRCLE-G11","aggregateReference":"eyJ0eXAiOiJKV1QiLCJhbGciOiJIUzI1NiJ9.eyJzdGkiOjcwNzc1MiwicGFpIjoiZW5jb3JldGlja2V0cyIsInByaSI6ODYsInNpIjoiR1JBTkQgQ0lSQ0xFLUctMTEifQ.kI7Yat3Voqdy_BU3ndALgNfST02gaCb4k1KBldKHqXQ","row":"G","number":11,"pricing":{"salePrice":[{"value":3600,"currency":"GBP","decimalPlaces":2}],"faceValue":[{"value":3000,"currency":"GBP","decimalPlaces":2}],"percentageDiscount":0,"includesBookingFee":true,"createdAt":"2021-09-20T22:11:43+0000","promotionLabel":null},"attributes":[],"isRestrictedView":false},{"seatIdentifier":"GRAND_CIRCLE-G12","aggregateReference":"eyJ0eXAiOiJKV1QiLCJhbGciOiJIUzI1NiJ9.eyJzdGkiOjcwNzc1MiwicGFpIjoiZW5jb3JldGlja2V0cyIsInByaSI6ODYsInNpIjoiR1JBTkQgQ0lSQ0xFLUctMTIifQ.BxN54HNjr0o1qGkw917pxi7kJwBBX0o2vIP6uUThXUU","row":"G","number":12,"pricing":{"salePrice":[{"value":3600,"currency":"GBP","decimalPlaces":2}],"faceValue":[{"value":3000,"currency":"GBP","decimalPlaces":2}],"percentageDiscount":0,"includesBookingFee":true,"createdAt":"2021-09-20T22:11:43+0000","promotionLabel":null},"attributes":[],"isRestrictedView":false},{"seatIdentifier":"GRAND_CIRCLE-G13","aggregateReference":"eyJ0eXAiOiJKV1QiLCJhbGciOiJIUzI1NiJ9.eyJzdGkiOjcwNzc1MiwicGFpIjoiZW5jb3JldGlja2V0cyIsInByaSI6ODYsInNpIjoiR1JBTkQgQ0lSQ0xFLUctMTMifQ.kLfjsoPWTcIAgIYFoYvoWQZoHhNXSMekWdoGpjh_Mps","row":"G","number":13,"pricing":{"salePrice":[{"value":3600,"currency":"GBP","decimalPlaces":2}],"faceValue":[{"value":3000,"currency":"GBP","decimalPlaces":2}],"percentageDiscount":0,"includesBookingFee":true,"createdAt":"2021-09-20T22:11:43+0000","promotionLabel":null},"attributes":[],"isRestrictedView":false},{"seatIdentifier":"GRAND_CIRCLE-G14","aggregateReference":"eyJ0eXAiOiJKV1QiLCJhbGciOiJIUzI1NiJ9.eyJzdGkiOjcwNzc1MiwicGFpIjoiZW5jb3JldGlja2V0cyIsInByaSI6ODYsInNpIjoiR1JBTkQgQ0lSQ0xFLUctMTQifQ.PxbzFOa0q7briT78tUte93mi5M2U5b2rLNwzDEb5EcI","row":"G","number":14,"pricing":{"salePrice":[{"value":3600,"currency":"GBP","decimalPlaces":2}],"faceValue":[{"value":3000,"currency":"GBP","decimalPlaces":2}],"percentageDiscount":0,"includesBookingFee":true,"createdAt":"2021-09-20T22:11:43+0000","promotionLabel":null},"attributes":[],"isRestrictedView":false},{"seatIdentifier":"GRAND_CIRCLE-G15","aggregateReference":"eyJ0eXAiOiJKV1QiLCJhbGciOiJIUzI1NiJ9.eyJzdGkiOjcwNzc1MiwicGFpIjoiZW5jb3JldGlja2V0cyIsInByaSI6ODYsInNpIjoiR1JBTkQgQ0lSQ0xFLUctMTUifQ.-t0OkOdgQQI1EI-d3l_ezMzE3IPfFRYA0Qd-fDi98iI","row":"G","number":15,"pricing":{"salePrice":[{"value":3600,"currency":"GBP","decimalPlaces":2}],"faceValue":[{"value":3000,"currency":"GBP","decimalPlaces":2}],"percentageDiscount":0,"includesBookingFee":true,"createdAt":"2021-09-20T22:11:43+0000","promotionLabel":null},"attributes":[],"isRestrictedView":false},{"seatIdentifier":"GRAND_CIRCLE-G16","aggregateReference":"eyJ0eXAiOiJKV1QiLCJhbGciOiJIUzI1NiJ9.eyJzdGkiOjcwNzc1MiwicGFpIjoiZW5jb3JldGlja2V0cyIsInByaSI6ODYsInNpIjoiR1JBTkQgQ0lSQ0xFLUctMTYifQ.71CvUB2-8tI-bFATUkSHJtQBNTnZI10QzhaEkcZV-WU","row":"G","number":16,"pricing":{"salePrice":[{"value":3600,"currency":"GBP","decimalPlaces":2}],"faceValue":[{"value":3000,"currency":"GBP","decimalPlaces":2}],"percentageDiscount":0,"includesBookingFee":true,"createdAt":"2021-09-20T22:11:43+0000","promotionLabel":null},"attributes":[],"isRestrictedView":false},{"seatIdentifier":"GRAND_CIRCLE-G17","aggregateReference":"eyJ0eXAiOiJKV1QiLCJhbGciOiJIUzI1NiJ9.eyJzdGkiOjcwNzc1MiwicGFpIjoiZW5jb3JldGlja2V0cyIsInByaSI6ODYsInNpIjoiR1JBTkQgQ0lSQ0xFLUctMTcifQ.zj8yebhOgQVeBaTQaxBhtS5rJ8eyUg4hXc6XS0wgTa8","row":"G","number":17,"pricing":{"salePrice":[{"value":3600,"currency":"GBP","decimalPlaces":2}],"faceValue":[{"value":3000,"currency":"GBP","decimalPlaces":2}],"percentageDiscount":0,"includesBookingFee":true,"createdAt":"2021-09-20T22:11:43+0000","promotionLabel":null},"attributes":[],"isRestrictedView":false},{"seatIdentifier":"GRAND_CIRCLE-G18","aggregateReference":"eyJ0eXAiOiJKV1QiLCJhbGciOiJIUzI1NiJ9.eyJzdGkiOjcwNzc1MiwicGFpIjoiZW5jb3JldGlja2V0cyIsInByaSI6ODYsInNpIjoiR1JBTkQgQ0lSQ0xFLUctMTgifQ.ycZvuGM9QZ0MOaj9m8QXkbZVj0IaxYFFvJJtlyZK1ZA","row":"G","number":18,"pricing":{"salePrice":[{"value":3600,"currency":"GBP","decimalPlaces":2}],"faceValue":[{"value":3000,"currency":"GBP","decimalPlaces":2}],"percentageDiscount":0,"includesBookingFee":true,"createdAt":"2021-09-20T22:11:43+0000","promotionLabel":null},"attributes":[],"isRestrictedView":false},{"seatIdentifier":"GRAND_CIRCLE-G19","aggregateReference":"eyJ0eXAiOiJKV1QiLCJhbGciOiJIUzI1NiJ9.eyJzdGkiOjcwNzc1MiwicGFpIjoiZW5jb3JldGlja2V0cyIsInByaSI6ODYsInNpIjoiR1JBTkQgQ0lSQ0xFLUctMTkifQ.lajOvBSbC6PSFfhdjhc_j1eIBU1zkdOPacYt2XsC2bY","row":"G","number":19,"pricing":{"salePrice":[{"value":3600,"currency":"GBP","decimalPlaces":2}],"faceValue":[{"value":3000,"currency":"GBP","decimalPlaces":2}],"percentageDiscount":0,"includesBookingFee":true,"createdAt":"2021-09-20T22:11:43+0000","promotionLabel":null},"attributes":[],"isRestrictedView":false},{"seatIdentifier":"GRAND_CIRCLE-G20","aggregateReference":"eyJ0eXAiOiJKV1QiLCJhbGciOiJIUzI1NiJ9.eyJzdGkiOjcwNzc1MiwicGFpIjoiZW5jb3JldGlja2V0cyIsInByaSI6ODYsInNpIjoiR1JBTkQgQ0lSQ0xFLUctMjAifQ.8DodiaKsZtd2NBPasej3NU9TVVl2HPhh499BRsGNNQA","row":"G","number":20,"pricing":{"salePrice":[{"value":3600,"currency":"GBP","decimalPlaces":2}],"faceValue":[{"value":3000,"currency":"GBP","decimalPlaces":2}],"percentageDiscount":0,"includesBookingFee":true,"createdAt":"2021-09-20T22:11:43+0000","promotionLabel":null},"attributes":[],"isRestrictedView":false},{"seatIdentifier":"GRAND_CIRCLE-G21","aggregateReference":"eyJ0eXAiOiJKV1QiLCJhbGciOiJIUzI1NiJ9.eyJzdGkiOjcwNzc1MiwicGFpIjoiZW5jb3JldGlja2V0cyIsInByaSI6ODYsInNpIjoiR1JBTkQgQ0lSQ0xFLUctMjEifQ.YfSiCBC6EuOZscHmIFXGkMsg1knFssu3JVtij9k9EQ8","row":"G","number":21,"pricing":{"salePrice":[{"value":3600,"currency":"GBP","decimalPlaces":2}],"faceValue":[{"value":3000,"currency":"GBP","decimalPlaces":2}],"percentageDiscount":0,"includesBookingFee":true,"createdAt":"2021-09-20T22:11:43+0000","promotionLabel":null},"attributes":[],"isRestrictedView":false},{"seatIdentifier":"GRAND_CIRCLE-G22","aggregateReference":"eyJ0eXAiOiJKV1QiLCJhbGciOiJIUzI1NiJ9.eyJzdGkiOjcwNzc1MiwicGFpIjoiZW5jb3JldGlja2V0cyIsInByaSI6ODYsInNpIjoiR1JBTkQgQ0lSQ0xFLUctMjIifQ.Iy1xLAplGBdFSVlZRjkoTz-MHiu0wPfzG8VVZcrVq-M","row":"G","number":22,"pricing":{"salePrice":[{"value":3600,"currency":"GBP","decimalPlaces":2}],"faceValue":[{"value":3000,"currency":"GBP","decimalPlaces":2}],"percentageDiscount":0,"includesBookingFee":true,"createdAt":"2021-09-20T22:11:43+0000","promotionLabel":null},"attributes":[],"isRestrictedView":false},{"seatIdentifier":"GRAND_CIRCLE-G23","aggregateReference":"eyJ0eXAiOiJKV1QiLCJhbGciOiJIUzI1NiJ9.eyJzdGkiOjcwNzc1MiwicGFpIjoiZW5jb3JldGlja2V0cyIsInByaSI6ODYsInNpIjoiR1JBTkQgQ0lSQ0xFLUctMjMifQ.ClNJdze6YghsdYfXTLSbiqM3lxv3CKzUjVlR6-cZ0ic","row":"G","number":23,"pricing":{"salePrice":[{"value":3600,"currency":"GBP","decimalPlaces":2}],"faceValue":[{"value":3000,"currency":"GBP","decimalPlaces":2}],"percentageDiscount":0,"includesBookingFee":true,"createdAt":"2021-09-20T22:11:43+0000","promotionLabel":null},"attributes":[],"isRestrictedView":false},{"seatIdentifier":"GRAND_CIRCLE-G24","aggregateReference":"eyJ0eXAiOiJKV1QiLCJhbGciOiJIUzI1NiJ9.eyJzdGkiOjcwNzc1MiwicGFpIjoiZW5jb3JldGlja2V0cyIsInByaSI6ODYsInNpIjoiR1JBTkQgQ0lSQ0xFLUctMjQifQ.5eQ6qAgg62f8K4JJGBXbr3b_L47X9vhHPRE_R5Fk0cc","row":"G","number":24,"pricing":{"salePrice":[{"value":3600,"currency":"GBP","decimalPlaces":2}],"faceValue":[{"value":3000,"currency":"GBP","decimalPlaces":2}],"percentageDiscount":0,"includesBookingFee":true,"createdAt":"2021-09-20T22:11:43+0000","promotionLabel":null},"attributes":[],"isRestrictedView":false},{"seatIdentifier":"GRAND_CIRCLE-G25","aggregateReference":"eyJ0eXAiOiJKV1QiLCJhbGciOiJIUzI1NiJ9.eyJzdGkiOjcwNzc1MiwicGFpIjoiZW5jb3JldGlja2V0cyIsInByaSI6ODYsInNpIjoiR1JBTkQgQ0lSQ0xFLUctMjUifQ.mREQTsh4DSHr1A9oQHHAqm_JMNiRCTHpZKP03WGn3JI","row":"G","number":25,"pricing":{"salePrice":[{"value":3600,"currency":"GBP","decimalPlaces":2}],"faceValue":[{"value":3000,"currency":"GBP","decimalPlaces":2}],"percentageDiscount":0,"includesBookingFee":true,"createdAt":"2021-09-20T22:11:43+0000","promotionLabel":null},"attributes":[],"isRestrictedView":false},{"seatIdentifier":"GRAND_CIRCLE-G26","aggregateReference":"eyJ0eXAiOiJKV1QiLCJhbGciOiJIUzI1NiJ9.eyJzdGkiOjcwNzc1MiwicGFpIjoiZW5jb3JldGlja2V0cyIsInByaSI6ODYsInNpIjoiR1JBTkQgQ0lSQ0xFLUctMjYifQ.LCLSuh0c5r9I1DS7dpmtuh589PmI6vsNpbyJqepH--w","row":"G","number":26,"pricing":{"salePrice":[{"value":3600,"currency":"GBP","decimalPlaces":2}],"faceValue":[{"value":3000,"currency":"GBP","decimalPlaces":2}],"percentageDiscount":0,"includesBookingFee":true,"createdAt":"2021-09-20T22:11:43+0000","promotionLabel":null},"attributes":[],"isRestrictedView":false},{"seatIdentifier":"GRAND_CIRCLE-G27","aggregateReference":"eyJ0eXAiOiJKV1QiLCJhbGciOiJIUzI1NiJ9.eyJzdGkiOjcwNzc1MiwicGFpIjoiZW5jb3JldGlja2V0cyIsInByaSI6ODYsInNpIjoiR1JBTkQgQ0lSQ0xFLUctMjcifQ.OhCvAO6Sq1EojSxBz5ppGCFt7So_r3xU0Y0Sm1Pa61A","row":"G","number":27,"pricing":{"salePrice":[{"value":3600,"currency":"GBP","decimalPlaces":2}],"faceValue":[{"value":3000,"currency":"GBP","decimalPlaces":2}],"percentageDiscount":0,"includesBookingFee":true,"createdAt":"2021-09-20T22:11:43+0000","promotionLabel":null},"attributes":[],"isRestrictedView":false},{"seatIdentifier":"GRAND_CIRCLE-G28","aggregateReference":"eyJ0eXAiOiJKV1QiLCJhbGciOiJIUzI1NiJ9.eyJzdGkiOjcwNzc1MiwicGFpIjoiZW5jb3JldGlja2V0cyIsInByaSI6ODYsInNpIjoiR1JBTkQgQ0lSQ0xFLUctMjgifQ.qloNkEE9EtVIleWEwEMH6fWQUg7S1ZU1Y8NqXUWPvvQ","row":"G","number":28,"pricing":{"salePrice":[{"value":3600,"currency":"GBP","decimalPlaces":2}],"faceValue":[{"value":3000,"currency":"GBP","decimalPlaces":2}],"percentageDiscount":0,"includesBookingFee":true,"createdAt":"2021-09-20T22:11:43+0000","promotionLabel":null},"attributes":[{"title":"EndOfRow","description":"Seat at end of row","intention":"positive"}],"isRestrictedView":false}],"seatLumps":[{"seats":["GRAND_CIRCLE-G1","GRAND_CIRCLE-G2"]},{"seats":["GRAND_CIRCLE-G3","GRAND_CIRCLE-G4"]},{"seats":["GRAND_CIRCLE-G4","GRAND_CIRCLE-G5"]},{"seats":["GRAND_CIRCLE-G5","GRAND_CIRCLE-G6"]},{"seats":["GRAND_CIRCLE-G6","GRAND_CIRCLE-G7"]},{"seats":["GRAND_CIRCLE-G7","GRAND_CIRCLE-G8"]},{"seats":["GRAND_CIRCLE-G8","GRAND_CIRCLE-G9"]},{"seats":["GRAND_CIRCLE-G9","GRAND_CIRCLE-G10"]},{"seats":["GRAND_CIRCLE-G10","GRAND_CIRCLE-G11"]},{"seats":["GRAND_CIRCLE-G11","GRAND_CIRCLE-G12"]},{"seats":["GRAND_CIRCLE-G12","GRAND_CIRCLE-G13"]},{"seats":["GRAND_CIRCLE-G13","GRAND_CIRCLE-G14"]},{"seats":["GRAND_CIRCLE-G14","GRAND_CIRCLE-G15"]},{"seats":["GRAND_CIRCLE-G15","GRAND_CIRCLE-G16"]},{"seats":["GRAND_CIRCLE-G16","GRAND_CIRCLE-G17"]},{"seats":["GRAND_CIRCLE-G17","GRAND_CIRCLE-G18"]},{"seats":["GRAND_CIRCLE-G18","GRAND_CIRCLE-G19"]},{"seats":["GRAND_CIRCLE-G19","GRAND_CIRCLE-G20"]},{"seats":["GRAND_CIRCLE-G20","GRAND_CIRCLE-G21"]},{"seats":["GRAND_CIRCLE-G21","GRAND_CIRCLE-G22"]},{"seats":["GRAND_CIRCLE-G22","GRAND_CIRCLE-G23"]},{"seats":["GRAND_CIRCLE-G23","GRAND_CIRCLE-G24"]},{"seats":["GRAND_CIRCLE-G24","GRAND_CIRCLE-G25"]},{"seats":["GRAND_CIRCLE-G25","GRAND_CIRCLE-G26"]},{"seats":["GRAND_CIRCLE-G27","GRAND_CIRCLE-G28"]}]},{"groupIdentifier":"GRAND CIRCLE~A1;4","aggregateReference":null,"row":"A","mode":"allocated","seatNumberStart":1,"seatNumberEnd":4,"availableCount":4,"pricing":{"salePrice":[{"value":4800,"currency":"GBP","decimalPlaces":2}],"faceValue":[{"value":4000,"currency":"GBP","decimalPlaces":2}],"percentageDiscount":0,"includesBookingFee":true,"createdAt":"2021-09-20T22:11:43+0000","promotionLabel":null},"seats":[{"seatIdentifier":"GRAND_CIRCLE-A1","aggregateReference":"eyJ0eXAiOiJKV1QiLCJhbGciOiJIUzI1NiJ9.eyJzdGkiOjcwNzc1MiwicGFpIjoiZW5jb3JldGlja2V0cyIsInByaSI6ODYsInNpIjoiR1JBTkQgQ0lSQ0xFLUEtMSJ9.DQhaJTa0pS7p1iGEL7VYvkD1JBg-j1LDX0UbLv7AGH4","row":"A","number":1,"pricing":{"salePrice":[{"value":4800,"currency":"GBP","decimalPlaces":2}],"faceValue":[{"value":4000,"currency":"GBP","decimalPlaces":2}],"percentageDiscount":0,"includesBookingFee":true,"createdAt":"2021-09-20T22:11:43+0000","promotionLabel":null},"attributes":[{"title":"EndOfRow","description":"Seat at end of row","intention":"positive"},{"title":"RestrictedView","description":"Restricted view","intention":"negative"}],"isRestrictedView":true},{"seatIdentifier":"GRAND_CIRCLE-A2","aggregateReference":"eyJ0eXAiOiJKV1QiLCJhbGciOiJIUzI1NiJ9.eyJzdGkiOjcwNzc1MiwicGFpIjoiZW5jb3JldGlja2V0cyIsInByaSI6ODYsInNpIjoiR1JBTkQgQ0lSQ0xFLUEtMiJ9.I7d6l7QclqWRnSxt4yxErboFHpDCDkzYb262HIFeEro","row":"A","number":2,"pricing":{"salePrice":[{"value":4800,"currency":"GBP","decimalPlaces":2}],"faceValue":[{"value":4000,"currency":"GBP","decimalPlaces":2}],"percentageDiscount":0,"includesBookingFee":true,"createdAt":"2021-09-20T22:11:43+0000","promotionLabel":null},"attributes":[{"title":"RestrictedView","description":"Restricted view","intention":"negative"}],"isRestrictedView":true},{"seatIdentifier":"GRAND_CIRCLE-A3","aggregateReference":"eyJ0eXAiOiJKV1QiLCJhbGciOiJIUzI1NiJ9.eyJzdGkiOjcwNzc1MiwicGFpIjoiZW5jb3JldGlja2V0cyIsInByaSI6ODYsInNpIjoiR1JBTkQgQ0lSQ0xFLUEtMyJ9.i6x8nduDvFduevJ1ORo6JJGvmc3vVp1cVPccxv_-OD4","row":"A","number":3,"pricing":{"salePrice":[{"value":4800,"currency":"GBP","decimalPlaces":2}],"faceValue":[{"value":4000,"currency":"GBP","decimalPlaces":2}],"percentageDiscount":0,"includesBookingFee":true,"createdAt":"2021-09-20T22:11:43+0000","promotionLabel":null},"attributes":[{"title":"RestrictedView","description":"Restricted view","intention":"negative"}],"isRestrictedView":true},{"seatIdentifier":"GRAND_CIRCLE-A4","aggregateReference":"eyJ0eXAiOiJKV1QiLCJhbGciOiJIUzI1NiJ9.eyJzdGkiOjcwNzc1MiwicGFpIjoiZW5jb3JldGlja2V0cyIsInByaSI6ODYsInNpIjoiR1JBTkQgQ0lSQ0xFLUEtNCJ9.auZ4UYeP64oVAikSZPrQDYU7pLvDdIsZgPqL6fCrlSI","row":"A","number":4,"pricing":{"salePrice":[{"value":4800,"currency":"GBP","decimalPlaces":2}],"faceValue":[{"value":4000,"currency":"GBP","decimalPlaces":2}],"percentageDiscount":0,"includesBookingFee":true,"createdAt":"2021-09-20T22:11:43+0000","promotionLabel":null},"attributes":[{"title":"RestrictedView","description":"Restricted view","intention":"negative"}],"isRestrictedView":true}],"seatLumps":[{"seats":["GRAND_CIRCLE-A1","GRAND_CIRCLE-A2"]},{"seats":["GRAND_CIRCLE-A3","GRAND_CIRCLE-A4"]}]},{"groupIdentifier":"GRAND CIRCLE~A24;27","aggregateReference":null,"row":"A","mode":"allocated","seatNumberStart":24,"seatNumberEnd":27,"availableCount":4,"pricing":{"salePrice":[{"value":4800,"currency":"GBP","decimalPlaces":2}],"faceValue":[{"value":4000,"currency":"GBP","decimalPlaces":2}],"percentageDiscount":0,"includesBookingFee":true,"createdAt":"2021-09-20T22:11:43+0000","promotionLabel":null},"seats":[{"seatIdentifier":"GRAND_CIRCLE-A24","aggregateReference":"eyJ0eXAiOiJKV1QiLCJhbGciOiJIUzI1NiJ9.eyJzdGkiOjcwNzc1MiwicGFpIjoiZW5jb3JldGlja2V0cyIsInByaSI6ODYsInNpIjoiR1JBTkQgQ0lSQ0xFLUEtMjQifQ.CRbQjqeDVqr93z8Np5WarP4lSvNKohcgncAZnYQSVR0","row":"A","number":24,"pricing":{"salePrice":[{"value":4800,"currency":"GBP","decimalPlaces":2}],"faceValue":[{"value":4000,"currency":"GBP","decimalPlaces":2}],"percentageDiscount":0,"includesBookingFee":true,"createdAt":"2021-09-20T22:11:43+0000","promotionLabel":null},"attributes":[{"title":"RestrictedView","description":"Restricted view","intention":"negative"}],"isRestrictedView":true},{"seatIdentifier":"GRAND_CIRCLE-A25","aggregateReference":"eyJ0eXAiOiJKV1QiLCJhbGciOiJIUzI1NiJ9.eyJzdGkiOjcwNzc1MiwicGFpIjoiZW5jb3JldGlja2V0cyIsInByaSI6ODYsInNpIjoiR1JBTkQgQ0lSQ0xFLUEtMjUifQ.HiNsNcO6lBKNsdt22r4_bkWWNLASWXYsu1DIlgFAtk8","row":"A","number":25,"pricing":{"salePrice":[{"value":4800,"currency":"GBP","decimalPlaces":2}],"faceValue":[{"value":4000,"currency":"GBP","decimalPlaces":2}],"percentageDiscount":0,"includesBookingFee":true,"createdAt":"2021-09-20T22:11:43+0000","promotionLabel":null},"attributes":[{"title":"RestrictedView","description":"Restricted view","intention":"negative"}],"isRestrictedView":true},{"seatIdentifier":"GRAND_CIRCLE-A26","aggregateReference":"eyJ0eXAiOiJKV1QiLCJhbGciOiJIUzI1NiJ9.eyJzdGkiOjcwNzc1MiwicGFpIjoiZW5jb3JldGlja2V0cyIsInByaSI6ODYsInNpIjoiR1JBTkQgQ0lSQ0xFLUEtMjYifQ.FMdMfepc2UaWRQpMBVr2a63y6N1rxWkbIbxTR9TJfKs","row":"A","number":26,"pricing":{"salePrice":[{"value":4800,"currency":"GBP","decimalPlaces":2}],"faceValue":[{"value":4000,"currency":"GBP","decimalPlaces":2}],"percentageDiscount":0,"includesBookingFee":true,"createdAt":"2021-09-20T22:11:43+0000","promotionLabel":null},"attributes":[{"title":"RestrictedView","description":"Restricted view","intention":"negative"}],"isRestrictedView":true},{"seatIdentifier":"GRAND_CIRCLE-A27","aggregateReference":"eyJ0eXAiOiJKV1QiLCJhbGciOiJIUzI1NiJ9.eyJzdGkiOjcwNzc1MiwicGFpIjoiZW5jb3JldGlja2V0cyIsInByaSI6ODYsInNpIjoiR1JBTkQgQ0lSQ0xFLUEtMjcifQ.4QWxil8gwFenOiHWLS5PnFWidom5YM8stL4DugTI1fU","row":"A","number":27,"pricing":{"salePrice":[{"value":4800,"currency":"GBP","decimalPlaces":2}],"faceValue":[{"value":4000,"currency":"GBP","decimalPlaces":2}],"percentageDiscount":0,"includesBookingFee":true,"createdAt":"2021-09-20T22:11:43+0000","promotionLabel":null},"attributes":[{"title":"EndOfRow","description":"Seat at end of row","intention":"positive"},{"title":"RestrictedView","description":"Restricted view","intention":"negative"}],"isRestrictedView":true}],"seatLumps":[{"seats":["GRAND_CIRCLE-A24","GRAND_CIRCLE-A25"]},{"seats":["GRAND_CIRCLE-A26","GRAND_CIRCLE-A27"]}]},{"groupIdentifier":"GRAND CIRCLE~B1;4","aggregateReference":null,"row":"B","mode":"allocated","seatNumberStart":1,"seatNumberEnd":4,"availableCount":4,"pricing":{"salePrice":[{"value":4800,"currency":"GBP","decimalPlaces":2}],"faceValue":[{"value":4000,"currency":"GBP","decimalPlaces":2}],"percentageDiscount":0,"includesBookingFee":true,"createdAt":"2021-09-20T22:11:43+0000","promotionLabel":null},"seats":[{"seatIdentifier":"GRAND_CIRCLE-B1","aggregateReference":"eyJ0eXAiOiJKV1QiLCJhbGciOiJIUzI1NiJ9.eyJzdGkiOjcwNzc1MiwicGFpIjoiZW5jb3JldGlja2V0cyIsInByaSI6ODYsInNpIjoiR1JBTkQgQ0lSQ0xFLUItMSJ9.MO2BI5NXfZiWef03AgAAd-efVHFJLCQzzPao-DXRmek","row":"B","number":1,"pricing":{"salePrice":[{"value":4800,"currency":"GBP","decimalPlaces":2}],"faceValue":[{"value":4000,"currency":"GBP","decimalPlaces":2}],"percentageDiscount":0,"includesBookingFee":true,"createdAt":"2021-09-20T22:11:43+0000","promotionLabel":null},"attributes":[{"title":"EndOfRow","description":"Seat at end of row","intention":"positive"},{"title":"RestrictedView","description":"Restricted view","intention":"negative"}],"isRestrictedView":true},{"seatIdentifier":"GRAND_CIRCLE-B2","aggregateReference":"eyJ0eXAiOiJKV1QiLCJhbGciOiJIUzI1NiJ9.eyJzdGkiOjcwNzc1MiwicGFpIjoiZW5jb3JldGlja2V0cyIsInByaSI6ODYsInNpIjoiR1JBTkQgQ0lSQ0xFLUItMiJ9.LXOob6gLVHp9mGb3WiMhU1L7coXJjUthedt5cJv4LQU","row":"B","number":2,"pricing":{"salePrice":[{"value":4800,"currency":"GBP","decimalPlaces":2}],"faceValue":[{"value":4000,"currency":"GBP","decimalPlaces":2}],"percentageDiscount":0,"includesBookingFee":true,"createdAt":"2021-09-20T22:11:43+0000","promotionLabel":null},"attributes":[{"title":"RestrictedView","description":"Restricted view","intention":"negative"}],"isRestrictedView":true},{"seatIdentifier":"GRAND_CIRCLE-B3","aggregateReference":"eyJ0eXAiOiJKV1QiLCJhbGciOiJIUzI1NiJ9.eyJzdGkiOjcwNzc1MiwicGFpIjoiZW5jb3JldGlja2V0cyIsInByaSI6ODYsInNpIjoiR1JBTkQgQ0lSQ0xFLUItMyJ9.uFQCAxxY8pdUM_3KxJfDTbX6dBxpJRszFsauV_wfFMM","row":"B","number":3,"pricing":{"salePrice":[{"value":4800,"currency":"GBP","decimalPlaces":2}],"faceValue":[{"value":4000,"currency":"GBP","decimalPlaces":2}],"percentageDiscount":0,"includesBookingFee":true,"createdAt":"2021-09-20T22:11:43+0000","promotionLabel":null},"attributes":[{"title":"RestrictedView","description":"Restricted view","intention":"negative"}],"isRestrictedView":true},{"seatIdentifier":"GRAND_CIRCLE-B4","aggregateReference":"eyJ0eXAiOiJKV1QiLCJhbGciOiJIUzI1NiJ9.eyJzdGkiOjcwNzc1MiwicGFpIjoiZW5jb3JldGlja2V0cyIsInByaSI6ODYsInNpIjoiR1JBTkQgQ0lSQ0xFLUItNCJ9.wbjnyPnqcEfLtXtXcCzARSlZatJsazXOqAfuliURoWw","row":"B","number":4,"pricing":{"salePrice":[{"value":4800,"currency":"GBP","decimalPlaces":2}],"faceValue":[{"value":4000,"currency":"GBP","decimalPlaces":2}],"percentageDiscount":0,"includesBookingFee":true,"createdAt":"2021-09-20T22:11:43+0000","promotionLabel":null},"attributes":[{"title":"RestrictedView","description":"Restricted view","intention":"negative"}],"isRestrictedView":true}],"seatLumps":[{"seats":["GRAND_CIRCLE-B1","GRAND_CIRCLE-B2"]},{"seats":["GRAND_CIRCLE-B3","GRAND_CIRCLE-B4"]}]},{"groupIdentifier":"GRAND CIRCLE~B23;26","aggregateReference":null,"row":"B","mode":"allocated","seatNumberStart":23,"seatNumberEnd":26,"availableCount":4,"pricing":{"salePrice":[{"value":4800,"currency":"GBP","decimalPlaces":2}],"faceValue":[{"value":4000,"currency":"GBP","decimalPlaces":2}],"percentageDiscount":0,"includesBookingFee":true,"createdAt":"2021-09-20T22:11:43+0000","promotionLabel":null},"seats":[{"seatIdentifier":"GRAND_CIRCLE-B23","aggregateReference":"eyJ0eXAiOiJKV1QiLCJhbGciOiJIUzI1NiJ9.eyJzdGkiOjcwNzc1MiwicGFpIjoiZW5jb3JldGlja2V0cyIsInByaSI6ODYsInNpIjoiR1JBTkQgQ0lSQ0xFLUItMjMifQ.BjsLOO178tS_cfuReGVEWUZSbFkSc-okAUUlTTelRi0","row":"B","number":23,"pricing":{"salePrice":[{"value":4800,"currency":"GBP","decimalPlaces":2}],"faceValue":[{"value":4000,"currency":"GBP","decimalPlaces":2}],"percentageDiscount":0,"includesBookingFee":true,"createdAt":"2021-09-20T22:11:43+0000","promotionLabel":null},"attributes":[{"title":"RestrictedView","description":"Restricted view","intention":"negative"}],"isRestrictedView":true},{"seatIdentifier":"GRAND_CIRCLE-B24","aggregateReference":"eyJ0eXAiOiJKV1QiLCJhbGciOiJIUzI1NiJ9.eyJzdGkiOjcwNzc1MiwicGFpIjoiZW5jb3JldGlja2V0cyIsInByaSI6ODYsInNpIjoiR1JBTkQgQ0lSQ0xFLUItMjQifQ.aW9FXULpZ_OrBqH1HCcPD1d9R4TFvWxqm9Sbf721Tts","row":"B","number":24,"pricing":{"salePrice":[{"value":4800,"currency":"GBP","decimalPlaces":2}],"faceValue":[{"value":4000,"currency":"GBP","decimalPlaces":2}],"percentageDiscount":0,"includesBookingFee":true,"createdAt":"2021-09-20T22:11:43+0000","promotionLabel":null},"attributes":[{"title":"RestrictedView","description":"Restricted view","intention":"negative"}],"isRestrictedView":true},{"seatIdentifier":"GRAND_CIRCLE-B25","aggregateReference":"eyJ0eXAiOiJKV1QiLCJhbGciOiJIUzI1NiJ9.eyJzdGkiOjcwNzc1MiwicGFpIjoiZW5jb3JldGlja2V0cyIsInByaSI6ODYsInNpIjoiR1JBTkQgQ0lSQ0xFLUItMjUifQ.CEEzVwAO1IWoaILTY0dqLZVBb_mubGm9AA20XfHhiC4","row":"B","number":25,"pricing":{"salePrice":[{"value":4800,"currency":"GBP","decimalPlaces":2}],"faceValue":[{"value":4000,"currency":"GBP","decimalPlaces":2}],"percentageDiscount":0,"includesBookingFee":true,"createdAt":"2021-09-20T22:11:43+0000","promotionLabel":null},"attributes":[{"title":"RestrictedView","description":"Restricted view","intention":"negative"}],"isRestrictedView":true},{"seatIdentifier":"GRAND_CIRCLE-B26","aggregateReference":"eyJ0eXAiOiJKV1QiLCJhbGciOiJIUzI1NiJ9.eyJzdGkiOjcwNzc1MiwicGFpIjoiZW5jb3JldGlja2V0cyIsInByaSI6ODYsInNpIjoiR1JBTkQgQ0lSQ0xFLUItMjYifQ.f6VEIS3gJvIY81MbNuwPWYkzyqrlhpkZ1Q5pj89QF4s","row":"B","number":26,"pricing":{"salePrice":[{"value":4800,"currency":"GBP","decimalPlaces":2}],"faceValue":[{"value":4000,"currency":"GBP","decimalPlaces":2}],"percentageDiscount":0,"includesBookingFee":true,"createdAt":"2021-09-20T22:11:43+0000","promotionLabel":null},"attributes":[{"title":"EndOfRow","description":"Seat at end of row","intention":"positive"},{"title":"RestrictedView","description":"Restricted view","intention":"negative"}],"isRestrictedView":true}],"seatLumps":[{"seats":["GRAND_CIRCLE-B23","GRAND_CIRCLE-B24"]},{"seats":["GRAND_CIRCLE-B25","GRAND_CIRCLE-B26"]}]},{"groupIdentifier":"GRAND CIRCLE~C1;11","aggregateReference":null,"row":"C","mode":"allocated","seatNumberStart":1,"seatNumberEnd":11,"availableCount":11,"pricing":{"salePrice":[{"value":4800,"currency":"GBP","decimalPlaces":2}],"faceValue":[{"value":4000,"currency":"GBP","decimalPlaces":2}],"percentageDiscount":0,"includesBookingFee":true,"createdAt":"2021-09-20T22:11:43+0000","promotionLabel":null},"seats":[{"seatIdentifier":"GRAND_CIRCLE-C1","aggregateReference":"eyJ0eXAiOiJKV1QiLCJhbGciOiJIUzI1NiJ9.eyJzdGkiOjcwNzc1MiwicGFpIjoiZW5jb3JldGlja2V0cyIsInByaSI6ODYsInNpIjoiR1JBTkQgQ0lSQ0xFLUMtMSJ9.mvKd_Kx4C4K5LXGzUUwk89JxcR5kiL0andRW3oPIhGA","row":"C","number":1,"pricing":{"salePrice":[{"value":4800,"currency":"GBP","decimalPlaces":2}],"faceValue":[{"value":4000,"currency":"GBP","decimalPlaces":2}],"percentageDiscount":0,"includesBookingFee":true,"createdAt":"2021-09-20T22:11:43+0000","promotionLabel":null},"attributes":[{"title":"EndOfRow","description":"Seat at end of row","intention":"positive"},{"title":"RestrictedView","description":"Restricted view","intention":"negative"}],"isRestrictedView":true},{"seatIdentifier":"GRAND_CIRCLE-C2","aggregateReference":"eyJ0eXAiOiJKV1QiLCJhbGciOiJIUzI1NiJ9.eyJzdGkiOjcwNzc1MiwicGFpIjoiZW5jb3JldGlja2V0cyIsInByaSI6ODYsInNpIjoiR1JBTkQgQ0lSQ0xFLUMtMiJ9.3cvbHDPlAZVeWD4ng4ssXSIiuTVE1dYWTh1vYHZsR3g","row":"C","number":2,"pricing":{"salePrice":[{"value":4800,"currency":"GBP","decimalPlaces":2}],"faceValue":[{"value":4000,"currency":"GBP","decimalPlaces":2}],"percentageDiscount":0,"includesBookingFee":true,"createdAt":"2021-09-20T22:11:43+0000","promotionLabel":null},"attributes":[{"title":"RestrictedView","description":"Restricted view","intention":"negative"}],"isRestrictedView":true},{"seatIdentifier":"GRAND_CIRCLE-C3","aggregateReference":"eyJ0eXAiOiJKV1QiLCJhbGciOiJIUzI1NiJ9.eyJzdGkiOjcwNzc1MiwicGFpIjoiZW5jb3JldGlja2V0cyIsInByaSI6ODYsInNpIjoiR1JBTkQgQ0lSQ0xFLUMtMyJ9.eliQKZEAPANfSg6fIUBSlM3_7FmJ7JLSph9NLFVa2Gs","row":"C","number":3,"pricing":{"salePrice":[{"value":4800,"currency":"GBP","decimalPlaces":2}],"faceValue":[{"value":4000,"currency":"GBP","decimalPlaces":2}],"percentageDiscount":0,"includesBookingFee":true,"createdAt":"2021-09-20T22:11:43+0000","promotionLabel":null},"attributes":[{"title":"RestrictedView","description":"Restricted view","intention":"negative"}],"isRestrictedView":true},{"seatIdentifier":"GRAND_CIRCLE-C4","aggregateReference":"eyJ0eXAiOiJKV1QiLCJhbGciOiJIUzI1NiJ9.eyJzdGkiOjcwNzc1MiwicGFpIjoiZW5jb3JldGlja2V0cyIsInByaSI6ODYsInNpIjoiR1JBTkQgQ0lSQ0xFLUMtNCJ9.KHeklr9LpFZopzyLy3SN77m8QbUHvoMJu9Ce6Ja_xEg","row":"C","number":4,"pricing":{"salePrice":[{"value":4800,"currency":"GBP","decimalPlaces":2}],"faceValue":[{"value":4000,"currency":"GBP","decimalPlaces":2}],"percentageDiscount":0,"includesBookingFee":true,"createdAt":"2021-09-20T22:11:43+0000","promotionLabel":null},"attributes":[{"title":"RestrictedView","description":"Restricted view","intention":"negative"}],"isRestrictedView":true},{"seatIdentifier":"GRAND_CIRCLE-C5","aggregateReference":"eyJ0eXAiOiJKV1QiLCJhbGciOiJIUzI1NiJ9.eyJzdGkiOjcwNzc1MiwicGFpIjoiZW5jb3JldGlja2V0cyIsInByaSI6ODYsInNpIjoiR1JBTkQgQ0lSQ0xFLUMtNSJ9.r4sty1UGnI88MnlLbKF1xcdBzB9vQLUOvkr7LJm5NyI","row":"C","number":5,"pricing":{"salePrice":[{"value":4800,"currency":"GBP","decimalPlaces":2}],"faceValue":[{"value":4000,"currency":"GBP","decimalPlaces":2}],"percentageDiscount":0,"includesBookingFee":true,"createdAt":"2021-09-20T22:11:43+0000","promotionLabel":null},"attributes":[],"isRestrictedView":false},{"seatIdentifier":"GRAND_CIRCLE-C6","aggregateReference":"eyJ0eXAiOiJKV1QiLCJhbGciOiJIUzI1NiJ9.eyJzdGkiOjcwNzc1MiwicGFpIjoiZW5jb3JldGlja2V0cyIsInByaSI6ODYsInNpIjoiR1JBTkQgQ0lSQ0xFLUMtNiJ9.en8Cdod9pUOPljx9kuJ-pZNVBnCDAtj0pvAg7lZNL_s","row":"C","number":6,"pricing":{"salePrice":[{"value":4800,"currency":"GBP","decimalPlaces":2}],"faceValue":[{"value":4000,"currency":"GBP","decimalPlaces":2}],"percentageDiscount":0,"includesBookingFee":true,"createdAt":"2021-09-20T22:11:43+0000","promotionLabel":null},"attributes":[],"isRestrictedView":false},{"seatIdentifier":"GRAND_CIRCLE-C7","aggregateReference":"eyJ0eXAiOiJKV1QiLCJhbGciOiJIUzI1NiJ9.eyJzdGkiOjcwNzc1MiwicGFpIjoiZW5jb3JldGlja2V0cyIsInByaSI6ODYsInNpIjoiR1JBTkQgQ0lSQ0xFLUMtNyJ9.IkpnuUV3-5gjeT3K-84jWB4QGY-uAUwJ2IzXqCGNgFo","row":"C","number":7,"pricing":{"salePrice":[{"value":4800,"currency":"GBP","decimalPlaces":2}],"faceValue":[{"value":4000,"currency":"GBP","decimalPlaces":2}],"percentageDiscount":0,"includesBookingFee":true,"createdAt":"2021-09-20T22:11:43+0000","promotionLabel":null},"attributes":[],"isRestrictedView":false},{"seatIdentifier":"GRAND_CIRCLE-C8","aggregateReference":"eyJ0eXAiOiJKV1QiLCJhbGciOiJIUzI1NiJ9.eyJzdGkiOjcwNzc1MiwicGFpIjoiZW5jb3JldGlja2V0cyIsInByaSI6ODYsInNpIjoiR1JBTkQgQ0lSQ0xFLUMtOCJ9.49R0_1PJhkNX5hZstYMCNjdnsSdQoRlxbQDNh_0ZuL8","row":"C","number":8,"pricing":{"salePrice":[{"value":4800,"currency":"GBP","decimalPlaces":2}],"faceValue":[{"value":4000,"currency":"GBP","decimalPlaces":2}],"percentageDiscount":0,"includesBookingFee":true,"createdAt":"2021-09-20T22:11:43+0000","promotionLabel":null},"attributes":[],"isRestrictedView":false},{"seatIdentifier":"GRAND_CIRCLE-C9","aggregateReference":"eyJ0eXAiOiJKV1QiLCJhbGciOiJIUzI1NiJ9.eyJzdGkiOjcwNzc1MiwicGFpIjoiZW5jb3JldGlja2V0cyIsInByaSI6ODYsInNpIjoiR1JBTkQgQ0lSQ0xFLUMtOSJ9.F5TDd7sHcKbucB3NxEDPXFSp_SJadG5dLPUb2d2L32w","row":"C","number":9,"pricing":{"salePrice":[{"value":4800,"currency":"GBP","decimalPlaces":2}],"faceValue":[{"value":4000,"currency":"GBP","decimalPlaces":2}],"percentageDiscount":0,"includesBookingFee":true,"createdAt":"2021-09-20T22:11:43+0000","promotionLabel":null},"attributes":[],"isRestrictedView":false},{"seatIdentifier":"GRAND_CIRCLE-C10","aggregateReference":"eyJ0eXAiOiJKV1QiLCJhbGciOiJIUzI1NiJ9.eyJzdGkiOjcwNzc1MiwicGFpIjoiZW5jb3JldGlja2V0cyIsInByaSI6ODYsInNpIjoiR1JBTkQgQ0lSQ0xFLUMtMTAifQ.1Rt-kmuE7mFtPYaKllVIheEBoQwHaMzBRWoYtzcf2EA","row":"C","number":10,"pricing":{"salePrice":[{"value":4800,"currency":"GBP","decimalPlaces":2}],"faceValue":[{"value":4000,"currency":"GBP","decimalPlaces":2}],"percentageDiscount":0,"includesBookingFee":true,"createdAt":"2021-09-20T22:11:43+0000","promotionLabel":null},"attributes":[],"isRestrictedView":false},{"seatIdentifier":"GRAND_CIRCLE-C11","aggregateReference":"eyJ0eXAiOiJKV1QiLCJhbGciOiJIUzI1NiJ9.eyJzdGkiOjcwNzc1MiwicGFpIjoiZW5jb3JldGlja2V0cyIsInByaSI6ODYsInNpIjoiR1JBTkQgQ0lSQ0xFLUMtMTEifQ.1Inj6o7GHXPuctTco1Gvm5nOn7wi_Eb6PK8SRF6gI8I","row":"C","number":11,"pricing":{"salePrice":[{"value":4800,"currency":"GBP","decimalPlaces":2}],"faceValue":[{"value":4000,"currency":"GBP","decimalPlaces":2}],"percentageDiscount":0,"includesBookingFee":true,"createdAt":"2021-09-20T22:11:43+0000","promotionLabel":null},"attributes":[],"isRestrictedView":false}],"seatLumps":[{"seats":["GRAND_CIRCLE-C1","GRAND_CIRCLE-C2"]},{"seats":["GRAND_CIRCLE-C3","GRAND_CIRCLE-C4"]},{"seats":["GRAND_CIRCLE-C4","GRAND_CIRCLE-C5"]},{"seats":["GRAND_CIRCLE-C5","GRAND_CIRCLE-C6"]},{"seats":["GRAND_CIRCLE-C6","GRAND_CIRCLE-C7"]},{"seats":["GRAND_CIRCLE-C7","GRAND_CIRCLE-C8"]},{"seats":["GRAND_CIRCLE-C8","GRAND_CIRCLE-C9"]},{"seats":["GRAND_CIRCLE-C10","GRAND_CIRCLE-C11"]}]},{"groupIdentifier":"GRAND CIRCLE~C14;25","aggregateReference":null,"row":"C","mode":"allocated","seatNumberStart":14,"seatNumberEnd":25,"availableCount":12,"pricing":{"salePrice":[{"value":4800,"currency":"GBP","decimalPlaces":2}],"faceValue":[{"value":4000,"currency":"GBP","decimalPlaces":2}],"percentageDiscount":0,"includesBookingFee":true,"createdAt":"2021-09-20T22:11:43+0000","promotionLabel":null},"seats":[{"seatIdentifier":"GRAND_CIRCLE-C14","aggregateReference":"eyJ0eXAiOiJKV1QiLCJhbGciOiJIUzI1NiJ9.eyJzdGkiOjcwNzc1MiwicGFpIjoiZW5jb3JldGlja2V0cyIsInByaSI6ODYsInNpIjoiR1JBTkQgQ0lSQ0xFLUMtMTQifQ.3uak95DrBq_Hqz2whpnSQpTM2esUvKpcqKrTB1MQymk","row":"C","number":14,"pricing":{"salePrice":[{"value":4800,"currency":"GBP","decimalPlaces":2}],"faceValue":[{"value":4000,"currency":"GBP","decimalPlaces":2}],"percentageDiscount":0,"includesBookingFee":true,"createdAt":"2021-09-20T22:11:43+0000","promotionLabel":null},"attributes":[],"isRestrictedView":false},{"seatIdentifier":"GRAND_CIRCLE-C15","aggregateReference":"eyJ0eXAiOiJKV1QiLCJhbGciOiJIUzI1NiJ9.eyJzdGkiOjcwNzc1MiwicGFpIjoiZW5jb3JldGlja2V0cyIsInByaSI6ODYsInNpIjoiR1JBTkQgQ0lSQ0xFLUMtMTUifQ.YMcm-pmxdFZhFXJEHguRTAO0od-EB2W37PZMDea7suQ","row":"C","number":15,"pricing":{"salePrice":[{"value":4800,"currency":"GBP","decimalPlaces":2}],"faceValue":[{"value":4000,"currency":"GBP","decimalPlaces":2}],"percentageDiscount":0,"includesBookingFee":true,"createdAt":"2021-09-20T22:11:43+0000","promotionLabel":null},"attributes":[],"isRestrictedView":false},{"seatIdentifier":"GRAND_CIRCLE-C16","aggregateReference":"eyJ0eXAiOiJKV1QiLCJhbGciOiJIUzI1NiJ9.eyJzdGkiOjcwNzc1MiwicGFpIjoiZW5jb3JldGlja2V0cyIsInByaSI6ODYsInNpIjoiR1JBTkQgQ0lSQ0xFLUMtMTYifQ.JnjBj1-5_g1MbuS9W__p5qLdxuzbSqlxwtoZuZ6fMNY","row":"C","number":16,"pricing":{"salePrice":[{"value":4800,"currency":"GBP","decimalPlaces":2}],"faceValue":[{"value":4000,"currency":"GBP","decimalPlaces":2}],"percentageDiscount":0,"includesBookingFee":true,"createdAt":"2021-09-20T22:11:43+0000","promotionLabel":null},"attributes":[],"isRestrictedView":false},{"seatIdentifier":"GRAND_CIRCLE-C17","aggregateReference":"eyJ0eXAiOiJKV1QiLCJhbGciOiJIUzI1NiJ9.eyJzdGkiOjcwNzc1MiwicGFpIjoiZW5jb3JldGlja2V0cyIsInByaSI6ODYsInNpIjoiR1JBTkQgQ0lSQ0xFLUMtMTcifQ.Dg9ELrMNxNA9jEFBSP1HTSz7M8gMjRC0FD6bi1-FrL4","row":"C","number":17,"pricing":{"salePrice":[{"value":4800,"currency":"GBP","decimalPlaces":2}],"faceValue":[{"value":4000,"currency":"GBP","decimalPlaces":2}],"percentageDiscount":0,"includesBookingFee":true,"createdAt":"2021-09-20T22:11:43+0000","promotionLabel":null},"attributes":[],"isRestrictedView":false},{"seatIdentifier":"GRAND_CIRCLE-C18","aggregateReference":"eyJ0eXAiOiJKV1QiLCJhbGciOiJIUzI1NiJ9.eyJzdGkiOjcwNzc1MiwicGFpIjoiZW5jb3JldGlja2V0cyIsInByaSI6ODYsInNpIjoiR1JBTkQgQ0lSQ0xFLUMtMTgifQ.3C-909wksZy_AEbTSf0JdE_Brvn8Dh2TfwCtTsh5sms","row":"C","number":18,"pricing":{"salePrice":[{"value":4800,"currency":"GBP","decimalPlaces":2}],"faceValue":[{"value":4000,"currency":"GBP","decimalPlaces":2}],"percentageDiscount":0,"includesBookingFee":true,"createdAt":"2021-09-20T22:11:43+0000","promotionLabel":null},"attributes":[],"isRestrictedView":false},{"seatIdentifier":"GRAND_CIRCLE-C19","aggregateReference":"eyJ0eXAiOiJKV1QiLCJhbGciOiJIUzI1NiJ9.eyJzdGkiOjcwNzc1MiwicGFpIjoiZW5jb3JldGlja2V0cyIsInByaSI6ODYsInNpIjoiR1JBTkQgQ0lSQ0xFLUMtMTkifQ.urAThaNgSNC9yCCKAHrdVikgouYXEAZlPcRBUz-HmQQ","row":"C","number":19,"pricing":{"salePrice":[{"value":4800,"currency":"GBP","decimalPlaces":2}],"faceValue":[{"value":4000,"currency":"GBP","decimalPlaces":2}],"percentageDiscount":0,"includesBookingFee":true,"createdAt":"2021-09-20T22:11:43+0000","promotionLabel":null},"attributes":[],"isRestrictedView":false},{"seatIdentifier":"GRAND_CIRCLE-C20","aggregateReference":"eyJ0eXAiOiJKV1QiLCJhbGciOiJIUzI1NiJ9.eyJzdGkiOjcwNzc1MiwicGFpIjoiZW5jb3JldGlja2V0cyIsInByaSI6ODYsInNpIjoiR1JBTkQgQ0lSQ0xFLUMtMjAifQ.tOkD5MLws39zycABMF8nXvCR0A2QO4ElPqUeGjECjrE","row":"C","number":20,"pricing":{"salePrice":[{"value":4800,"currency":"GBP","decimalPlaces":2}],"faceValue":[{"value":4000,"currency":"GBP","decimalPlaces":2}],"percentageDiscount":0,"includesBookingFee":true,"createdAt":"2021-09-20T22:11:43+0000","promotionLabel":null},"attributes":[],"isRestrictedView":false},{"seatIdentifier":"GRAND_CIRCLE-C21","aggregateReference":"eyJ0eXAiOiJKV1QiLCJhbGciOiJIUzI1NiJ9.eyJzdGkiOjcwNzc1MiwicGFpIjoiZW5jb3JldGlja2V0cyIsInByaSI6ODYsInNpIjoiR1JBTkQgQ0lSQ0xFLUMtMjEifQ.jXSo-XcijBKIsp865r74skBI-LxNb2hlhT2KRdr1ORc","row":"C","number":21,"pricing":{"salePrice":[{"value":4800,"currency":"GBP","decimalPlaces":2}],"faceValue":[{"value":4000,"currency":"GBP","decimalPlaces":2}],"percentageDiscount":0,"includesBookingFee":true,"createdAt":"2021-09-20T22:11:43+0000","promotionLabel":null},"attributes":[],"isRestrictedView":false},{"seatIdentifier":"GRAND_CIRCLE-C22","aggregateReference":"eyJ0eXAiOiJKV1QiLCJhbGciOiJIUzI1NiJ9.eyJzdGkiOjcwNzc1MiwicGFpIjoiZW5jb3JldGlja2V0cyIsInByaSI6ODYsInNpIjoiR1JBTkQgQ0lSQ0xFLUMtMjIifQ.2cZjyOJ7P_jkgRa2B8pI-6eXmc9zWU4cOiixQItvjWk","row":"C","number":22,"pricing":{"salePrice":[{"value":4800,"currency":"GBP","decimalPlaces":2}],"faceValue":[{"value":4000,"currency":"GBP","decimalPlaces":2}],"percentageDiscount":0,"includesBookingFee":true,"createdAt":"2021-09-20T22:11:43+0000","promotionLabel":null},"attributes":[{"title":"RestrictedView","description":"Restricted view","intention":"negative"}],"isRestrictedView":true},{"seatIdentifier":"GRAND_CIRCLE-C23","aggregateReference":"eyJ0eXAiOiJKV1QiLCJhbGciOiJIUzI1NiJ9.eyJzdGkiOjcwNzc1MiwicGFpIjoiZW5jb3JldGlja2V0cyIsInByaSI6ODYsInNpIjoiR1JBTkQgQ0lSQ0xFLUMtMjMifQ.oVzocHOr3s2vK0NPnD-CiQunRdWnjnuNzwIc_b4Hzns","row":"C","number":23,"pricing":{"salePrice":[{"value":4800,"currency":"GBP","decimalPlaces":2}],"faceValue":[{"value":4000,"currency":"GBP","decimalPlaces":2}],"percentageDiscount":0,"includesBookingFee":true,"createdAt":"2021-09-20T22:11:43+0000","promotionLabel":null},"attributes":[{"title":"RestrictedView","description":"Restricted view","intention":"negative"}],"isRestrictedView":true},{"seatIdentifier":"GRAND_CIRCLE-C24","aggregateReference":"eyJ0eXAiOiJKV1QiLCJhbGciOiJIUzI1NiJ9.eyJzdGkiOjcwNzc1MiwicGFpIjoiZW5jb3JldGlja2V0cyIsInByaSI6ODYsInNpIjoiR1JBTkQgQ0lSQ0xFLUMtMjQifQ.-kXLeYF3LU3ME7UmphOxFhCN4tZnuqLAaJQtGUiFCgM","row":"C","number":24,"pricing":{"salePrice":[{"value":4800,"currency":"GBP","decimalPlaces":2}],"faceValue":[{"value":4000,"currency":"GBP","decimalPlaces":2}],"percentageDiscount":0,"includesBookingFee":true,"createdAt":"2021-09-20T22:11:43+0000","promotionLabel":null},"attributes":[{"title":"RestrictedView","description":"Restricted view","intention":"negative"}],"isRestrictedView":true},{"seatIdentifier":"GRAND_CIRCLE-C25","aggregateReference":"eyJ0eXAiOiJKV1QiLCJhbGciOiJIUzI1NiJ9.eyJzdGkiOjcwNzc1MiwicGFpIjoiZW5jb3JldGlja2V0cyIsInByaSI6ODYsInNpIjoiR1JBTkQgQ0lSQ0xFLUMtMjUifQ.2wzNk9pAwn5ZgmHlhha6gWfEAyVWP9CwQTMqDtf4uWI","row":"C","number":25,"pricing":{"salePrice":[{"value":4800,"currency":"GBP","decimalPlaces":2}],"faceValue":[{"value":4000,"currency":"GBP","decimalPlaces":2}],"percentageDiscount":0,"includesBookingFee":true,"createdAt":"2021-09-20T22:11:43+0000","promotionLabel":null},"attributes":[{"title":"EndOfRow","description":"Seat at end of row","intention":"positive"},{"title":"RestrictedView","description":"Restricted view","intention":"negative"}],"isRestrictedView":true}],"seatLumps":[{"seats":["GRAND_CIRCLE-C14","GRAND_CIRCLE-C15"]},{"seats":["GRAND_CIRCLE-C16","GRAND_CIRCLE-C17"]},{"seats":["GRAND_CIRCLE-C17","GRAND_CIRCLE-C18"]},{"seats":["GRAND_CIRCLE-C18","GRAND_CIRCLE-C19"]},{"seats":["GRAND_CIRCLE-C19","GRAND_CIRCLE-C20"]},{"seats":["GRAND_CIRCLE-C20","GRAND_CIRCLE-C21"]},{"seats":["GRAND_CIRCLE-C21","GRAND_CIRCLE-C22"]},{"seats":["GRAND_CIRCLE-C22","GRAND_CIRCLE-C23"]},{"seats":["GRAND_CIRCLE-C24","GRAND_CIRCLE-C25"]}]},{"groupIdentifier":"GRAND CIRCLE~D5;25","aggregateReference":null,"row":"D","mode":"allocated","seatNumberStart":5,"seatNumberEnd":25,"availableCount":21,"pricing":{"salePrice":[{"value":4800,"currency":"GBP","decimalPlaces":2}],"faceValue":[{"value":4000,"currency":"GBP","decimalPlaces":2}],"percentageDiscount":0,"includesBookingFee":true,"createdAt":"2021-09-20T22:11:43+0000","promotionLabel":null},"seats":[{"seatIdentifier":"GRAND_CIRCLE-D5","aggregateReference":"eyJ0eXAiOiJKV1QiLCJhbGciOiJIUzI1NiJ9.eyJzdGkiOjcwNzc1MiwicGFpIjoiZW5jb3JldGlja2V0cyIsInByaSI6ODYsInNpIjoiR1JBTkQgQ0lSQ0xFLUQtNSJ9.EWWIux2e2R5drcMM7OnOqmzNvAfbFbZqdwDZ8VqGf5Y","row":"D","number":5,"pricing":{"salePrice":[{"value":4800,"currency":"GBP","decimalPlaces":2}],"faceValue":[{"value":4000,"currency":"GBP","decimalPlaces":2}],"percentageDiscount":0,"includesBookingFee":true,"createdAt":"2021-09-20T22:11:43+0000","promotionLabel":null},"attributes":[{"title":"ExtraLegRoom","description":"Extra legroom","intention":"positive"}],"isRestrictedView":false},{"seatIdentifier":"GRAND_CIRCLE-D6","aggregateReference":"eyJ0eXAiOiJKV1QiLCJhbGciOiJIUzI1NiJ9.eyJzdGkiOjcwNzc1MiwicGFpIjoiZW5jb3JldGlja2V0cyIsInByaSI6ODYsInNpIjoiR1JBTkQgQ0lSQ0xFLUQtNiJ9.eGYKykIXVxi4SlN-1BBTWkUJ50Bfx_uB_AMKeSPacMo","row":"D","number":6,"pricing":{"salePrice":[{"value":4800,"currency":"GBP","decimalPlaces":2}],"faceValue":[{"value":4000,"currency":"GBP","decimalPlaces":2}],"percentageDiscount":0,"includesBookingFee":true,"createdAt":"2021-09-20T22:11:43+0000","promotionLabel":null},"attributes":[{"title":"ExtraLegRoom","description":"Extra legroom","intention":"positive"}],"isRestrictedView":false},{"seatIdentifier":"GRAND_CIRCLE-D7","aggregateReference":"eyJ0eXAiOiJKV1QiLCJhbGciOiJIUzI1NiJ9.eyJzdGkiOjcwNzc1MiwicGFpIjoiZW5jb3JldGlja2V0cyIsInByaSI6ODYsInNpIjoiR1JBTkQgQ0lSQ0xFLUQtNyJ9.Gf-g5jusO_37IhZ_dHXDrGeXWDE2oa23o-UMlfSaEt0","row":"D","number":7,"pricing":{"salePrice":[{"value":4800,"currency":"GBP","decimalPlaces":2}],"faceValue":[{"value":4000,"currency":"GBP","decimalPlaces":2}],"percentageDiscount":0,"includesBookingFee":true,"createdAt":"2021-09-20T22:11:43+0000","promotionLabel":null},"attributes":[{"title":"ExtraLegRoom","description":"Extra legroom","intention":"positive"}],"isRestrictedView":false},{"seatIdentifier":"GRAND_CIRCLE-D8","aggregateReference":"eyJ0eXAiOiJKV1QiLCJhbGciOiJIUzI1NiJ9.eyJzdGkiOjcwNzc1MiwicGFpIjoiZW5jb3JldGlja2V0cyIsInByaSI6ODYsInNpIjoiR1JBTkQgQ0lSQ0xFLUQtOCJ9.3AmSCUPZkamMD0mMncuSjJI63skbILPjsym1fk70K_E","row":"D","number":8,"pricing":{"salePrice":[{"value":4800,"currency":"GBP","decimalPlaces":2}],"faceValue":[{"value":4000,"currency":"GBP","decimalPlaces":2}],"percentageDiscount":0,"includesBookingFee":true,"createdAt":"2021-09-20T22:11:43+0000","promotionLabel":null},"attributes":[{"title":"ExtraLegRoom","description":"Extra legroom","intention":"positive"}],"isRestrictedView":false},{"seatIdentifier":"GRAND_CIRCLE-D9","aggregateReference":"eyJ0eXAiOiJKV1QiLCJhbGciOiJIUzI1NiJ9.eyJzdGkiOjcwNzc1MiwicGFpIjoiZW5jb3JldGlja2V0cyIsInByaSI6ODYsInNpIjoiR1JBTkQgQ0lSQ0xFLUQtOSJ9.npu3gtrlPli3yhSFHh8RpDfMFJEs3Or2gnVaYy4DnTM","row":"D","number":9,"pricing":{"salePrice":[{"value":4800,"currency":"GBP","decimalPlaces":2}],"faceValue":[{"value":4000,"currency":"GBP","decimalPlaces":2}],"percentageDiscount":0,"includesBookingFee":true,"createdAt":"2021-09-20T22:11:43+0000","promotionLabel":null},"attributes":[{"title":"ExtraLegRoom","description":"Extra legroom","intention":"positive"}],"isRestrictedView":false},{"seatIdentifier":"GRAND_CIRCLE-D10","aggregateReference":"eyJ0eXAiOiJKV1QiLCJhbGciOiJIUzI1NiJ9.eyJzdGkiOjcwNzc1MiwicGFpIjoiZW5jb3JldGlja2V0cyIsInByaSI6ODYsInNpIjoiR1JBTkQgQ0lSQ0xFLUQtMTAifQ.HayNCLIEhO5mna_4CpTeB2ggXOD6ObCXjO8HL6TQ_4w","row":"D","number":10,"pricing":{"salePrice":[{"value":4800,"currency":"GBP","decimalPlaces":2}],"faceValue":[{"value":4000,"currency":"GBP","decimalPlaces":2}],"percentageDiscount":0,"includesBookingFee":true,"createdAt":"2021-09-20T22:11:43+0000","promotionLabel":null},"attributes":[{"title":"ExtraLegRoom","description":"Extra legroom","intention":"positive"}],"isRestrictedView":false},{"seatIdentifier":"GRAND_CIRCLE-D11","aggregateReference":"eyJ0eXAiOiJKV1QiLCJhbGciOiJIUzI1NiJ9.eyJzdGkiOjcwNzc1MiwicGFpIjoiZW5jb3JldGlja2V0cyIsInByaSI6ODYsInNpIjoiR1JBTkQgQ0lSQ0xFLUQtMTEifQ.VE5kzxRaKqXYvi3uF-81NoLGFFXflD1IKTa1RJd7IRw","row":"D","number":11,"pricing":{"salePrice":[{"value":4800,"currency":"GBP","decimalPlaces":2}],"faceValue":[{"value":4000,"currency":"GBP","decimalPlaces":2}],"percentageDiscount":0,"includesBookingFee":true,"createdAt":"2021-09-20T22:11:43+0000","promotionLabel":null},"attributes":[{"title":"ExtraLegRoom","description":"Extra legroom","intention":"positive"}],"isRestrictedView":false},{"seatIdentifier":"GRAND_CIRCLE-D12","aggregateReference":"eyJ0eXAiOiJKV1QiLCJhbGciOiJIUzI1NiJ9.eyJzdGkiOjcwNzc1MiwicGFpIjoiZW5jb3JldGlja2V0cyIsInByaSI6ODYsInNpIjoiR1JBTkQgQ0lSQ0xFLUQtMTIifQ.JzOVeuQh7rnS77p9TOrTsGjz3NYpbe5kzisjYYnCNII","row":"D","number":12,"pricing":{"salePrice":[{"value":4800,"currency":"GBP","decimalPlaces":2}],"faceValue":[{"value":4000,"currency":"GBP","decimalPlaces":2}],"percentageDiscount":0,"includesBookingFee":true,"createdAt":"2021-09-20T22:11:43+0000","promotionLabel":null},"attributes":[{"title":"ExtraLegRoom","description":"Extra legroom","intention":"positive"}],"isRestrictedView":false},{"seatIdentifier":"GRAND_CIRCLE-D13","aggregateReference":"eyJ0eXAiOiJKV1QiLCJhbGciOiJIUzI1NiJ9.eyJzdGkiOjcwNzc1MiwicGFpIjoiZW5jb3JldGlja2V0cyIsInByaSI6ODYsInNpIjoiR1JBTkQgQ0lSQ0xFLUQtMTMifQ.REuAgS74sGVDyNJampX6vB5JQkKGL6nuVivVlqD37XE","row":"D","number":13,"pricing":{"salePrice":[{"value":4800,"currency":"GBP","decimalPlaces":2}],"faceValue":[{"value":4000,"currency":"GBP","decimalPlaces":2}],"percentageDiscount":0,"includesBookingFee":true,"createdAt":"2021-09-20T22:11:43+0000","promotionLabel":null},"attributes":[{"title":"ExtraLegRoom","description":"Extra legroom","intention":"positive"}],"isRestrictedView":false},{"seatIdentifier":"GRAND_CIRCLE-D14","aggregateReference":"eyJ0eXAiOiJKV1QiLCJhbGciOiJIUzI1NiJ9.eyJzdGkiOjcwNzc1MiwicGFpIjoiZW5jb3JldGlja2V0cyIsInByaSI6ODYsInNpIjoiR1JBTkQgQ0lSQ0xFLUQtMTQifQ.nvevWg8JLtpQ0bCBaUSZpV6kHd2cHKIL00P8LpQupR8","row":"D","number":14,"pricing":{"salePrice":[{"value":4800,"currency":"GBP","decimalPlaces":2}],"faceValue":[{"value":4000,"currency":"GBP","decimalPlaces":2}],"percentageDiscount":0,"includesBookingFee":true,"createdAt":"2021-09-20T22:11:43+0000","promotionLabel":null},"attributes":[{"title":"ExtraLegRoom","description":"Extra legroom","intention":"positive"}],"isRestrictedView":false},{"seatIdentifier":"GRAND_CIRCLE-D15","aggregateReference":"eyJ0eXAiOiJKV1QiLCJhbGciOiJIUzI1NiJ9.eyJzdGkiOjcwNzc1MiwicGFpIjoiZW5jb3JldGlja2V0cyIsInByaSI6ODYsInNpIjoiR1JBTkQgQ0lSQ0xFLUQtMTUifQ.JPOsEYOxnKdm-Uuqxm2uEf8o9rwFMb9lSYZ1SUHdr2U","row":"D","number":15,"pricing":{"salePrice":[{"value":4800,"currency":"GBP","decimalPlaces":2}],"faceValue":[{"value":4000,"currency":"GBP","decimalPlaces":2}],"percentageDiscount":0,"includesBookingFee":true,"createdAt":"2021-09-20T22:11:43+0000","promotionLabel":null},"attributes":[{"title":"ExtraLegRoom","description":"Extra legroom","intention":"positive"}],"isRestrictedView":false},{"seatIdentifier":"GRAND_CIRCLE-D16","aggregateReference":"eyJ0eXAiOiJKV1QiLCJhbGciOiJIUzI1NiJ9.eyJzdGkiOjcwNzc1MiwicGFpIjoiZW5jb3JldGlja2V0cyIsInByaSI6ODYsInNpIjoiR1JBTkQgQ0lSQ0xFLUQtMTYifQ.Bj3A8m3Pa2YiykvB18xXgc63_V7l8I7xcNY3HDOUk7o","row":"D","number":16,"pricing":{"salePrice":[{"value":4800,"currency":"GBP","decimalPlaces":2}],"faceValue":[{"value":4000,"currency":"GBP","decimalPlaces":2}],"percentageDiscount":0,"includesBookingFee":true,"createdAt":"2021-09-20T22:11:43+0000","promotionLabel":null},"attributes":[{"title":"ExtraLegRoom","description":"Extra legroom","intention":"positive"}],"isRestrictedView":false},{"seatIdentifier":"GRAND_CIRCLE-D17","aggregateReference":"eyJ0eXAiOiJKV1QiLCJhbGciOiJIUzI1NiJ9.eyJzdGkiOjcwNzc1MiwicGFpIjoiZW5jb3JldGlja2V0cyIsInByaSI6ODYsInNpIjoiR1JBTkQgQ0lSQ0xFLUQtMTcifQ.Mt0tD9KjqdaNt_TpYx4xINyD5CeCMVTrCs2O9NgseKg","row":"D","number":17,"pricing":{"salePrice":[{"value":4800,"currency":"GBP","decimalPlaces":2}],"faceValue":[{"value":4000,"currency":"GBP","decimalPlaces":2}],"percentageDiscount":0,"includesBookingFee":true,"createdAt":"2021-09-20T22:11:43+0000","promotionLabel":null},"attributes":[{"title":"ExtraLegRoom","description":"Extra legroom","intention":"positive"}],"isRestrictedView":false},{"seatIdentifier":"GRAND_CIRCLE-D18","aggregateReference":"eyJ0eXAiOiJKV1QiLCJhbGciOiJIUzI1NiJ9.eyJzdGkiOjcwNzc1MiwicGFpIjoiZW5jb3JldGlja2V0cyIsInByaSI6ODYsInNpIjoiR1JBTkQgQ0lSQ0xFLUQtMTgifQ.1VIaTlprs0J0CPXsQbh9q86DfNjg8GUPyGM9MXhoHrg","row":"D","number":18,"pricing":{"salePrice":[{"value":4800,"currency":"GBP","decimalPlaces":2}],"faceValue":[{"value":4000,"currency":"GBP","decimalPlaces":2}],"percentageDiscount":0,"includesBookingFee":true,"createdAt":"2021-09-20T22:11:43+0000","promotionLabel":null},"attributes":[{"title":"ExtraLegRoom","description":"Extra legroom","intention":"positive"}],"isRestrictedView":false},{"seatIdentifier":"GRAND_CIRCLE-D19","aggregateReference":"eyJ0eXAiOiJKV1QiLCJhbGciOiJIUzI1NiJ9.eyJzdGkiOjcwNzc1MiwicGFpIjoiZW5jb3JldGlja2V0cyIsInByaSI6ODYsInNpIjoiR1JBTkQgQ0lSQ0xFLUQtMTkifQ.2-MnAG6l_TrAHXHJiqr12LfiVDZuR296tLMDUq3dQ_A","row":"D","number":19,"pricing":{"salePrice":[{"value":4800,"currency":"GBP","decimalPlaces":2}],"faceValue":[{"value":4000,"currency":"GBP","decimalPlaces":2}],"percentageDiscount":0,"includesBookingFee":true,"createdAt":"2021-09-20T22:11:43+0000","promotionLabel":null},"attributes":[{"title":"ExtraLegRoom","description":"Extra legroom","intention":"positive"}],"isRestrictedView":false},{"seatIdentifier":"GRAND_CIRCLE-D20","aggregateReference":"eyJ0eXAiOiJKV1QiLCJhbGciOiJIUzI1NiJ9.eyJzdGkiOjcwNzc1MiwicGFpIjoiZW5jb3JldGlja2V0cyIsInByaSI6ODYsInNpIjoiR1JBTkQgQ0lSQ0xFLUQtMjAifQ.latTFz9IfGibHsqE7ncxqg4UxCIZPwQ3T2UTjxS4n04","row":"D","number":20,"pricing":{"salePrice":[{"value":4800,"currency":"GBP","decimalPlaces":2}],"faceValue":[{"value":4000,"currency":"GBP","decimalPlaces":2}],"percentageDiscount":0,"includesBookingFee":true,"createdAt":"2021-09-20T22:11:43+0000","promotionLabel":null},"attributes":[{"title":"ExtraLegRoom","description":"Extra legroom","intention":"positive"}],"isRestrictedView":false},{"seatIdentifier":"GRAND_CIRCLE-D21","aggregateReference":"eyJ0eXAiOiJKV1QiLCJhbGciOiJIUzI1NiJ9.eyJzdGkiOjcwNzc1MiwicGFpIjoiZW5jb3JldGlja2V0cyIsInByaSI6ODYsInNpIjoiR1JBTkQgQ0lSQ0xFLUQtMjEifQ.U5-Mx--I1U3I8FtOZSLX1HGh5HQdXQLDsFD0hEtpHjk","row":"D","number":21,"pricing":{"salePrice":[{"value":4800,"currency":"GBP","decimalPlaces":2}],"faceValue":[{"value":4000,"currency":"GBP","decimalPlaces":2}],"percentageDiscount":0,"includesBookingFee":true,"createdAt":"2021-09-20T22:11:43+0000","promotionLabel":null},"attributes":[{"title":"ExtraLegRoom","description":"Extra legroom","intention":"positive"}],"isRestrictedView":false},{"seatIdentifier":"GRAND_CIRCLE-D22","aggregateReference":"eyJ0eXAiOiJKV1QiLCJhbGciOiJIUzI1NiJ9.eyJzdGkiOjcwNzc1MiwicGFpIjoiZW5jb3JldGlja2V0cyIsInByaSI6ODYsInNpIjoiR1JBTkQgQ0lSQ0xFLUQtMjIifQ.7lTcwv_4cdmVy735WDY4MalHEF-E7_TiQt_cepoJS5k","row":"D","number":22,"pricing":{"salePrice":[{"value":4800,"currency":"GBP","decimalPlaces":2}],"faceValue":[{"value":4000,"currency":"GBP","decimalPlaces":2}],"percentageDiscount":0,"includesBookingFee":true,"createdAt":"2021-09-20T22:11:43+0000","promotionLabel":null},"attributes":[{"title":"ExtraLegRoom","description":"Extra legroom","intention":"positive"}],"isRestrictedView":false},{"seatIdentifier":"GRAND_CIRCLE-D23","aggregateReference":"eyJ0eXAiOiJKV1QiLCJhbGciOiJIUzI1NiJ9.eyJzdGkiOjcwNzc1MiwicGFpIjoiZW5jb3JldGlja2V0cyIsInByaSI6ODYsInNpIjoiR1JBTkQgQ0lSQ0xFLUQtMjMifQ.yooaqoT1DtxMkSxcNnjaar13VPWDGxQRXh0LOFFNQpQ","row":"D","number":23,"pricing":{"salePrice":[{"value":4800,"currency":"GBP","decimalPlaces":2}],"faceValue":[{"value":4000,"currency":"GBP","decimalPlaces":2}],"percentageDiscount":0,"includesBookingFee":true,"createdAt":"2021-09-20T22:11:43+0000","promotionLabel":null},"attributes":[{"title":"ExtraLegRoom","description":"Extra legroom","intention":"positive"}],"isRestrictedView":false},{"seatIdentifier":"GRAND_CIRCLE-D24","aggregateReference":"eyJ0eXAiOiJKV1QiLCJhbGciOiJIUzI1NiJ9.eyJzdGkiOjcwNzc1MiwicGFpIjoiZW5jb3JldGlja2V0cyIsInByaSI6ODYsInNpIjoiR1JBTkQgQ0lSQ0xFLUQtMjQifQ.6XHdX5mORiREH5EI-8YMUnv6wpLS1mQJdDuIBBTjy0g","row":"D","number":24,"pricing":{"salePrice":[{"value":4800,"currency":"GBP","decimalPlaces":2}],"faceValue":[{"value":4000,"currency":"GBP","decimalPlaces":2}],"percentageDiscount":0,"includesBookingFee":true,"createdAt":"2021-09-20T22:11:43+0000","promotionLabel":null},"attributes":[{"title":"ExtraLegRoom","description":"Extra legroom","intention":"positive"}],"isRestrictedView":false},{"seatIdentifier":"GRAND_CIRCLE-D25","aggregateReference":"eyJ0eXAiOiJKV1QiLCJhbGciOiJIUzI1NiJ9.eyJzdGkiOjcwNzc1MiwicGFpIjoiZW5jb3JldGlja2V0cyIsInByaSI6ODYsInNpIjoiR1JBTkQgQ0lSQ0xFLUQtMjUifQ.uJNvDB6LzrX9oPKB0_0k_r8R_JyHuhx5kI-SagUCGYc","row":"D","number":25,"pricing":{"salePrice":[{"value":4800,"currency":"GBP","decimalPlaces":2}],"faceValue":[{"value":4000,"currency":"GBP","decimalPlaces":2}],"percentageDiscount":0,"includesBookingFee":true,"createdAt":"2021-09-20T22:11:43+0000","promotionLabel":null},"attributes":[{"title":"ExtraLegRoom","description":"Extra legroom","intention":"positive"}],"isRestrictedView":false}],"seatLumps":[{"seats":["GRAND_CIRCLE-D5","GRAND_CIRCLE-D6"]},{"seats":["GRAND_CIRCLE-D7","GRAND_CIRCLE-D8"]},{"seats":["GRAND_CIRCLE-D8","GRAND_CIRCLE-D9"]},{"seats":["GRAND_CIRCLE-D9","GRAND_CIRCLE-D10"]},{"seats":["GRAND_CIRCLE-D10","GRAND_CIRCLE-D11"]},{"seats":["GRAND_CIRCLE-D11","GRAND_CIRCLE-D12"]},{"seats":["GRAND_CIRCLE-D12","GRAND_CIRCLE-D13"]},{"seats":["GRAND_CIRCLE-D13","GRAND_CIRCLE-D14"]},{"seats":["GRAND_CIRCLE-D14","GRAND_CIRCLE-D15"]},{"seats":["GRAND_CIRCLE-D15","GRAND_CIRCLE-D16"]},{"seats":["GRAND_CIRCLE-D16","GRAND_CIRCLE-D17"]},{"seats":["GRAND_CIRCLE-D17","GRAND_CIRCLE-D18"]},{"seats":["GRAND_CIRCLE-D18","GRAND_CIRCLE-D19"]},{"seats":["GRAND_CIRCLE-D19","GRAND_CIRCLE-D20"]},{"seats":["GRAND_CIRCLE-D20","GRAND_CIRCLE-D21"]},{"seats":["GRAND_CIRCLE-D21","GRAND_CIRCLE-D22"]},{"seats":["GRAND_CIRCLE-D22","GRAND_CIRCLE-D23"]},{"seats":["GRAND_CIRCLE-D24","GRAND_CIRCLE-D25"]}]},{"groupIdentifier":"GRAND CIRCLE~A5;23","aggregateReference":null,"row":"A","mode":"allocated","seatNumberStart":5,"seatNumberEnd":23,"availableCount":19,"pricing":{"salePrice":[{"value":6000,"currency":"GBP","decimalPlaces":2}],"faceValue":[{"value":5000,"currency":"GBP","decimalPlaces":2}],"percentageDiscount":0,"includesBookingFee":true,"createdAt":"2021-09-20T22:11:43+0000","promotionLabel":null},"seats":[{"seatIdentifier":"GRAND_CIRCLE-A5","aggregateReference":"eyJ0eXAiOiJKV1QiLCJhbGciOiJIUzI1NiJ9.eyJzdGkiOjcwNzc1MiwicGFpIjoiZW5jb3JldGlja2V0cyIsInByaSI6ODYsInNpIjoiR1JBTkQgQ0lSQ0xFLUEtNSJ9.ZbriRLCYjZTuqztKmM8LRREjAWKcXlVqyWXVa44AhkY","row":"A","number":5,"pricing":{"salePrice":[{"value":6000,"currency":"GBP","decimalPlaces":2}],"faceValue":[{"value":5000,"currency":"GBP","decimalPlaces":2}],"percentageDiscount":0,"includesBookingFee":true,"createdAt":"2021-09-20T22:11:43+0000","promotionLabel":null},"attributes":[],"isRestrictedView":false},{"seatIdentifier":"GRAND_CIRCLE-A6","aggregateReference":"eyJ0eXAiOiJKV1QiLCJhbGciOiJIUzI1NiJ9.eyJzdGkiOjcwNzc1MiwicGFpIjoiZW5jb3JldGlja2V0cyIsInByaSI6ODYsInNpIjoiR1JBTkQgQ0lSQ0xFLUEtNiJ9.DSa7NAWmxwBosZ9Q-rzDjajoMdqPvfGDwr1PymWSKXs","row":"A","number":6,"pricing":{"salePrice":[{"value":6000,"currency":"GBP","decimalPlaces":2}],"faceValue":[{"value":5000,"currency":"GBP","decimalPlaces":2}],"percentageDiscount":0,"includesBookingFee":true,"createdAt":"2021-09-20T22:11:43+0000","promotionLabel":null},"attributes":[],"isRestrictedView":false},{"seatIdentifier":"GRAND_CIRCLE-A7","aggregateReference":"eyJ0eXAiOiJKV1QiLCJhbGciOiJIUzI1NiJ9.eyJzdGkiOjcwNzc1MiwicGFpIjoiZW5jb3JldGlja2V0cyIsInByaSI6ODYsInNpIjoiR1JBTkQgQ0lSQ0xFLUEtNyJ9.tdLp-OwnTOwryycODw5eXI89S60oeuZHx7f98k-3B1A","row":"A","number":7,"pricing":{"salePrice":[{"value":6000,"currency":"GBP","decimalPlaces":2}],"faceValue":[{"value":5000,"currency":"GBP","decimalPlaces":2}],"percentageDiscount":0,"includesBookingFee":true,"createdAt":"2021-09-20T22:11:43+0000","promotionLabel":null},"attributes":[],"isRestrictedView":false},{"seatIdentifier":"GRAND_CIRCLE-A8","aggregateReference":"eyJ0eXAiOiJKV1QiLCJhbGciOiJIUzI1NiJ9.eyJzdGkiOjcwNzc1MiwicGFpIjoiZW5jb3JldGlja2V0cyIsInByaSI6ODYsInNpIjoiR1JBTkQgQ0lSQ0xFLUEtOCJ9.agpITDu2P2Plc8yC6wHlqGeKGLJvpmZTM-6vquqCmt4","row":"A","number":8,"pricing":{"salePrice":[{"value":6000,"currency":"GBP","decimalPlaces":2}],"faceValue":[{"value":5000,"currency":"GBP","decimalPlaces":2}],"percentageDiscount":0,"includesBookingFee":true,"createdAt":"2021-09-20T22:11:43+0000","promotionLabel":null},"attributes":[],"isRestrictedView":false},{"seatIdentifier":"GRAND_CIRCLE-A9","aggregateReference":"eyJ0eXAiOiJKV1QiLCJhbGciOiJIUzI1NiJ9.eyJzdGkiOjcwNzc1MiwicGFpIjoiZW5jb3JldGlja2V0cyIsInByaSI6ODYsInNpIjoiR1JBTkQgQ0lSQ0xFLUEtOSJ9.WKV303Qkby8f9cQaYPiEocCEhgll4VvnvU3_flExYKM","row":"A","number":9,"pricing":{"salePrice":[{"value":6000,"currency":"GBP","decimalPlaces":2}],"faceValue":[{"value":5000,"currency":"GBP","decimalPlaces":2}],"percentageDiscount":0,"includesBookingFee":true,"createdAt":"2021-09-20T22:11:43+0000","promotionLabel":null},"attributes":[],"isRestrictedView":false},{"seatIdentifier":"GRAND_CIRCLE-A10","aggregateReference":"eyJ0eXAiOiJKV1QiLCJhbGciOiJIUzI1NiJ9.eyJzdGkiOjcwNzc1MiwicGFpIjoiZW5jb3JldGlja2V0cyIsInByaSI6ODYsInNpIjoiR1JBTkQgQ0lSQ0xFLUEtMTAifQ.5whiDsWPW3mMn3yeR1IbNPGrmjGcGkywp8dp2xlNK8k","row":"A","number":10,"pricing":{"salePrice":[{"value":6000,"currency":"GBP","decimalPlaces":2}],"faceValue":[{"value":5000,"currency":"GBP","decimalPlaces":2}],"percentageDiscount":0,"includesBookingFee":true,"createdAt":"2021-09-20T22:11:43+0000","promotionLabel":null},"attributes":[],"isRestrictedView":false},{"seatIdentifier":"GRAND_CIRCLE-A11","aggregateReference":"eyJ0eXAiOiJKV1QiLCJhbGciOiJIUzI1NiJ9.eyJzdGkiOjcwNzc1MiwicGFpIjoiZW5jb3JldGlja2V0cyIsInByaSI6ODYsInNpIjoiR1JBTkQgQ0lSQ0xFLUEtMTEifQ.CJg6ov3m1l1iswkTy0EzizugS9bqoasJ16YQbedRK4o","row":"A","number":11,"pricing":{"salePrice":[{"value":6000,"currency":"GBP","decimalPlaces":2}],"faceValue":[{"value":5000,"currency":"GBP","decimalPlaces":2}],"percentageDiscount":0,"includesBookingFee":true,"createdAt":"2021-09-20T22:11:43+0000","promotionLabel":null},"attributes":[],"isRestrictedView":false},{"seatIdentifier":"GRAND_CIRCLE-A12","aggregateReference":"eyJ0eXAiOiJKV1QiLCJhbGciOiJIUzI1NiJ9.eyJzdGkiOjcwNzc1MiwicGFpIjoiZW5jb3JldGlja2V0cyIsInByaSI6ODYsInNpIjoiR1JBTkQgQ0lSQ0xFLUEtMTIifQ.M7JZ5zF5PZGnHS-Hi2huNVvepvxSPmhqtVz8PUWkNd0","row":"A","number":12,"pricing":{"salePrice":[{"value":6000,"currency":"GBP","decimalPlaces":2}],"faceValue":[{"value":5000,"currency":"GBP","decimalPlaces":2}],"percentageDiscount":0,"includesBookingFee":true,"createdAt":"2021-09-20T22:11:43+0000","promotionLabel":null},"attributes":[],"isRestrictedView":false},{"seatIdentifier":"GRAND_CIRCLE-A13","aggregateReference":"eyJ0eXAiOiJKV1QiLCJhbGciOiJIUzI1NiJ9.eyJzdGkiOjcwNzc1MiwicGFpIjoiZW5jb3JldGlja2V0cyIsInByaSI6ODYsInNpIjoiR1JBTkQgQ0lSQ0xFLUEtMTMifQ.Gg9z9vEuWRvMAwx93n37UTQ-0N7AtSYYUHjdqt9K_uQ","row":"A","number":13,"pricing":{"salePrice":[{"value":6000,"currency":"GBP","decimalPlaces":2}],"faceValue":[{"value":5000,"currency":"GBP","decimalPlaces":2}],"percentageDiscount":0,"includesBookingFee":true,"createdAt":"2021-09-20T22:11:43+0000","promotionLabel":null},"attributes":[],"isRestrictedView":false},{"seatIdentifier":"GRAND_CIRCLE-A14","aggregateReference":"eyJ0eXAiOiJKV1QiLCJhbGciOiJIUzI1NiJ9.eyJzdGkiOjcwNzc1MiwicGFpIjoiZW5jb3JldGlja2V0cyIsInByaSI6ODYsInNpIjoiR1JBTkQgQ0lSQ0xFLUEtMTQifQ.BfX477uyA_vvzQ54nEIIeetcvcpM407s8obTFWuqPUc","row":"A","number":14,"pricing":{"salePrice":[{"value":6000,"currency":"GBP","decimalPlaces":2}],"faceValue":[{"value":5000,"currency":"GBP","decimalPlaces":2}],"percentageDiscount":0,"includesBookingFee":true,"createdAt":"2021-09-20T22:11:43+0000","promotionLabel":null},"attributes":[],"isRestrictedView":false},{"seatIdentifier":"GRAND_CIRCLE-A15","aggregateReference":"eyJ0eXAiOiJKV1QiLCJhbGciOiJIUzI1NiJ9.eyJzdGkiOjcwNzc1MiwicGFpIjoiZW5jb3JldGlja2V0cyIsInByaSI6ODYsInNpIjoiR1JBTkQgQ0lSQ0xFLUEtMTUifQ.mTmGPeUvR5Mxg-b9pzaXSY1uDSu3wWOMTbEOftXmmFc","row":"A","number":15,"pricing":{"salePrice":[{"value":6000,"currency":"GBP","decimalPlaces":2}],"faceValue":[{"value":5000,"currency":"GBP","decimalPlaces":2}],"percentageDiscount":0,"includesBookingFee":true,"createdAt":"2021-09-20T22:11:43+0000","promotionLabel":null},"attributes":[],"isRestrictedView":false},{"seatIdentifier":"GRAND_CIRCLE-A16","aggregateReference":"eyJ0eXAiOiJKV1QiLCJhbGciOiJIUzI1NiJ9.eyJzdGkiOjcwNzc1MiwicGFpIjoiZW5jb3JldGlja2V0cyIsInByaSI6ODYsInNpIjoiR1JBTkQgQ0lSQ0xFLUEtMTYifQ.yl6tmBEOWI-jThkoUBaP8yaSvaLLrAWvbuQOW6h6PJQ","row":"A","number":16,"pricing":{"salePrice":[{"value":6000,"currency":"GBP","decimalPlaces":2}],"faceValue":[{"value":5000,"currency":"GBP","decimalPlaces":2}],"percentageDiscount":0,"includesBookingFee":true,"createdAt":"2021-09-20T22:11:43+0000","promotionLabel":null},"attributes":[],"isRestrictedView":false},{"seatIdentifier":"GRAND_CIRCLE-A17","aggregateReference":"eyJ0eXAiOiJKV1QiLCJhbGciOiJIUzI1NiJ9.eyJzdGkiOjcwNzc1MiwicGFpIjoiZW5jb3JldGlja2V0cyIsInByaSI6ODYsInNpIjoiR1JBTkQgQ0lSQ0xFLUEtMTcifQ.JhPydUw6OqtgKOzREhspi7nQOK3RqvfeqLYUfDcZYYU","row":"A","number":17,"pricing":{"salePrice":[{"value":6000,"currency":"GBP","decimalPlaces":2}],"faceValue":[{"value":5000,"currency":"GBP","decimalPlaces":2}],"percentageDiscount":0,"includesBookingFee":true,"createdAt":"2021-09-20T22:11:43+0000","promotionLabel":null},"attributes":[],"isRestrictedView":false},{"seatIdentifier":"GRAND_CIRCLE-A18","aggregateReference":"eyJ0eXAiOiJKV1QiLCJhbGciOiJIUzI1NiJ9.eyJzdGkiOjcwNzc1MiwicGFpIjoiZW5jb3JldGlja2V0cyIsInByaSI6ODYsInNpIjoiR1JBTkQgQ0lSQ0xFLUEtMTgifQ.viGM85WQTLI-ENZSzcEnNi53DS73WV1DYk7796YpW54","row":"A","number":18,"pricing":{"salePrice":[{"value":6000,"currency":"GBP","decimalPlaces":2}],"faceValue":[{"value":5000,"currency":"GBP","decimalPlaces":2}],"percentageDiscount":0,"includesBookingFee":true,"createdAt":"2021-09-20T22:11:43+0000","promotionLabel":null},"attributes":[],"isRestrictedView":false},{"seatIdentifier":"GRAND_CIRCLE-A19","aggregateReference":"eyJ0eXAiOiJKV1QiLCJhbGciOiJIUzI1NiJ9.eyJzdGkiOjcwNzc1MiwicGFpIjoiZW5jb3JldGlja2V0cyIsInByaSI6ODYsInNpIjoiR1JBTkQgQ0lSQ0xFLUEtMTkifQ.KPUWk9S40V12ynLPpkkK0vpH_ZjOjFQIQn4yAVdgOIU","row":"A","number":19,"pricing":{"salePrice":[{"value":6000,"currency":"GBP","decimalPlaces":2}],"faceValue":[{"value":5000,"currency":"GBP","decimalPlaces":2}],"percentageDiscount":0,"includesBookingFee":true,"createdAt":"2021-09-20T22:11:43+0000","promotionLabel":null},"attributes":[],"isRestrictedView":false},{"seatIdentifier":"GRAND_CIRCLE-A20","aggregateReference":"eyJ0eXAiOiJKV1QiLCJhbGciOiJIUzI1NiJ9.eyJzdGkiOjcwNzc1MiwicGFpIjoiZW5jb3JldGlja2V0cyIsInByaSI6ODYsInNpIjoiR1JBTkQgQ0lSQ0xFLUEtMjAifQ.fd8ro2ao0SKp2K4_F9nUcWuO1m3P3QggnMaOBuBccDI","row":"A","number":20,"pricing":{"salePrice":[{"value":6000,"currency":"GBP","decimalPlaces":2}],"faceValue":[{"value":5000,"currency":"GBP","decimalPlaces":2}],"percentageDiscount":0,"includesBookingFee":true,"createdAt":"2021-09-20T22:11:43+0000","promotionLabel":null},"attributes":[],"isRestrictedView":false},{"seatIdentifier":"GRAND_CIRCLE-A21","aggregateReference":"eyJ0eXAiOiJKV1QiLCJhbGciOiJIUzI1NiJ9.eyJzdGkiOjcwNzc1MiwicGFpIjoiZW5jb3JldGlja2V0cyIsInByaSI6ODYsInNpIjoiR1JBTkQgQ0lSQ0xFLUEtMjEifQ.HaJpVAUaDQ1--oKQyOOUwIJ8RDLBf2xhPxv6BiTlDhg","row":"A","number":21,"pricing":{"salePrice":[{"value":6000,"currency":"GBP","decimalPlaces":2}],"faceValue":[{"value":5000,"currency":"GBP","decimalPlaces":2}],"percentageDiscount":0,"includesBookingFee":true,"createdAt":"2021-09-20T22:11:43+0000","promotionLabel":null},"attributes":[],"isRestrictedView":false},{"seatIdentifier":"GRAND_CIRCLE-A22","aggregateReference":"eyJ0eXAiOiJKV1QiLCJhbGciOiJIUzI1NiJ9.eyJzdGkiOjcwNzc1MiwicGFpIjoiZW5jb3JldGlja2V0cyIsInByaSI6ODYsInNpIjoiR1JBTkQgQ0lSQ0xFLUEtMjIifQ.LVdGen40sXJ0GKscvrs_WkZ8xIv92K40tMfi_K9Oy_Y","row":"A","number":22,"pricing":{"salePrice":[{"value":6000,"currency":"GBP","decimalPlaces":2}],"faceValue":[{"value":5000,"currency":"GBP","decimalPlaces":2}],"percentageDiscount":0,"includesBookingFee":true,"createdAt":"2021-09-20T22:11:43+0000","promotionLabel":null},"attributes":[],"isRestrictedView":false},{"seatIdentifier":"GRAND_CIRCLE-A23","aggregateReference":"eyJ0eXAiOiJKV1QiLCJhbGciOiJIUzI1NiJ9.eyJzdGkiOjcwNzc1MiwicGFpIjoiZW5jb3JldGlja2V0cyIsInByaSI6ODYsInNpIjoiR1JBTkQgQ0lSQ0xFLUEtMjMifQ.AxbspPxC8SCmp0mf_qBZT4Mp7r-WRLwzOQ1P62OVjj0","row":"A","number":23,"pricing":{"salePrice":[{"value":6000,"currency":"GBP","decimalPlaces":2}],"faceValue":[{"value":5000,"currency":"GBP","decimalPlaces":2}],"percentageDiscount":0,"includesBookingFee":true,"createdAt":"2021-09-20T22:11:43+0000","promotionLabel":null},"attributes":[],"isRestrictedView":false}],"seatLumps":[{"seats":["GRAND_CIRCLE-A5","GRAND_CIRCLE-A6"]},{"seats":["GRAND_CIRCLE-A7","GRAND_CIRCLE-A8"]},{"seats":["GRAND_CIRCLE-A8","GRAND_CIRCLE-A9"]},{"seats":["GRAND_CIRCLE-A9","GRAND_CIRCLE-A10"]},{"seats":["GRAND_CIRCLE-A10","GRAND_CIRCLE-A11"]},{"seats":["GRAND_CIRCLE-A11","GRAND_CIRCLE-A12"]},{"seats":["GRAND_CIRCLE-A12","GRAND_CIRCLE-A13"]},{"seats":["GRAND_CIRCLE-A13","GRAND_CIRCLE-A14"]},{"seats":["GRAND_CIRCLE-A14","GRAND_CIRCLE-A15"]},{"seats":["GRAND_CIRCLE-A15","GRAND_CIRCLE-A16"]},{"seats":["GRAND_CIRCLE-A16","GRAND_CIRCLE-A17"]},{"seats":["GRAND_CIRCLE-A17","GRAND_CIRCLE-A18"]},{"seats":["GRAND_CIRCLE-A18","GRAND_CIRCLE-A19"]},{"seats":["GRAND_CIRCLE-A19","GRAND_CIRCLE-A20"]},{"seats":["GRAND_CIRCLE-A20","GRAND_CIRCLE-A21"]},{"seats":["GRAND_CIRCLE-A22","GRAND_CIRCLE-A23"]}]},{"groupIdentifier":"GRAND CIRCLE~B5;22","aggregateReference":null,"row":"B","mode":"allocated","seatNumberStart":5,"seatNumberEnd":22,"availableCount":18,"pricing":{"salePrice":[{"value":6000,"currency":"GBP","decimalPlaces":2}],"faceValue":[{"value":5000,"currency":"GBP","decimalPlaces":2}],"percentageDiscount":0,"includesBookingFee":true,"createdAt":"2021-09-20T22:11:43+0000","promotionLabel":null},"seats":[{"seatIdentifier":"GRAND_CIRCLE-B5","aggregateReference":"eyJ0eXAiOiJKV1QiLCJhbGciOiJIUzI1NiJ9.eyJzdGkiOjcwNzc1MiwicGFpIjoiZW5jb3JldGlja2V0cyIsInByaSI6ODYsInNpIjoiR1JBTkQgQ0lSQ0xFLUItNSJ9.Kyj4ZQoQLuOL94x4YOMLx1Jm1Iynl3oTXlm3ud35C0A","row":"B","number":5,"pricing":{"salePrice":[{"value":6000,"currency":"GBP","decimalPlaces":2}],"faceValue":[{"value":5000,"currency":"GBP","decimalPlaces":2}],"percentageDiscount":0,"includesBookingFee":true,"createdAt":"2021-09-20T22:11:43+0000","promotionLabel":null},"attributes":[],"isRestrictedView":false},{"seatIdentifier":"GRAND_CIRCLE-B6","aggregateReference":"eyJ0eXAiOiJKV1QiLCJhbGciOiJIUzI1NiJ9.eyJzdGkiOjcwNzc1MiwicGFpIjoiZW5jb3JldGlja2V0cyIsInByaSI6ODYsInNpIjoiR1JBTkQgQ0lSQ0xFLUItNiJ9.NKFuuTqEasScKIPC1cv64ROadRWYlcPPB5WFf1_NE24","row":"B","number":6,"pricing":{"salePrice":[{"value":6000,"currency":"GBP","decimalPlaces":2}],"faceValue":[{"value":5000,"currency":"GBP","decimalPlaces":2}],"percentageDiscount":0,"includesBookingFee":true,"createdAt":"2021-09-20T22:11:43+0000","promotionLabel":null},"attributes":[],"isRestrictedView":false},{"seatIdentifier":"GRAND_CIRCLE-B7","aggregateReference":"eyJ0eXAiOiJKV1QiLCJhbGciOiJIUzI1NiJ9.eyJzdGkiOjcwNzc1MiwicGFpIjoiZW5jb3JldGlja2V0cyIsInByaSI6ODYsInNpIjoiR1JBTkQgQ0lSQ0xFLUItNyJ9.5rvljuQJHek4icpBdjlNyU_RnbJl_nvLFX9LfK2Tg-w","row":"B","number":7,"pricing":{"salePrice":[{"value":6000,"currency":"GBP","decimalPlaces":2}],"faceValue":[{"value":5000,"currency":"GBP","decimalPlaces":2}],"percentageDiscount":0,"includesBookingFee":true,"createdAt":"2021-09-20T22:11:43+0000","promotionLabel":null},"attributes":[],"isRestrictedView":false},{"seatIdentifier":"GRAND_CIRCLE-B8","aggregateReference":"eyJ0eXAiOiJKV1QiLCJhbGciOiJIUzI1NiJ9.eyJzdGkiOjcwNzc1MiwicGFpIjoiZW5jb3JldGlja2V0cyIsInByaSI6ODYsInNpIjoiR1JBTkQgQ0lSQ0xFLUItOCJ9.KjP9Ru2Ke2O3ykeXZz2KRFHqzLDPVRZYarZ6OBCA2Ek","row":"B","number":8,"pricing":{"salePrice":[{"value":6000,"currency":"GBP","decimalPlaces":2}],"faceValue":[{"value":5000,"currency":"GBP","decimalPlaces":2}],"percentageDiscount":0,"includesBookingFee":true,"createdAt":"2021-09-20T22:11:43+0000","promotionLabel":null},"attributes":[],"isRestrictedView":false},{"seatIdentifier":"GRAND_CIRCLE-B9","aggregateReference":"eyJ0eXAiOiJKV1QiLCJhbGciOiJIUzI1NiJ9.eyJzdGkiOjcwNzc1MiwicGFpIjoiZW5jb3JldGlja2V0cyIsInByaSI6ODYsInNpIjoiR1JBTkQgQ0lSQ0xFLUItOSJ9.HDzqT1s-raV_wnJxPzeP0iKMLxs1PyiBTA24WIFvU8M","row":"B","number":9,"pricing":{"salePrice":[{"value":6000,"currency":"GBP","decimalPlaces":2}],"faceValue":[{"value":5000,"currency":"GBP","decimalPlaces":2}],"percentageDiscount":0,"includesBookingFee":true,"createdAt":"2021-09-20T22:11:43+0000","promotionLabel":null},"attributes":[],"isRestrictedView":false},{"seatIdentifier":"GRAND_CIRCLE-B10","aggregateReference":"eyJ0eXAiOiJKV1QiLCJhbGciOiJIUzI1NiJ9.eyJzdGkiOjcwNzc1MiwicGFpIjoiZW5jb3JldGlja2V0cyIsInByaSI6ODYsInNpIjoiR1JBTkQgQ0lSQ0xFLUItMTAifQ.UlP1B9jO928QAI71UaWJJbCRH9YBLYu8JA2XenJcYsg","row":"B","number":10,"pricing":{"salePrice":[{"value":6000,"currency":"GBP","decimalPlaces":2}],"faceValue":[{"value":5000,"currency":"GBP","decimalPlaces":2}],"percentageDiscount":0,"includesBookingFee":true,"createdAt":"2021-09-20T22:11:43+0000","promotionLabel":null},"attributes":[],"isRestrictedView":false},{"seatIdentifier":"GRAND_CIRCLE-B11","aggregateReference":"eyJ0eXAiOiJKV1QiLCJhbGciOiJIUzI1NiJ9.eyJzdGkiOjcwNzc1MiwicGFpIjoiZW5jb3JldGlja2V0cyIsInByaSI6ODYsInNpIjoiR1JBTkQgQ0lSQ0xFLUItMTEifQ.nJkL2kfzt1aomO6R1IP7iWx7cxY0dbnqJat2SU_k0vw","row":"B","number":11,"pricing":{"salePrice":[{"value":6000,"currency":"GBP","decimalPlaces":2}],"faceValue":[{"value":5000,"currency":"GBP","decimalPlaces":2}],"percentageDiscount":0,"includesBookingFee":true,"createdAt":"2021-09-20T22:11:43+0000","promotionLabel":null},"attributes":[],"isRestrictedView":false},{"seatIdentifier":"GRAND_CIRCLE-B12","aggregateReference":"eyJ0eXAiOiJKV1QiLCJhbGciOiJIUzI1NiJ9.eyJzdGkiOjcwNzc1MiwicGFpIjoiZW5jb3JldGlja2V0cyIsInByaSI6ODYsInNpIjoiR1JBTkQgQ0lSQ0xFLUItMTIifQ.VOvhbzOAQ02W1Ebg3axx0WwGVld2_Q9GJj60thLn2j4","row":"B","number":12,"pricing":{"salePrice":[{"value":6000,"currency":"GBP","decimalPlaces":2}],"faceValue":[{"value":5000,"currency":"GBP","decimalPlaces":2}],"percentageDiscount":0,"includesBookingFee":true,"createdAt":"2021-09-20T22:11:43+0000","promotionLabel":null},"attributes":[],"isRestrictedView":false},{"seatIdentifier":"GRAND_CIRCLE-B13","aggregateReference":"eyJ0eXAiOiJKV1QiLCJhbGciOiJIUzI1NiJ9.eyJzdGkiOjcwNzc1MiwicGFpIjoiZW5jb3JldGlja2V0cyIsInByaSI6ODYsInNpIjoiR1JBTkQgQ0lSQ0xFLUItMTMifQ.wnO6bKdqyZWsprJkZShxJzBLdYciRbKLX671gJDGTcI","row":"B","number":13,"pricing":{"salePrice":[{"value":6000,"currency":"GBP","decimalPlaces":2}],"faceValue":[{"value":5000,"currency":"GBP","decimalPlaces":2}],"percentageDiscount":0,"includesBookingFee":true,"createdAt":"2021-09-20T22:11:43+0000","promotionLabel":null},"attributes":[],"isRestrictedView":false},{"seatIdentifier":"GRAND_CIRCLE-B14","aggregateReference":"eyJ0eXAiOiJKV1QiLCJhbGciOiJIUzI1NiJ9.eyJzdGkiOjcwNzc1MiwicGFpIjoiZW5jb3JldGlja2V0cyIsInByaSI6ODYsInNpIjoiR1JBTkQgQ0lSQ0xFLUItMTQifQ.ghMpbTyUGAGDNGC2xHFhlfZtKo7Xr6w2tJ9vA-81Sz8","row":"B","number":14,"pricing":{"salePrice":[{"value":6000,"currency":"GBP","decimalPlaces":2}],"faceValue":[{"value":5000,"currency":"GBP","decimalPlaces":2}],"percentageDiscount":0,"includesBookingFee":true,"createdAt":"2021-09-20T22:11:43+0000","promotionLabel":null},"attributes":[],"isRestrictedView":false},{"seatIdentifier":"GRAND_CIRCLE-B15","aggregateReference":"eyJ0eXAiOiJKV1QiLCJhbGciOiJIUzI1NiJ9.eyJzdGkiOjcwNzc1MiwicGFpIjoiZW5jb3JldGlja2V0cyIsInByaSI6ODYsInNpIjoiR1JBTkQgQ0lSQ0xFLUItMTUifQ.hBg-Cz2PpNeS4KUD-kRyICfNeWVSuIgVwk1tD_Rr-3k","row":"B","number":15,"pricing":{"salePrice":[{"value":6000,"currency":"GBP","decimalPlaces":2}],"faceValue":[{"value":5000,"currency":"GBP","decimalPlaces":2}],"percentageDiscount":0,"includesBookingFee":true,"createdAt":"2021-09-20T22:11:43+0000","promotionLabel":null},"attributes":[],"isRestrictedView":false},{"seatIdentifier":"GRAND_CIRCLE-B16","aggregateReference":"eyJ0eXAiOiJKV1QiLCJhbGciOiJIUzI1NiJ9.eyJzdGkiOjcwNzc1MiwicGFpIjoiZW5jb3JldGlja2V0cyIsInByaSI6ODYsInNpIjoiR1JBTkQgQ0lSQ0xFLUItMTYifQ.dXxkmbRjzaHjEeWVlHTjBCfO0dv8Z_H-wjUhCOcuPos","row":"B","number":16,"pricing":{"salePrice":[{"value":6000,"currency":"GBP","decimalPlaces":2}],"faceValue":[{"value":5000,"currency":"GBP","decimalPlaces":2}],"percentageDiscount":0,"includesBookingFee":true,"createdAt":"2021-09-20T22:11:43+0000","promotionLabel":null},"attributes":[],"isRestrictedView":false},{"seatIdentifier":"GRAND_CIRCLE-B17","aggregateReference":"eyJ0eXAiOiJKV1QiLCJhbGciOiJIUzI1NiJ9.eyJzdGkiOjcwNzc1MiwicGFpIjoiZW5jb3JldGlja2V0cyIsInByaSI6ODYsInNpIjoiR1JBTkQgQ0lSQ0xFLUItMTcifQ.6ze3NGIW2iQYftAZcW8kkJ5QE7e9UJXCeNxiwoCGnho","row":"B","number":17,"pricing":{"salePrice":[{"value":6000,"currency":"GBP","decimalPlaces":2}],"faceValue":[{"value":5000,"currency":"GBP","decimalPlaces":2}],"percentageDiscount":0,"includesBookingFee":true,"createdAt":"2021-09-20T22:11:43+0000","promotionLabel":null},"attributes":[],"isRestrictedView":false},{"seatIdentifier":"GRAND_CIRCLE-B18","aggregateReference":"eyJ0eXAiOiJKV1QiLCJhbGciOiJIUzI1NiJ9.eyJzdGkiOjcwNzc1MiwicGFpIjoiZW5jb3JldGlja2V0cyIsInByaSI6ODYsInNpIjoiR1JBTkQgQ0lSQ0xFLUItMTgifQ.1glTlJUeeen7cYxfAfplYwW5Xe-_z0iLQm-XNmjxiEU","row":"B","number":18,"pricing":{"salePrice":[{"value":6000,"currency":"GBP","decimalPlaces":2}],"faceValue":[{"value":5000,"currency":"GBP","decimalPlaces":2}],"percentageDiscount":0,"includesBookingFee":true,"createdAt":"2021-09-20T22:11:43+0000","promotionLabel":null},"attributes":[],"isRestrictedView":false},{"seatIdentifier":"GRAND_CIRCLE-B19","aggregateReference":"eyJ0eXAiOiJKV1QiLCJhbGciOiJIUzI1NiJ9.eyJzdGkiOjcwNzc1MiwicGFpIjoiZW5jb3JldGlja2V0cyIsInByaSI6ODYsInNpIjoiR1JBTkQgQ0lSQ0xFLUItMTkifQ.hLV8ZPYFR91kpQpAwzI5K_puPsjJ8NYMb9dF47a2d4E","row":"B","number":19,"pricing":{"salePrice":[{"value":6000,"currency":"GBP","decimalPlaces":2}],"faceValue":[{"value":5000,"currency":"GBP","decimalPlaces":2}],"percentageDiscount":0,"includesBookingFee":true,"createdAt":"2021-09-20T22:11:43+0000","promotionLabel":null},"attributes":[],"isRestrictedView":false},{"seatIdentifier":"GRAND_CIRCLE-B20","aggregateReference":"eyJ0eXAiOiJKV1QiLCJhbGciOiJIUzI1NiJ9.eyJzdGkiOjcwNzc1MiwicGFpIjoiZW5jb3JldGlja2V0cyIsInByaSI6ODYsInNpIjoiR1JBTkQgQ0lSQ0xFLUItMjAifQ.oTeYKhJPPYc2Aglmf7SQ5muFLXX5o3JnWblLgYNdvNQ","row":"B","number":20,"pricing":{"salePrice":[{"value":6000,"currency":"GBP","decimalPlaces":2}],"faceValue":[{"value":5000,"currency":"GBP","decimalPlaces":2}],"percentageDiscount":0,"includesBookingFee":true,"createdAt":"2021-09-20T22:11:43+0000","promotionLabel":null},"attributes":[],"isRestrictedView":false},{"seatIdentifier":"GRAND_CIRCLE-B21","aggregateReference":"eyJ0eXAiOiJKV1QiLCJhbGciOiJIUzI1NiJ9.eyJzdGkiOjcwNzc1MiwicGFpIjoiZW5jb3JldGlja2V0cyIsInByaSI6ODYsInNpIjoiR1JBTkQgQ0lSQ0xFLUItMjEifQ.TxcEQC0-ZngonHySL0PTLgaaCjlwyBclT1PDUREs204","row":"B","number":21,"pricing":{"salePrice":[{"value":6000,"currency":"GBP","decimalPlaces":2}],"faceValue":[{"value":5000,"currency":"GBP","decimalPlaces":2}],"percentageDiscount":0,"includesBookingFee":true,"createdAt":"2021-09-20T22:11:43+0000","promotionLabel":null},"attributes":[],"isRestrictedView":false},{"seatIdentifier":"GRAND_CIRCLE-B22","aggregateReference":"eyJ0eXAiOiJKV1QiLCJhbGciOiJIUzI1NiJ9.eyJzdGkiOjcwNzc1MiwicGFpIjoiZW5jb3JldGlja2V0cyIsInByaSI6ODYsInNpIjoiR1JBTkQgQ0lSQ0xFLUItMjIifQ.nzXIEZd0yxNQ8eVGHGfyZa55LT0fqqylGicVLTSujag","row":"B","number":22,"pricing":{"salePrice":[{"value":6000,"currency":"GBP","decimalPlaces":2}],"faceValue":[{"value":5000,"currency":"GBP","decimalPlaces":2}],"percentageDiscount":0,"includesBookingFee":true,"createdAt":"2021-09-20T22:11:43+0000","promotionLabel":null},"attributes":[],"isRestrictedView":false}],"seatLumps":[{"seats":["GRAND_CIRCLE-B5","GRAND_CIRCLE-B6"]},{"seats":["GRAND_CIRCLE-B7","GRAND_CIRCLE-B8"]},{"seats":["GRAND_CIRCLE-B8","GRAND_CIRCLE-B9"]},{"seats":["GRAND_CIRCLE-B9","GRAND_CIRCLE-B10"]},{"seats":["GRAND_CIRCLE-B10","GRAND_CIRCLE-B11"]},{"seats":["GRAND_CIRCLE-B11","GRAND_CIRCLE-B12"]},{"seats":["GRAND_CIRCLE-B12","GRAND_CIRCLE-B13"]},{"seats":["GRAND_CIRCLE-B13","GRAND_CIRCLE-B14"]},{"seats":["GRAND_CIRCLE-B14","GRAND_CIRCLE-B15"]},{"seats":["GRAND_CIRCLE-B15","GRAND_CIRCLE-B16"]},{"seats":["GRAND_CIRCLE-B16","GRAND_CIRCLE-B17"]},{"seats":["GRAND_CIRCLE-B17","GRAND_CIRCLE-B18"]},{"seats":["GRAND_CIRCLE-B18","GRAND_CIRCLE-B19"]},{"seats":["GRAND_CIRCLE-B19","GRAND_CIRCLE-B20"]},{"seats":["GRAND_CIRCLE-B21","GRAND_CIRCLE-B22"]}]}]},{"availableCount":373,"date":"2021-11-22T19:00:00+0000","partTwoDate":null,"name":"Stalls","mode":"allocated","groupings":[{"groupIdentifier":"STALLS~U1;6","aggregateReference":null,"row":"U","mode":"allocated","seatNumberStart":1,"seatNumberEnd":6,"availableCount":6,"pricing":{"salePrice":[{"value":3600,"currency":"GBP","decimalPlaces":2}],"faceValue":[{"value":3000,"currency":"GBP","decimalPlaces":2}],"percentageDiscount":0,"includesBookingFee":true,"createdAt":"2021-09-20T22:11:43+0000","promotionLabel":null},"seats":[{"seatIdentifier":"STALLS-U1","aggregateReference":"eyJ0eXAiOiJKV1QiLCJhbGciOiJIUzI1NiJ9.eyJzdGkiOjcwNzc1MiwicGFpIjoiZW5jb3JldGlja2V0cyIsInByaSI6ODYsInNpIjoiU1RBTExTLVUtMSJ9.sEghKX5mGmN_hToNNshxpWFp4rUl7xPyDXrw8ejti18","row":"U","number":1,"pricing":{"salePrice":[{"value":3600,"currency":"GBP","decimalPlaces":2}],"faceValue":[{"value":3000,"currency":"GBP","decimalPlaces":2}],"percentageDiscount":0,"includesBookingFee":true,"createdAt":"2021-09-20T22:11:43+0000","promotionLabel":null},"attributes":[{"title":"RestrictedView","description":"Restricted view","intention":"negative"},{"title":"SeatAgainstWall","description":"Seat has one side against a wall","intention":"negative"},{"title":"Other","description":"Overhang of the Circle","intention":"negative"}],"isRestrictedView":true},{"seatIdentifier":"STALLS-U2","aggregateReference":"eyJ0eXAiOiJKV1QiLCJhbGciOiJIUzI1NiJ9.eyJzdGkiOjcwNzc1MiwicGFpIjoiZW5jb3JldGlja2V0cyIsInByaSI6ODYsInNpIjoiU1RBTExTLVUtMiJ9.ycJDm_-sCYUWZR_dM4gVPu-LJWy310Wt1bczTYdqnnk","row":"U","number":2,"pricing":{"salePrice":[{"value":3600,"currency":"GBP","decimalPlaces":2}],"faceValue":[{"value":3000,"currency":"GBP","decimalPlaces":2}],"percentageDiscount":0,"includesBookingFee":true,"createdAt":"2021-09-20T22:11:43+0000","promotionLabel":null},"attributes":[{"title":"RestrictedView","description":"Restricted view","intention":"negative"},{"title":"Other","description":"Overhang of the Circle","intention":"negative"}],"isRestrictedView":true},{"seatIdentifier":"STALLS-U3","aggregateReference":"eyJ0eXAiOiJKV1QiLCJhbGciOiJIUzI1NiJ9.eyJzdGkiOjcwNzc1MiwicGFpIjoiZW5jb3JldGlja2V0cyIsInByaSI6ODYsInNpIjoiU1RBTExTLVUtMyJ9.h0jcubcKT8tbLtEl9So3tB4DIplcm-RwUtB1-5VJ1a0","row":"U","number":3,"pricing":{"salePrice":[{"value":3600,"currency":"GBP","decimalPlaces":2}],"faceValue":[{"value":3000,"currency":"GBP","decimalPlaces":2}],"percentageDiscount":0,"includesBookingFee":true,"createdAt":"2021-09-20T22:11:43+0000","promotionLabel":null},"attributes":[{"title":"RestrictedView","description":"Restricted view","intention":"negative"},{"title":"Other","description":"Overhang of the Circle","intention":"negative"}],"isRestrictedView":true},{"seatIdentifier":"STALLS-U4","aggregateReference":"eyJ0eXAiOiJKV1QiLCJhbGciOiJIUzI1NiJ9.eyJzdGkiOjcwNzc1MiwicGFpIjoiZW5jb3JldGlja2V0cyIsInByaSI6ODYsInNpIjoiU1RBTExTLVUtNCJ9.V_sHDAeiQh-frIpIQimYvydsIg-ouH6V_mfix5FskC8","row":"U","number":4,"pricing":{"salePrice":[{"value":3600,"currency":"GBP","decimalPlaces":2}],"faceValue":[{"value":3000,"currency":"GBP","decimalPlaces":2}],"percentageDiscount":0,"includesBookingFee":true,"createdAt":"2021-09-20T22:11:43+0000","promotionLabel":null},"attributes":[{"title":"RestrictedView","description":"Restricted view","intention":"negative"},{"title":"Other","description":"Overhang of the Circle","intention":"negative"}],"isRestrictedView":true},{"seatIdentifier":"STALLS-U5","aggregateReference":"eyJ0eXAiOiJKV1QiLCJhbGciOiJIUzI1NiJ9.eyJzdGkiOjcwNzc1MiwicGFpIjoiZW5jb3JldGlja2V0cyIsInByaSI6ODYsInNpIjoiU1RBTExTLVUtNSJ9.ehIL5cuWmIQNjXBg7koWpfnpGJsnYvj7Qe2EJks9QCU","row":"U","number":5,"pricing":{"salePrice":[{"value":3600,"currency":"GBP","decimalPlaces":2}],"faceValue":[{"value":3000,"currency":"GBP","decimalPlaces":2}],"percentageDiscount":0,"includesBookingFee":true,"createdAt":"2021-09-20T22:11:43+0000","promotionLabel":null},"attributes":[{"title":"RestrictedView","description":"Restricted view","intention":"negative"},{"title":"Other","description":"Overhang of the Circle","intention":"negative"}],"isRestrictedView":true},{"seatIdentifier":"STALLS-U6","aggregateReference":"eyJ0eXAiOiJKV1QiLCJhbGciOiJIUzI1NiJ9.eyJzdGkiOjcwNzc1MiwicGFpIjoiZW5jb3JldGlja2V0cyIsInByaSI6ODYsInNpIjoiU1RBTExTLVUtNiJ9.7P3SwF88qFd86yRWORlGqlHrTIKp7GQzBuKSpnajUp0","row":"U","number":6,"pricing":{"salePrice":[{"value":3600,"currency":"GBP","decimalPlaces":2}],"faceValue":[{"value":3000,"currency":"GBP","decimalPlaces":2}],"percentageDiscount":0,"includesBookingFee":true,"createdAt":"2021-09-20T22:11:43+0000","promotionLabel":null},"attributes":[{"title":"EndOfRow","description":"Seat at end of row","intention":"positive"},{"title":"RestrictedView","description":"Restricted view","intention":"negative"},{"title":"Other","description":"Overhang of the Circle","intention":"negative"}],"isRestrictedView":true}],"seatLumps":[{"seats":["STALLS-U1","STALLS-U2"]},{"seats":["STALLS-U3","STALLS-U4"]},{"seats":["STALLS-U5","STALLS-U6"]}]},{"groupIdentifier":"STALLS~U7;10","aggregateReference":null,"row":"U","mode":"allocated","seatNumberStart":7,"seatNumberEnd":10,"availableCount":4,"pricing":{"salePrice":[{"value":3600,"currency":"GBP","decimalPlaces":2}],"faceValue":[{"value":3000,"currency":"GBP","decimalPlaces":2}],"percentageDiscount":0,"includesBookingFee":true,"createdAt":"2021-09-20T22:11:43+0000","promotionLabel":null},"seats":[{"seatIdentifier":"STALLS-U7","aggregateReference":"eyJ0eXAiOiJKV1QiLCJhbGciOiJIUzI1NiJ9.eyJzdGkiOjcwNzc1MiwicGFpIjoiZW5jb3JldGlja2V0cyIsInByaSI6ODYsInNpIjoiU1RBTExTLVUtNyJ9.BjPgFVRlXxBSParwNxOfF1BOfno46_yx-kVaGGuNQec","row":"U","number":7,"pricing":{"salePrice":[{"value":3600,"currency":"GBP","decimalPlaces":2}],"faceValue":[{"value":3000,"currency":"GBP","decimalPlaces":2}],"percentageDiscount":0,"includesBookingFee":true,"createdAt":"2021-09-20T22:11:43+0000","promotionLabel":null},"attributes":[{"title":"EndOfRow","description":"Seat at end of row","intention":"positive"},{"title":"RestrictedView","description":"Restricted view","intention":"negative"},{"title":"Other","description":"Overhang of the Circle","intention":"negative"}],"isRestrictedView":true},{"seatIdentifier":"STALLS-U8","aggregateReference":"eyJ0eXAiOiJKV1QiLCJhbGciOiJIUzI1NiJ9.eyJzdGkiOjcwNzc1MiwicGFpIjoiZW5jb3JldGlja2V0cyIsInByaSI6ODYsInNpIjoiU1RBTExTLVUtOCJ9.6nvsRydS0ak7teBzfAxM3GgYhfmpzf6g-BTjIoX55bU","row":"U","number":8,"pricing":{"salePrice":[{"value":3600,"currency":"GBP","decimalPlaces":2}],"faceValue":[{"value":3000,"currency":"GBP","decimalPlaces":2}],"percentageDiscount":0,"includesBookingFee":true,"createdAt":"2021-09-20T22:11:43+0000","promotionLabel":null},"attributes":[{"title":"RestrictedView","description":"Restricted view","intention":"negative"},{"title":"Other","description":"Overhang of the Circle","intention":"negative"}],"isRestrictedView":true},{"seatIdentifier":"STALLS-U9","aggregateReference":"eyJ0eXAiOiJKV1QiLCJhbGciOiJIUzI1NiJ9.eyJzdGkiOjcwNzc1MiwicGFpIjoiZW5jb3JldGlja2V0cyIsInByaSI6ODYsInNpIjoiU1RBTExTLVUtOSJ9.jtehGYcDRsgwehwYswpN5cwpBF0Xp-UrgjQYp8EOes4","row":"U","number":9,"pricing":{"salePrice":[{"value":3600,"currency":"GBP","decimalPlaces":2}],"faceValue":[{"value":3000,"currency":"GBP","decimalPlaces":2}],"percentageDiscount":0,"includesBookingFee":true,"createdAt":"2021-09-20T22:11:43+0000","promotionLabel":null},"attributes":[{"title":"RestrictedView","description":"Restricted view","intention":"negative"},{"title":"Other","description":"Overhang of the Circle","intention":"negative"}],"isRestrictedView":true},{"seatIdentifier":"STALLS-U10","aggregateReference":"eyJ0eXAiOiJKV1QiLCJhbGciOiJIUzI1NiJ9.eyJzdGkiOjcwNzc1MiwicGFpIjoiZW5jb3JldGlja2V0cyIsInByaSI6ODYsInNpIjoiU1RBTExTLVUtMTAifQ.LhEtdrFV_9JnKM4usk4mM6t7OPt1m7crfrzGVWvaV70","row":"U","number":10,"pricing":{"salePrice":[{"value":3600,"currency":"GBP","decimalPlaces":2}],"faceValue":[{"value":3000,"currency":"GBP","decimalPlaces":2}],"percentageDiscount":0,"includesBookingFee":true,"createdAt":"2021-09-20T22:11:43+0000","promotionLabel":null},"attributes":[{"title":"RestrictedView","description":"Restricted view","intention":"negative"},{"title":"Other","description":"Overhang of the Circle","intention":"negative"}],"isRestrictedView":true}],"seatLumps":[{"seats":["STALLS-U7","STALLS-U8"]},{"seats":["STALLS-U9","STALLS-U10"]}]},{"groupIdentifier":"STALLS~U22;27","aggregateReference":null,"row":"U","mode":"allocated","seatNumberStart":22,"seatNumberEnd":27,"availableCount":6,"pricing":{"salePrice":[{"value":3600,"currency":"GBP","decimalPlaces":2}],"faceValue":[{"value":3000,"currency":"GBP","decimalPlaces":2}],"percentageDiscount":0,"includesBookingFee":true,"createdAt":"2021-09-20T22:11:43+0000","promotionLabel":null},"seats":[{"seatIdentifier":"STALLS-U22","aggregateReference":"eyJ0eXAiOiJKV1QiLCJhbGciOiJIUzI1NiJ9.eyJzdGkiOjcwNzc1MiwicGFpIjoiZW5jb3JldGlja2V0cyIsInByaSI6ODYsInNpIjoiU1RBTExTLVUtMjIifQ.3NWFZZJ-FgJj8eCOq9FSkTmXHiRkfQvj6ifdvr92CV8","row":"U","number":22,"pricing":{"salePrice":[{"value":3600,"currency":"GBP","decimalPlaces":2}],"faceValue":[{"value":3000,"currency":"GBP","decimalPlaces":2}],"percentageDiscount":0,"includesBookingFee":true,"createdAt":"2021-09-20T22:11:43+0000","promotionLabel":null},"attributes":[{"title":"EndOfRow","description":"Seat at end of row","intention":"positive"},{"title":"RestrictedView","description":"Restricted view","intention":"negative"},{"title":"Other","description":"Overhang of the Circle","intention":"negative"}],"isRestrictedView":true},{"seatIdentifier":"STALLS-U23","aggregateReference":"eyJ0eXAiOiJKV1QiLCJhbGciOiJIUzI1NiJ9.eyJzdGkiOjcwNzc1MiwicGFpIjoiZW5jb3JldGlja2V0cyIsInByaSI6ODYsInNpIjoiU1RBTExTLVUtMjMifQ.PolgRUIUVxZtcgQZSb-q26jGTUhTKw0NI0rN7m822XY","row":"U","number":23,"pricing":{"salePrice":[{"value":3600,"currency":"GBP","decimalPlaces":2}],"faceValue":[{"value":3000,"currency":"GBP","decimalPlaces":2}],"percentageDiscount":0,"includesBookingFee":true,"createdAt":"2021-09-20T22:11:43+0000","promotionLabel":null},"attributes":[{"title":"RestrictedView","description":"Restricted view","intention":"negative"},{"title":"Other","description":"Overhang of the Circle","intention":"negative"}],"isRestrictedView":true},{"seatIdentifier":"STALLS-U24","aggregateReference":"eyJ0eXAiOiJKV1QiLCJhbGciOiJIUzI1NiJ9.eyJzdGkiOjcwNzc1MiwicGFpIjoiZW5jb3JldGlja2V0cyIsInByaSI6ODYsInNpIjoiU1RBTExTLVUtMjQifQ.4qH4mRrj9bO6utTe1nCiwfjeRuby_sp3kp5svewhysI","row":"U","number":24,"pricing":{"salePrice":[{"value":3600,"currency":"GBP","decimalPlaces":2}],"faceValue":[{"value":3000,"currency":"GBP","decimalPlaces":2}],"percentageDiscount":0,"includesBookingFee":true,"createdAt":"2021-09-20T22:11:43+0000","promotionLabel":null},"attributes":[{"title":"RestrictedView","description":"Restricted view","intention":"negative"},{"title":"Other","description":"Overhang of the Circle","intention":"negative"}],"isRestrictedView":true},{"seatIdentifier":"STALLS-U25","aggregateReference":"eyJ0eXAiOiJKV1QiLCJhbGciOiJIUzI1NiJ9.eyJzdGkiOjcwNzc1MiwicGFpIjoiZW5jb3JldGlja2V0cyIsInByaSI6ODYsInNpIjoiU1RBTExTLVUtMjUifQ.NqyBn7DJJu2zhE9fdify-jA2Rc1khR2KLslrntmRZkc","row":"U","number":25,"pricing":{"salePrice":[{"value":3600,"currency":"GBP","decimalPlaces":2}],"faceValue":[{"value":3000,"currency":"GBP","decimalPlaces":2}],"percentageDiscount":0,"includesBookingFee":true,"createdAt":"2021-09-20T22:11:43+0000","promotionLabel":null},"attributes":[{"title":"RestrictedView","description":"Restricted view","intention":"negative"},{"title":"Other","description":"Overhang of the Circle","intention":"negative"}],"isRestrictedView":true},{"seatIdentifier":"STALLS-U26","aggregateReference":"eyJ0eXAiOiJKV1QiLCJhbGciOiJIUzI1NiJ9.eyJzdGkiOjcwNzc1MiwicGFpIjoiZW5jb3JldGlja2V0cyIsInByaSI6ODYsInNpIjoiU1RBTExTLVUtMjYifQ.vfnMZfORJ-bjVMnkwCR8uk3w9patYWB2aOi4E5zp06Q","row":"U","number":26,"pricing":{"salePrice":[{"value":3600,"currency":"GBP","decimalPlaces":2}],"faceValue":[{"value":3000,"currency":"GBP","decimalPlaces":2}],"percentageDiscount":0,"includesBookingFee":true,"createdAt":"2021-09-20T22:11:43+0000","promotionLabel":null},"attributes":[{"title":"RestrictedView","description":"Restricted view","intention":"negative"},{"title":"Other","description":"Overhang of the Circle","intention":"negative"}],"isRestrictedView":true},{"seatIdentifier":"STALLS-U27","aggregateReference":"eyJ0eXAiOiJKV1QiLCJhbGciOiJIUzI1NiJ9.eyJzdGkiOjcwNzc1MiwicGFpIjoiZW5jb3JldGlja2V0cyIsInByaSI6ODYsInNpIjoiU1RBTExTLVUtMjcifQ.ND0r_xXhZ_QngrKRDozGlZq0N3hzV1nJf4IJ8f1lNfo","row":"U","number":27,"pricing":{"salePrice":[{"value":3600,"currency":"GBP","decimalPlaces":2}],"faceValue":[{"value":3000,"currency":"GBP","decimalPlaces":2}],"percentageDiscount":0,"includesBookingFee":true,"createdAt":"2021-09-20T22:11:43+0000","promotionLabel":null},"attributes":[{"title":"RestrictedView","description":"Restricted view","intention":"negative"},{"title":"SeatAgainstWall","description":"Seat has one side against a wall","intention":"negative"},{"title":"Other","description":"Overhang of the Circle","intention":"negative"}],"isRestrictedView":true}],"seatLumps":[{"seats":["STALLS-U22","STALLS-U23"]},{"seats":["STALLS-U24","STALLS-U25"]},{"seats":["STALLS-U26","STALLS-U27"]}]},{"groupIdentifier":"STALLS~X1;4","aggregateReference":null,"row":"X","mode":"allocated","seatNumberStart":1,"seatNumberEnd":4,"availableCount":4,"pricing":{"salePrice":[{"value":3600,"currency":"GBP","decimalPlaces":2}],"faceValue":[{"value":3000,"currency":"GBP","decimalPlaces":2}],"percentageDiscount":0,"includesBookingFee":true,"createdAt":"2021-09-20T22:11:43+0000","promotionLabel":null},"seats":[{"seatIdentifier":"STALLS-X1","aggregateReference":"eyJ0eXAiOiJKV1QiLCJhbGciOiJIUzI1NiJ9.eyJzdGkiOjcwNzc1MiwicGFpIjoiZW5jb3JldGlja2V0cyIsInByaSI6ODYsInNpIjoiU1RBTExTLVgtMSJ9.Wvl4BD3CEjLlUeDFxmUATJWftYXMjQKUd5bPp6Ec7iQ","row":"X","number":1,"pricing":{"salePrice":[{"value":3600,"currency":"GBP","decimalPlaces":2}],"faceValue":[{"value":3000,"currency":"GBP","decimalPlaces":2}],"percentageDiscount":0,"includesBookingFee":true,"createdAt":"2021-09-20T22:11:43+0000","promotionLabel":null},"attributes":[{"title":"EndOfRow","description":"Seat at end of row","intention":"positive"},{"title":"RestrictedView","description":"Restricted view","intention":"negative"},{"title":"Other","description":"Overhang of the Circle","intention":"negative"}],"isRestrictedView":true},{"seatIdentifier":"STALLS-X2","aggregateReference":"eyJ0eXAiOiJKV1QiLCJhbGciOiJIUzI1NiJ9.eyJzdGkiOjcwNzc1MiwicGFpIjoiZW5jb3JldGlja2V0cyIsInByaSI6ODYsInNpIjoiU1RBTExTLVgtMiJ9.dVoj5K8iMe5cEeiKTiyRSwaV24oC2EbWHIw2OI3iTpY","row":"X","number":2,"pricing":{"salePrice":[{"value":3600,"currency":"GBP","decimalPlaces":2}],"faceValue":[{"value":3000,"currency":"GBP","decimalPlaces":2}],"percentageDiscount":0,"includesBookingFee":true,"createdAt":"2021-09-20T22:11:43+0000","promotionLabel":null},"attributes":[{"title":"RestrictedView","description":"Restricted view","intention":"negative"},{"title":"Other","description":"Overhang of the Circle","intention":"negative"}],"isRestrictedView":true},{"seatIdentifier":"STALLS-X3","aggregateReference":"eyJ0eXAiOiJKV1QiLCJhbGciOiJIUzI1NiJ9.eyJzdGkiOjcwNzc1MiwicGFpIjoiZW5jb3JldGlja2V0cyIsInByaSI6ODYsInNpIjoiU1RBTExTLVgtMyJ9.sszeL_OMK6Yo0sdbFJOiTnMzSeg3mrSEqkmaVKX4gb4","row":"X","number":3,"pricing":{"salePrice":[{"value":3600,"currency":"GBP","decimalPlaces":2}],"faceValue":[{"value":3000,"currency":"GBP","decimalPlaces":2}],"percentageDiscount":0,"includesBookingFee":true,"createdAt":"2021-09-20T22:11:43+0000","promotionLabel":null},"attributes":[{"title":"RestrictedView","description":"Restricted view","intention":"negative"},{"title":"Other","description":"Overhang of the Circle","intention":"negative"}],"isRestrictedView":true},{"seatIdentifier":"STALLS-X4","aggregateReference":"eyJ0eXAiOiJKV1QiLCJhbGciOiJIUzI1NiJ9.eyJzdGkiOjcwNzc1MiwicGFpIjoiZW5jb3JldGlja2V0cyIsInByaSI6ODYsInNpIjoiU1RBTExTLVgtNCJ9.cEltSZ93kcR23BQqM_KqEVt4kxM28lTN4gjthM1NENM","row":"X","number":4,"pricing":{"salePrice":[{"value":3600,"currency":"GBP","decimalPlaces":2}],"faceValue":[{"value":3000,"currency":"GBP","decimalPlaces":2}],"percentageDiscount":0,"includesBookingFee":true,"createdAt":"2021-09-20T22:11:43+0000","promotionLabel":null},"attributes":[{"title":"RestrictedView","description":"Restricted view","intention":"negative"},{"title":"Other","description":"Overhang of the Circle","intention":"negative"}],"isRestrictedView":true}],"seatLumps":[{"seats":["STALLS-X1","STALLS-X2"]},{"seats":["STALLS-X3","STALLS-X4"]}]},{"groupIdentifier":"STALLS~X16;20","aggregateReference":null,"row":"X","mode":"allocated","seatNumberStart":16,"seatNumberEnd":20,"availableCount":5,"pricing":{"salePrice":[{"value":3600,"currency":"GBP","decimalPlaces":2}],"faceValue":[{"value":3000,"currency":"GBP","decimalPlaces":2}],"percentageDiscount":0,"includesBookingFee":true,"createdAt":"2021-09-20T22:11:43+0000","promotionLabel":null},"seats":[{"seatIdentifier":"STALLS-X16","aggregateReference":"eyJ0eXAiOiJKV1QiLCJhbGciOiJIUzI1NiJ9.eyJzdGkiOjcwNzc1MiwicGFpIjoiZW5jb3JldGlja2V0cyIsInByaSI6ODYsInNpIjoiU1RBTExTLVgtMTYifQ.XPGs_05Kf5t2TRPo1p8F9XDpJGjiIKTY_-9VFLHVdcs","row":"X","number":16,"pricing":{"salePrice":[{"value":3600,"currency":"GBP","decimalPlaces":2}],"faceValue":[{"value":3000,"currency":"GBP","decimalPlaces":2}],"percentageDiscount":0,"includesBookingFee":true,"createdAt":"2021-09-20T22:11:43+0000","promotionLabel":null},"attributes":[{"title":"EndOfRow","description":"Seat at end of row","intention":"positive"},{"title":"RestrictedView","description":"Restricted view","intention":"negative"},{"title":"Other","description":"Overhang of the Circle","intention":"negative"}],"isRestrictedView":true},{"seatIdentifier":"STALLS-X17","aggregateReference":"eyJ0eXAiOiJKV1QiLCJhbGciOiJIUzI1NiJ9.eyJzdGkiOjcwNzc1MiwicGFpIjoiZW5jb3JldGlja2V0cyIsInByaSI6ODYsInNpIjoiU1RBTExTLVgtMTcifQ._qRuON1__w9Bp_M-EnFZxLoKIobs3IkxRpHzqHxBYxI","row":"X","number":17,"pricing":{"salePrice":[{"value":3600,"currency":"GBP","decimalPlaces":2}],"faceValue":[{"value":3000,"currency":"GBP","decimalPlaces":2}],"percentageDiscount":0,"includesBookingFee":true,"createdAt":"2021-09-20T22:11:43+0000","promotionLabel":null},"attributes":[{"title":"RestrictedView","description":"Restricted view","intention":"negative"},{"title":"Other","description":"Overhang of the Circle","intention":"negative"}],"isRestrictedView":true},{"seatIdentifier":"STALLS-X18","aggregateReference":"eyJ0eXAiOiJKV1QiLCJhbGciOiJIUzI1NiJ9.eyJzdGkiOjcwNzc1MiwicGFpIjoiZW5jb3JldGlja2V0cyIsInByaSI6ODYsInNpIjoiU1RBTExTLVgtMTgifQ.5Pej6w0PZHKpoT7GKDv02GvODeakn63U64sMnuKFZ-w","row":"X","number":18,"pricing":{"salePrice":[{"value":3600,"currency":"GBP","decimalPlaces":2}],"faceValue":[{"value":3000,"currency":"GBP","decimalPlaces":2}],"percentageDiscount":0,"includesBookingFee":true,"createdAt":"2021-09-20T22:11:43+0000","promotionLabel":null},"attributes":[{"title":"RestrictedView","description":"Restricted view","intention":"negative"},{"title":"Other","description":"Overhang of the Circle","intention":"negative"}],"isRestrictedView":true},{"seatIdentifier":"STALLS-X19","aggregateReference":"eyJ0eXAiOiJKV1QiLCJhbGciOiJIUzI1NiJ9.eyJzdGkiOjcwNzc1MiwicGFpIjoiZW5jb3JldGlja2V0cyIsInByaSI6ODYsInNpIjoiU1RBTExTLVgtMTkifQ.GWH5s4ScUPXm2-7MBi5c0OLxshwimj77hYl--SKXt3U","row":"X","number":19,"pricing":{"salePrice":[{"value":3600,"currency":"GBP","decimalPlaces":2}],"faceValue":[{"value":3000,"currency":"GBP","decimalPlaces":2}],"percentageDiscount":0,"includesBookingFee":true,"createdAt":"2021-09-20T22:11:43+0000","promotionLabel":null},"attributes":[{"title":"RestrictedView","description":"Restricted view","intention":"negative"},{"title":"Other","description":"Overhang of the Circle","intention":"negative"}],"isRestrictedView":true},{"seatIdentifier":"STALLS-X20","aggregateReference":"eyJ0eXAiOiJKV1QiLCJhbGciOiJIUzI1NiJ9.eyJzdGkiOjcwNzc1MiwicGFpIjoiZW5jb3JldGlja2V0cyIsInByaSI6ODYsInNpIjoiU1RBTExTLVgtMjAifQ.2dKlrqh-ctxOqg-Nrsg9KNPcdtSg6OyExqs7-yyDi3k","row":"X","number":20,"pricing":{"salePrice":[{"value":3600,"currency":"GBP","decimalPlaces":2}],"faceValue":[{"value":3000,"currency":"GBP","decimalPlaces":2}],"percentageDiscount":0,"includesBookingFee":true,"createdAt":"2021-09-20T22:11:43+0000","promotionLabel":null},"attributes":[{"title":"EndOfRow","description":"Seat at end of row","intention":"positive"},{"title":"RestrictedView","description":"Restricted view","intention":"negative"},{"title":"Other","description":"Overhang of the Circle","intention":"negative"}],"isRestrictedView":true}],"seatLumps":[{"seats":["STALLS-X16","STALLS-X17"]},{"seats":["STALLS-X19","STALLS-X20"]}]},{"groupIdentifier":"STALLS~Y1;4","aggregateReference":null,"row":"Y","mode":"allocated","seatNumberStart":1,"seatNumberEnd":4,"availableCount":4,"pricing":{"salePrice":[{"value":3600,"currency":"GBP","decimalPlaces":2}],"faceValue":[{"value":3000,"currency":"GBP","decimalPlaces":2}],"percentageDiscount":0,"includesBookingFee":true,"createdAt":"2021-09-20T22:11:43+0000","promotionLabel":null},"seats":[{"seatIdentifier":"STALLS-Y1","aggregateReference":"eyJ0eXAiOiJKV1QiLCJhbGciOiJIUzI1NiJ9.eyJzdGkiOjcwNzc1MiwicGFpIjoiZW5jb3JldGlja2V0cyIsInByaSI6ODYsInNpIjoiU1RBTExTLVktMSJ9.h-ShNcF6DYIxQiBXf7dNLfUhkeEjS6w2fwErV2s877g","row":"Y","number":1,"pricing":{"salePrice":[{"value":3600,"currency":"GBP","decimalPlaces":2}],"faceValue":[{"value":3000,"currency":"GBP","decimalPlaces":2}],"percentageDiscount":0,"includesBookingFee":true,"createdAt":"2021-09-20T22:11:43+0000","promotionLabel":null},"attributes":[{"title":"EndOfRow","description":"Seat at end of row","intention":"positive"},{"title":"ExtraLegRoom","description":"Extra legroom","intention":"positive"},{"title":"RestrictedView","description":"Restricted view","intention":"negative"},{"title":"Other","description":"Overhang of the Circle","intention":"negative"}],"isRestrictedView":true},{"seatIdentifier":"STALLS-Y2","aggregateReference":"eyJ0eXAiOiJKV1QiLCJhbGciOiJIUzI1NiJ9.eyJzdGkiOjcwNzc1MiwicGFpIjoiZW5jb3JldGlja2V0cyIsInByaSI6ODYsInNpIjoiU1RBTExTLVktMiJ9.wFpXZjVNKhIf94HX4lcrr9tMMyehH4YXLJi235AwiY0","row":"Y","number":2,"pricing":{"salePrice":[{"value":3600,"currency":"GBP","decimalPlaces":2}],"faceValue":[{"value":3000,"currency":"GBP","decimalPlaces":2}],"percentageDiscount":0,"includesBookingFee":true,"createdAt":"2021-09-20T22:11:43+0000","promotionLabel":null},"attributes":[{"title":"ExtraLegRoom","description":"Extra legroom","intention":"positive"},{"title":"RestrictedView","description":"Restricted view","intention":"negative"},{"title":"Other","description":"Overhang of the Circle","intention":"negative"}],"isRestrictedView":true},{"seatIdentifier":"STALLS-Y3","aggregateReference":"eyJ0eXAiOiJKV1QiLCJhbGciOiJIUzI1NiJ9.eyJzdGkiOjcwNzc1MiwicGFpIjoiZW5jb3JldGlja2V0cyIsInByaSI6ODYsInNpIjoiU1RBTExTLVktMyJ9.w5Qk4UWatRmiNJh5yowDNjDwPbO-A_JgGBWZgAGxLaI","row":"Y","number":3,"pricing":{"salePrice":[{"value":3600,"currency":"GBP","decimalPlaces":2}],"faceValue":[{"value":3000,"currency":"GBP","decimalPlaces":2}],"percentageDiscount":0,"includesBookingFee":true,"createdAt":"2021-09-20T22:11:43+0000","promotionLabel":null},"attributes":[{"title":"ExtraLegRoom","description":"Extra legroom","intention":"positive"},{"title":"RestrictedView","description":"Restricted view","intention":"negative"},{"title":"Other","description":"Overhang of the Circle","intention":"negative"}],"isRestrictedView":true},{"seatIdentifier":"STALLS-Y4","aggregateReference":"eyJ0eXAiOiJKV1QiLCJhbGciOiJIUzI1NiJ9.eyJzdGkiOjcwNzc1MiwicGFpIjoiZW5jb3JldGlja2V0cyIsInByaSI6ODYsInNpIjoiU1RBTExTLVktNCJ9.4hoMfhOSQYKoQLluZBOWmZ97zcMY3UbWxZVIL8F8tWI","row":"Y","number":4,"pricing":{"salePrice":[{"value":3600,"currency":"GBP","decimalPlaces":2}],"faceValue":[{"value":3000,"currency":"GBP","decimalPlaces":2}],"percentageDiscount":0,"includesBookingFee":true,"createdAt":"2021-09-20T22:11:43+0000","promotionLabel":null},"attributes":[{"title":"EndOfRow","description":"Seat at end of row","intention":"positive"},{"title":"ExtraLegRoom","description":"Extra legroom","intention":"positive"},{"title":"RestrictedView","description":"Restricted view","intention":"negative"},{"title":"Other","description":"Overhang of the Circle","intention":"negative"}],"isRestrictedView":true}],"seatLumps":[{"seats":["STALLS-Y1","STALLS-Y2"]},{"seats":["STALLS-Y3","STALLS-Y4"]}]},{"groupIdentifier":"STALLS~Y5;8","aggregateReference":null,"row":"Y","mode":"allocated","seatNumberStart":5,"seatNumberEnd":8,"availableCount":4,"pricing":{"salePrice":[{"value":3600,"currency":"GBP","decimalPlaces":2}],"faceValue":[{"value":3000,"currency":"GBP","decimalPlaces":2}],"percentageDiscount":0,"includesBookingFee":true,"createdAt":"2021-09-20T22:11:43+0000","promotionLabel":null},"seats":[{"seatIdentifier":"STALLS-Y5","aggregateReference":"eyJ0eXAiOiJKV1QiLCJhbGciOiJIUzI1NiJ9.eyJzdGkiOjcwNzc1MiwicGFpIjoiZW5jb3JldGlja2V0cyIsInByaSI6ODYsInNpIjoiU1RBTExTLVktNSJ9.Lae3ShnImSmAh7XMTQHOgEGSzio9qAcFlSnP54GCUPw","row":"Y","number":5,"pricing":{"salePrice":[{"value":3600,"currency":"GBP","decimalPlaces":2}],"faceValue":[{"value":3000,"currency":"GBP","decimalPlaces":2}],"percentageDiscount":0,"includesBookingFee":true,"createdAt":"2021-09-20T22:11:43+0000","promotionLabel":null},"attributes":[{"title":"EndOfRow","description":"Seat at end of row","intention":"positive"},{"title":"RestrictedView","description":"Restricted view","intention":"negative"},{"title":"Other","description":"Overhang of the Circle","intention":"negative"}],"isRestrictedView":true},{"seatIdentifier":"STALLS-Y6","aggregateReference":"eyJ0eXAiOiJKV1QiLCJhbGciOiJIUzI1NiJ9.eyJzdGkiOjcwNzc1MiwicGFpIjoiZW5jb3JldGlja2V0cyIsInByaSI6ODYsInNpIjoiU1RBTExTLVktNiJ9.oFPlGY2UoOLUHmX6v-GIgjt_eg26oYIxNbM27fZ0vh0","row":"Y","number":6,"pricing":{"salePrice":[{"value":3600,"currency":"GBP","decimalPlaces":2}],"faceValue":[{"value":3000,"currency":"GBP","decimalPlaces":2}],"percentageDiscount":0,"includesBookingFee":true,"createdAt":"2021-09-20T22:11:43+0000","promotionLabel":null},"attributes":[{"title":"RestrictedView","description":"Restricted view","intention":"negative"},{"title":"Other","description":"Overhang of the Circle","intention":"negative"}],"isRestrictedView":true},{"seatIdentifier":"STALLS-Y7","aggregateReference":"eyJ0eXAiOiJKV1QiLCJhbGciOiJIUzI1NiJ9.eyJzdGkiOjcwNzc1MiwicGFpIjoiZW5jb3JldGlja2V0cyIsInByaSI6ODYsInNpIjoiU1RBTExTLVktNyJ9.e4P3sQp2oK2P5yICvTIH3ySUJ-0YRhUSNgZKbbeppcA","row":"Y","number":7,"pricing":{"salePrice":[{"value":3600,"currency":"GBP","decimalPlaces":2}],"faceValue":[{"value":3000,"currency":"GBP","decimalPlaces":2}],"percentageDiscount":0,"includesBookingFee":true,"createdAt":"2021-09-20T22:11:43+0000","promotionLabel":null},"attributes":[{"title":"RestrictedView","description":"Restricted view","intention":"negative"},{"title":"Other","description":"Overhang of the Circle","intention":"negative"}],"isRestrictedView":true},{"seatIdentifier":"STALLS-Y8","aggregateReference":"eyJ0eXAiOiJKV1QiLCJhbGciOiJIUzI1NiJ9.eyJzdGkiOjcwNzc1MiwicGFpIjoiZW5jb3JldGlja2V0cyIsInByaSI6ODYsInNpIjoiU1RBTExTLVktOCJ9.OMVEGPf5EqC8qp5RvW2U06jylbnxZFE-Vfmn-U4dZ9U","row":"Y","number":8,"pricing":{"salePrice":[{"value":3600,"currency":"GBP","decimalPlaces":2}],"faceValue":[{"value":3000,"currency":"GBP","decimalPlaces":2}],"percentageDiscount":0,"includesBookingFee":true,"createdAt":"2021-09-20T22:11:43+0000","promotionLabel":null},"attributes":[{"title":"RestrictedView","description":"Restricted view","intention":"negative"},{"title":"Other","description":"Overhang of the Circle","intention":"negative"}],"isRestrictedView":true}],"seatLumps":[{"seats":["STALLS-Y5","STALLS-Y6"]},{"seats":["STALLS-Y7","STALLS-Y8"]}]},{"groupIdentifier":"STALLS~Z1;4","aggregateReference":null,"row":"Z","mode":"allocated","seatNumberStart":1,"seatNumberEnd":4,"availableCount":4,"pricing":{"salePrice":[{"value":3600,"currency":"GBP","decimalPlaces":2}],"faceValue":[{"value":3000,"currency":"GBP","decimalPlaces":2}],"percentageDiscount":0,"includesBookingFee":true,"createdAt":"2021-09-20T22:11:43+0000","promotionLabel":null},"seats":[{"seatIdentifier":"STALLS-Z1","aggregateReference":"eyJ0eXAiOiJKV1QiLCJhbGciOiJIUzI1NiJ9.eyJzdGkiOjcwNzc1MiwicGFpIjoiZW5jb3JldGlja2V0cyIsInByaSI6ODYsInNpIjoiU1RBTExTLVotMSJ9.p2NzlmglKF3ohh3QB5e3UWbn0WNGE2t-5ohtYRD3j3k","row":"Z","number":1,"pricing":{"salePrice":[{"value":3600,"currency":"GBP","decimalPlaces":2}],"faceValue":[{"value":3000,"currency":"GBP","decimalPlaces":2}],"percentageDiscount":0,"includesBookingFee":true,"createdAt":"2021-09-20T22:11:43+0000","promotionLabel":null},"attributes":[{"title":"EndOfRow","description":"Seat at end of row","intention":"positive"},{"title":"ExtraLegRoom","description":"Extra legroom","intention":"positive"},{"title":"RestrictedView","description":"Restricted view","intention":"negative"},{"title":"Other","description":"Overhang of the Circle","intention":"negative"}],"isRestrictedView":true},{"seatIdentifier":"STALLS-Z2","aggregateReference":"eyJ0eXAiOiJKV1QiLCJhbGciOiJIUzI1NiJ9.eyJzdGkiOjcwNzc1MiwicGFpIjoiZW5jb3JldGlja2V0cyIsInByaSI6ODYsInNpIjoiU1RBTExTLVotMiJ9.qi1imcBhXYcv8AnQvR8YiMjGDoh0d1Km7Cg4nlHG6N8","row":"Z","number":2,"pricing":{"salePrice":[{"value":3600,"currency":"GBP","decimalPlaces":2}],"faceValue":[{"value":3000,"currency":"GBP","decimalPlaces":2}],"percentageDiscount":0,"includesBookingFee":true,"createdAt":"2021-09-20T22:11:43+0000","promotionLabel":null},"attributes":[{"title":"ExtraLegRoom","description":"Extra legroom","intention":"positive"},{"title":"RestrictedView","description":"Restricted view","intention":"negative"},{"title":"Other","description":"Overhang of the Circle","intention":"negative"}],"isRestrictedView":true},{"seatIdentifier":"STALLS-Z3","aggregateReference":"eyJ0eXAiOiJKV1QiLCJhbGciOiJIUzI1NiJ9.eyJzdGkiOjcwNzc1MiwicGFpIjoiZW5jb3JldGlja2V0cyIsInByaSI6ODYsInNpIjoiU1RBTExTLVotMyJ9.S40oJ9CYK6rZGvttynyQKIHeOyGAdY_bf3ODfP31UKE","row":"Z","number":3,"pricing":{"salePrice":[{"value":3600,"currency":"GBP","decimalPlaces":2}],"faceValue":[{"value":3000,"currency":"GBP","decimalPlaces":2}],"percentageDiscount":0,"includesBookingFee":true,"createdAt":"2021-09-20T22:11:43+0000","promotionLabel":null},"attributes":[{"title":"ExtraLegRoom","description":"Extra legroom","intention":"positive"},{"title":"RestrictedView","description":"Restricted view","intention":"negative"},{"title":"Other","description":"Overhang of the Circle","intention":"negative"}],"isRestrictedView":true},{"seatIdentifier":"STALLS-Z4","aggregateReference":"eyJ0eXAiOiJKV1QiLCJhbGciOiJIUzI1NiJ9.eyJzdGkiOjcwNzc1MiwicGFpIjoiZW5jb3JldGlja2V0cyIsInByaSI6ODYsInNpIjoiU1RBTExTLVotNCJ9.ugUnx4A3VBssqv-6ijiUuBBkxT70XUPAF3lbE7jUlLw","row":"Z","number":4,"pricing":{"salePrice":[{"value":3600,"currency":"GBP","decimalPlaces":2}],"faceValue":[{"value":3000,"currency":"GBP","decimalPlaces":2}],"percentageDiscount":0,"includesBookingFee":true,"createdAt":"2021-09-20T22:11:43+0000","promotionLabel":null},"attributes":[{"title":"EndOfRow","description":"Seat at end of row","intention":"positive"},{"title":"ExtraLegRoom","description":"Extra legroom","intention":"positive"},{"title":"RestrictedView","description":"Restricted view","intention":"negative"},{"title":"Other","description":"Overhang of the Circle","intention":"negative"}],"isRestrictedView":true}],"seatLumps":[{"seats":["STALLS-Z1","STALLS-Z2"]},{"seats":["STALLS-Z3","STALLS-Z4"]}]},{"groupIdentifier":"STALLS~T1;6","aggregateReference":null,"row":"T","mode":"allocated","seatNumberStart":1,"seatNumberEnd":6,"availableCount":6,"pricing":{"salePrice":[{"value":6000,"currency":"GBP","decimalPlaces":2}],"faceValue":[{"value":5000,"currency":"GBP","decimalPlaces":2}],"percentageDiscount":0,"includesBookingFee":true,"createdAt":"2021-09-20T22:11:43+0000","promotionLabel":null},"seats":[{"seatIdentifier":"STALLS-T1","aggregateReference":"eyJ0eXAiOiJKV1QiLCJhbGciOiJIUzI1NiJ9.eyJzdGkiOjcwNzc1MiwicGFpIjoiZW5jb3JldGlja2V0cyIsInByaSI6ODYsInNpIjoiU1RBTExTLVQtMSJ9.bVWMfwboJF6oryKyGUeP74P9_pm4j0dWZRGWl-w4SsU","row":"T","number":1,"pricing":{"salePrice":[{"value":6000,"currency":"GBP","decimalPlaces":2}],"faceValue":[{"value":5000,"currency":"GBP","decimalPlaces":2}],"percentageDiscount":0,"includesBookingFee":true,"createdAt":"2021-09-20T22:11:43+0000","promotionLabel":null},"attributes":[{"title":"SeatAgainstWall","description":"Seat has one side against a wall","intention":"negative"}],"isRestrictedView":true},{"seatIdentifier":"STALLS-T2","aggregateReference":"eyJ0eXAiOiJKV1QiLCJhbGciOiJIUzI1NiJ9.eyJzdGkiOjcwNzc1MiwicGFpIjoiZW5jb3JldGlja2V0cyIsInByaSI6ODYsInNpIjoiU1RBTExTLVQtMiJ9.QOV1HUw9uLb0AmRyyFWFJ1qQsxAe5Uh8eXoK5Ex3VfM","row":"T","number":2,"pricing":{"salePrice":[{"value":6000,"currency":"GBP","decimalPlaces":2}],"faceValue":[{"value":5000,"currency":"GBP","decimalPlaces":2}],"percentageDiscount":0,"includesBookingFee":true,"createdAt":"2021-09-20T22:11:43+0000","promotionLabel":null},"attributes":[],"isRestrictedView":false},{"seatIdentifier":"STALLS-T3","aggregateReference":"eyJ0eXAiOiJKV1QiLCJhbGciOiJIUzI1NiJ9.eyJzdGkiOjcwNzc1MiwicGFpIjoiZW5jb3JldGlja2V0cyIsInByaSI6ODYsInNpIjoiU1RBTExTLVQtMyJ9.yjG1h2WxLiq0WLBIjlUcg5lSX3IrJS_allXqb-9m6VU","row":"T","number":3,"pricing":{"salePrice":[{"value":6000,"currency":"GBP","decimalPlaces":2}],"faceValue":[{"value":5000,"currency":"GBP","decimalPlaces":2}],"percentageDiscount":0,"includesBookingFee":true,"createdAt":"2021-09-20T22:11:43+0000","promotionLabel":null},"attributes":[],"isRestrictedView":false},{"seatIdentifier":"STALLS-T4","aggregateReference":"eyJ0eXAiOiJKV1QiLCJhbGciOiJIUzI1NiJ9.eyJzdGkiOjcwNzc1MiwicGFpIjoiZW5jb3JldGlja2V0cyIsInByaSI6ODYsInNpIjoiU1RBTExTLVQtNCJ9.HGEUAQw6CBIL1_zzzgSNOlhox9vJ9y5cmd-42VadXJM","row":"T","number":4,"pricing":{"salePrice":[{"value":6000,"currency":"GBP","decimalPlaces":2}],"faceValue":[{"value":5000,"currency":"GBP","decimalPlaces":2}],"percentageDiscount":0,"includesBookingFee":true,"createdAt":"2021-09-20T22:11:43+0000","promotionLabel":null},"attributes":[],"isRestrictedView":false},{"seatIdentifier":"STALLS-T5","aggregateReference":"eyJ0eXAiOiJKV1QiLCJhbGciOiJIUzI1NiJ9.eyJzdGkiOjcwNzc1MiwicGFpIjoiZW5jb3JldGlja2V0cyIsInByaSI6ODYsInNpIjoiU1RBTExTLVQtNSJ9.XL4RA3vHRAyavMxE2J-pDP-fyDEy5LlmTe-ViJoRkQ0","row":"T","number":5,"pricing":{"salePrice":[{"value":6000,"currency":"GBP","decimalPlaces":2}],"faceValue":[{"value":5000,"currency":"GBP","decimalPlaces":2}],"percentageDiscount":0,"includesBookingFee":true,"createdAt":"2021-09-20T22:11:43+0000","promotionLabel":null},"attributes":[],"isRestrictedView":false},{"seatIdentifier":"STALLS-T6","aggregateReference":"eyJ0eXAiOiJKV1QiLCJhbGciOiJIUzI1NiJ9.eyJzdGkiOjcwNzc1MiwicGFpIjoiZW5jb3JldGlja2V0cyIsInByaSI6ODYsInNpIjoiU1RBTExTLVQtNiJ9.ntT0ckMgxm4RaYZNt6BY8EBI4OJZbEwVobZmhWNsB6Q","row":"T","number":6,"pricing":{"salePrice":[{"value":6000,"currency":"GBP","decimalPlaces":2}],"faceValue":[{"value":5000,"currency":"GBP","decimalPlaces":2}],"percentageDiscount":0,"includesBookingFee":true,"createdAt":"2021-09-20T22:11:43+0000","promotionLabel":null},"attributes":[{"title":"EndOfRow","description":"Seat at end of row","intention":"positive"}],"isRestrictedView":false}],"seatLumps":[{"seats":["STALLS-T1","STALLS-T2"]},{"seats":["STALLS-T3","STALLS-T4"]},{"seats":["STALLS-T5","STALLS-T6"]}]},{"groupIdentifier":"STALLS~T18;19","aggregateReference":null,"row":"T","mode":"allocated","seatNumberStart":18,"seatNumberEnd":19,"availableCount":2,"pricing":{"salePrice":[{"value":6000,"currency":"GBP","decimalPlaces":2}],"faceValue":[{"value":5000,"currency":"GBP","decimalPlaces":2}],"percentageDiscount":0,"includesBookingFee":true,"createdAt":"2021-09-20T22:11:43+0000","promotionLabel":null},"seats":[{"seatIdentifier":"STALLS-T18","aggregateReference":"eyJ0eXAiOiJKV1QiLCJhbGciOiJIUzI1NiJ9.eyJzdGkiOjcwNzc1MiwicGFpIjoiZW5jb3JldGlja2V0cyIsInByaSI6ODYsInNpIjoiU1RBTExTLVQtMTgifQ.yJW3K-miMWsWEYnitCz3mZSv7B5jF_bUIKXZ8cV_89E","row":"T","number":18,"pricing":{"salePrice":[{"value":6000,"currency":"GBP","decimalPlaces":2}],"faceValue":[{"value":5000,"currency":"GBP","decimalPlaces":2}],"percentageDiscount":0,"includesBookingFee":true,"createdAt":"2021-09-20T22:11:43+0000","promotionLabel":null},"attributes":[],"isRestrictedView":false},{"seatIdentifier":"STALLS-T19","aggregateReference":"eyJ0eXAiOiJKV1QiLCJhbGciOiJIUzI1NiJ9.eyJzdGkiOjcwNzc1MiwicGFpIjoiZW5jb3JldGlja2V0cyIsInByaSI6ODYsInNpIjoiU1RBTExTLVQtMTkifQ.Q-aozkTmjwiV4zd4fmI-Mlb5B-VMhx7R1edzGhQYDo8","row":"T","number":19,"pricing":{"salePrice":[{"value":6000,"currency":"GBP","decimalPlaces":2}],"faceValue":[{"value":5000,"currency":"GBP","decimalPlaces":2}],"percentageDiscount":0,"includesBookingFee":true,"createdAt":"2021-09-20T22:11:43+0000","promotionLabel":null},"attributes":[],"isRestrictedView":false}],"seatLumps":[{"seats":["STALLS-T18","STALLS-T19"]}]},{"groupIdentifier":"STALLS~T22;27","aggregateReference":null,"row":"T","mode":"allocated","seatNumberStart":22,"seatNumberEnd":27,"availableCount":6,"pricing":{"salePrice":[{"value":6000,"currency":"GBP","decimalPlaces":2}],"faceValue":[{"value":5000,"currency":"GBP","decimalPlaces":2}],"percentageDiscount":0,"includesBookingFee":true,"createdAt":"2021-09-20T22:11:43+0000","promotionLabel":null},"seats":[{"seatIdentifier":"STALLS-T22","aggregateReference":"eyJ0eXAiOiJKV1QiLCJhbGciOiJIUzI1NiJ9.eyJzdGkiOjcwNzc1MiwicGFpIjoiZW5jb3JldGlja2V0cyIsInByaSI6ODYsInNpIjoiU1RBTExTLVQtMjIifQ.BVuoDuNNGFlp2bNqheN_2EZFEX85-HUjOPQ0v1ebCR4","row":"T","number":22,"pricing":{"salePrice":[{"value":6000,"currency":"GBP","decimalPlaces":2}],"faceValue":[{"value":5000,"currency":"GBP","decimalPlaces":2}],"percentageDiscount":0,"includesBookingFee":true,"createdAt":"2021-09-20T22:11:43+0000","promotionLabel":null},"attributes":[{"title":"EndOfRow","description":"Seat at end of row","intention":"positive"}],"isRestrictedView":false},{"seatIdentifier":"STALLS-T23","aggregateReference":"eyJ0eXAiOiJKV1QiLCJhbGciOiJIUzI1NiJ9.eyJzdGkiOjcwNzc1MiwicGFpIjoiZW5jb3JldGlja2V0cyIsInByaSI6ODYsInNpIjoiU1RBTExTLVQtMjMifQ.U8ecCKvS_UTTxzD0srnv4fxJgoQBXdzK_K8Kv8XNldg","row":"T","number":23,"pricing":{"salePrice":[{"value":6000,"currency":"GBP","decimalPlaces":2}],"faceValue":[{"value":5000,"currency":"GBP","decimalPlaces":2}],"percentageDiscount":0,"includesBookingFee":true,"createdAt":"2021-09-20T22:11:43+0000","promotionLabel":null},"attributes":[],"isRestrictedView":false},{"seatIdentifier":"STALLS-T24","aggregateReference":"eyJ0eXAiOiJKV1QiLCJhbGciOiJIUzI1NiJ9.eyJzdGkiOjcwNzc1MiwicGFpIjoiZW5jb3JldGlja2V0cyIsInByaSI6ODYsInNpIjoiU1RBTExTLVQtMjQifQ.I4joypRESe509qfFaTJfuvXf9881WO8eQjgrbkAd-fQ","row":"T","number":24,"pricing":{"salePrice":[{"value":6000,"currency":"GBP","decimalPlaces":2}],"faceValue":[{"value":5000,"currency":"GBP","decimalPlaces":2}],"percentageDiscount":0,"includesBookingFee":true,"createdAt":"2021-09-20T22:11:43+0000","promotionLabel":null},"attributes":[],"isRestrictedView":false},{"seatIdentifier":"STALLS-T25","aggregateReference":"eyJ0eXAiOiJKV1QiLCJhbGciOiJIUzI1NiJ9.eyJzdGkiOjcwNzc1MiwicGFpIjoiZW5jb3JldGlja2V0cyIsInByaSI6ODYsInNpIjoiU1RBTExTLVQtMjUifQ.pPRoRqINAdhGPl5j3h6RFaQvkc2acXwzNMCQwMbikRk","row":"T","number":25,"pricing":{"salePrice":[{"value":6000,"currency":"GBP","decimalPlaces":2}],"faceValue":[{"value":5000,"currency":"GBP","decimalPlaces":2}],"percentageDiscount":0,"includesBookingFee":true,"createdAt":"2021-09-20T22:11:43+0000","promotionLabel":null},"attributes":[],"isRestrictedView":false},{"seatIdentifier":"STALLS-T26","aggregateReference":"eyJ0eXAiOiJKV1QiLCJhbGciOiJIUzI1NiJ9.eyJzdGkiOjcwNzc1MiwicGFpIjoiZW5jb3JldGlja2V0cyIsInByaSI6ODYsInNpIjoiU1RBTExTLVQtMjYifQ.6GNj523Tpx2CoZyvbXOm7UBiM5jYqhAcMayiv-8AA24","row":"T","number":26,"pricing":{"salePrice":[{"value":6000,"currency":"GBP","decimalPlaces":2}],"faceValue":[{"value":5000,"currency":"GBP","decimalPlaces":2}],"percentageDiscount":0,"includesBookingFee":true,"createdAt":"2021-09-20T22:11:43+0000","promotionLabel":null},"attributes":[],"isRestrictedView":false},{"seatIdentifier":"STALLS-T27","aggregateReference":"eyJ0eXAiOiJKV1QiLCJhbGciOiJIUzI1NiJ9.eyJzdGkiOjcwNzc1MiwicGFpIjoiZW5jb3JldGlja2V0cyIsInByaSI6ODYsInNpIjoiU1RBTExTLVQtMjcifQ.Zmr0hL022oWlwFqwt26aQ3hmyEQwUfj7RBtTlWlIsjM","row":"T","number":27,"pricing":{"salePrice":[{"value":6000,"currency":"GBP","decimalPlaces":2}],"faceValue":[{"value":5000,"currency":"GBP","decimalPlaces":2}],"percentageDiscount":0,"includesBookingFee":true,"createdAt":"2021-09-20T22:11:43+0000","promotionLabel":null},"attributes":[{"title":"SeatAgainstWall","description":"Seat has one side against a wall","intention":"negative"}],"isRestrictedView":true}],"seatLumps":[{"seats":["STALLS-T22","STALLS-T23"]},{"seats":["STALLS-T24","STALLS-T25"]},{"seats":["STALLS-T26","STALLS-T27"]}]},{"groupIdentifier":"STALLS~P1;4","aggregateReference":null,"row":"P","mode":"allocated","seatNumberStart":1,"seatNumberEnd":4,"availableCount":4,"pricing":{"salePrice":[{"value":7200,"currency":"GBP","decimalPlaces":2}],"faceValue":[{"value":6000,"currency":"GBP","decimalPlaces":2}],"percentageDiscount":0,"includesBookingFee":true,"createdAt":"2021-09-20T22:11:43+0000","promotionLabel":null},"seats":[{"seatIdentifier":"STALLS-P1","aggregateReference":"eyJ0eXAiOiJKV1QiLCJhbGciOiJIUzI1NiJ9.eyJzdGkiOjcwNzc1MiwicGFpIjoiZW5jb3JldGlja2V0cyIsInByaSI6ODYsInNpIjoiU1RBTExTLVAtMSJ9.3yj2QBwnuCS0zPpOLv5BVZSsXiKgCP-VPY7VusBqTkk","row":"P","number":1,"pricing":{"salePrice":[{"value":7200,"currency":"GBP","decimalPlaces":2}],"faceValue":[{"value":6000,"currency":"GBP","decimalPlaces":2}],"percentageDiscount":0,"includesBookingFee":true,"createdAt":"2021-09-20T22:11:43+0000","promotionLabel":null},"attributes":[{"title":"SeatAgainstWall","description":"Seat has one side against a wall","intention":"negative"}],"isRestrictedView":true},{"seatIdentifier":"STALLS-P2","aggregateReference":"eyJ0eXAiOiJKV1QiLCJhbGciOiJIUzI1NiJ9.eyJzdGkiOjcwNzc1MiwicGFpIjoiZW5jb3JldGlja2V0cyIsInByaSI6ODYsInNpIjoiU1RBTExTLVAtMiJ9.eHhohQ6G27NxiLOkNkW0xYBsdxMkCfEm_DJN152fHfo","row":"P","number":2,"pricing":{"salePrice":[{"value":7200,"currency":"GBP","decimalPlaces":2}],"faceValue":[{"value":6000,"currency":"GBP","decimalPlaces":2}],"percentageDiscount":0,"includesBookingFee":true,"createdAt":"2021-09-20T22:11:43+0000","promotionLabel":null},"attributes":[],"isRestrictedView":false},{"seatIdentifier":"STALLS-P3","aggregateReference":"eyJ0eXAiOiJKV1QiLCJhbGciOiJIUzI1NiJ9.eyJzdGkiOjcwNzc1MiwicGFpIjoiZW5jb3JldGlja2V0cyIsInByaSI6ODYsInNpIjoiU1RBTExTLVAtMyJ9.OFtJ_VAtK605SVZp8wiMIY2CN1h9Tlck2YbjorFEhlQ","row":"P","number":3,"pricing":{"salePrice":[{"value":7200,"currency":"GBP","decimalPlaces":2}],"faceValue":[{"value":6000,"currency":"GBP","decimalPlaces":2}],"percentageDiscount":0,"includesBookingFee":true,"createdAt":"2021-09-20T22:11:43+0000","promotionLabel":null},"attributes":[],"isRestrictedView":false},{"seatIdentifier":"STALLS-P4","aggregateReference":"eyJ0eXAiOiJKV1QiLCJhbGciOiJIUzI1NiJ9.eyJzdGkiOjcwNzc1MiwicGFpIjoiZW5jb3JldGlja2V0cyIsInByaSI6ODYsInNpIjoiU1RBTExTLVAtNCJ9.QP5SeAMRfR9D1KUkIDbWV68BxQ_J_m91At0tfEYpNfA","row":"P","number":4,"pricing":{"salePrice":[{"value":7200,"currency":"GBP","decimalPlaces":2}],"faceValue":[{"value":6000,"currency":"GBP","decimalPlaces":2}],"percentageDiscount":0,"includesBookingFee":true,"createdAt":"2021-09-20T22:11:43+0000","promotionLabel":null},"attributes":[],"isRestrictedView":false}],"seatLumps":[{"seats":["STALLS-P1","STALLS-P2"]},{"seats":["STALLS-P3","STALLS-P4"]}]},{"groupIdentifier":"STALLS~P23;26","aggregateReference":null,"row":"P","mode":"allocated","seatNumberStart":23,"seatNumberEnd":26,"availableCount":4,"pricing":{"salePrice":[{"value":7200,"currency":"GBP","decimalPlaces":2}],"faceValue":[{"value":6000,"currency":"GBP","decimalPlaces":2}],"percentageDiscount":0,"includesBookingFee":true,"createdAt":"2021-09-20T22:11:43+0000","promotionLabel":null},"seats":[{"seatIdentifier":"STALLS-P23","aggregateReference":"eyJ0eXAiOiJKV1QiLCJhbGciOiJIUzI1NiJ9.eyJzdGkiOjcwNzc1MiwicGFpIjoiZW5jb3JldGlja2V0cyIsInByaSI6ODYsInNpIjoiU1RBTExTLVAtMjMifQ.mAPsm2T52BYx0YfphLuLTBl144nUbMAS6p8sqew9hIQ","row":"P","number":23,"pricing":{"salePrice":[{"value":7200,"currency":"GBP","decimalPlaces":2}],"faceValue":[{"value":6000,"currency":"GBP","decimalPlaces":2}],"percentageDiscount":0,"includesBookingFee":true,"createdAt":"2021-09-20T22:11:43+0000","promotionLabel":null},"attributes":[],"isRestrictedView":false},{"seatIdentifier":"STALLS-P24","aggregateReference":"eyJ0eXAiOiJKV1QiLCJhbGciOiJIUzI1NiJ9.eyJzdGkiOjcwNzc1MiwicGFpIjoiZW5jb3JldGlja2V0cyIsInByaSI6ODYsInNpIjoiU1RBTExTLVAtMjQifQ.MfPXB3eJFyKIl-a7qtKPf8BhVnSUUOwrPS2yRziUDwE","row":"P","number":24,"pricing":{"salePrice":[{"value":7200,"currency":"GBP","decimalPlaces":2}],"faceValue":[{"value":6000,"currency":"GBP","decimalPlaces":2}],"percentageDiscount":0,"includesBookingFee":true,"createdAt":"2021-09-20T22:11:43+0000","promotionLabel":null},"attributes":[],"isRestrictedView":false},{"seatIdentifier":"STALLS-P25","aggregateReference":"eyJ0eXAiOiJKV1QiLCJhbGciOiJIUzI1NiJ9.eyJzdGkiOjcwNzc1MiwicGFpIjoiZW5jb3JldGlja2V0cyIsInByaSI6ODYsInNpIjoiU1RBTExTLVAtMjUifQ.viWXT5EWoRXBF5y9IZlUB3h7Riqa45alGu27nmWdjbE","row":"P","number":25,"pricing":{"salePrice":[{"value":7200,"currency":"GBP","decimalPlaces":2}],"faceValue":[{"value":6000,"currency":"GBP","decimalPlaces":2}],"percentageDiscount":0,"includesBookingFee":true,"createdAt":"2021-09-20T22:11:43+0000","promotionLabel":null},"attributes":[],"isRestrictedView":false},{"seatIdentifier":"STALLS-P26","aggregateReference":"eyJ0eXAiOiJKV1QiLCJhbGciOiJIUzI1NiJ9.eyJzdGkiOjcwNzc1MiwicGFpIjoiZW5jb3JldGlja2V0cyIsInByaSI6ODYsInNpIjoiU1RBTExTLVAtMjYifQ.uoD0gJ7gBPq84pypz08f0G_SN2Ev-zPFUaYzCA5Arsc","row":"P","number":26,"pricing":{"salePrice":[{"value":7200,"currency":"GBP","decimalPlaces":2}],"faceValue":[{"value":6000,"currency":"GBP","decimalPlaces":2}],"percentageDiscount":0,"includesBookingFee":true,"createdAt":"2021-09-20T22:11:43+0000","promotionLabel":null},"attributes":[{"title":"SeatAgainstWall","description":"Seat has one side against a wall","intention":"negative"}],"isRestrictedView":true}],"seatLumps":[{"seats":["STALLS-P23","STALLS-P24"]},{"seats":["STALLS-P25","STALLS-P26"]}]},{"groupIdentifier":"STALLS~Q1;6","aggregateReference":null,"row":"Q","mode":"allocated","seatNumberStart":1,"seatNumberEnd":6,"availableCount":6,"pricing":{"salePrice":[{"value":7200,"currency":"GBP","decimalPlaces":2}],"faceValue":[{"value":6000,"currency":"GBP","decimalPlaces":2}],"percentageDiscount":0,"includesBookingFee":true,"createdAt":"2021-09-20T22:11:43+0000","promotionLabel":null},"seats":[{"seatIdentifier":"STALLS-Q1","aggregateReference":"eyJ0eXAiOiJKV1QiLCJhbGciOiJIUzI1NiJ9.eyJzdGkiOjcwNzc1MiwicGFpIjoiZW5jb3JldGlja2V0cyIsInByaSI6ODYsInNpIjoiU1RBTExTLVEtMSJ9.NzGAkkh3fkj_ffmA_plRCyh_dIkI4sUGt-vVIrt5DLM","row":"Q","number":1,"pricing":{"salePrice":[{"value":7200,"currency":"GBP","decimalPlaces":2}],"faceValue":[{"value":6000,"currency":"GBP","decimalPlaces":2}],"percentageDiscount":0,"includesBookingFee":true,"createdAt":"2021-09-20T22:11:43+0000","promotionLabel":null},"attributes":[{"title":"SeatAgainstWall","description":"Seat has one side against a wall","intention":"negative"}],"isRestrictedView":true},{"seatIdentifier":"STALLS-Q2","aggregateReference":"eyJ0eXAiOiJKV1QiLCJhbGciOiJIUzI1NiJ9.eyJzdGkiOjcwNzc1MiwicGFpIjoiZW5jb3JldGlja2V0cyIsInByaSI6ODYsInNpIjoiU1RBTExTLVEtMiJ9.U4CaQEA8hAk00hsyV-2VE5uePwjOiWuCK3P7uQusDBo","row":"Q","number":2,"pricing":{"salePrice":[{"value":7200,"currency":"GBP","decimalPlaces":2}],"faceValue":[{"value":6000,"currency":"GBP","decimalPlaces":2}],"percentageDiscount":0,"includesBookingFee":true,"createdAt":"2021-09-20T22:11:43+0000","promotionLabel":null},"attributes":[],"isRestrictedView":false},{"seatIdentifier":"STALLS-Q3","aggregateReference":"eyJ0eXAiOiJKV1QiLCJhbGciOiJIUzI1NiJ9.eyJzdGkiOjcwNzc1MiwicGFpIjoiZW5jb3JldGlja2V0cyIsInByaSI6ODYsInNpIjoiU1RBTExTLVEtMyJ9.OuAU8wRkyoe3IUS2OgttdwLH003but1SM3QcyA0O_Bs","row":"Q","number":3,"pricing":{"salePrice":[{"value":7200,"currency":"GBP","decimalPlaces":2}],"faceValue":[{"value":6000,"currency":"GBP","decimalPlaces":2}],"percentageDiscount":0,"includesBookingFee":true,"createdAt":"2021-09-20T22:11:43+0000","promotionLabel":null},"attributes":[],"isRestrictedView":false},{"seatIdentifier":"STALLS-Q4","aggregateReference":"eyJ0eXAiOiJKV1QiLCJhbGciOiJIUzI1NiJ9.eyJzdGkiOjcwNzc1MiwicGFpIjoiZW5jb3JldGlja2V0cyIsInByaSI6ODYsInNpIjoiU1RBTExTLVEtNCJ9.2O-IXukAwYT9lPObwOt09k-IWEsbJ-5m34k5Y2ykFBI","row":"Q","number":4,"pricing":{"salePrice":[{"value":7200,"currency":"GBP","decimalPlaces":2}],"faceValue":[{"value":6000,"currency":"GBP","decimalPlaces":2}],"percentageDiscount":0,"includesBookingFee":true,"createdAt":"2021-09-20T22:11:43+0000","promotionLabel":null},"attributes":[],"isRestrictedView":false},{"seatIdentifier":"STALLS-Q5","aggregateReference":"eyJ0eXAiOiJKV1QiLCJhbGciOiJIUzI1NiJ9.eyJzdGkiOjcwNzc1MiwicGFpIjoiZW5jb3JldGlja2V0cyIsInByaSI6ODYsInNpIjoiU1RBTExTLVEtNSJ9.GPWCLumU4j7HWw3-Am3tBBJJNo8WISpCJaZAIj82y2s","row":"Q","number":5,"pricing":{"salePrice":[{"value":7200,"currency":"GBP","decimalPlaces":2}],"faceValue":[{"value":6000,"currency":"GBP","decimalPlaces":2}],"percentageDiscount":0,"includesBookingFee":true,"createdAt":"2021-09-20T22:11:43+0000","promotionLabel":null},"attributes":[],"isRestrictedView":false},{"seatIdentifier":"STALLS-Q6","aggregateReference":"eyJ0eXAiOiJKV1QiLCJhbGciOiJIUzI1NiJ9.eyJzdGkiOjcwNzc1MiwicGFpIjoiZW5jb3JldGlja2V0cyIsInByaSI6ODYsInNpIjoiU1RBTExTLVEtNiJ9.pBHQNt_3jXNVYy5aDEMaDsakOYChaqCZ09Dg50PcGmo","row":"Q","number":6,"pricing":{"salePrice":[{"value":7200,"currency":"GBP","decimalPlaces":2}],"faceValue":[{"value":6000,"currency":"GBP","decimalPlaces":2}],"percentageDiscount":0,"includesBookingFee":true,"createdAt":"2021-09-20T22:11:43+0000","promotionLabel":null},"attributes":[{"title":"EndOfRow","description":"Seat at end of row","intention":"positive"}],"isRestrictedView":false}],"seatLumps":[{"seats":["STALLS-Q1","STALLS-Q2"]},{"seats":["STALLS-Q3","STALLS-Q4"]},{"seats":["STALLS-Q5","STALLS-Q6"]}]},{"groupIdentifier":"STALLS~Q9;13","aggregateReference":null,"row":"Q","mode":"allocated","seatNumberStart":9,"seatNumberEnd":13,"availableCount":5,"pricing":{"salePrice":[{"value":7200,"currency":"GBP","decimalPlaces":2}],"faceValue":[{"value":6000,"currency":"GBP","decimalPlaces":2}],"percentageDiscount":0,"includesBookingFee":true,"createdAt":"2021-09-20T22:11:43+0000","promotionLabel":null},"seats":[{"seatIdentifier":"STALLS-Q9","aggregateReference":"eyJ0eXAiOiJKV1QiLCJhbGciOiJIUzI1NiJ9.eyJzdGkiOjcwNzc1MiwicGFpIjoiZW5jb3JldGlja2V0cyIsInByaSI6ODYsInNpIjoiU1RBTExTLVEtOSJ9.ZhARkTViB6rKTJ-Q3AHY6qTPJvZJdqdLAkCFNssaBng","row":"Q","number":9,"pricing":{"salePrice":[{"value":7200,"currency":"GBP","decimalPlaces":2}],"faceValue":[{"value":6000,"currency":"GBP","decimalPlaces":2}],"percentageDiscount":0,"includesBookingFee":true,"createdAt":"2021-09-20T22:11:43+0000","promotionLabel":null},"attributes":[],"isRestrictedView":false},{"seatIdentifier":"STALLS-Q10","aggregateReference":"eyJ0eXAiOiJKV1QiLCJhbGciOiJIUzI1NiJ9.eyJzdGkiOjcwNzc1MiwicGFpIjoiZW5jb3JldGlja2V0cyIsInByaSI6ODYsInNpIjoiU1RBTExTLVEtMTAifQ.ULwMZBru3DF8st8LA5Lf6oHsYn2upCOycXnvdhDO0E8","row":"Q","number":10,"pricing":{"salePrice":[{"value":7200,"currency":"GBP","decimalPlaces":2}],"faceValue":[{"value":6000,"currency":"GBP","decimalPlaces":2}],"percentageDiscount":0,"includesBookingFee":true,"createdAt":"2021-09-20T22:11:43+0000","promotionLabel":null},"attributes":[],"isRestrictedView":false},{"seatIdentifier":"STALLS-Q11","aggregateReference":"eyJ0eXAiOiJKV1QiLCJhbGciOiJIUzI1NiJ9.eyJzdGkiOjcwNzc1MiwicGFpIjoiZW5jb3JldGlja2V0cyIsInByaSI6ODYsInNpIjoiU1RBTExTLVEtMTEifQ.64NdSz67cUhyJP9iCvQ9ruKTla8FBO6dLw1In59Im3k","row":"Q","number":11,"pricing":{"salePrice":[{"value":7200,"currency":"GBP","decimalPlaces":2}],"faceValue":[{"value":6000,"currency":"GBP","decimalPlaces":2}],"percentageDiscount":0,"includesBookingFee":true,"createdAt":"2021-09-20T22:11:43+0000","promotionLabel":null},"attributes":[],"isRestrictedView":false},{"seatIdentifier":"STALLS-Q12","aggregateReference":"eyJ0eXAiOiJKV1QiLCJhbGciOiJIUzI1NiJ9.eyJzdGkiOjcwNzc1MiwicGFpIjoiZW5jb3JldGlja2V0cyIsInByaSI6ODYsInNpIjoiU1RBTExTLVEtMTIifQ.ZPlM9ubxi71aDEpFEUZU64kN3_PCJnMPCw6eGAeFhdA","row":"Q","number":12,"pricing":{"salePrice":[{"value":7200,"currency":"GBP","decimalPlaces":2}],"faceValue":[{"value":6000,"currency":"GBP","decimalPlaces":2}],"percentageDiscount":0,"includesBookingFee":true,"createdAt":"2021-09-20T22:11:43+0000","promotionLabel":null},"attributes":[],"isRestrictedView":false},{"seatIdentifier":"STALLS-Q13","aggregateReference":"eyJ0eXAiOiJKV1QiLCJhbGciOiJIUzI1NiJ9.eyJzdGkiOjcwNzc1MiwicGFpIjoiZW5jb3JldGlja2V0cyIsInByaSI6ODYsInNpIjoiU1RBTExTLVEtMTMifQ.udxcqx2nOAP_Si0TqY_gii3IZaj7tT-X1xv1FyZ-J5A","row":"Q","number":13,"pricing":{"salePrice":[{"value":7200,"currency":"GBP","decimalPlaces":2}],"faceValue":[{"value":6000,"currency":"GBP","decimalPlaces":2}],"percentageDiscount":0,"includesBookingFee":true,"createdAt":"2021-09-20T22:11:43+0000","promotionLabel":null},"attributes":[],"isRestrictedView":false}],"seatLumps":[{"seats":["STALLS-Q9","STALLS-Q10"]},{"seats":["STALLS-Q12","STALLS-Q13"]}]},{"groupIdentifier":"STALLS~Q16;18","aggregateReference":null,"row":"Q","mode":"allocated","seatNumberStart":16,"seatNumberEnd":18,"availableCount":3,"pricing":{"salePrice":[{"value":7200,"currency":"GBP","decimalPlaces":2}],"faceValue":[{"value":6000,"currency":"GBP","decimalPlaces":2}],"percentageDiscount":0,"includesBookingFee":true,"createdAt":"2021-09-20T22:11:43+0000","promotionLabel":null},"seats":[{"seatIdentifier":"STALLS-Q16","aggregateReference":"eyJ0eXAiOiJKV1QiLCJhbGciOiJIUzI1NiJ9.eyJzdGkiOjcwNzc1MiwicGFpIjoiZW5jb3JldGlja2V0cyIsInByaSI6ODYsInNpIjoiU1RBTExTLVEtMTYifQ.HvQn1RQA-DnbGtj1eZNAdoHwAw_3wr26VoCeoTr_ezQ","row":"Q","number":16,"pricing":{"salePrice":[{"value":7200,"currency":"GBP","decimalPlaces":2}],"faceValue":[{"value":6000,"currency":"GBP","decimalPlaces":2}],"percentageDiscount":0,"includesBookingFee":true,"createdAt":"2021-09-20T22:11:43+0000","promotionLabel":null},"attributes":[],"isRestrictedView":false},{"seatIdentifier":"STALLS-Q17","aggregateReference":"eyJ0eXAiOiJKV1QiLCJhbGciOiJIUzI1NiJ9.eyJzdGkiOjcwNzc1MiwicGFpIjoiZW5jb3JldGlja2V0cyIsInByaSI6ODYsInNpIjoiU1RBTExTLVEtMTcifQ.jFQe95TPX7lQk6nJmb2NCnhHPdV7YkCko_NitxoBQSE","row":"Q","number":17,"pricing":{"salePrice":[{"value":7200,"currency":"GBP","decimalPlaces":2}],"faceValue":[{"value":6000,"currency":"GBP","decimalPlaces":2}],"percentageDiscount":0,"includesBookingFee":true,"createdAt":"2021-09-20T22:11:43+0000","promotionLabel":null},"attributes":[],"isRestrictedView":false},{"seatIdentifier":"STALLS-Q18","aggregateReference":"eyJ0eXAiOiJKV1QiLCJhbGciOiJIUzI1NiJ9.eyJzdGkiOjcwNzc1MiwicGFpIjoiZW5jb3JldGlja2V0cyIsInByaSI6ODYsInNpIjoiU1RBTExTLVEtMTgifQ.Bld28XJjmU1ko_hVSoi9h3HhyTfcmSqqTc-lx3-tGnE","row":"Q","number":18,"pricing":{"salePrice":[{"value":7200,"currency":"GBP","decimalPlaces":2}],"faceValue":[{"value":6000,"currency":"GBP","decimalPlaces":2}],"percentageDiscount":0,"includesBookingFee":true,"createdAt":"2021-09-20T22:11:43+0000","promotionLabel":null},"attributes":[],"isRestrictedView":false}],"seatLumps":[{"seats":["STALLS-Q16","STALLS-Q17"]},{"seats":["STALLS-Q17","STALLS-Q18"]}]},{"groupIdentifier":"STALLS~Q21;26","aggregateReference":null,"row":"Q","mode":"allocated","seatNumberStart":21,"seatNumberEnd":26,"availableCount":6,"pricing":{"salePrice":[{"value":7200,"currency":"GBP","decimalPlaces":2}],"faceValue":[{"value":6000,"currency":"GBP","decimalPlaces":2}],"percentageDiscount":0,"includesBookingFee":true,"createdAt":"2021-09-20T22:11:43+0000","promotionLabel":null},"seats":[{"seatIdentifier":"STALLS-Q21","aggregateReference":"eyJ0eXAiOiJKV1QiLCJhbGciOiJIUzI1NiJ9.eyJzdGkiOjcwNzc1MiwicGFpIjoiZW5jb3JldGlja2V0cyIsInByaSI6ODYsInNpIjoiU1RBTExTLVEtMjEifQ.e8iKQPi2TeNNbJaE9aJS3FUWOnxLwrIYf3GsDiU-3e4","row":"Q","number":21,"pricing":{"salePrice":[{"value":7200,"currency":"GBP","decimalPlaces":2}],"faceValue":[{"value":6000,"currency":"GBP","decimalPlaces":2}],"percentageDiscount":0,"includesBookingFee":true,"createdAt":"2021-09-20T22:11:43+0000","promotionLabel":null},"attributes":[{"title":"EndOfRow","description":"Seat at end of row","intention":"positive"}],"isRestrictedView":false},{"seatIdentifier":"STALLS-Q22","aggregateReference":"eyJ0eXAiOiJKV1QiLCJhbGciOiJIUzI1NiJ9.eyJzdGkiOjcwNzc1MiwicGFpIjoiZW5jb3JldGlja2V0cyIsInByaSI6ODYsInNpIjoiU1RBTExTLVEtMjIifQ.6P6DjO3zxiGEYE58de7PqNA5d23_WKwmKMHu2KWUg2Q","row":"Q","number":22,"pricing":{"salePrice":[{"value":7200,"currency":"GBP","decimalPlaces":2}],"faceValue":[{"value":6000,"currency":"GBP","decimalPlaces":2}],"percentageDiscount":0,"includesBookingFee":true,"createdAt":"2021-09-20T22:11:43+0000","promotionLabel":null},"attributes":[],"isRestrictedView":false},{"seatIdentifier":"STALLS-Q23","aggregateReference":"eyJ0eXAiOiJKV1QiLCJhbGciOiJIUzI1NiJ9.eyJzdGkiOjcwNzc1MiwicGFpIjoiZW5jb3JldGlja2V0cyIsInByaSI6ODYsInNpIjoiU1RBTExTLVEtMjMifQ._VM-ooF1UxYpJKvtcM8tGJJhN_fWgW0bzBo3IfbMjbA","row":"Q","number":23,"pricing":{"salePrice":[{"value":7200,"currency":"GBP","decimalPlaces":2}],"faceValue":[{"value":6000,"currency":"GBP","decimalPlaces":2}],"percentageDiscount":0,"includesBookingFee":true,"createdAt":"2021-09-20T22:11:43+0000","promotionLabel":null},"attributes":[],"isRestrictedView":false},{"seatIdentifier":"STALLS-Q24","aggregateReference":"eyJ0eXAiOiJKV1QiLCJhbGciOiJIUzI1NiJ9.eyJzdGkiOjcwNzc1MiwicGFpIjoiZW5jb3JldGlja2V0cyIsInByaSI6ODYsInNpIjoiU1RBTExTLVEtMjQifQ.vTVZXzGWjIyWq4imRuGUuPB4skgeg5fh3Y2nGzIQyaE","row":"Q","number":24,"pricing":{"salePrice":[{"value":7200,"currency":"GBP","decimalPlaces":2}],"faceValue":[{"value":6000,"currency":"GBP","decimalPlaces":2}],"percentageDiscount":0,"includesBookingFee":true,"createdAt":"2021-09-20T22:11:43+0000","promotionLabel":null},"attributes":[],"isRestrictedView":false},{"seatIdentifier":"STALLS-Q25","aggregateReference":"eyJ0eXAiOiJKV1QiLCJhbGciOiJIUzI1NiJ9.eyJzdGkiOjcwNzc1MiwicGFpIjoiZW5jb3JldGlja2V0cyIsInByaSI6ODYsInNpIjoiU1RBTExTLVEtMjUifQ.ZSWEJvwb6qPC7CGieWJ97_dTvht-MWu-tAzAno9c69U","row":"Q","number":25,"pricing":{"salePrice":[{"value":7200,"currency":"GBP","decimalPlaces":2}],"faceValue":[{"value":6000,"currency":"GBP","decimalPlaces":2}],"percentageDiscount":0,"includesBookingFee":true,"createdAt":"2021-09-20T22:11:43+0000","promotionLabel":null},"attributes":[],"isRestrictedView":false},{"seatIdentifier":"STALLS-Q26","aggregateReference":"eyJ0eXAiOiJKV1QiLCJhbGciOiJIUzI1NiJ9.eyJzdGkiOjcwNzc1MiwicGFpIjoiZW5jb3JldGlja2V0cyIsInByaSI6ODYsInNpIjoiU1RBTExTLVEtMjYifQ.mZRZ_GxGgX_aYWQNl1eQB6CJftNiwQuOjefy3jVGd6A","row":"Q","number":26,"pricing":{"salePrice":[{"value":7200,"currency":"GBP","decimalPlaces":2}],"faceValue":[{"value":6000,"currency":"GBP","decimalPlaces":2}],"percentageDiscount":0,"includesBookingFee":true,"createdAt":"2021-09-20T22:11:43+0000","promotionLabel":null},"attributes":[{"title":"SeatAgainstWall","description":"Seat has one side against a wall","intention":"negative"}],"isRestrictedView":true}],"seatLumps":[{"seats":["STALLS-Q21","STALLS-Q22"]},{"seats":["STALLS-Q23","STALLS-Q24"]},{"seats":["STALLS-Q25","STALLS-Q26"]}]},{"groupIdentifier":"STALLS~R1;6","aggregateReference":null,"row":"R","mode":"allocated","seatNumberStart":1,"seatNumberEnd":6,"availableCount":6,"pricing":{"salePrice":[{"value":7200,"currency":"GBP","decimalPlaces":2}],"faceValue":[{"value":6000,"currency":"GBP","decimalPlaces":2}],"percentageDiscount":0,"includesBookingFee":true,"createdAt":"2021-09-20T22:11:43+0000","promotionLabel":null},"seats":[{"seatIdentifier":"STALLS-R1","aggregateReference":"eyJ0eXAiOiJKV1QiLCJhbGciOiJIUzI1NiJ9.eyJzdGkiOjcwNzc1MiwicGFpIjoiZW5jb3JldGlja2V0cyIsInByaSI6ODYsInNpIjoiU1RBTExTLVItMSJ9.RfGNt0l-gMtcD0nGft0FwsX1DVzdvVhU81RJTFKZ0Lc","row":"R","number":1,"pricing":{"salePrice":[{"value":7200,"currency":"GBP","decimalPlaces":2}],"faceValue":[{"value":6000,"currency":"GBP","decimalPlaces":2}],"percentageDiscount":0,"includesBookingFee":true,"createdAt":"2021-09-20T22:11:43+0000","promotionLabel":null},"attributes":[{"title":"SeatAgainstWall","description":"Seat has one side against a wall","intention":"negative"}],"isRestrictedView":true},{"seatIdentifier":"STALLS-R2","aggregateReference":"eyJ0eXAiOiJKV1QiLCJhbGciOiJIUzI1NiJ9.eyJzdGkiOjcwNzc1MiwicGFpIjoiZW5jb3JldGlja2V0cyIsInByaSI6ODYsInNpIjoiU1RBTExTLVItMiJ9.yYNJ68wNyn1M_jgDvZJrH5C9vAmpKZ_HPJIvkwF5xtM","row":"R","number":2,"pricing":{"salePrice":[{"value":7200,"currency":"GBP","decimalPlaces":2}],"faceValue":[{"value":6000,"currency":"GBP","decimalPlaces":2}],"percentageDiscount":0,"includesBookingFee":true,"createdAt":"2021-09-20T22:11:43+0000","promotionLabel":null},"attributes":[],"isRestrictedView":false},{"seatIdentifier":"STALLS-R3","aggregateReference":"eyJ0eXAiOiJKV1QiLCJhbGciOiJIUzI1NiJ9.eyJzdGkiOjcwNzc1MiwicGFpIjoiZW5jb3JldGlja2V0cyIsInByaSI6ODYsInNpIjoiU1RBTExTLVItMyJ9.JIMPLMVP56zYI8paZPvY9pASo8EgTiih1YO0pmDivuE","row":"R","number":3,"pricing":{"salePrice":[{"value":7200,"currency":"GBP","decimalPlaces":2}],"faceValue":[{"value":6000,"currency":"GBP","decimalPlaces":2}],"percentageDiscount":0,"includesBookingFee":true,"createdAt":"2021-09-20T22:11:43+0000","promotionLabel":null},"attributes":[],"isRestrictedView":false},{"seatIdentifier":"STALLS-R4","aggregateReference":"eyJ0eXAiOiJKV1QiLCJhbGciOiJIUzI1NiJ9.eyJzdGkiOjcwNzc1MiwicGFpIjoiZW5jb3JldGlja2V0cyIsInByaSI6ODYsInNpIjoiU1RBTExTLVItNCJ9.13E5RsQYD0SoA-dAOUftrnvSRlc7pWtFrSoBCk6Nfj8","row":"R","number":4,"pricing":{"salePrice":[{"value":7200,"currency":"GBP","decimalPlaces":2}],"faceValue":[{"value":6000,"currency":"GBP","decimalPlaces":2}],"percentageDiscount":0,"includesBookingFee":true,"createdAt":"2021-09-20T22:11:43+0000","promotionLabel":null},"attributes":[],"isRestrictedView":false},{"seatIdentifier":"STALLS-R5","aggregateReference":"eyJ0eXAiOiJKV1QiLCJhbGciOiJIUzI1NiJ9.eyJzdGkiOjcwNzc1MiwicGFpIjoiZW5jb3JldGlja2V0cyIsInByaSI6ODYsInNpIjoiU1RBTExTLVItNSJ9.AouyF-IIgalHrNd0rN7eS1tvh2xUM97Ng3ERDGGCqoY","row":"R","number":5,"pricing":{"salePrice":[{"value":7200,"currency":"GBP","decimalPlaces":2}],"faceValue":[{"value":6000,"currency":"GBP","decimalPlaces":2}],"percentageDiscount":0,"includesBookingFee":true,"createdAt":"2021-09-20T22:11:43+0000","promotionLabel":null},"attributes":[],"isRestrictedView":false},{"seatIdentifier":"STALLS-R6","aggregateReference":"eyJ0eXAiOiJKV1QiLCJhbGciOiJIUzI1NiJ9.eyJzdGkiOjcwNzc1MiwicGFpIjoiZW5jb3JldGlja2V0cyIsInByaSI6ODYsInNpIjoiU1RBTExTLVItNiJ9.AHSqrXIDLqZwcgFW9a3ieWShW5rXWpuQTLqGijlii0k","row":"R","number":6,"pricing":{"salePrice":[{"value":7200,"currency":"GBP","decimalPlaces":2}],"faceValue":[{"value":6000,"currency":"GBP","decimalPlaces":2}],"percentageDiscount":0,"includesBookingFee":true,"createdAt":"2021-09-20T22:11:43+0000","promotionLabel":null},"attributes":[{"title":"EndOfRow","description":"Seat at end of row","intention":"positive"}],"isRestrictedView":false}],"seatLumps":[{"seats":["STALLS-R1","STALLS-R2"]},{"seats":["STALLS-R3","STALLS-R4"]},{"seats":["STALLS-R5","STALLS-R6"]}]},{"groupIdentifier":"STALLS~R7;21","aggregateReference":null,"row":"R","mode":"allocated","seatNumberStart":7,"seatNumberEnd":21,"availableCount":15,"pricing":{"salePrice":[{"value":7200,"currency":"GBP","decimalPlaces":2}],"faceValue":[{"value":6000,"currency":"GBP","decimalPlaces":2}],"percentageDiscount":0,"includesBookingFee":true,"createdAt":"2021-09-20T22:11:43+0000","promotionLabel":null},"seats":[{"seatIdentifier":"STALLS-R7","aggregateReference":"eyJ0eXAiOiJKV1QiLCJhbGciOiJIUzI1NiJ9.eyJzdGkiOjcwNzc1MiwicGFpIjoiZW5jb3JldGlja2V0cyIsInByaSI6ODYsInNpIjoiU1RBTExTLVItNyJ9.ZFBC5zMOevIvN7Tdt7GXOh6TXusDBq_ep0rM_UDjM7k","row":"R","number":7,"pricing":{"salePrice":[{"value":7200,"currency":"GBP","decimalPlaces":2}],"faceValue":[{"value":6000,"currency":"GBP","decimalPlaces":2}],"percentageDiscount":0,"includesBookingFee":true,"createdAt":"2021-09-20T22:11:43+0000","promotionLabel":null},"attributes":[{"title":"EndOfRow","description":"Seat at end of row","intention":"positive"}],"isRestrictedView":false},{"seatIdentifier":"STALLS-R8","aggregateReference":"eyJ0eXAiOiJKV1QiLCJhbGciOiJIUzI1NiJ9.eyJzdGkiOjcwNzc1MiwicGFpIjoiZW5jb3JldGlja2V0cyIsInByaSI6ODYsInNpIjoiU1RBTExTLVItOCJ9.GVZoZXeTXWXChogweh0NWrS0pUTRARh5j8Fqm3fDGhk","row":"R","number":8,"pricing":{"salePrice":[{"value":7200,"currency":"GBP","decimalPlaces":2}],"faceValue":[{"value":6000,"currency":"GBP","decimalPlaces":2}],"percentageDiscount":0,"includesBookingFee":true,"createdAt":"2021-09-20T22:11:43+0000","promotionLabel":null},"attributes":[],"isRestrictedView":false},{"seatIdentifier":"STALLS-R9","aggregateReference":"eyJ0eXAiOiJKV1QiLCJhbGciOiJIUzI1NiJ9.eyJzdGkiOjcwNzc1MiwicGFpIjoiZW5jb3JldGlja2V0cyIsInByaSI6ODYsInNpIjoiU1RBTExTLVItOSJ9.jKWnxUelJY0dIXett8bEIemQqLsL-DD1bSgIFDSJP_4","row":"R","number":9,"pricing":{"salePrice":[{"value":7200,"currency":"GBP","decimalPlaces":2}],"faceValue":[{"value":6000,"currency":"GBP","decimalPlaces":2}],"percentageDiscount":0,"includesBookingFee":true,"createdAt":"2021-09-20T22:11:43+0000","promotionLabel":null},"attributes":[],"isRestrictedView":false},{"seatIdentifier":"STALLS-R10","aggregateReference":"eyJ0eXAiOiJKV1QiLCJhbGciOiJIUzI1NiJ9.eyJzdGkiOjcwNzc1MiwicGFpIjoiZW5jb3JldGlja2V0cyIsInByaSI6ODYsInNpIjoiU1RBTExTLVItMTAifQ.dKTBAlubq5O2ASiZ9D7zb_Mup1aljqx6yjJPVv5CW04","row":"R","number":10,"pricing":{"salePrice":[{"value":7200,"currency":"GBP","decimalPlaces":2}],"faceValue":[{"value":6000,"currency":"GBP","decimalPlaces":2}],"percentageDiscount":0,"includesBookingFee":true,"createdAt":"2021-09-20T22:11:43+0000","promotionLabel":null},"attributes":[],"isRestrictedView":false},{"seatIdentifier":"STALLS-R11","aggregateReference":"eyJ0eXAiOiJKV1QiLCJhbGciOiJIUzI1NiJ9.eyJzdGkiOjcwNzc1MiwicGFpIjoiZW5jb3JldGlja2V0cyIsInByaSI6ODYsInNpIjoiU1RBTExTLVItMTEifQ.USfJgMZ0FW9RZGQS7K4jNmmO5H5vtnofGseSe1TQ19g","row":"R","number":11,"pricing":{"salePrice":[{"value":7200,"currency":"GBP","decimalPlaces":2}],"faceValue":[{"value":6000,"currency":"GBP","decimalPlaces":2}],"percentageDiscount":0,"includesBookingFee":true,"createdAt":"2021-09-20T22:11:43+0000","promotionLabel":null},"attributes":[],"isRestrictedView":false},{"seatIdentifier":"STALLS-R12","aggregateReference":"eyJ0eXAiOiJKV1QiLCJhbGciOiJIUzI1NiJ9.eyJzdGkiOjcwNzc1MiwicGFpIjoiZW5jb3JldGlja2V0cyIsInByaSI6ODYsInNpIjoiU1RBTExTLVItMTIifQ.vXyxWswkPDWOh-tbgK3xXlrIvtneCd-cgAUf5OLTNrI","row":"R","number":12,"pricing":{"salePrice":[{"value":7200,"currency":"GBP","decimalPlaces":2}],"faceValue":[{"value":6000,"currency":"GBP","decimalPlaces":2}],"percentageDiscount":0,"includesBookingFee":true,"createdAt":"2021-09-20T22:11:43+0000","promotionLabel":null},"attributes":[],"isRestrictedView":false},{"seatIdentifier":"STALLS-R13","aggregateReference":"eyJ0eXAiOiJKV1QiLCJhbGciOiJIUzI1NiJ9.eyJzdGkiOjcwNzc1MiwicGFpIjoiZW5jb3JldGlja2V0cyIsInByaSI6ODYsInNpIjoiU1RBTExTLVItMTMifQ.e824JdK6ogFXEMjEzoyaY8sA-C1GHa1FQcMY6hL_hIU","row":"R","number":13,"pricing":{"salePrice":[{"value":7200,"currency":"GBP","decimalPlaces":2}],"faceValue":[{"value":6000,"currency":"GBP","decimalPlaces":2}],"percentageDiscount":0,"includesBookingFee":true,"createdAt":"2021-09-20T22:11:43+0000","promotionLabel":null},"attributes":[],"isRestrictedView":false},{"seatIdentifier":"STALLS-R14","aggregateReference":"eyJ0eXAiOiJKV1QiLCJhbGciOiJIUzI1NiJ9.eyJzdGkiOjcwNzc1MiwicGFpIjoiZW5jb3JldGlja2V0cyIsInByaSI6ODYsInNpIjoiU1RBTExTLVItMTQifQ.57fbKgdmSpPzRy4OZOpynJGB6sLEW-mkVm13dM75-tQ","row":"R","number":14,"pricing":{"salePrice":[{"value":7200,"currency":"GBP","decimalPlaces":2}],"faceValue":[{"value":6000,"currency":"GBP","decimalPlaces":2}],"percentageDiscount":0,"includesBookingFee":true,"createdAt":"2021-09-20T22:11:43+0000","promotionLabel":null},"attributes":[],"isRestrictedView":false},{"seatIdentifier":"STALLS-R15","aggregateReference":"eyJ0eXAiOiJKV1QiLCJhbGciOiJIUzI1NiJ9.eyJzdGkiOjcwNzc1MiwicGFpIjoiZW5jb3JldGlja2V0cyIsInByaSI6ODYsInNpIjoiU1RBTExTLVItMTUifQ.KGrjiWTodIq6wyF_Owa180keDwND-1XtzgFg2KtI_uM","row":"R","number":15,"pricing":{"salePrice":[{"value":7200,"currency":"GBP","decimalPlaces":2}],"faceValue":[{"value":6000,"currency":"GBP","decimalPlaces":2}],"percentageDiscount":0,"includesBookingFee":true,"createdAt":"2021-09-20T22:11:43+0000","promotionLabel":null},"attributes":[],"isRestrictedView":false},{"seatIdentifier":"STALLS-R16","aggregateReference":"eyJ0eXAiOiJKV1QiLCJhbGciOiJIUzI1NiJ9.eyJzdGkiOjcwNzc1MiwicGFpIjoiZW5jb3JldGlja2V0cyIsInByaSI6ODYsInNpIjoiU1RBTExTLVItMTYifQ.YwLm4xkw2DUXRizsHszT4OHnxVYe9CpTb39amLQrBBI","row":"R","number":16,"pricing":{"salePrice":[{"value":7200,"currency":"GBP","decimalPlaces":2}],"faceValue":[{"value":6000,"currency":"GBP","decimalPlaces":2}],"percentageDiscount":0,"includesBookingFee":true,"createdAt":"2021-09-20T22:11:43+0000","promotionLabel":null},"attributes":[],"isRestrictedView":false},{"seatIdentifier":"STALLS-R17","aggregateReference":"eyJ0eXAiOiJKV1QiLCJhbGciOiJIUzI1NiJ9.eyJzdGkiOjcwNzc1MiwicGFpIjoiZW5jb3JldGlja2V0cyIsInByaSI6ODYsInNpIjoiU1RBTExTLVItMTcifQ.GxRAHwodapUE1oIWAMIVWZOOOb4nD0AX7MRLIFCpZzU","row":"R","number":17,"pricing":{"salePrice":[{"value":7200,"currency":"GBP","decimalPlaces":2}],"faceValue":[{"value":6000,"currency":"GBP","decimalPlaces":2}],"percentageDiscount":0,"includesBookingFee":true,"createdAt":"2021-09-20T22:11:43+0000","promotionLabel":null},"attributes":[],"isRestrictedView":false},{"seatIdentifier":"STALLS-R18","aggregateReference":"eyJ0eXAiOiJKV1QiLCJhbGciOiJIUzI1NiJ9.eyJzdGkiOjcwNzc1MiwicGFpIjoiZW5jb3JldGlja2V0cyIsInByaSI6ODYsInNpIjoiU1RBTExTLVItMTgifQ.nqmtAyNS-hSwP8OPO6aOXPPvo2qkYxTmDZFzJXNTzHw","row":"R","number":18,"pricing":{"salePrice":[{"value":7200,"currency":"GBP","decimalPlaces":2}],"faceValue":[{"value":6000,"currency":"GBP","decimalPlaces":2}],"percentageDiscount":0,"includesBookingFee":true,"createdAt":"2021-09-20T22:11:43+0000","promotionLabel":null},"attributes":[],"isRestrictedView":false},{"seatIdentifier":"STALLS-R19","aggregateReference":"eyJ0eXAiOiJKV1QiLCJhbGciOiJIUzI1NiJ9.eyJzdGkiOjcwNzc1MiwicGFpIjoiZW5jb3JldGlja2V0cyIsInByaSI6ODYsInNpIjoiU1RBTExTLVItMTkifQ.xPSOD9Wzz30kDbVFU6LOvZQCW427Pu5MJ8A3z4GWb5k","row":"R","number":19,"pricing":{"salePrice":[{"value":7200,"currency":"GBP","decimalPlaces":2}],"faceValue":[{"value":6000,"currency":"GBP","decimalPlaces":2}],"percentageDiscount":0,"includesBookingFee":true,"createdAt":"2021-09-20T22:11:43+0000","promotionLabel":null},"attributes":[],"isRestrictedView":false},{"seatIdentifier":"STALLS-R20","aggregateReference":"eyJ0eXAiOiJKV1QiLCJhbGciOiJIUzI1NiJ9.eyJzdGkiOjcwNzc1MiwicGFpIjoiZW5jb3JldGlja2V0cyIsInByaSI6ODYsInNpIjoiU1RBTExTLVItMjAifQ.Ugyukd4wnVAhWBWqy2LbxXus14RUF9ZUMFRgMEI5gfs","row":"R","number":20,"pricing":{"salePrice":[{"value":7200,"currency":"GBP","decimalPlaces":2}],"faceValue":[{"value":6000,"currency":"GBP","decimalPlaces":2}],"percentageDiscount":0,"includesBookingFee":true,"createdAt":"2021-09-20T22:11:43+0000","promotionLabel":null},"attributes":[],"isRestrictedView":false},{"seatIdentifier":"STALLS-R21","aggregateReference":"eyJ0eXAiOiJKV1QiLCJhbGciOiJIUzI1NiJ9.eyJzdGkiOjcwNzc1MiwicGFpIjoiZW5jb3JldGlja2V0cyIsInByaSI6ODYsInNpIjoiU1RBTExTLVItMjEifQ.fsfSMgBCa8Mv1yH_hyosm3zHDK4mnO948rfiIcIkybY","row":"R","number":21,"pricing":{"salePrice":[{"value":7200,"currency":"GBP","decimalPlaces":2}],"faceValue":[{"value":6000,"currency":"GBP","decimalPlaces":2}],"percentageDiscount":0,"includesBookingFee":true,"createdAt":"2021-09-20T22:11:43+0000","promotionLabel":null},"attributes":[{"title":"EndOfRow","description":"Seat at end of row","intention":"positive"}],"isRestrictedView":false}],"seatLumps":[{"seats":["STALLS-R7","STALLS-R8"]},{"seats":["STALLS-R9","STALLS-R10"]},{"seats":["STALLS-R10","STALLS-R11"]},{"seats":["STALLS-R11","STALLS-R12"]},{"seats":["STALLS-R12","STALLS-R13"]},{"seats":["STALLS-R13","STALLS-R14"]},{"seats":["STALLS-R14","STALLS-R15"]},{"seats":["STALLS-R15","STALLS-R16"]},{"seats":["STALLS-R16","STALLS-R17"]},{"seats":["STALLS-R17","STALLS-R18"]},{"seats":["STALLS-R18","STALLS-R19"]},{"seats":["STALLS-R20","STALLS-R21"]}]},{"groupIdentifier":"STALLS~R22;27","aggregateReference":null,"row":"R","mode":"allocated","seatNumberStart":22,"seatNumberEnd":27,"availableCount":6,"pricing":{"salePrice":[{"value":7200,"currency":"GBP","decimalPlaces":2}],"faceValue":[{"value":6000,"currency":"GBP","decimalPlaces":2}],"percentageDiscount":0,"includesBookingFee":true,"createdAt":"2021-09-20T22:11:43+0000","promotionLabel":null},"seats":[{"seatIdentifier":"STALLS-R22","aggregateReference":"eyJ0eXAiOiJKV1QiLCJhbGciOiJIUzI1NiJ9.eyJzdGkiOjcwNzc1MiwicGFpIjoiZW5jb3JldGlja2V0cyIsInByaSI6ODYsInNpIjoiU1RBTExTLVItMjIifQ.IFxd8t17eiKbCV1i4WbuAeGXhsDTlnq8apEUx4RUVO0","row":"R","number":22,"pricing":{"salePrice":[{"value":7200,"currency":"GBP","decimalPlaces":2}],"faceValue":[{"value":6000,"currency":"GBP","decimalPlaces":2}],"percentageDiscount":0,"includesBookingFee":true,"createdAt":"2021-09-20T22:11:43+0000","promotionLabel":null},"attributes":[{"title":"EndOfRow","description":"Seat at end of row","intention":"positive"}],"isRestrictedView":false},{"seatIdentifier":"STALLS-R23","aggregateReference":"eyJ0eXAiOiJKV1QiLCJhbGciOiJIUzI1NiJ9.eyJzdGkiOjcwNzc1MiwicGFpIjoiZW5jb3JldGlja2V0cyIsInByaSI6ODYsInNpIjoiU1RBTExTLVItMjMifQ.q9a9Iv5VaQJRmWnPhYfzEJxR5AxZmHDIiMxXF1_Q7i4","row":"R","number":23,"pricing":{"salePrice":[{"value":7200,"currency":"GBP","decimalPlaces":2}],"faceValue":[{"value":6000,"currency":"GBP","decimalPlaces":2}],"percentageDiscount":0,"includesBookingFee":true,"createdAt":"2021-09-20T22:11:43+0000","promotionLabel":null},"attributes":[],"isRestrictedView":false},{"seatIdentifier":"STALLS-R24","aggregateReference":"eyJ0eXAiOiJKV1QiLCJhbGciOiJIUzI1NiJ9.eyJzdGkiOjcwNzc1MiwicGFpIjoiZW5jb3JldGlja2V0cyIsInByaSI6ODYsInNpIjoiU1RBTExTLVItMjQifQ.LYAeOyhIFLFo8jv61tXpBMz99Fr0dpO_Ia666Tixiec","row":"R","number":24,"pricing":{"salePrice":[{"value":7200,"currency":"GBP","decimalPlaces":2}],"faceValue":[{"value":6000,"currency":"GBP","decimalPlaces":2}],"percentageDiscount":0,"includesBookingFee":true,"createdAt":"2021-09-20T22:11:43+0000","promotionLabel":null},"attributes":[],"isRestrictedView":false},{"seatIdentifier":"STALLS-R25","aggregateReference":"eyJ0eXAiOiJKV1QiLCJhbGciOiJIUzI1NiJ9.eyJzdGkiOjcwNzc1MiwicGFpIjoiZW5jb3JldGlja2V0cyIsInByaSI6ODYsInNpIjoiU1RBTExTLVItMjUifQ.dQLloxmrOsE9f-X61rZI9k1XS2qwI73DhaD6k8UMPUU","row":"R","number":25,"pricing":{"salePrice":[{"value":7200,"currency":"GBP","decimalPlaces":2}],"faceValue":[{"value":6000,"currency":"GBP","decimalPlaces":2}],"percentageDiscount":0,"includesBookingFee":true,"createdAt":"2021-09-20T22:11:43+0000","promotionLabel":null},"attributes":[],"isRestrictedView":false},{"seatIdentifier":"STALLS-R26","aggregateReference":"eyJ0eXAiOiJKV1QiLCJhbGciOiJIUzI1NiJ9.eyJzdGkiOjcwNzc1MiwicGFpIjoiZW5jb3JldGlja2V0cyIsInByaSI6ODYsInNpIjoiU1RBTExTLVItMjYifQ.sP1pgbROt4z095pa42ARAHZxJjivTipMUcIJVp5FVNs","row":"R","number":26,"pricing":{"salePrice":[{"value":7200,"currency":"GBP","decimalPlaces":2}],"faceValue":[{"value":6000,"currency":"GBP","decimalPlaces":2}],"percentageDiscount":0,"includesBookingFee":true,"createdAt":"2021-09-20T22:11:43+0000","promotionLabel":null},"attributes":[],"isRestrictedView":false},{"seatIdentifier":"STALLS-R27","aggregateReference":"eyJ0eXAiOiJKV1QiLCJhbGciOiJIUzI1NiJ9.eyJzdGkiOjcwNzc1MiwicGFpIjoiZW5jb3JldGlja2V0cyIsInByaSI6ODYsInNpIjoiU1RBTExTLVItMjcifQ.JLhPusRJZtOR_GTzIIwNqX-SNnB9tNNfPLuW3HuSh-g","row":"R","number":27,"pricing":{"salePrice":[{"value":7200,"currency":"GBP","decimalPlaces":2}],"faceValue":[{"value":6000,"currency":"GBP","decimalPlaces":2}],"percentageDiscount":0,"includesBookingFee":true,"createdAt":"2021-09-20T22:11:43+0000","promotionLabel":null},"attributes":[{"title":"SeatAgainstWall","description":"Seat has one side against a wall","intention":"negative"}],"isRestrictedView":true}],"seatLumps":[{"seats":["STALLS-R22","STALLS-R23"]},{"seats":["STALLS-R24","STALLS-R25"]},{"seats":["STALLS-R26","STALLS-R27"]}]},{"groupIdentifier":"STALLS~S1;6","aggregateReference":null,"row":"S","mode":"allocated","seatNumberStart":1,"seatNumberEnd":6,"availableCount":6,"pricing":{"salePrice":[{"value":7200,"currency":"GBP","decimalPlaces":2}],"faceValue":[{"value":6000,"currency":"GBP","decimalPlaces":2}],"percentageDiscount":0,"includesBookingFee":true,"createdAt":"2021-09-20T22:11:43+0000","promotionLabel":null},"seats":[{"seatIdentifier":"STALLS-S1","aggregateReference":"eyJ0eXAiOiJKV1QiLCJhbGciOiJIUzI1NiJ9.eyJzdGkiOjcwNzc1MiwicGFpIjoiZW5jb3JldGlja2V0cyIsInByaSI6ODYsInNpIjoiU1RBTExTLVMtMSJ9.WYKKbbt_xAs-cIGYReVoqggdqyJQTpCkYKUeaPYyz5E","row":"S","number":1,"pricing":{"salePrice":[{"value":7200,"currency":"GBP","decimalPlaces":2}],"faceValue":[{"value":6000,"currency":"GBP","decimalPlaces":2}],"percentageDiscount":0,"includesBookingFee":true,"createdAt":"2021-09-20T22:11:43+0000","promotionLabel":null},"attributes":[{"title":"SeatAgainstWall","description":"Seat has one side against a wall","intention":"negative"}],"isRestrictedView":true},{"seatIdentifier":"STALLS-S2","aggregateReference":"eyJ0eXAiOiJKV1QiLCJhbGciOiJIUzI1NiJ9.eyJzdGkiOjcwNzc1MiwicGFpIjoiZW5jb3JldGlja2V0cyIsInByaSI6ODYsInNpIjoiU1RBTExTLVMtMiJ9.jTK1QX75_xM4b9TEeEpelJDNJWlMamg8nAb_qHXHlmE","row":"S","number":2,"pricing":{"salePrice":[{"value":7200,"currency":"GBP","decimalPlaces":2}],"faceValue":[{"value":6000,"currency":"GBP","decimalPlaces":2}],"percentageDiscount":0,"includesBookingFee":true,"createdAt":"2021-09-20T22:11:43+0000","promotionLabel":null},"attributes":[],"isRestrictedView":false},{"seatIdentifier":"STALLS-S3","aggregateReference":"eyJ0eXAiOiJKV1QiLCJhbGciOiJIUzI1NiJ9.eyJzdGkiOjcwNzc1MiwicGFpIjoiZW5jb3JldGlja2V0cyIsInByaSI6ODYsInNpIjoiU1RBTExTLVMtMyJ9.9ILIRd1P3CDrBIK_LZUq1AZoVBF54Hlbtc8RmD7zo8s","row":"S","number":3,"pricing":{"salePrice":[{"value":7200,"currency":"GBP","decimalPlaces":2}],"faceValue":[{"value":6000,"currency":"GBP","decimalPlaces":2}],"percentageDiscount":0,"includesBookingFee":true,"createdAt":"2021-09-20T22:11:43+0000","promotionLabel":null},"attributes":[],"isRestrictedView":false},{"seatIdentifier":"STALLS-S4","aggregateReference":"eyJ0eXAiOiJKV1QiLCJhbGciOiJIUzI1NiJ9.eyJzdGkiOjcwNzc1MiwicGFpIjoiZW5jb3JldGlja2V0cyIsInByaSI6ODYsInNpIjoiU1RBTExTLVMtNCJ9.K1qvuH4b6XKGlrxmu2ChS_EBQoRLRihidQMa-9WCefo","row":"S","number":4,"pricing":{"salePrice":[{"value":7200,"currency":"GBP","decimalPlaces":2}],"faceValue":[{"value":6000,"currency":"GBP","decimalPlaces":2}],"percentageDiscount":0,"includesBookingFee":true,"createdAt":"2021-09-20T22:11:43+0000","promotionLabel":null},"attributes":[],"isRestrictedView":false},{"seatIdentifier":"STALLS-S5","aggregateReference":"eyJ0eXAiOiJKV1QiLCJhbGciOiJIUzI1NiJ9.eyJzdGkiOjcwNzc1MiwicGFpIjoiZW5jb3JldGlja2V0cyIsInByaSI6ODYsInNpIjoiU1RBTExTLVMtNSJ9.bYRy_snwcf4CyHsg9L2ZO-X9pifKWIBl3GLYRiZmqns","row":"S","number":5,"pricing":{"salePrice":[{"value":7200,"currency":"GBP","decimalPlaces":2}],"faceValue":[{"value":6000,"currency":"GBP","decimalPlaces":2}],"percentageDiscount":0,"includesBookingFee":true,"createdAt":"2021-09-20T22:11:43+0000","promotionLabel":null},"attributes":[],"isRestrictedView":false},{"seatIdentifier":"STALLS-S6","aggregateReference":"eyJ0eXAiOiJKV1QiLCJhbGciOiJIUzI1NiJ9.eyJzdGkiOjcwNzc1MiwicGFpIjoiZW5jb3JldGlja2V0cyIsInByaSI6ODYsInNpIjoiU1RBTExTLVMtNiJ9.wuAyxVV3-srF7SqpgkApz50MckH7BRRMEaJPsa7Jb6s","row":"S","number":6,"pricing":{"salePrice":[{"value":7200,"currency":"GBP","decimalPlaces":2}],"faceValue":[{"value":6000,"currency":"GBP","decimalPlaces":2}],"percentageDiscount":0,"includesBookingFee":true,"createdAt":"2021-09-20T22:11:43+0000","promotionLabel":null},"attributes":[{"title":"EndOfRow","description":"Seat at end of row","intention":"positive"}],"isRestrictedView":false}],"seatLumps":[{"seats":["STALLS-S1","STALLS-S2"]},{"seats":["STALLS-S3","STALLS-S4"]},{"seats":["STALLS-S5","STALLS-S6"]}]},{"groupIdentifier":"STALLS~S7;21","aggregateReference":null,"row":"S","mode":"allocated","seatNumberStart":7,"seatNumberEnd":21,"availableCount":15,"pricing":{"salePrice":[{"value":7200,"currency":"GBP","decimalPlaces":2}],"faceValue":[{"value":6000,"currency":"GBP","decimalPlaces":2}],"percentageDiscount":0,"includesBookingFee":true,"createdAt":"2021-09-20T22:11:43+0000","promotionLabel":null},"seats":[{"seatIdentifier":"STALLS-S7","aggregateReference":"eyJ0eXAiOiJKV1QiLCJhbGciOiJIUzI1NiJ9.eyJzdGkiOjcwNzc1MiwicGFpIjoiZW5jb3JldGlja2V0cyIsInByaSI6ODYsInNpIjoiU1RBTExTLVMtNyJ9.UoLBeH2IvpfPPXJjQ2iPSRU_LNc0LQD6lNWvFECXgSk","row":"S","number":7,"pricing":{"salePrice":[{"value":7200,"currency":"GBP","decimalPlaces":2}],"faceValue":[{"value":6000,"currency":"GBP","decimalPlaces":2}],"percentageDiscount":0,"includesBookingFee":true,"createdAt":"2021-09-20T22:11:43+0000","promotionLabel":null},"attributes":[{"title":"EndOfRow","description":"Seat at end of row","intention":"positive"}],"isRestrictedView":false},{"seatIdentifier":"STALLS-S8","aggregateReference":"eyJ0eXAiOiJKV1QiLCJhbGciOiJIUzI1NiJ9.eyJzdGkiOjcwNzc1MiwicGFpIjoiZW5jb3JldGlja2V0cyIsInByaSI6ODYsInNpIjoiU1RBTExTLVMtOCJ9.SLtxoVcFLOG57CPndGOmJMo-7Ck2ksuRzk-cOOu33r0","row":"S","number":8,"pricing":{"salePrice":[{"value":7200,"currency":"GBP","decimalPlaces":2}],"faceValue":[{"value":6000,"currency":"GBP","decimalPlaces":2}],"percentageDiscount":0,"includesBookingFee":true,"createdAt":"2021-09-20T22:11:43+0000","promotionLabel":null},"attributes":[],"isRestrictedView":false},{"seatIdentifier":"STALLS-S9","aggregateReference":"eyJ0eXAiOiJKV1QiLCJhbGciOiJIUzI1NiJ9.eyJzdGkiOjcwNzc1MiwicGFpIjoiZW5jb3JldGlja2V0cyIsInByaSI6ODYsInNpIjoiU1RBTExTLVMtOSJ9.KjUrUk81OqiCf57R2YvCJOVaZJibtWqP0Ojpqew6XQ0","row":"S","number":9,"pricing":{"salePrice":[{"value":7200,"currency":"GBP","decimalPlaces":2}],"faceValue":[{"value":6000,"currency":"GBP","decimalPlaces":2}],"percentageDiscount":0,"includesBookingFee":true,"createdAt":"2021-09-20T22:11:43+0000","promotionLabel":null},"attributes":[],"isRestrictedView":false},{"seatIdentifier":"STALLS-S10","aggregateReference":"eyJ0eXAiOiJKV1QiLCJhbGciOiJIUzI1NiJ9.eyJzdGkiOjcwNzc1MiwicGFpIjoiZW5jb3JldGlja2V0cyIsInByaSI6ODYsInNpIjoiU1RBTExTLVMtMTAifQ.E7muVM59CivNksUS4UnE_mFhdjWcfCeM_89yKu6aSy8","row":"S","number":10,"pricing":{"salePrice":[{"value":7200,"currency":"GBP","decimalPlaces":2}],"faceValue":[{"value":6000,"currency":"GBP","decimalPlaces":2}],"percentageDiscount":0,"includesBookingFee":true,"createdAt":"2021-09-20T22:11:43+0000","promotionLabel":null},"attributes":[],"isRestrictedView":false},{"seatIdentifier":"STALLS-S11","aggregateReference":"eyJ0eXAiOiJKV1QiLCJhbGciOiJIUzI1NiJ9.eyJzdGkiOjcwNzc1MiwicGFpIjoiZW5jb3JldGlja2V0cyIsInByaSI6ODYsInNpIjoiU1RBTExTLVMtMTEifQ.-5Z7xosP2CtSWyk-dvkwvIskcUUBrX69buwIf3Pm5Ck","row":"S","number":11,"pricing":{"salePrice":[{"value":7200,"currency":"GBP","decimalPlaces":2}],"faceValue":[{"value":6000,"currency":"GBP","decimalPlaces":2}],"percentageDiscount":0,"includesBookingFee":true,"createdAt":"2021-09-20T22:11:43+0000","promotionLabel":null},"attributes":[],"isRestrictedView":false},{"seatIdentifier":"STALLS-S12","aggregateReference":"eyJ0eXAiOiJKV1QiLCJhbGciOiJIUzI1NiJ9.eyJzdGkiOjcwNzc1MiwicGFpIjoiZW5jb3JldGlja2V0cyIsInByaSI6ODYsInNpIjoiU1RBTExTLVMtMTIifQ.zIFWkl-S5XXc5ic9iQkPtCQOD10xf14QN-WvJAWzC7g","row":"S","number":12,"pricing":{"salePrice":[{"value":7200,"currency":"GBP","decimalPlaces":2}],"faceValue":[{"value":6000,"currency":"GBP","decimalPlaces":2}],"percentageDiscount":0,"includesBookingFee":true,"createdAt":"2021-09-20T22:11:43+0000","promotionLabel":null},"attributes":[],"isRestrictedView":false},{"seatIdentifier":"STALLS-S13","aggregateReference":"eyJ0eXAiOiJKV1QiLCJhbGciOiJIUzI1NiJ9.eyJzdGkiOjcwNzc1MiwicGFpIjoiZW5jb3JldGlja2V0cyIsInByaSI6ODYsInNpIjoiU1RBTExTLVMtMTMifQ.wRtyhWfv7GPC0e1Vp8Tppk4kD4OPP_1qG9ZwqKlBpw8","row":"S","number":13,"pricing":{"salePrice":[{"value":7200,"currency":"GBP","decimalPlaces":2}],"faceValue":[{"value":6000,"currency":"GBP","decimalPlaces":2}],"percentageDiscount":0,"includesBookingFee":true,"createdAt":"2021-09-20T22:11:43+0000","promotionLabel":null},"attributes":[],"isRestrictedView":false},{"seatIdentifier":"STALLS-S14","aggregateReference":"eyJ0eXAiOiJKV1QiLCJhbGciOiJIUzI1NiJ9.eyJzdGkiOjcwNzc1MiwicGFpIjoiZW5jb3JldGlja2V0cyIsInByaSI6ODYsInNpIjoiU1RBTExTLVMtMTQifQ.e8Yd2Vsa3CUgN_eEmv43QHtS5x_pQu-rMYZgDrdarKk","row":"S","number":14,"pricing":{"salePrice":[{"value":7200,"currency":"GBP","decimalPlaces":2}],"faceValue":[{"value":6000,"currency":"GBP","decimalPlaces":2}],"percentageDiscount":0,"includesBookingFee":true,"createdAt":"2021-09-20T22:11:43+0000","promotionLabel":null},"attributes":[],"isRestrictedView":false},{"seatIdentifier":"STALLS-S15","aggregateReference":"eyJ0eXAiOiJKV1QiLCJhbGciOiJIUzI1NiJ9.eyJzdGkiOjcwNzc1MiwicGFpIjoiZW5jb3JldGlja2V0cyIsInByaSI6ODYsInNpIjoiU1RBTExTLVMtMTUifQ.2GbDvnDygkv5tXZD_xX-UTFy8cIc1chmKx8MFjbI374","row":"S","number":15,"pricing":{"salePrice":[{"value":7200,"currency":"GBP","decimalPlaces":2}],"faceValue":[{"value":6000,"currency":"GBP","decimalPlaces":2}],"percentageDiscount":0,"includesBookingFee":true,"createdAt":"2021-09-20T22:11:43+0000","promotionLabel":null},"attributes":[],"isRestrictedView":false},{"seatIdentifier":"STALLS-S16","aggregateReference":"eyJ0eXAiOiJKV1QiLCJhbGciOiJIUzI1NiJ9.eyJzdGkiOjcwNzc1MiwicGFpIjoiZW5jb3JldGlja2V0cyIsInByaSI6ODYsInNpIjoiU1RBTExTLVMtMTYifQ.AOJo7kDACc6WSkCH3KE1ZlBKZc9ZngmDh4H9B4DpI-E","row":"S","number":16,"pricing":{"salePrice":[{"value":7200,"currency":"GBP","decimalPlaces":2}],"faceValue":[{"value":6000,"currency":"GBP","decimalPlaces":2}],"percentageDiscount":0,"includesBookingFee":true,"createdAt":"2021-09-20T22:11:43+0000","promotionLabel":null},"attributes":[],"isRestrictedView":false},{"seatIdentifier":"STALLS-S17","aggregateReference":"eyJ0eXAiOiJKV1QiLCJhbGciOiJIUzI1NiJ9.eyJzdGkiOjcwNzc1MiwicGFpIjoiZW5jb3JldGlja2V0cyIsInByaSI6ODYsInNpIjoiU1RBTExTLVMtMTcifQ.NNO0kM8G5aS1tZhCClqq6Y40aZy2ImhZOi4hRPW3tko","row":"S","number":17,"pricing":{"salePrice":[{"value":7200,"currency":"GBP","decimalPlaces":2}],"faceValue":[{"value":6000,"currency":"GBP","decimalPlaces":2}],"percentageDiscount":0,"includesBookingFee":true,"createdAt":"2021-09-20T22:11:43+0000","promotionLabel":null},"attributes":[],"isRestrictedView":false},{"seatIdentifier":"STALLS-S18","aggregateReference":"eyJ0eXAiOiJKV1QiLCJhbGciOiJIUzI1NiJ9.eyJzdGkiOjcwNzc1MiwicGFpIjoiZW5jb3JldGlja2V0cyIsInByaSI6ODYsInNpIjoiU1RBTExTLVMtMTgifQ.dLSVJNG35Z44NyYZ01CXd7yWhsR1_RrgtTBOj-ViWZs","row":"S","number":18,"pricing":{"salePrice":[{"value":7200,"currency":"GBP","decimalPlaces":2}],"faceValue":[{"value":6000,"currency":"GBP","decimalPlaces":2}],"percentageDiscount":0,"includesBookingFee":true,"createdAt":"2021-09-20T22:11:43+0000","promotionLabel":null},"attributes":[],"isRestrictedView":false},{"seatIdentifier":"STALLS-S19","aggregateReference":"eyJ0eXAiOiJKV1QiLCJhbGciOiJIUzI1NiJ9.eyJzdGkiOjcwNzc1MiwicGFpIjoiZW5jb3JldGlja2V0cyIsInByaSI6ODYsInNpIjoiU1RBTExTLVMtMTkifQ.Ha_sZy_uDpreWkD7aw30S4hb6mQBhQTPO0rNKW0l9wM","row":"S","number":19,"pricing":{"salePrice":[{"value":7200,"currency":"GBP","decimalPlaces":2}],"faceValue":[{"value":6000,"currency":"GBP","decimalPlaces":2}],"percentageDiscount":0,"includesBookingFee":true,"createdAt":"2021-09-20T22:11:43+0000","promotionLabel":null},"attributes":[],"isRestrictedView":false},{"seatIdentifier":"STALLS-S20","aggregateReference":"eyJ0eXAiOiJKV1QiLCJhbGciOiJIUzI1NiJ9.eyJzdGkiOjcwNzc1MiwicGFpIjoiZW5jb3JldGlja2V0cyIsInByaSI6ODYsInNpIjoiU1RBTExTLVMtMjAifQ.1fMUoTBVCGvaoXwaz-dFaVHAubSkX86FKW8LMcudZeI","row":"S","number":20,"pricing":{"salePrice":[{"value":7200,"currency":"GBP","decimalPlaces":2}],"faceValue":[{"value":6000,"currency":"GBP","decimalPlaces":2}],"percentageDiscount":0,"includesBookingFee":true,"createdAt":"2021-09-20T22:11:43+0000","promotionLabel":null},"attributes":[],"isRestrictedView":false},{"seatIdentifier":"STALLS-S21","aggregateReference":"eyJ0eXAiOiJKV1QiLCJhbGciOiJIUzI1NiJ9.eyJzdGkiOjcwNzc1MiwicGFpIjoiZW5jb3JldGlja2V0cyIsInByaSI6ODYsInNpIjoiU1RBTExTLVMtMjEifQ.ondFWVUSFlKVeVopUHBbHUpQWIArmSY_rNH8MoT3d5Q","row":"S","number":21,"pricing":{"salePrice":[{"value":7200,"currency":"GBP","decimalPlaces":2}],"faceValue":[{"value":6000,"currency":"GBP","decimalPlaces":2}],"percentageDiscount":0,"includesBookingFee":true,"createdAt":"2021-09-20T22:11:43+0000","promotionLabel":null},"attributes":[{"title":"EndOfRow","description":"Seat at end of row","intention":"positive"}],"isRestrictedView":false}],"seatLumps":[{"seats":["STALLS-S7","STALLS-S8"]},{"seats":["STALLS-S9","STALLS-S10"]},{"seats":["STALLS-S10","STALLS-S11"]},{"seats":["STALLS-S11","STALLS-S12"]},{"seats":["STALLS-S12","STALLS-S13"]},{"seats":["STALLS-S13","STALLS-S14"]},{"seats":["STALLS-S14","STALLS-S15"]},{"seats":["STALLS-S15","STALLS-S16"]},{"seats":["STALLS-S16","STALLS-S17"]},{"seats":["STALLS-S17","STALLS-S18"]},{"seats":["STALLS-S18","STALLS-S19"]},{"seats":["STALLS-S20","STALLS-S21"]}]},{"groupIdentifier":"STALLS~S22;27","aggregateReference":null,"row":"S","mode":"allocated","seatNumberStart":22,"seatNumberEnd":27,"availableCount":6,"pricing":{"salePrice":[{"value":7200,"currency":"GBP","decimalPlaces":2}],"faceValue":[{"value":6000,"currency":"GBP","decimalPlaces":2}],"percentageDiscount":0,"includesBookingFee":true,"createdAt":"2021-09-20T22:11:43+0000","promotionLabel":null},"seats":[{"seatIdentifier":"STALLS-S22","aggregateReference":"eyJ0eXAiOiJKV1QiLCJhbGciOiJIUzI1NiJ9.eyJzdGkiOjcwNzc1MiwicGFpIjoiZW5jb3JldGlja2V0cyIsInByaSI6ODYsInNpIjoiU1RBTExTLVMtMjIifQ.Nyr5ZtZEpW8rsiYdZa27fgqeQEnrJjsa6j2RoXuM9hk","row":"S","number":22,"pricing":{"salePrice":[{"value":7200,"currency":"GBP","decimalPlaces":2}],"faceValue":[{"value":6000,"currency":"GBP","decimalPlaces":2}],"percentageDiscount":0,"includesBookingFee":true,"createdAt":"2021-09-20T22:11:43+0000","promotionLabel":null},"attributes":[{"title":"EndOfRow","description":"Seat at end of row","intention":"positive"}],"isRestrictedView":false},{"seatIdentifier":"STALLS-S23","aggregateReference":"eyJ0eXAiOiJKV1QiLCJhbGciOiJIUzI1NiJ9.eyJzdGkiOjcwNzc1MiwicGFpIjoiZW5jb3JldGlja2V0cyIsInByaSI6ODYsInNpIjoiU1RBTExTLVMtMjMifQ.5J3OeMcU35NfjIaZY1kDV4UlUQcfFAGeH8qZZMRHYKg","row":"S","number":23,"pricing":{"salePrice":[{"value":7200,"currency":"GBP","decimalPlaces":2}],"faceValue":[{"value":6000,"currency":"GBP","decimalPlaces":2}],"percentageDiscount":0,"includesBookingFee":true,"createdAt":"2021-09-20T22:11:43+0000","promotionLabel":null},"attributes":[],"isRestrictedView":false},{"seatIdentifier":"STALLS-S24","aggregateReference":"eyJ0eXAiOiJKV1QiLCJhbGciOiJIUzI1NiJ9.eyJzdGkiOjcwNzc1MiwicGFpIjoiZW5jb3JldGlja2V0cyIsInByaSI6ODYsInNpIjoiU1RBTExTLVMtMjQifQ.1qlz4u7d6rTkbUDfirbGHJObvPDjr4cX0bqkK0LPlJg","row":"S","number":24,"pricing":{"salePrice":[{"value":7200,"currency":"GBP","decimalPlaces":2}],"faceValue":[{"value":6000,"currency":"GBP","decimalPlaces":2}],"percentageDiscount":0,"includesBookingFee":true,"createdAt":"2021-09-20T22:11:43+0000","promotionLabel":null},"attributes":[],"isRestrictedView":false},{"seatIdentifier":"STALLS-S25","aggregateReference":"eyJ0eXAiOiJKV1QiLCJhbGciOiJIUzI1NiJ9.eyJzdGkiOjcwNzc1MiwicGFpIjoiZW5jb3JldGlja2V0cyIsInByaSI6ODYsInNpIjoiU1RBTExTLVMtMjUifQ.AzGpoRYDjGvPKAK3YYie8P9mj5Uieeb2LRFu-8KGc1s","row":"S","number":25,"pricing":{"salePrice":[{"value":7200,"currency":"GBP","decimalPlaces":2}],"faceValue":[{"value":6000,"currency":"GBP","decimalPlaces":2}],"percentageDiscount":0,"includesBookingFee":true,"createdAt":"2021-09-20T22:11:43+0000","promotionLabel":null},"attributes":[],"isRestrictedView":false},{"seatIdentifier":"STALLS-S26","aggregateReference":"eyJ0eXAiOiJKV1QiLCJhbGciOiJIUzI1NiJ9.eyJzdGkiOjcwNzc1MiwicGFpIjoiZW5jb3JldGlja2V0cyIsInByaSI6ODYsInNpIjoiU1RBTExTLVMtMjYifQ.6MqCoQWtR7PGzrLLq8T2ATY8p7IkE4Vv_yOFboYNdL8","row":"S","number":26,"pricing":{"salePrice":[{"value":7200,"currency":"GBP","decimalPlaces":2}],"faceValue":[{"value":6000,"currency":"GBP","decimalPlaces":2}],"percentageDiscount":0,"includesBookingFee":true,"createdAt":"2021-09-20T22:11:43+0000","promotionLabel":null},"attributes":[],"isRestrictedView":false},{"seatIdentifier":"STALLS-S27","aggregateReference":"eyJ0eXAiOiJKV1QiLCJhbGciOiJIUzI1NiJ9.eyJzdGkiOjcwNzc1MiwicGFpIjoiZW5jb3JldGlja2V0cyIsInByaSI6ODYsInNpIjoiU1RBTExTLVMtMjcifQ.e7XWCwU81PEbWLeU3MO6xTl05pxga5DhTKjNsu-1a30","row":"S","number":27,"pricing":{"salePrice":[{"value":7200,"currency":"GBP","decimalPlaces":2}],"faceValue":[{"value":6000,"currency":"GBP","decimalPlaces":2}],"percentageDiscount":0,"includesBookingFee":true,"createdAt":"2021-09-20T22:11:43+0000","promotionLabel":null},"attributes":[{"title":"SeatAgainstWall","description":"Seat has one side against a wall","intention":"negative"}],"isRestrictedView":true}],"seatLumps":[{"seats":["STALLS-S22","STALLS-S23"]},{"seats":["STALLS-S24","STALLS-S25"]},{"seats":["STALLS-S26","STALLS-S27"]}]},{"groupIdentifier":"STALLS~A1;6","aggregateReference":null,"row":"A","mode":"allocated","seatNumberStart":1,"seatNumberEnd":6,"availableCount":6,"pricing":{"salePrice":[{"value":9000,"currency":"GBP","decimalPlaces":2}],"faceValue":[{"value":7500,"currency":"GBP","decimalPlaces":2}],"percentageDiscount":0,"includesBookingFee":true,"createdAt":"2021-09-20T22:11:43+0000","promotionLabel":null},"seats":[{"seatIdentifier":"STALLS-A1","aggregateReference":"eyJ0eXAiOiJKV1QiLCJhbGciOiJIUzI1NiJ9.eyJzdGkiOjcwNzc1MiwicGFpIjoiZW5jb3JldGlja2V0cyIsInByaSI6ODYsInNpIjoiU1RBTExTLUEtMSJ9._olQif9LtcnKfzNt4UQadbABs0R53_lhMr5gSG4ruBg","row":"A","number":1,"pricing":{"salePrice":[{"value":9000,"currency":"GBP","decimalPlaces":2}],"faceValue":[{"value":7500,"currency":"GBP","decimalPlaces":2}],"percentageDiscount":0,"includesBookingFee":true,"createdAt":"2021-09-20T22:11:43+0000","promotionLabel":null},"attributes":[{"title":"EndOfRow","description":"Seat at end of row","intention":"positive"}],"isRestrictedView":false},{"seatIdentifier":"STALLS-A2","aggregateReference":"eyJ0eXAiOiJKV1QiLCJhbGciOiJIUzI1NiJ9.eyJzdGkiOjcwNzc1MiwicGFpIjoiZW5jb3JldGlja2V0cyIsInByaSI6ODYsInNpIjoiU1RBTExTLUEtMiJ9.EdciqnbLni0q6AZ4ijJzJCnG-Oo8E9za75SKQXQSKw4","row":"A","number":2,"pricing":{"salePrice":[{"value":9000,"currency":"GBP","decimalPlaces":2}],"faceValue":[{"value":7500,"currency":"GBP","decimalPlaces":2}],"percentageDiscount":0,"includesBookingFee":true,"createdAt":"2021-09-20T22:11:43+0000","promotionLabel":null},"attributes":[],"isRestrictedView":false},{"seatIdentifier":"STALLS-A3","aggregateReference":"eyJ0eXAiOiJKV1QiLCJhbGciOiJIUzI1NiJ9.eyJzdGkiOjcwNzc1MiwicGFpIjoiZW5jb3JldGlja2V0cyIsInByaSI6ODYsInNpIjoiU1RBTExTLUEtMyJ9.lhByI_U3_jrtKpVV30HZaUGSfA-hagvKEIzMBykaZ9I","row":"A","number":3,"pricing":{"salePrice":[{"value":9000,"currency":"GBP","decimalPlaces":2}],"faceValue":[{"value":7500,"currency":"GBP","decimalPlaces":2}],"percentageDiscount":0,"includesBookingFee":true,"createdAt":"2021-09-20T22:11:43+0000","promotionLabel":null},"attributes":[],"isRestrictedView":false},{"seatIdentifier":"STALLS-A4","aggregateReference":"eyJ0eXAiOiJKV1QiLCJhbGciOiJIUzI1NiJ9.eyJzdGkiOjcwNzc1MiwicGFpIjoiZW5jb3JldGlja2V0cyIsInByaSI6ODYsInNpIjoiU1RBTExTLUEtNCJ9.CYVUMwELS0fALaa9t-RkBmqyUQN32qPrYNB_iypf3D8","row":"A","number":4,"pricing":{"salePrice":[{"value":9000,"currency":"GBP","decimalPlaces":2}],"faceValue":[{"value":7500,"currency":"GBP","decimalPlaces":2}],"percentageDiscount":0,"includesBookingFee":true,"createdAt":"2021-09-20T22:11:43+0000","promotionLabel":null},"attributes":[],"isRestrictedView":false},{"seatIdentifier":"STALLS-A5","aggregateReference":"eyJ0eXAiOiJKV1QiLCJhbGciOiJIUzI1NiJ9.eyJzdGkiOjcwNzc1MiwicGFpIjoiZW5jb3JldGlja2V0cyIsInByaSI6ODYsInNpIjoiU1RBTExTLUEtNSJ9.mBa7F2xzbX-ZwctLrvKInX7FICo1LEjzseNS_MQVZDg","row":"A","number":5,"pricing":{"salePrice":[{"value":9000,"currency":"GBP","decimalPlaces":2}],"faceValue":[{"value":7500,"currency":"GBP","decimalPlaces":2}],"percentageDiscount":0,"includesBookingFee":true,"createdAt":"2021-09-20T22:11:43+0000","promotionLabel":null},"attributes":[],"isRestrictedView":false},{"seatIdentifier":"STALLS-A6","aggregateReference":"eyJ0eXAiOiJKV1QiLCJhbGciOiJIUzI1NiJ9.eyJzdGkiOjcwNzc1MiwicGFpIjoiZW5jb3JldGlja2V0cyIsInByaSI6ODYsInNpIjoiU1RBTExTLUEtNiJ9.pYPy7IOgk4p2kqXyXTMeI6OguyboQIb4gXY3jQXQdwU","row":"A","number":6,"pricing":{"salePrice":[{"value":9000,"currency":"GBP","decimalPlaces":2}],"faceValue":[{"value":7500,"currency":"GBP","decimalPlaces":2}],"percentageDiscount":0,"includesBookingFee":true,"createdAt":"2021-09-20T22:11:43+0000","promotionLabel":null},"attributes":[],"isRestrictedView":false}],"seatLumps":[{"seats":["STALLS-A1","STALLS-A2"]},{"seats":["STALLS-A3","STALLS-A4"]},{"seats":["STALLS-A5","STALLS-A6"]}]},{"groupIdentifier":"STALLS~A12;14","aggregateReference":null,"row":"A","mode":"allocated","seatNumberStart":12,"seatNumberEnd":14,"availableCount":3,"pricing":{"salePrice":[{"value":9000,"currency":"GBP","decimalPlaces":2}],"faceValue":[{"value":7500,"currency":"GBP","decimalPlaces":2}],"percentageDiscount":0,"includesBookingFee":true,"createdAt":"2021-09-20T22:11:43+0000","promotionLabel":null},"seats":[{"seatIdentifier":"STALLS-A12","aggregateReference":"eyJ0eXAiOiJKV1QiLCJhbGciOiJIUzI1NiJ9.eyJzdGkiOjcwNzc1MiwicGFpIjoiZW5jb3JldGlja2V0cyIsInByaSI6ODYsInNpIjoiU1RBTExTLUEtMTIifQ.39V3x98--t7COPPMjRo1TS0XyrhJs14QE_w5mEPx-ac","row":"A","number":12,"pricing":{"salePrice":[{"value":9000,"currency":"GBP","decimalPlaces":2}],"faceValue":[{"value":7500,"currency":"GBP","decimalPlaces":2}],"percentageDiscount":0,"includesBookingFee":true,"createdAt":"2021-09-20T22:11:43+0000","promotionLabel":null},"attributes":[],"isRestrictedView":false},{"seatIdentifier":"STALLS-A13","aggregateReference":"eyJ0eXAiOiJKV1QiLCJhbGciOiJIUzI1NiJ9.eyJzdGkiOjcwNzc1MiwicGFpIjoiZW5jb3JldGlja2V0cyIsInByaSI6ODYsInNpIjoiU1RBTExTLUEtMTMifQ.HRBrXnDc3Ckb5DV552gfoX2jf-Wy-u5oEyPreUHdveI","row":"A","number":13,"pricing":{"salePrice":[{"value":9000,"currency":"GBP","decimalPlaces":2}],"faceValue":[{"value":7500,"currency":"GBP","decimalPlaces":2}],"percentageDiscount":0,"includesBookingFee":true,"createdAt":"2021-09-20T22:11:43+0000","promotionLabel":null},"attributes":[],"isRestrictedView":false},{"seatIdentifier":"STALLS-A14","aggregateReference":"eyJ0eXAiOiJKV1QiLCJhbGciOiJIUzI1NiJ9.eyJzdGkiOjcwNzc1MiwicGFpIjoiZW5jb3JldGlja2V0cyIsInByaSI6ODYsInNpIjoiU1RBTExTLUEtMTQifQ.MOQkKCAY809bE2-BLsV8Wb9epNFLFnXAFAAZRo1YzGM","row":"A","number":14,"pricing":{"salePrice":[{"value":9000,"currency":"GBP","decimalPlaces":2}],"faceValue":[{"value":7500,"currency":"GBP","decimalPlaces":2}],"percentageDiscount":0,"includesBookingFee":true,"createdAt":"2021-09-20T22:11:43+0000","promotionLabel":null},"attributes":[],"isRestrictedView":false}],"seatLumps":[{"seats":["STALLS-A12","STALLS-A13"]},{"seats":["STALLS-A13","STALLS-A14"]}]},{"groupIdentifier":"STALLS~B15;17","aggregateReference":null,"row":"B","mode":"allocated","seatNumberStart":15,"seatNumberEnd":17,"availableCount":3,"pricing":{"salePrice":[{"value":9000,"currency":"GBP","decimalPlaces":2}],"faceValue":[{"value":7500,"currency":"GBP","decimalPlaces":2}],"percentageDiscount":0,"includesBookingFee":true,"createdAt":"2021-09-20T22:11:43+0000","promotionLabel":null},"seats":[{"seatIdentifier":"STALLS-B15","aggregateReference":"eyJ0eXAiOiJKV1QiLCJhbGciOiJIUzI1NiJ9.eyJzdGkiOjcwNzc1MiwicGFpIjoiZW5jb3JldGlja2V0cyIsInByaSI6ODYsInNpIjoiU1RBTExTLUItMTUifQ.-B6PrAFGvpuLGBKsLjs9ETDrvJPa-01j7vUiILVQOpE","row":"B","number":15,"pricing":{"salePrice":[{"value":9000,"currency":"GBP","decimalPlaces":2}],"faceValue":[{"value":7500,"currency":"GBP","decimalPlaces":2}],"percentageDiscount":0,"includesBookingFee":true,"createdAt":"2021-09-20T22:11:43+0000","promotionLabel":null},"attributes":[],"isRestrictedView":false},{"seatIdentifier":"STALLS-B16","aggregateReference":"eyJ0eXAiOiJKV1QiLCJhbGciOiJIUzI1NiJ9.eyJzdGkiOjcwNzc1MiwicGFpIjoiZW5jb3JldGlja2V0cyIsInByaSI6ODYsInNpIjoiU1RBTExTLUItMTYifQ.aK8XKU15jUp4H4ujzIC0mAOxRYG1-l-XYbyoKruQVd4","row":"B","number":16,"pricing":{"salePrice":[{"value":9000,"currency":"GBP","decimalPlaces":2}],"faceValue":[{"value":7500,"currency":"GBP","decimalPlaces":2}],"percentageDiscount":0,"includesBookingFee":true,"createdAt":"2021-09-20T22:11:43+0000","promotionLabel":null},"attributes":[],"isRestrictedView":false},{"seatIdentifier":"STALLS-B17","aggregateReference":"eyJ0eXAiOiJKV1QiLCJhbGciOiJIUzI1NiJ9.eyJzdGkiOjcwNzc1MiwicGFpIjoiZW5jb3JldGlja2V0cyIsInByaSI6ODYsInNpIjoiU1RBTExTLUItMTcifQ.OdfAhoBVi73WesVanj8JaaeWV3CmuJg2D5q60NO5Ofc","row":"B","number":17,"pricing":{"salePrice":[{"value":9000,"currency":"GBP","decimalPlaces":2}],"faceValue":[{"value":7500,"currency":"GBP","decimalPlaces":2}],"percentageDiscount":0,"includesBookingFee":true,"createdAt":"2021-09-20T22:11:43+0000","promotionLabel":null},"attributes":[{"title":"EndOfRow","description":"Seat at end of row","intention":"positive"}],"isRestrictedView":false}],"seatLumps":[{"seats":["STALLS-B15","STALLS-B16"]},{"seats":["STALLS-B16","STALLS-B17"]}]},{"groupIdentifier":"STALLS~C1;4","aggregateReference":null,"row":"C","mode":"allocated","seatNumberStart":1,"seatNumberEnd":4,"availableCount":4,"pricing":{"salePrice":[{"value":9000,"currency":"GBP","decimalPlaces":2}],"faceValue":[{"value":7500,"currency":"GBP","decimalPlaces":2}],"percentageDiscount":0,"includesBookingFee":true,"createdAt":"2021-09-20T22:11:43+0000","promotionLabel":null},"seats":[{"seatIdentifier":"STALLS-C1","aggregateReference":"eyJ0eXAiOiJKV1QiLCJhbGciOiJIUzI1NiJ9.eyJzdGkiOjcwNzc1MiwicGFpIjoiZW5jb3JldGlja2V0cyIsInByaSI6ODYsInNpIjoiU1RBTExTLUMtMSJ9.ZT8HwFhWAV2iHzOwvNwtNa4NE3HfLAly8DYvmV8LT8w","row":"C","number":1,"pricing":{"salePrice":[{"value":9000,"currency":"GBP","decimalPlaces":2}],"faceValue":[{"value":7500,"currency":"GBP","decimalPlaces":2}],"percentageDiscount":0,"includesBookingFee":true,"createdAt":"2021-09-20T22:11:43+0000","promotionLabel":null},"attributes":[{"title":"EndOfRow","description":"Seat at end of row","intention":"positive"}],"isRestrictedView":false},{"seatIdentifier":"STALLS-C2","aggregateReference":"eyJ0eXAiOiJKV1QiLCJhbGciOiJIUzI1NiJ9.eyJzdGkiOjcwNzc1MiwicGFpIjoiZW5jb3JldGlja2V0cyIsInByaSI6ODYsInNpIjoiU1RBTExTLUMtMiJ9.qCjU-zwVwyhMDWkEcQakT9jBypqG9utRKcxwOEXfqHg","row":"C","number":2,"pricing":{"salePrice":[{"value":9000,"currency":"GBP","decimalPlaces":2}],"faceValue":[{"value":7500,"currency":"GBP","decimalPlaces":2}],"percentageDiscount":0,"includesBookingFee":true,"createdAt":"2021-09-20T22:11:43+0000","promotionLabel":null},"attributes":[],"isRestrictedView":false},{"seatIdentifier":"STALLS-C3","aggregateReference":"eyJ0eXAiOiJKV1QiLCJhbGciOiJIUzI1NiJ9.eyJzdGkiOjcwNzc1MiwicGFpIjoiZW5jb3JldGlja2V0cyIsInByaSI6ODYsInNpIjoiU1RBTExTLUMtMyJ9._FkohTfseuSdrXIctukWkmvFf_FXZ8ru-j8nCQBFd1o","row":"C","number":3,"pricing":{"salePrice":[{"value":9000,"currency":"GBP","decimalPlaces":2}],"faceValue":[{"value":7500,"currency":"GBP","decimalPlaces":2}],"percentageDiscount":0,"includesBookingFee":true,"createdAt":"2021-09-20T22:11:43+0000","promotionLabel":null},"attributes":[],"isRestrictedView":false},{"seatIdentifier":"STALLS-C4","aggregateReference":"eyJ0eXAiOiJKV1QiLCJhbGciOiJIUzI1NiJ9.eyJzdGkiOjcwNzc1MiwicGFpIjoiZW5jb3JldGlja2V0cyIsInByaSI6ODYsInNpIjoiU1RBTExTLUMtNCJ9.Y5jpZXNYAGiQ3RdYrT7DRXYeegcFcIGxGyz5_rKVMfU","row":"C","number":4,"pricing":{"salePrice":[{"value":9000,"currency":"GBP","decimalPlaces":2}],"faceValue":[{"value":7500,"currency":"GBP","decimalPlaces":2}],"percentageDiscount":0,"includesBookingFee":true,"createdAt":"2021-09-20T22:11:43+0000","promotionLabel":null},"attributes":[],"isRestrictedView":false}],"seatLumps":[{"seats":["STALLS-C1","STALLS-C2"]},{"seats":["STALLS-C3","STALLS-C4"]}]},{"groupIdentifier":"STALLS~D1;4","aggregateReference":null,"row":"D","mode":"allocated","seatNumberStart":1,"seatNumberEnd":4,"availableCount":4,"pricing":{"salePrice":[{"value":9000,"currency":"GBP","decimalPlaces":2}],"faceValue":[{"value":7500,"currency":"GBP","decimalPlaces":2}],"percentageDiscount":0,"includesBookingFee":true,"createdAt":"2021-09-20T22:11:43+0000","promotionLabel":null},"seats":[{"seatIdentifier":"STALLS-D1","aggregateReference":"eyJ0eXAiOiJKV1QiLCJhbGciOiJIUzI1NiJ9.eyJzdGkiOjcwNzc1MiwicGFpIjoiZW5jb3JldGlja2V0cyIsInByaSI6ODYsInNpIjoiU1RBTExTLUQtMSJ9.VJ4nKrI4kmOUC2uN9reQddkr8SfMX6ibNykRYDqW_O8","row":"D","number":1,"pricing":{"salePrice":[{"value":9000,"currency":"GBP","decimalPlaces":2}],"faceValue":[{"value":7500,"currency":"GBP","decimalPlaces":2}],"percentageDiscount":0,"includesBookingFee":true,"createdAt":"2021-09-20T22:11:43+0000","promotionLabel":null},"attributes":[{"title":"EndOfRow","description":"Seat at end of row","intention":"positive"}],"isRestrictedView":false},{"seatIdentifier":"STALLS-D2","aggregateReference":"eyJ0eXAiOiJKV1QiLCJhbGciOiJIUzI1NiJ9.eyJzdGkiOjcwNzc1MiwicGFpIjoiZW5jb3JldGlja2V0cyIsInByaSI6ODYsInNpIjoiU1RBTExTLUQtMiJ9.SokzwVPxFSlVasn7Y07ITlHz0HmdXxp2avi3Btv6J7s","row":"D","number":2,"pricing":{"salePrice":[{"value":9000,"currency":"GBP","decimalPlaces":2}],"faceValue":[{"value":7500,"currency":"GBP","decimalPlaces":2}],"percentageDiscount":0,"includesBookingFee":true,"createdAt":"2021-09-20T22:11:43+0000","promotionLabel":null},"attributes":[],"isRestrictedView":false},{"seatIdentifier":"STALLS-D3","aggregateReference":"eyJ0eXAiOiJKV1QiLCJhbGciOiJIUzI1NiJ9.eyJzdGkiOjcwNzc1MiwicGFpIjoiZW5jb3JldGlja2V0cyIsInByaSI6ODYsInNpIjoiU1RBTExTLUQtMyJ9.f46Gqd-2eBkTgjagY_uIkND3WkZnqE0FlKBzc_wNZZM","row":"D","number":3,"pricing":{"salePrice":[{"value":9000,"currency":"GBP","decimalPlaces":2}],"faceValue":[{"value":7500,"currency":"GBP","decimalPlaces":2}],"percentageDiscount":0,"includesBookingFee":true,"createdAt":"2021-09-20T22:11:43+0000","promotionLabel":null},"attributes":[],"isRestrictedView":false},{"seatIdentifier":"STALLS-D4","aggregateReference":"eyJ0eXAiOiJKV1QiLCJhbGciOiJIUzI1NiJ9.eyJzdGkiOjcwNzc1MiwicGFpIjoiZW5jb3JldGlja2V0cyIsInByaSI6ODYsInNpIjoiU1RBTExTLUQtNCJ9.YxX2rjmrv9B7o4taSTUBr4ZwWDFbu55yWmPHk-OxQOA","row":"D","number":4,"pricing":{"salePrice":[{"value":9000,"currency":"GBP","decimalPlaces":2}],"faceValue":[{"value":7500,"currency":"GBP","decimalPlaces":2}],"percentageDiscount":0,"includesBookingFee":true,"createdAt":"2021-09-20T22:11:43+0000","promotionLabel":null},"attributes":[],"isRestrictedView":false}],"seatLumps":[{"seats":["STALLS-D1","STALLS-D2"]},{"seats":["STALLS-D3","STALLS-D4"]}]},{"groupIdentifier":"STALLS~E1;4","aggregateReference":null,"row":"E","mode":"allocated","seatNumberStart":1,"seatNumberEnd":4,"availableCount":4,"pricing":{"salePrice":[{"value":9000,"currency":"GBP","decimalPlaces":2}],"faceValue":[{"value":7500,"currency":"GBP","decimalPlaces":2}],"percentageDiscount":0,"includesBookingFee":true,"createdAt":"2021-09-20T22:11:43+0000","promotionLabel":null},"seats":[{"seatIdentifier":"STALLS-E1","aggregateReference":"eyJ0eXAiOiJKV1QiLCJhbGciOiJIUzI1NiJ9.eyJzdGkiOjcwNzc1MiwicGFpIjoiZW5jb3JldGlja2V0cyIsInByaSI6ODYsInNpIjoiU1RBTExTLUUtMSJ9.NKLMfRjsxybuLr05wLF_2ubUhHarM5JJRpX9FocgmT0","row":"E","number":1,"pricing":{"salePrice":[{"value":9000,"currency":"GBP","decimalPlaces":2}],"faceValue":[{"value":7500,"currency":"GBP","decimalPlaces":2}],"percentageDiscount":0,"includesBookingFee":true,"createdAt":"2021-09-20T22:11:43+0000","promotionLabel":null},"attributes":[{"title":"EndOfRow","description":"Seat at end of row","intention":"positive"}],"isRestrictedView":false},{"seatIdentifier":"STALLS-E2","aggregateReference":"eyJ0eXAiOiJKV1QiLCJhbGciOiJIUzI1NiJ9.eyJzdGkiOjcwNzc1MiwicGFpIjoiZW5jb3JldGlja2V0cyIsInByaSI6ODYsInNpIjoiU1RBTExTLUUtMiJ9.DBnfYYlOdwOwYVZCs1GvZy_JGbJtLbSVLNPEPKDo9YA","row":"E","number":2,"pricing":{"salePrice":[{"value":9000,"currency":"GBP","decimalPlaces":2}],"faceValue":[{"value":7500,"currency":"GBP","decimalPlaces":2}],"percentageDiscount":0,"includesBookingFee":true,"createdAt":"2021-09-20T22:11:43+0000","promotionLabel":null},"attributes":[],"isRestrictedView":false},{"seatIdentifier":"STALLS-E3","aggregateReference":"eyJ0eXAiOiJKV1QiLCJhbGciOiJIUzI1NiJ9.eyJzdGkiOjcwNzc1MiwicGFpIjoiZW5jb3JldGlja2V0cyIsInByaSI6ODYsInNpIjoiU1RBTExTLUUtMyJ9.BawwCNTq2WFoen-udJWZSHG1SBE7WW7RWxt5FI63RXk","row":"E","number":3,"pricing":{"salePrice":[{"value":9000,"currency":"GBP","decimalPlaces":2}],"faceValue":[{"value":7500,"currency":"GBP","decimalPlaces":2}],"percentageDiscount":0,"includesBookingFee":true,"createdAt":"2021-09-20T22:11:43+0000","promotionLabel":null},"attributes":[],"isRestrictedView":false},{"seatIdentifier":"STALLS-E4","aggregateReference":"eyJ0eXAiOiJKV1QiLCJhbGciOiJIUzI1NiJ9.eyJzdGkiOjcwNzc1MiwicGFpIjoiZW5jb3JldGlja2V0cyIsInByaSI6ODYsInNpIjoiU1RBTExTLUUtNCJ9.n0K-2aZkt_THbgJw8xLk3_rrFxlde3s5g0uh05Kh8g8","row":"E","number":4,"pricing":{"salePrice":[{"value":9000,"currency":"GBP","decimalPlaces":2}],"faceValue":[{"value":7500,"currency":"GBP","decimalPlaces":2}],"percentageDiscount":0,"includesBookingFee":true,"createdAt":"2021-09-20T22:11:43+0000","promotionLabel":null},"attributes":[],"isRestrictedView":false}],"seatLumps":[{"seats":["STALLS-E1","STALLS-E2"]},{"seats":["STALLS-E3","STALLS-E4"]}]},{"groupIdentifier":"STALLS~F1;5","aggregateReference":null,"row":"F","mode":"allocated","seatNumberStart":1,"seatNumberEnd":5,"availableCount":5,"pricing":{"salePrice":[{"value":9000,"currency":"GBP","decimalPlaces":2}],"faceValue":[{"value":7500,"currency":"GBP","decimalPlaces":2}],"percentageDiscount":0,"includesBookingFee":true,"createdAt":"2021-09-20T22:11:43+0000","promotionLabel":null},"seats":[{"seatIdentifier":"STALLS-F1","aggregateReference":"eyJ0eXAiOiJKV1QiLCJhbGciOiJIUzI1NiJ9.eyJzdGkiOjcwNzc1MiwicGFpIjoiZW5jb3JldGlja2V0cyIsInByaSI6ODYsInNpIjoiU1RBTExTLUYtMSJ9.w37Y6ODaovE_Bkvau4OfbjaSgLQ-xZOeXOovb7Oz_ow","row":"F","number":1,"pricing":{"salePrice":[{"value":9000,"currency":"GBP","decimalPlaces":2}],"faceValue":[{"value":7500,"currency":"GBP","decimalPlaces":2}],"percentageDiscount":0,"includesBookingFee":true,"createdAt":"2021-09-20T22:11:43+0000","promotionLabel":null},"attributes":[{"title":"EndOfRow","description":"Seat at end of row","intention":"positive"}],"isRestrictedView":false},{"seatIdentifier":"STALLS-F2","aggregateReference":"eyJ0eXAiOiJKV1QiLCJhbGciOiJIUzI1NiJ9.eyJzdGkiOjcwNzc1MiwicGFpIjoiZW5jb3JldGlja2V0cyIsInByaSI6ODYsInNpIjoiU1RBTExTLUYtMiJ9.5nXVmEDirUgeUmC034YrfvYUCjgjUbKJpIL4dFwZ98s","row":"F","number":2,"pricing":{"salePrice":[{"value":9000,"currency":"GBP","decimalPlaces":2}],"faceValue":[{"value":7500,"currency":"GBP","decimalPlaces":2}],"percentageDiscount":0,"includesBookingFee":true,"createdAt":"2021-09-20T22:11:43+0000","promotionLabel":null},"attributes":[],"isRestrictedView":false},{"seatIdentifier":"STALLS-F3","aggregateReference":"eyJ0eXAiOiJKV1QiLCJhbGciOiJIUzI1NiJ9.eyJzdGkiOjcwNzc1MiwicGFpIjoiZW5jb3JldGlja2V0cyIsInByaSI6ODYsInNpIjoiU1RBTExTLUYtMyJ9.Xd68Womts1NuFy69VsYzF_w82k4gGAeO1Ef9GsWApCA","row":"F","number":3,"pricing":{"salePrice":[{"value":9000,"currency":"GBP","decimalPlaces":2}],"faceValue":[{"value":7500,"currency":"GBP","decimalPlaces":2}],"percentageDiscount":0,"includesBookingFee":true,"createdAt":"2021-09-20T22:11:43+0000","promotionLabel":null},"attributes":[],"isRestrictedView":false},{"seatIdentifier":"STALLS-F4","aggregateReference":"eyJ0eXAiOiJKV1QiLCJhbGciOiJIUzI1NiJ9.eyJzdGkiOjcwNzc1MiwicGFpIjoiZW5jb3JldGlja2V0cyIsInByaSI6ODYsInNpIjoiU1RBTExTLUYtNCJ9.bw0fP-lPt0g-w-Be9qATDm91vPnw9hHF4Jc3iMccyfE","row":"F","number":4,"pricing":{"salePrice":[{"value":9000,"currency":"GBP","decimalPlaces":2}],"faceValue":[{"value":7500,"currency":"GBP","decimalPlaces":2}],"percentageDiscount":0,"includesBookingFee":true,"createdAt":"2021-09-20T22:11:43+0000","promotionLabel":null},"attributes":[],"isRestrictedView":false},{"seatIdentifier":"STALLS-F5","aggregateReference":"eyJ0eXAiOiJKV1QiLCJhbGciOiJIUzI1NiJ9.eyJzdGkiOjcwNzc1MiwicGFpIjoiZW5jb3JldGlja2V0cyIsInByaSI6ODYsInNpIjoiU1RBTExTLUYtNSJ9.7hiVK26CBWKyvNewCgsqFQfaImyYoSVaGZwi0HZG760","row":"F","number":5,"pricing":{"salePrice":[{"value":9000,"currency":"GBP","decimalPlaces":2}],"faceValue":[{"value":7500,"currency":"GBP","decimalPlaces":2}],"percentageDiscount":0,"includesBookingFee":true,"createdAt":"2021-09-20T22:11:43+0000","promotionLabel":null},"attributes":[],"isRestrictedView":false}],"seatLumps":[{"seats":["STALLS-F1","STALLS-F2"]},{"seats":["STALLS-F4","STALLS-F5"]}]},{"groupIdentifier":"STALLS~G1;9","aggregateReference":null,"row":"G","mode":"allocated","seatNumberStart":1,"seatNumberEnd":9,"availableCount":9,"pricing":{"salePrice":[{"value":9000,"currency":"GBP","decimalPlaces":2}],"faceValue":[{"value":7500,"currency":"GBP","decimalPlaces":2}],"percentageDiscount":0,"includesBookingFee":true,"createdAt":"2021-09-20T22:11:43+0000","promotionLabel":null},"seats":[{"seatIdentifier":"STALLS-G1","aggregateReference":"eyJ0eXAiOiJKV1QiLCJhbGciOiJIUzI1NiJ9.eyJzdGkiOjcwNzc1MiwicGFpIjoiZW5jb3JldGlja2V0cyIsInByaSI6ODYsInNpIjoiU1RBTExTLUctMSJ9.VPEJ7YAZ8_r8bgsOsRwU5ymNn73SeJvOE8JT4g8n5IM","row":"G","number":1,"pricing":{"salePrice":[{"value":9000,"currency":"GBP","decimalPlaces":2}],"faceValue":[{"value":7500,"currency":"GBP","decimalPlaces":2}],"percentageDiscount":0,"includesBookingFee":true,"createdAt":"2021-09-20T22:11:43+0000","promotionLabel":null},"attributes":[{"title":"EndOfRow","description":"Seat at end of row","intention":"positive"}],"isRestrictedView":false},{"seatIdentifier":"STALLS-G2","aggregateReference":"eyJ0eXAiOiJKV1QiLCJhbGciOiJIUzI1NiJ9.eyJzdGkiOjcwNzc1MiwicGFpIjoiZW5jb3JldGlja2V0cyIsInByaSI6ODYsInNpIjoiU1RBTExTLUctMiJ9.i7uNAxJ7snbcxHB8dT7JB3OQS_d9eg5afPZTSJomr8c","row":"G","number":2,"pricing":{"salePrice":[{"value":9000,"currency":"GBP","decimalPlaces":2}],"faceValue":[{"value":7500,"currency":"GBP","decimalPlaces":2}],"percentageDiscount":0,"includesBookingFee":true,"createdAt":"2021-09-20T22:11:43+0000","promotionLabel":null},"attributes":[],"isRestrictedView":false},{"seatIdentifier":"STALLS-G3","aggregateReference":"eyJ0eXAiOiJKV1QiLCJhbGciOiJIUzI1NiJ9.eyJzdGkiOjcwNzc1MiwicGFpIjoiZW5jb3JldGlja2V0cyIsInByaSI6ODYsInNpIjoiU1RBTExTLUctMyJ9.Lrocj5SwqOYDAk4x2tg0XMVFC7C7AO0LC3Ice4Y3uro","row":"G","number":3,"pricing":{"salePrice":[{"value":9000,"currency":"GBP","decimalPlaces":2}],"faceValue":[{"value":7500,"currency":"GBP","decimalPlaces":2}],"percentageDiscount":0,"includesBookingFee":true,"createdAt":"2021-09-20T22:11:43+0000","promotionLabel":null},"attributes":[],"isRestrictedView":false},{"seatIdentifier":"STALLS-G4","aggregateReference":"eyJ0eXAiOiJKV1QiLCJhbGciOiJIUzI1NiJ9.eyJzdGkiOjcwNzc1MiwicGFpIjoiZW5jb3JldGlja2V0cyIsInByaSI6ODYsInNpIjoiU1RBTExTLUctNCJ9.yCJbXqcpNY9iC-6dpJJwihZEVbs6-fWuOyr52s34sWs","row":"G","number":4,"pricing":{"salePrice":[{"value":9000,"currency":"GBP","decimalPlaces":2}],"faceValue":[{"value":7500,"currency":"GBP","decimalPlaces":2}],"percentageDiscount":0,"includesBookingFee":true,"createdAt":"2021-09-20T22:11:43+0000","promotionLabel":null},"attributes":[],"isRestrictedView":false},{"seatIdentifier":"STALLS-G5","aggregateReference":"eyJ0eXAiOiJKV1QiLCJhbGciOiJIUzI1NiJ9.eyJzdGkiOjcwNzc1MiwicGFpIjoiZW5jb3JldGlja2V0cyIsInByaSI6ODYsInNpIjoiU1RBTExTLUctNSJ9.77bX5kKl47giLsi-dH_MqptqPDy6DdDDVY_h2VgLWMg","row":"G","number":5,"pricing":{"salePrice":[{"value":9000,"currency":"GBP","decimalPlaces":2}],"faceValue":[{"value":7500,"currency":"GBP","decimalPlaces":2}],"percentageDiscount":0,"includesBookingFee":true,"createdAt":"2021-09-20T22:11:43+0000","promotionLabel":null},"attributes":[],"isRestrictedView":false},{"seatIdentifier":"STALLS-G6","aggregateReference":"eyJ0eXAiOiJKV1QiLCJhbGciOiJIUzI1NiJ9.eyJzdGkiOjcwNzc1MiwicGFpIjoiZW5jb3JldGlja2V0cyIsInByaSI6ODYsInNpIjoiU1RBTExTLUctNiJ9.VMCEV4vWlzo8W1Vlnp43WO14o3dqZbXYbeNE7NzsQ2s","row":"G","number":6,"pricing":{"salePrice":[{"value":9000,"currency":"GBP","decimalPlaces":2}],"faceValue":[{"value":7500,"currency":"GBP","decimalPlaces":2}],"percentageDiscount":0,"includesBookingFee":true,"createdAt":"2021-09-20T22:11:43+0000","promotionLabel":null},"attributes":[],"isRestrictedView":false},{"seatIdentifier":"STALLS-G7","aggregateReference":"eyJ0eXAiOiJKV1QiLCJhbGciOiJIUzI1NiJ9.eyJzdGkiOjcwNzc1MiwicGFpIjoiZW5jb3JldGlja2V0cyIsInByaSI6ODYsInNpIjoiU1RBTExTLUctNyJ9.cq0Kqhgsk6LaUJIP6uJ8NL_v32Nskgo9GZrdbPwqGZQ","row":"G","number":7,"pricing":{"salePrice":[{"value":9000,"currency":"GBP","decimalPlaces":2}],"faceValue":[{"value":7500,"currency":"GBP","decimalPlaces":2}],"percentageDiscount":0,"includesBookingFee":true,"createdAt":"2021-09-20T22:11:43+0000","promotionLabel":null},"attributes":[],"isRestrictedView":false},{"seatIdentifier":"STALLS-G8","aggregateReference":"eyJ0eXAiOiJKV1QiLCJhbGciOiJIUzI1NiJ9.eyJzdGkiOjcwNzc1MiwicGFpIjoiZW5jb3JldGlja2V0cyIsInByaSI6ODYsInNpIjoiU1RBTExTLUctOCJ9.yirBdJzk-RYFojAJZ1GXdzd2aB8Lcseg0eYrLyo-Xnk","row":"G","number":8,"pricing":{"salePrice":[{"value":9000,"currency":"GBP","decimalPlaces":2}],"faceValue":[{"value":7500,"currency":"GBP","decimalPlaces":2}],"percentageDiscount":0,"includesBookingFee":true,"createdAt":"2021-09-20T22:11:43+0000","promotionLabel":null},"attributes":[],"isRestrictedView":false},{"seatIdentifier":"STALLS-G9","aggregateReference":"eyJ0eXAiOiJKV1QiLCJhbGciOiJIUzI1NiJ9.eyJzdGkiOjcwNzc1MiwicGFpIjoiZW5jb3JldGlja2V0cyIsInByaSI6ODYsInNpIjoiU1RBTExTLUctOSJ9.eAiuFDDO4SsIt-lNHratoe3GtD_ErhvlwaELZnHErnY","row":"G","number":9,"pricing":{"salePrice":[{"value":9000,"currency":"GBP","decimalPlaces":2}],"faceValue":[{"value":7500,"currency":"GBP","decimalPlaces":2}],"percentageDiscount":0,"includesBookingFee":true,"createdAt":"2021-09-20T22:11:43+0000","promotionLabel":null},"attributes":[],"isRestrictedView":false}],"seatLumps":[{"seats":["STALLS-G1","STALLS-G2"]},{"seats":["STALLS-G3","STALLS-G4"]},{"seats":["STALLS-G4","STALLS-G5"]},{"seats":["STALLS-G5","STALLS-G6"]},{"seats":["STALLS-G6","STALLS-G7"]},{"seats":["STALLS-G8","STALLS-G9"]}]},{"groupIdentifier":"STALLS~G16;18","aggregateReference":null,"row":"G","mode":"allocated","seatNumberStart":16,"seatNumberEnd":18,"availableCount":3,"pricing":{"salePrice":[{"value":9000,"currency":"GBP","decimalPlaces":2}],"faceValue":[{"value":7500,"currency":"GBP","decimalPlaces":2}],"percentageDiscount":0,"includesBookingFee":true,"createdAt":"2021-09-20T22:11:43+0000","promotionLabel":null},"seats":[{"seatIdentifier":"STALLS-G16","aggregateReference":"eyJ0eXAiOiJKV1QiLCJhbGciOiJIUzI1NiJ9.eyJzdGkiOjcwNzc1MiwicGFpIjoiZW5jb3JldGlja2V0cyIsInByaSI6ODYsInNpIjoiU1RBTExTLUctMTYifQ.lufrYD8NKJqDoehP8pzG48Rav-xcgh9IyrSi84H_K0s","row":"G","number":16,"pricing":{"salePrice":[{"value":9000,"currency":"GBP","decimalPlaces":2}],"faceValue":[{"value":7500,"currency":"GBP","decimalPlaces":2}],"percentageDiscount":0,"includesBookingFee":true,"createdAt":"2021-09-20T22:11:43+0000","promotionLabel":null},"attributes":[],"isRestrictedView":false},{"seatIdentifier":"STALLS-G17","aggregateReference":"eyJ0eXAiOiJKV1QiLCJhbGciOiJIUzI1NiJ9.eyJzdGkiOjcwNzc1MiwicGFpIjoiZW5jb3JldGlja2V0cyIsInByaSI6ODYsInNpIjoiU1RBTExTLUctMTcifQ.c70NHYdLm5FI0fiNctMqkJez4ICv5dowXtWoJgxv1XY","row":"G","number":17,"pricing":{"salePrice":[{"value":9000,"currency":"GBP","decimalPlaces":2}],"faceValue":[{"value":7500,"currency":"GBP","decimalPlaces":2}],"percentageDiscount":0,"includesBookingFee":true,"createdAt":"2021-09-20T22:11:43+0000","promotionLabel":null},"attributes":[],"isRestrictedView":false},{"seatIdentifier":"STALLS-G18","aggregateReference":"eyJ0eXAiOiJKV1QiLCJhbGciOiJIUzI1NiJ9.eyJzdGkiOjcwNzc1MiwicGFpIjoiZW5jb3JldGlja2V0cyIsInByaSI6ODYsInNpIjoiU1RBTExTLUctMTgifQ.HqnXyHkWOXJHnpyG2zlL3EEFCSbWXTlOQsVUlA60MIc","row":"G","number":18,"pricing":{"salePrice":[{"value":9000,"currency":"GBP","decimalPlaces":2}],"faceValue":[{"value":7500,"currency":"GBP","decimalPlaces":2}],"percentageDiscount":0,"includesBookingFee":true,"createdAt":"2021-09-20T22:11:43+0000","promotionLabel":null},"attributes":[],"isRestrictedView":false}],"seatLumps":[{"seats":["STALLS-G16","STALLS-G17"]},{"seats":["STALLS-G17","STALLS-G18"]}]},{"groupIdentifier":"STALLS~H1;16","aggregateReference":null,"row":"H","mode":"allocated","seatNumberStart":1,"seatNumberEnd":16,"availableCount":16,"pricing":{"salePrice":[{"value":9000,"currency":"GBP","decimalPlaces":2}],"faceValue":[{"value":7500,"currency":"GBP","decimalPlaces":2}],"percentageDiscount":0,"includesBookingFee":true,"createdAt":"2021-09-20T22:11:43+0000","promotionLabel":null},"seats":[{"seatIdentifier":"STALLS-H1","aggregateReference":"eyJ0eXAiOiJKV1QiLCJhbGciOiJIUzI1NiJ9.eyJzdGkiOjcwNzc1MiwicGFpIjoiZW5jb3JldGlja2V0cyIsInByaSI6ODYsInNpIjoiU1RBTExTLUgtMSJ9.gIYQMcuQdJZhUEiXNkXaTyaPECSJ0PkiMlDZES6J5RQ","row":"H","number":1,"pricing":{"salePrice":[{"value":9000,"currency":"GBP","decimalPlaces":2}],"faceValue":[{"value":7500,"currency":"GBP","decimalPlaces":2}],"percentageDiscount":0,"includesBookingFee":true,"createdAt":"2021-09-20T22:11:43+0000","promotionLabel":null},"attributes":[{"title":"EndOfRow","description":"Seat at end of row","intention":"positive"}],"isRestrictedView":false},{"seatIdentifier":"STALLS-H2","aggregateReference":"eyJ0eXAiOiJKV1QiLCJhbGciOiJIUzI1NiJ9.eyJzdGkiOjcwNzc1MiwicGFpIjoiZW5jb3JldGlja2V0cyIsInByaSI6ODYsInNpIjoiU1RBTExTLUgtMiJ9.3NmAmzHkvEyPZdLM5wkp_wnN13QdZJFxFmB6wI8MUpA","row":"H","number":2,"pricing":{"salePrice":[{"value":9000,"currency":"GBP","decimalPlaces":2}],"faceValue":[{"value":7500,"currency":"GBP","decimalPlaces":2}],"percentageDiscount":0,"includesBookingFee":true,"createdAt":"2021-09-20T22:11:43+0000","promotionLabel":null},"attributes":[],"isRestrictedView":false},{"seatIdentifier":"STALLS-H3","aggregateReference":"eyJ0eXAiOiJKV1QiLCJhbGciOiJIUzI1NiJ9.eyJzdGkiOjcwNzc1MiwicGFpIjoiZW5jb3JldGlja2V0cyIsInByaSI6ODYsInNpIjoiU1RBTExTLUgtMyJ9.fPR4rAOAuRkwofZ_KBAFg9DQgIdJVraTMPKAZK51lHA","row":"H","number":3,"pricing":{"salePrice":[{"value":9000,"currency":"GBP","decimalPlaces":2}],"faceValue":[{"value":7500,"currency":"GBP","decimalPlaces":2}],"percentageDiscount":0,"includesBookingFee":true,"createdAt":"2021-09-20T22:11:43+0000","promotionLabel":null},"attributes":[],"isRestrictedView":false},{"seatIdentifier":"STALLS-H4","aggregateReference":"eyJ0eXAiOiJKV1QiLCJhbGciOiJIUzI1NiJ9.eyJzdGkiOjcwNzc1MiwicGFpIjoiZW5jb3JldGlja2V0cyIsInByaSI6ODYsInNpIjoiU1RBTExTLUgtNCJ9.AVttlFWp1jQmCPRuscuWW2tAFolnYqYdZ4ICqvj1bdk","row":"H","number":4,"pricing":{"salePrice":[{"value":9000,"currency":"GBP","decimalPlaces":2}],"faceValue":[{"value":7500,"currency":"GBP","decimalPlaces":2}],"percentageDiscount":0,"includesBookingFee":true,"createdAt":"2021-09-20T22:11:43+0000","promotionLabel":null},"attributes":[],"isRestrictedView":false},{"seatIdentifier":"STALLS-H5","aggregateReference":"eyJ0eXAiOiJKV1QiLCJhbGciOiJIUzI1NiJ9.eyJzdGkiOjcwNzc1MiwicGFpIjoiZW5jb3JldGlja2V0cyIsInByaSI6ODYsInNpIjoiU1RBTExTLUgtNSJ9.nnxDQ8ofzqh5NT9SchoMpzkNzDYnSw3-INxU1dcsMVw","row":"H","number":5,"pricing":{"salePrice":[{"value":9000,"currency":"GBP","decimalPlaces":2}],"faceValue":[{"value":7500,"currency":"GBP","decimalPlaces":2}],"percentageDiscount":0,"includesBookingFee":true,"createdAt":"2021-09-20T22:11:43+0000","promotionLabel":null},"attributes":[],"isRestrictedView":false},{"seatIdentifier":"STALLS-H6","aggregateReference":"eyJ0eXAiOiJKV1QiLCJhbGciOiJIUzI1NiJ9.eyJzdGkiOjcwNzc1MiwicGFpIjoiZW5jb3JldGlja2V0cyIsInByaSI6ODYsInNpIjoiU1RBTExTLUgtNiJ9.G6RoznQplnERbwOXe5W1CiqW7109CRnbwBzhiYvY3rM","row":"H","number":6,"pricing":{"salePrice":[{"value":9000,"currency":"GBP","decimalPlaces":2}],"faceValue":[{"value":7500,"currency":"GBP","decimalPlaces":2}],"percentageDiscount":0,"includesBookingFee":true,"createdAt":"2021-09-20T22:11:43+0000","promotionLabel":null},"attributes":[],"isRestrictedView":false},{"seatIdentifier":"STALLS-H7","aggregateReference":"eyJ0eXAiOiJKV1QiLCJhbGciOiJIUzI1NiJ9.eyJzdGkiOjcwNzc1MiwicGFpIjoiZW5jb3JldGlja2V0cyIsInByaSI6ODYsInNpIjoiU1RBTExTLUgtNyJ9.GqR1RsTIw-VWfMI5Q1QZBUKZ_Ha1DQzp9CO0evX0xdc","row":"H","number":7,"pricing":{"salePrice":[{"value":9000,"currency":"GBP","decimalPlaces":2}],"faceValue":[{"value":7500,"currency":"GBP","decimalPlaces":2}],"percentageDiscount":0,"includesBookingFee":true,"createdAt":"2021-09-20T22:11:43+0000","promotionLabel":null},"attributes":[],"isRestrictedView":false},{"seatIdentifier":"STALLS-H8","aggregateReference":"eyJ0eXAiOiJKV1QiLCJhbGciOiJIUzI1NiJ9.eyJzdGkiOjcwNzc1MiwicGFpIjoiZW5jb3JldGlja2V0cyIsInByaSI6ODYsInNpIjoiU1RBTExTLUgtOCJ9.EZRpcrr6QJ89e2DsYhFX4Asq_7RaU31f4reCL53ojz8","row":"H","number":8,"pricing":{"salePrice":[{"value":9000,"currency":"GBP","decimalPlaces":2}],"faceValue":[{"value":7500,"currency":"GBP","decimalPlaces":2}],"percentageDiscount":0,"includesBookingFee":true,"createdAt":"2021-09-20T22:11:43+0000","promotionLabel":null},"attributes":[],"isRestrictedView":false},{"seatIdentifier":"STALLS-H9","aggregateReference":"eyJ0eXAiOiJKV1QiLCJhbGciOiJIUzI1NiJ9.eyJzdGkiOjcwNzc1MiwicGFpIjoiZW5jb3JldGlja2V0cyIsInByaSI6ODYsInNpIjoiU1RBTExTLUgtOSJ9.3BGxcPhJr6nAvpn5x6y2ufLDHYrE-_gFyIW4ZKoQfnc","row":"H","number":9,"pricing":{"salePrice":[{"value":9000,"currency":"GBP","decimalPlaces":2}],"faceValue":[{"value":7500,"currency":"GBP","decimalPlaces":2}],"percentageDiscount":0,"includesBookingFee":true,"createdAt":"2021-09-20T22:11:43+0000","promotionLabel":null},"attributes":[],"isRestrictedView":false},{"seatIdentifier":"STALLS-H10","aggregateReference":"eyJ0eXAiOiJKV1QiLCJhbGciOiJIUzI1NiJ9.eyJzdGkiOjcwNzc1MiwicGFpIjoiZW5jb3JldGlja2V0cyIsInByaSI6ODYsInNpIjoiU1RBTExTLUgtMTAifQ.Gu87P1ICZ6_DbRo9on_htTyrKlqXbhLduVUB0WTbNN4","row":"H","number":10,"pricing":{"salePrice":[{"value":9000,"currency":"GBP","decimalPlaces":2}],"faceValue":[{"value":7500,"currency":"GBP","decimalPlaces":2}],"percentageDiscount":0,"includesBookingFee":true,"createdAt":"2021-09-20T22:11:43+0000","promotionLabel":null},"attributes":[],"isRestrictedView":false},{"seatIdentifier":"STALLS-H11","aggregateReference":"eyJ0eXAiOiJKV1QiLCJhbGciOiJIUzI1NiJ9.eyJzdGkiOjcwNzc1MiwicGFpIjoiZW5jb3JldGlja2V0cyIsInByaSI6ODYsInNpIjoiU1RBTExTLUgtMTEifQ.3LlnDG4TQid2T0m_q-yEiGRbA0XKRBKsR3G982OWCs0","row":"H","number":11,"pricing":{"salePrice":[{"value":9000,"currency":"GBP","decimalPlaces":2}],"faceValue":[{"value":7500,"currency":"GBP","decimalPlaces":2}],"percentageDiscount":0,"includesBookingFee":true,"createdAt":"2021-09-20T22:11:43+0000","promotionLabel":null},"attributes":[],"isRestrictedView":false},{"seatIdentifier":"STALLS-H12","aggregateReference":"eyJ0eXAiOiJKV1QiLCJhbGciOiJIUzI1NiJ9.eyJzdGkiOjcwNzc1MiwicGFpIjoiZW5jb3JldGlja2V0cyIsInByaSI6ODYsInNpIjoiU1RBTExTLUgtMTIifQ.ZnfH52BzUX4NDhbw-LpKvPL7Aw8Vm0zqn8-RNnkHNE0","row":"H","number":12,"pricing":{"salePrice":[{"value":9000,"currency":"GBP","decimalPlaces":2}],"faceValue":[{"value":7500,"currency":"GBP","decimalPlaces":2}],"percentageDiscount":0,"includesBookingFee":true,"createdAt":"2021-09-20T22:11:43+0000","promotionLabel":null},"attributes":[],"isRestrictedView":false},{"seatIdentifier":"STALLS-H13","aggregateReference":"eyJ0eXAiOiJKV1QiLCJhbGciOiJIUzI1NiJ9.eyJzdGkiOjcwNzc1MiwicGFpIjoiZW5jb3JldGlja2V0cyIsInByaSI6ODYsInNpIjoiU1RBTExTLUgtMTMifQ.j8jBnz5splVq4y5_f8lxEHKRPMGIklsKzXRO6HrgomA","row":"H","number":13,"pricing":{"salePrice":[{"value":9000,"currency":"GBP","decimalPlaces":2}],"faceValue":[{"value":7500,"currency":"GBP","decimalPlaces":2}],"percentageDiscount":0,"includesBookingFee":true,"createdAt":"2021-09-20T22:11:43+0000","promotionLabel":null},"attributes":[],"isRestrictedView":false},{"seatIdentifier":"STALLS-H14","aggregateReference":"eyJ0eXAiOiJKV1QiLCJhbGciOiJIUzI1NiJ9.eyJzdGkiOjcwNzc1MiwicGFpIjoiZW5jb3JldGlja2V0cyIsInByaSI6ODYsInNpIjoiU1RBTExTLUgtMTQifQ.aJsj_EbcrIBu29Tk4EmbLkYdt9l-erPdJbe_uCVQvdc","row":"H","number":14,"pricing":{"salePrice":[{"value":9000,"currency":"GBP","decimalPlaces":2}],"faceValue":[{"value":7500,"currency":"GBP","decimalPlaces":2}],"percentageDiscount":0,"includesBookingFee":true,"createdAt":"2021-09-20T22:11:43+0000","promotionLabel":null},"attributes":[],"isRestrictedView":false},{"seatIdentifier":"STALLS-H15","aggregateReference":"eyJ0eXAiOiJKV1QiLCJhbGciOiJIUzI1NiJ9.eyJzdGkiOjcwNzc1MiwicGFpIjoiZW5jb3JldGlja2V0cyIsInByaSI6ODYsInNpIjoiU1RBTExTLUgtMTUifQ.ZaNpUG8muBl8clscLenMoRvAfWA3D83WqA-L2LTT0AI","row":"H","number":15,"pricing":{"salePrice":[{"value":9000,"currency":"GBP","decimalPlaces":2}],"faceValue":[{"value":7500,"currency":"GBP","decimalPlaces":2}],"percentageDiscount":0,"includesBookingFee":true,"createdAt":"2021-09-20T22:11:43+0000","promotionLabel":null},"attributes":[],"isRestrictedView":false},{"seatIdentifier":"STALLS-H16","aggregateReference":"eyJ0eXAiOiJKV1QiLCJhbGciOiJIUzI1NiJ9.eyJzdGkiOjcwNzc1MiwicGFpIjoiZW5jb3JldGlja2V0cyIsInByaSI6ODYsInNpIjoiU1RBTExTLUgtMTYifQ.S_BRsQXfDnxdKdW0NJMBgCJ2cfNcmeLgjKgFbiFHUKs","row":"H","number":16,"pricing":{"salePrice":[{"value":9000,"currency":"GBP","decimalPlaces":2}],"faceValue":[{"value":7500,"currency":"GBP","decimalPlaces":2}],"percentageDiscount":0,"includesBookingFee":true,"createdAt":"2021-09-20T22:11:43+0000","promotionLabel":null},"attributes":[],"isRestrictedView":false}],"seatLumps":[{"seats":["STALLS-H1","STALLS-H2"]},{"seats":["STALLS-H3","STALLS-H4"]},{"seats":["STALLS-H4","STALLS-H5"]},{"seats":["STALLS-H5","STALLS-H6"]},{"seats":["STALLS-H6","STALLS-H7"]},{"seats":["STALLS-H7","STALLS-H8"]},{"seats":["STALLS-H8","STALLS-H9"]},{"seats":["STALLS-H9","STALLS-H10"]},{"seats":["STALLS-H10","STALLS-H11"]},{"seats":["STALLS-H11","STALLS-H12"]},{"seats":["STALLS-H12","STALLS-H13"]},{"seats":["STALLS-H13","STALLS-H14"]},{"seats":["STALLS-H15","STALLS-H16"]}]},{"groupIdentifier":"STALLS~HH5;14","aggregateReference":null,"row":"HH","mode":"allocated","seatNumberStart":5,"seatNumberEnd":14,"availableCount":10,"pricing":{"salePrice":[{"value":9000,"currency":"GBP","decimalPlaces":2}],"faceValue":[{"value":7500,"currency":"GBP","decimalPlaces":2}],"percentageDiscount":0,"includesBookingFee":true,"createdAt":"2021-09-20T22:11:43+0000","promotionLabel":null},"seats":[{"seatIdentifier":"STALLS-HH5","aggregateReference":"eyJ0eXAiOiJKV1QiLCJhbGciOiJIUzI1NiJ9.eyJzdGkiOjcwNzc1MiwicGFpIjoiZW5jb3JldGlja2V0cyIsInByaSI6ODYsInNpIjoiU1RBTExTLUhILTUifQ.tVR_V5MvvghiMpzFMKgmynJx4j_GgCRmhg5I1_wpaZw","row":"HH","number":5,"pricing":{"salePrice":[{"value":9000,"currency":"GBP","decimalPlaces":2}],"faceValue":[{"value":7500,"currency":"GBP","decimalPlaces":2}],"percentageDiscount":0,"includesBookingFee":true,"createdAt":"2021-09-20T22:11:43+0000","promotionLabel":null},"attributes":[],"isRestrictedView":false},{"seatIdentifier":"STALLS-HH6","aggregateReference":"eyJ0eXAiOiJKV1QiLCJhbGciOiJIUzI1NiJ9.eyJzdGkiOjcwNzc1MiwicGFpIjoiZW5jb3JldGlja2V0cyIsInByaSI6ODYsInNpIjoiU1RBTExTLUhILTYifQ.0WPKUHcj0O0BQ_n1WmDtroZGjALlHXQ06orW1ww1vCg","row":"HH","number":6,"pricing":{"salePrice":[{"value":9000,"currency":"GBP","decimalPlaces":2}],"faceValue":[{"value":7500,"currency":"GBP","decimalPlaces":2}],"percentageDiscount":0,"includesBookingFee":true,"createdAt":"2021-09-20T22:11:43+0000","promotionLabel":null},"attributes":[],"isRestrictedView":false},{"seatIdentifier":"STALLS-HH7","aggregateReference":"eyJ0eXAiOiJKV1QiLCJhbGciOiJIUzI1NiJ9.eyJzdGkiOjcwNzc1MiwicGFpIjoiZW5jb3JldGlja2V0cyIsInByaSI6ODYsInNpIjoiU1RBTExTLUhILTcifQ.6G-FgrOLOsYq3vi-8Ojzt7g34ELeViPQHMRKAZszwMw","row":"HH","number":7,"pricing":{"salePrice":[{"value":9000,"currency":"GBP","decimalPlaces":2}],"faceValue":[{"value":7500,"currency":"GBP","decimalPlaces":2}],"percentageDiscount":0,"includesBookingFee":true,"createdAt":"2021-09-20T22:11:43+0000","promotionLabel":null},"attributes":[],"isRestrictedView":false},{"seatIdentifier":"STALLS-HH8","aggregateReference":"eyJ0eXAiOiJKV1QiLCJhbGciOiJIUzI1NiJ9.eyJzdGkiOjcwNzc1MiwicGFpIjoiZW5jb3JldGlja2V0cyIsInByaSI6ODYsInNpIjoiU1RBTExTLUhILTgifQ.9sGIWavhSWZcJZFfFxJvr_lh-MMgx92lY3y_fzLG_q0","row":"HH","number":8,"pricing":{"salePrice":[{"value":9000,"currency":"GBP","decimalPlaces":2}],"faceValue":[{"value":7500,"currency":"GBP","decimalPlaces":2}],"percentageDiscount":0,"includesBookingFee":true,"createdAt":"2021-09-20T22:11:43+0000","promotionLabel":null},"attributes":[],"isRestrictedView":false},{"seatIdentifier":"STALLS-HH9","aggregateReference":"eyJ0eXAiOiJKV1QiLCJhbGciOiJIUzI1NiJ9.eyJzdGkiOjcwNzc1MiwicGFpIjoiZW5jb3JldGlja2V0cyIsInByaSI6ODYsInNpIjoiU1RBTExTLUhILTkifQ.ZZ1Vlaf_wn3hcrA4BKs8rovCI-H8f1TYcUpZcS_uLQc","row":"HH","number":9,"pricing":{"salePrice":[{"value":9000,"currency":"GBP","decimalPlaces":2}],"faceValue":[{"value":7500,"currency":"GBP","decimalPlaces":2}],"percentageDiscount":0,"includesBookingFee":true,"createdAt":"2021-09-20T22:11:43+0000","promotionLabel":null},"attributes":[],"isRestrictedView":false},{"seatIdentifier":"STALLS-HH10","aggregateReference":"eyJ0eXAiOiJKV1QiLCJhbGciOiJIUzI1NiJ9.eyJzdGkiOjcwNzc1MiwicGFpIjoiZW5jb3JldGlja2V0cyIsInByaSI6ODYsInNpIjoiU1RBTExTLUhILTEwIn0.S0bxD4l2Coq0-vX810LHYMrQXyhm3KCgRM8sR46P--I","row":"HH","number":10,"pricing":{"salePrice":[{"value":9000,"currency":"GBP","decimalPlaces":2}],"faceValue":[{"value":7500,"currency":"GBP","decimalPlaces":2}],"percentageDiscount":0,"includesBookingFee":true,"createdAt":"2021-09-20T22:11:43+0000","promotionLabel":null},"attributes":[],"isRestrictedView":false},{"seatIdentifier":"STALLS-HH11","aggregateReference":"eyJ0eXAiOiJKV1QiLCJhbGciOiJIUzI1NiJ9.eyJzdGkiOjcwNzc1MiwicGFpIjoiZW5jb3JldGlja2V0cyIsInByaSI6ODYsInNpIjoiU1RBTExTLUhILTExIn0.AiwpTe_kYjZCI1NPofk4iLDtHvR0xlOcyKDSYZ7nBZ4","row":"HH","number":11,"pricing":{"salePrice":[{"value":9000,"currency":"GBP","decimalPlaces":2}],"faceValue":[{"value":7500,"currency":"GBP","decimalPlaces":2}],"percentageDiscount":0,"includesBookingFee":true,"createdAt":"2021-09-20T22:11:43+0000","promotionLabel":null},"attributes":[],"isRestrictedView":false},{"seatIdentifier":"STALLS-HH12","aggregateReference":"eyJ0eXAiOiJKV1QiLCJhbGciOiJIUzI1NiJ9.eyJzdGkiOjcwNzc1MiwicGFpIjoiZW5jb3JldGlja2V0cyIsInByaSI6ODYsInNpIjoiU1RBTExTLUhILTEyIn0.dGtE7i_NqlNedLF5AlCXJSfIOucfleZqL4GsezGh-L8","row":"HH","number":12,"pricing":{"salePrice":[{"value":9000,"currency":"GBP","decimalPlaces":2}],"faceValue":[{"value":7500,"currency":"GBP","decimalPlaces":2}],"percentageDiscount":0,"includesBookingFee":true,"createdAt":"2021-09-20T22:11:43+0000","promotionLabel":null},"attributes":[],"isRestrictedView":false},{"seatIdentifier":"STALLS-HH13","aggregateReference":"eyJ0eXAiOiJKV1QiLCJhbGciOiJIUzI1NiJ9.eyJzdGkiOjcwNzc1MiwicGFpIjoiZW5jb3JldGlja2V0cyIsInByaSI6ODYsInNpIjoiU1RBTExTLUhILTEzIn0.TAgZRyzOV1ztu6WkPQKf56KFI448vFKoYXm536mW9Sk","row":"HH","number":13,"pricing":{"salePrice":[{"value":9000,"currency":"GBP","decimalPlaces":2}],"faceValue":[{"value":7500,"currency":"GBP","decimalPlaces":2}],"percentageDiscount":0,"includesBookingFee":true,"createdAt":"2021-09-20T22:11:43+0000","promotionLabel":null},"attributes":[],"isRestrictedView":false},{"seatIdentifier":"STALLS-HH14","aggregateReference":"eyJ0eXAiOiJKV1QiLCJhbGciOiJIUzI1NiJ9.eyJzdGkiOjcwNzc1MiwicGFpIjoiZW5jb3JldGlja2V0cyIsInByaSI6ODYsInNpIjoiU1RBTExTLUhILTE0In0.WSq5sWpdjZfbMQXrR__sumwyZHncZvyrDuUTK8bZZlM","row":"HH","number":14,"pricing":{"salePrice":[{"value":9000,"currency":"GBP","decimalPlaces":2}],"faceValue":[{"value":7500,"currency":"GBP","decimalPlaces":2}],"percentageDiscount":0,"includesBookingFee":true,"createdAt":"2021-09-20T22:11:43+0000","promotionLabel":null},"attributes":[{"title":"EndOfRow","description":"Seat at end of row","intention":"positive"}],"isRestrictedView":false}],"seatLumps":[{"seats":["STALLS-HH5","STALLS-HH6"]},{"seats":["STALLS-HH7","STALLS-HH8"]},{"seats":["STALLS-HH8","STALLS-HH9"]},{"seats":["STALLS-HH9","STALLS-HH10"]},{"seats":["STALLS-HH10","STALLS-HH11"]},{"seats":["STALLS-HH11","STALLS-HH12"]},{"seats":["STALLS-HH13","STALLS-HH14"]}]},{"groupIdentifier":"STALLS~J12;18","aggregateReference":null,"row":"J","mode":"allocated","seatNumberStart":12,"seatNumberEnd":18,"availableCount":7,"pricing":{"salePrice":[{"value":9000,"currency":"GBP","decimalPlaces":2}],"faceValue":[{"value":7500,"currency":"GBP","decimalPlaces":2}],"percentageDiscount":0,"includesBookingFee":true,"createdAt":"2021-09-20T22:11:43+0000","promotionLabel":null},"seats":[{"seatIdentifier":"STALLS-J12","aggregateReference":"eyJ0eXAiOiJKV1QiLCJhbGciOiJIUzI1NiJ9.eyJzdGkiOjcwNzc1MiwicGFpIjoiZW5jb3JldGlja2V0cyIsInByaSI6ODYsInNpIjoiU1RBTExTLUotMTIifQ.Wfm9RjtKNdIVgv5E9ToQlkVSIBjIbBhHjfWe1EKd23A","row":"J","number":12,"pricing":{"salePrice":[{"value":9000,"currency":"GBP","decimalPlaces":2}],"faceValue":[{"value":7500,"currency":"GBP","decimalPlaces":2}],"percentageDiscount":0,"includesBookingFee":true,"createdAt":"2021-09-20T22:11:43+0000","promotionLabel":null},"attributes":[],"isRestrictedView":false},{"seatIdentifier":"STALLS-J13","aggregateReference":"eyJ0eXAiOiJKV1QiLCJhbGciOiJIUzI1NiJ9.eyJzdGkiOjcwNzc1MiwicGFpIjoiZW5jb3JldGlja2V0cyIsInByaSI6ODYsInNpIjoiU1RBTExTLUotMTMifQ.D7HyFHuUY91PasjgyZqhtpLQ77dThBhWFMPDYKmS-f0","row":"J","number":13,"pricing":{"salePrice":[{"value":9000,"currency":"GBP","decimalPlaces":2}],"faceValue":[{"value":7500,"currency":"GBP","decimalPlaces":2}],"percentageDiscount":0,"includesBookingFee":true,"createdAt":"2021-09-20T22:11:43+0000","promotionLabel":null},"attributes":[],"isRestrictedView":false},{"seatIdentifier":"STALLS-J14","aggregateReference":"eyJ0eXAiOiJKV1QiLCJhbGciOiJIUzI1NiJ9.eyJzdGkiOjcwNzc1MiwicGFpIjoiZW5jb3JldGlja2V0cyIsInByaSI6ODYsInNpIjoiU1RBTExTLUotMTQifQ.XkCrY3aj2Dkn5zzzALjvAEyOyOY2Yo0tkWgzU7hW__U","row":"J","number":14,"pricing":{"salePrice":[{"value":9000,"currency":"GBP","decimalPlaces":2}],"faceValue":[{"value":7500,"currency":"GBP","decimalPlaces":2}],"percentageDiscount":0,"includesBookingFee":true,"createdAt":"2021-09-20T22:11:43+0000","promotionLabel":null},"attributes":[],"isRestrictedView":false},{"seatIdentifier":"STALLS-J15","aggregateReference":"eyJ0eXAiOiJKV1QiLCJhbGciOiJIUzI1NiJ9.eyJzdGkiOjcwNzc1MiwicGFpIjoiZW5jb3JldGlja2V0cyIsInByaSI6ODYsInNpIjoiU1RBTExTLUotMTUifQ.U6uAICv5KkWs9RUe8hLB4dx39gzuTyBKtUo6lO70vUU","row":"J","number":15,"pricing":{"salePrice":[{"value":9000,"currency":"GBP","decimalPlaces":2}],"faceValue":[{"value":7500,"currency":"GBP","decimalPlaces":2}],"percentageDiscount":0,"includesBookingFee":true,"createdAt":"2021-09-20T22:11:43+0000","promotionLabel":null},"attributes":[],"isRestrictedView":false},{"seatIdentifier":"STALLS-J16","aggregateReference":"eyJ0eXAiOiJKV1QiLCJhbGciOiJIUzI1NiJ9.eyJzdGkiOjcwNzc1MiwicGFpIjoiZW5jb3JldGlja2V0cyIsInByaSI6ODYsInNpIjoiU1RBTExTLUotMTYifQ.PK_K0ND6xwWwc9jC_xn_TyeHmlndwIca19jL4AF8G8M","row":"J","number":16,"pricing":{"salePrice":[{"value":9000,"currency":"GBP","decimalPlaces":2}],"faceValue":[{"value":7500,"currency":"GBP","decimalPlaces":2}],"percentageDiscount":0,"includesBookingFee":true,"createdAt":"2021-09-20T22:11:43+0000","promotionLabel":null},"attributes":[],"isRestrictedView":false},{"seatIdentifier":"STALLS-J17","aggregateReference":"eyJ0eXAiOiJKV1QiLCJhbGciOiJIUzI1NiJ9.eyJzdGkiOjcwNzc1MiwicGFpIjoiZW5jb3JldGlja2V0cyIsInByaSI6ODYsInNpIjoiU1RBTExTLUotMTcifQ.XaIfV9SMib4Hu8lEtukJAb2ouKQnilxwa-PpWlj1Mdo","row":"J","number":17,"pricing":{"salePrice":[{"value":9000,"currency":"GBP","decimalPlaces":2}],"faceValue":[{"value":7500,"currency":"GBP","decimalPlaces":2}],"percentageDiscount":0,"includesBookingFee":true,"createdAt":"2021-09-20T22:11:43+0000","promotionLabel":null},"attributes":[],"isRestrictedView":false},{"seatIdentifier":"STALLS-J18","aggregateReference":"eyJ0eXAiOiJKV1QiLCJhbGciOiJIUzI1NiJ9.eyJzdGkiOjcwNzc1MiwicGFpIjoiZW5jb3JldGlja2V0cyIsInByaSI6ODYsInNpIjoiU1RBTExTLUotMTgifQ.5IaFqm8JeVki1loPcYNAjFpeosKNb7HB5iTx6d3MNLU","row":"J","number":18,"pricing":{"salePrice":[{"value":9000,"currency":"GBP","decimalPlaces":2}],"faceValue":[{"value":7500,"currency":"GBP","decimalPlaces":2}],"percentageDiscount":0,"includesBookingFee":true,"createdAt":"2021-09-20T22:11:43+0000","promotionLabel":null},"attributes":[{"title":"EndOfRow","description":"Seat at end of row","intention":"positive"}],"isRestrictedView":false}],"seatLumps":[{"seats":["STALLS-J12","STALLS-J13"]},{"seats":["STALLS-J14","STALLS-J15"]},{"seats":["STALLS-J15","STALLS-J16"]},{"seats":["STALLS-J17","STALLS-J18"]}]},{"groupIdentifier":"STALLS~K1;4","aggregateReference":null,"row":"K","mode":"allocated","seatNumberStart":1,"seatNumberEnd":4,"availableCount":4,"pricing":{"salePrice":[{"value":9000,"currency":"GBP","decimalPlaces":2}],"faceValue":[{"value":7500,"currency":"GBP","decimalPlaces":2}],"percentageDiscount":0,"includesBookingFee":true,"createdAt":"2021-09-20T22:11:43+0000","promotionLabel":null},"seats":[{"seatIdentifier":"STALLS-K1","aggregateReference":"eyJ0eXAiOiJKV1QiLCJhbGciOiJIUzI1NiJ9.eyJzdGkiOjcwNzc1MiwicGFpIjoiZW5jb3JldGlja2V0cyIsInByaSI6ODYsInNpIjoiU1RBTExTLUstMSJ9._8Tw6AIeW5r6-H7uVD3RtTGmvKAFFHMYLC0XL5YiHac","row":"K","number":1,"pricing":{"salePrice":[{"value":9000,"currency":"GBP","decimalPlaces":2}],"faceValue":[{"value":7500,"currency":"GBP","decimalPlaces":2}],"percentageDiscount":0,"includesBookingFee":true,"createdAt":"2021-09-20T22:11:43+0000","promotionLabel":null},"attributes":[{"title":"SeatAgainstWall","description":"Seat has one side against a wall","intention":"negative"}],"isRestrictedView":true},{"seatIdentifier":"STALLS-K2","aggregateReference":"eyJ0eXAiOiJKV1QiLCJhbGciOiJIUzI1NiJ9.eyJzdGkiOjcwNzc1MiwicGFpIjoiZW5jb3JldGlja2V0cyIsInByaSI6ODYsInNpIjoiU1RBTExTLUstMiJ9.aAbRmuDrw_SVJiPCgmy4f2X0c8DAL5_41YIXncQmQjg","row":"K","number":2,"pricing":{"salePrice":[{"value":9000,"currency":"GBP","decimalPlaces":2}],"faceValue":[{"value":7500,"currency":"GBP","decimalPlaces":2}],"percentageDiscount":0,"includesBookingFee":true,"createdAt":"2021-09-20T22:11:43+0000","promotionLabel":null},"attributes":[],"isRestrictedView":false},{"seatIdentifier":"STALLS-K3","aggregateReference":"eyJ0eXAiOiJKV1QiLCJhbGciOiJIUzI1NiJ9.eyJzdGkiOjcwNzc1MiwicGFpIjoiZW5jb3JldGlja2V0cyIsInByaSI6ODYsInNpIjoiU1RBTExTLUstMyJ9.ylghWxq88esB5zZ4R7foexFH7XMIUELrGfOw4gvvsPI","row":"K","number":3,"pricing":{"salePrice":[{"value":9000,"currency":"GBP","decimalPlaces":2}],"faceValue":[{"value":7500,"currency":"GBP","decimalPlaces":2}],"percentageDiscount":0,"includesBookingFee":true,"createdAt":"2021-09-20T22:11:43+0000","promotionLabel":null},"attributes":[],"isRestrictedView":false},{"seatIdentifier":"STALLS-K4","aggregateReference":"eyJ0eXAiOiJKV1QiLCJhbGciOiJIUzI1NiJ9.eyJzdGkiOjcwNzc1MiwicGFpIjoiZW5jb3JldGlja2V0cyIsInByaSI6ODYsInNpIjoiU1RBTExTLUstNCJ9.CTk86TMlCixy-e_ePdy4p5mKlR3f6kSY4xbqddEGd94","row":"K","number":4,"pricing":{"salePrice":[{"value":9000,"currency":"GBP","decimalPlaces":2}],"faceValue":[{"value":7500,"currency":"GBP","decimalPlaces":2}],"percentageDiscount":0,"includesBookingFee":true,"createdAt":"2021-09-20T22:11:43+0000","promotionLabel":null},"attributes":[],"isRestrictedView":false}],"seatLumps":[{"seats":["STALLS-K1","STALLS-K2"]},{"seats":["STALLS-K3","STALLS-K4"]}]},{"groupIdentifier":"STALLS~K7;19","aggregateReference":null,"row":"K","mode":"allocated","seatNumberStart":7,"seatNumberEnd":19,"availableCount":13,"pricing":{"salePrice":[{"value":9000,"currency":"GBP","decimalPlaces":2}],"faceValue":[{"value":7500,"currency":"GBP","decimalPlaces":2}],"percentageDiscount":0,"includesBookingFee":true,"createdAt":"2021-09-20T22:11:43+0000","promotionLabel":null},"seats":[{"seatIdentifier":"STALLS-K7","aggregateReference":"eyJ0eXAiOiJKV1QiLCJhbGciOiJIUzI1NiJ9.eyJzdGkiOjcwNzc1MiwicGFpIjoiZW5jb3JldGlja2V0cyIsInByaSI6ODYsInNpIjoiU1RBTExTLUstNyJ9.8j_DHh8sTFB8lT6ckdG9KKOLpJWDhubxiZyLLL18pyI","row":"K","number":7,"pricing":{"salePrice":[{"value":9000,"currency":"GBP","decimalPlaces":2}],"faceValue":[{"value":7500,"currency":"GBP","decimalPlaces":2}],"percentageDiscount":0,"includesBookingFee":true,"createdAt":"2021-09-20T22:11:43+0000","promotionLabel":null},"attributes":[{"title":"EndOfRow","description":"Seat at end of row","intention":"positive"}],"isRestrictedView":false},{"seatIdentifier":"STALLS-K8","aggregateReference":"eyJ0eXAiOiJKV1QiLCJhbGciOiJIUzI1NiJ9.eyJzdGkiOjcwNzc1MiwicGFpIjoiZW5jb3JldGlja2V0cyIsInByaSI6ODYsInNpIjoiU1RBTExTLUstOCJ9.GniSCcjnpQHtuGSmy5fFd2emvVCNS54W3bwtx1yYV7w","row":"K","number":8,"pricing":{"salePrice":[{"value":9000,"currency":"GBP","decimalPlaces":2}],"faceValue":[{"value":7500,"currency":"GBP","decimalPlaces":2}],"percentageDiscount":0,"includesBookingFee":true,"createdAt":"2021-09-20T22:11:43+0000","promotionLabel":null},"attributes":[],"isRestrictedView":false},{"seatIdentifier":"STALLS-K9","aggregateReference":"eyJ0eXAiOiJKV1QiLCJhbGciOiJIUzI1NiJ9.eyJzdGkiOjcwNzc1MiwicGFpIjoiZW5jb3JldGlja2V0cyIsInByaSI6ODYsInNpIjoiU1RBTExTLUstOSJ9.ttn8NmsinC8G7dqF5tmzT1AS31mMGWXok5CRwXcRtDM","row":"K","number":9,"pricing":{"salePrice":[{"value":9000,"currency":"GBP","decimalPlaces":2}],"faceValue":[{"value":7500,"currency":"GBP","decimalPlaces":2}],"percentageDiscount":0,"includesBookingFee":true,"createdAt":"2021-09-20T22:11:43+0000","promotionLabel":null},"attributes":[],"isRestrictedView":false},{"seatIdentifier":"STALLS-K10","aggregateReference":"eyJ0eXAiOiJKV1QiLCJhbGciOiJIUzI1NiJ9.eyJzdGkiOjcwNzc1MiwicGFpIjoiZW5jb3JldGlja2V0cyIsInByaSI6ODYsInNpIjoiU1RBTExTLUstMTAifQ.la6A9d7EtTi1EJx2Dc_PzZJjnIfvidG9r-TzaiC_n70","row":"K","number":10,"pricing":{"salePrice":[{"value":9000,"currency":"GBP","decimalPlaces":2}],"faceValue":[{"value":7500,"currency":"GBP","decimalPlaces":2}],"percentageDiscount":0,"includesBookingFee":true,"createdAt":"2021-09-20T22:11:43+0000","promotionLabel":null},"attributes":[],"isRestrictedView":false},{"seatIdentifier":"STALLS-K11","aggregateReference":"eyJ0eXAiOiJKV1QiLCJhbGciOiJIUzI1NiJ9.eyJzdGkiOjcwNzc1MiwicGFpIjoiZW5jb3JldGlja2V0cyIsInByaSI6ODYsInNpIjoiU1RBTExTLUstMTEifQ.XFP4T9KQaNDyqewKrPK7eQXEVBwbmA8QovgBm5V1wxY","row":"K","number":11,"pricing":{"salePrice":[{"value":9000,"currency":"GBP","decimalPlaces":2}],"faceValue":[{"value":7500,"currency":"GBP","decimalPlaces":2}],"percentageDiscount":0,"includesBookingFee":true,"createdAt":"2021-09-20T22:11:43+0000","promotionLabel":null},"attributes":[],"isRestrictedView":false},{"seatIdentifier":"STALLS-K12","aggregateReference":"eyJ0eXAiOiJKV1QiLCJhbGciOiJIUzI1NiJ9.eyJzdGkiOjcwNzc1MiwicGFpIjoiZW5jb3JldGlja2V0cyIsInByaSI6ODYsInNpIjoiU1RBTExTLUstMTIifQ.d_CPC2EdMv0Lt1wqMWlhDidGK833rLkcmM8YNXbiDko","row":"K","number":12,"pricing":{"salePrice":[{"value":9000,"currency":"GBP","decimalPlaces":2}],"faceValue":[{"value":7500,"currency":"GBP","decimalPlaces":2}],"percentageDiscount":0,"includesBookingFee":true,"createdAt":"2021-09-20T22:11:43+0000","promotionLabel":null},"attributes":[],"isRestrictedView":false},{"seatIdentifier":"STALLS-K13","aggregateReference":"eyJ0eXAiOiJKV1QiLCJhbGciOiJIUzI1NiJ9.eyJzdGkiOjcwNzc1MiwicGFpIjoiZW5jb3JldGlja2V0cyIsInByaSI6ODYsInNpIjoiU1RBTExTLUstMTMifQ.fna83Fm78urFDipL-eG7_yW4KfVDpGvrJS0cZiEXzp0","row":"K","number":13,"pricing":{"salePrice":[{"value":9000,"currency":"GBP","decimalPlaces":2}],"faceValue":[{"value":7500,"currency":"GBP","decimalPlaces":2}],"percentageDiscount":0,"includesBookingFee":true,"createdAt":"2021-09-20T22:11:43+0000","promotionLabel":null},"attributes":[],"isRestrictedView":false},{"seatIdentifier":"STALLS-K14","aggregateReference":"eyJ0eXAiOiJKV1QiLCJhbGciOiJIUzI1NiJ9.eyJzdGkiOjcwNzc1MiwicGFpIjoiZW5jb3JldGlja2V0cyIsInByaSI6ODYsInNpIjoiU1RBTExTLUstMTQifQ.rpn7nhPava3n7j_KN6xImGHchLiDA961B9nM2NzYr7I","row":"K","number":14,"pricing":{"salePrice":[{"value":9000,"currency":"GBP","decimalPlaces":2}],"faceValue":[{"value":7500,"currency":"GBP","decimalPlaces":2}],"percentageDiscount":0,"includesBookingFee":true,"createdAt":"2021-09-20T22:11:43+0000","promotionLabel":null},"attributes":[],"isRestrictedView":false},{"seatIdentifier":"STALLS-K15","aggregateReference":"eyJ0eXAiOiJKV1QiLCJhbGciOiJIUzI1NiJ9.eyJzdGkiOjcwNzc1MiwicGFpIjoiZW5jb3JldGlja2V0cyIsInByaSI6ODYsInNpIjoiU1RBTExTLUstMTUifQ.BHaO65N6N1YnkvKhsLKEGvTQuhV1s4nuPkbwCY0c4Og","row":"K","number":15,"pricing":{"salePrice":[{"value":9000,"currency":"GBP","decimalPlaces":2}],"faceValue":[{"value":7500,"currency":"GBP","decimalPlaces":2}],"percentageDiscount":0,"includesBookingFee":true,"createdAt":"2021-09-20T22:11:43+0000","promotionLabel":null},"attributes":[],"isRestrictedView":false},{"seatIdentifier":"STALLS-K16","aggregateReference":"eyJ0eXAiOiJKV1QiLCJhbGciOiJIUzI1NiJ9.eyJzdGkiOjcwNzc1MiwicGFpIjoiZW5jb3JldGlja2V0cyIsInByaSI6ODYsInNpIjoiU1RBTExTLUstMTYifQ.8xZq1jCC8-OH8qQ4M-QZzORUpisbozNUYIXmYK8YDtE","row":"K","number":16,"pricing":{"salePrice":[{"value":9000,"currency":"GBP","decimalPlaces":2}],"faceValue":[{"value":7500,"currency":"GBP","decimalPlaces":2}],"percentageDiscount":0,"includesBookingFee":true,"createdAt":"2021-09-20T22:11:43+0000","promotionLabel":null},"attributes":[],"isRestrictedView":false},{"seatIdentifier":"STALLS-K17","aggregateReference":"eyJ0eXAiOiJKV1QiLCJhbGciOiJIUzI1NiJ9.eyJzdGkiOjcwNzc1MiwicGFpIjoiZW5jb3JldGlja2V0cyIsInByaSI6ODYsInNpIjoiU1RBTExTLUstMTcifQ.eN2nyqLVrk7QFa23YhxWrG56Wg_ppY3RwhCRxKi6TXY","row":"K","number":17,"pricing":{"salePrice":[{"value":9000,"currency":"GBP","decimalPlaces":2}],"faceValue":[{"value":7500,"currency":"GBP","decimalPlaces":2}],"percentageDiscount":0,"includesBookingFee":true,"createdAt":"2021-09-20T22:11:43+0000","promotionLabel":null},"attributes":[],"isRestrictedView":false},{"seatIdentifier":"STALLS-K18","aggregateReference":"eyJ0eXAiOiJKV1QiLCJhbGciOiJIUzI1NiJ9.eyJzdGkiOjcwNzc1MiwicGFpIjoiZW5jb3JldGlja2V0cyIsInByaSI6ODYsInNpIjoiU1RBTExTLUstMTgifQ.2eRN-w3r79K8nxnPFSjElBCLM1Q_UMKLSwn03NbfrO4","row":"K","number":18,"pricing":{"salePrice":[{"value":9000,"currency":"GBP","decimalPlaces":2}],"faceValue":[{"value":7500,"currency":"GBP","decimalPlaces":2}],"percentageDiscount":0,"includesBookingFee":true,"createdAt":"2021-09-20T22:11:43+0000","promotionLabel":null},"attributes":[],"isRestrictedView":false},{"seatIdentifier":"STALLS-K19","aggregateReference":"eyJ0eXAiOiJKV1QiLCJhbGciOiJIUzI1NiJ9.eyJzdGkiOjcwNzc1MiwicGFpIjoiZW5jb3JldGlja2V0cyIsInByaSI6ODYsInNpIjoiU1RBTExTLUstMTkifQ.t1w06oyDvo4Sqv4aWNULoz-2JrxjCCPf9ZzG5DoQum0","row":"K","number":19,"pricing":{"salePrice":[{"value":9000,"currency":"GBP","decimalPlaces":2}],"faceValue":[{"value":7500,"currency":"GBP","decimalPlaces":2}],"percentageDiscount":0,"includesBookingFee":true,"createdAt":"2021-09-20T22:11:43+0000","promotionLabel":null},"attributes":[{"title":"EndOfRow","description":"Seat at end of row","intention":"positive"}],"isRestrictedView":false}],"seatLumps":[{"seats":["STALLS-K7","STALLS-K8"]},{"seats":["STALLS-K9","STALLS-K10"]},{"seats":["STALLS-K10","STALLS-K11"]},{"seats":["STALLS-K11","STALLS-K12"]},{"seats":["STALLS-K12","STALLS-K13"]},{"seats":["STALLS-K13","STALLS-K14"]},{"seats":["STALLS-K14","STALLS-K15"]},{"seats":["STALLS-K15","STALLS-K16"]},{"seats":["STALLS-K16","STALLS-K17"]},{"seats":["STALLS-K18","STALLS-K19"]}]},{"groupIdentifier":"STALLS~K20;25","aggregateReference":null,"row":"K","mode":"allocated","seatNumberStart":20,"seatNumberEnd":25,"availableCount":6,"pricing":{"salePrice":[{"value":9000,"currency":"GBP","decimalPlaces":2}],"faceValue":[{"value":7500,"currency":"GBP","decimalPlaces":2}],"percentageDiscount":0,"includesBookingFee":true,"createdAt":"2021-09-20T22:11:43+0000","promotionLabel":null},"seats":[{"seatIdentifier":"STALLS-K20","aggregateReference":"eyJ0eXAiOiJKV1QiLCJhbGciOiJIUzI1NiJ9.eyJzdGkiOjcwNzc1MiwicGFpIjoiZW5jb3JldGlja2V0cyIsInByaSI6ODYsInNpIjoiU1RBTExTLUstMjAifQ.CPk5ymbcxOP24KOT9P8k45Hpq_KIKaWvorSzO1YzEJQ","row":"K","number":20,"pricing":{"salePrice":[{"value":9000,"currency":"GBP","decimalPlaces":2}],"faceValue":[{"value":7500,"currency":"GBP","decimalPlaces":2}],"percentageDiscount":0,"includesBookingFee":true,"createdAt":"2021-09-20T22:11:43+0000","promotionLabel":null},"attributes":[{"title":"EndOfRow","description":"Seat at end of row","intention":"positive"}],"isRestrictedView":false},{"seatIdentifier":"STALLS-K21","aggregateReference":"eyJ0eXAiOiJKV1QiLCJhbGciOiJIUzI1NiJ9.eyJzdGkiOjcwNzc1MiwicGFpIjoiZW5jb3JldGlja2V0cyIsInByaSI6ODYsInNpIjoiU1RBTExTLUstMjEifQ.VqJTR5wrfSjDW1ZXlsUSJxyBR0uTh_vrvbTqd00XdzA","row":"K","number":21,"pricing":{"salePrice":[{"value":9000,"currency":"GBP","decimalPlaces":2}],"faceValue":[{"value":7500,"currency":"GBP","decimalPlaces":2}],"percentageDiscount":0,"includesBookingFee":true,"createdAt":"2021-09-20T22:11:43+0000","promotionLabel":null},"attributes":[],"isRestrictedView":false},{"seatIdentifier":"STALLS-K22","aggregateReference":"eyJ0eXAiOiJKV1QiLCJhbGciOiJIUzI1NiJ9.eyJzdGkiOjcwNzc1MiwicGFpIjoiZW5jb3JldGlja2V0cyIsInByaSI6ODYsInNpIjoiU1RBTExTLUstMjIifQ.2vAV2yiccjavorMN1s_LYe_4HeO9363T3Sj0TnC0gPg","row":"K","number":22,"pricing":{"salePrice":[{"value":9000,"currency":"GBP","decimalPlaces":2}],"faceValue":[{"value":7500,"currency":"GBP","decimalPlaces":2}],"percentageDiscount":0,"includesBookingFee":true,"createdAt":"2021-09-20T22:11:43+0000","promotionLabel":null},"attributes":[],"isRestrictedView":false},{"seatIdentifier":"STALLS-K23","aggregateReference":"eyJ0eXAiOiJKV1QiLCJhbGciOiJIUzI1NiJ9.eyJzdGkiOjcwNzc1MiwicGFpIjoiZW5jb3JldGlja2V0cyIsInByaSI6ODYsInNpIjoiU1RBTExTLUstMjMifQ.IJpaOG-_OmwqoCjVc20F9ElCmc7rq-MHGCl-mAHuGVQ","row":"K","number":23,"pricing":{"salePrice":[{"value":9000,"currency":"GBP","decimalPlaces":2}],"faceValue":[{"value":7500,"currency":"GBP","decimalPlaces":2}],"percentageDiscount":0,"includesBookingFee":true,"createdAt":"2021-09-20T22:11:43+0000","promotionLabel":null},"attributes":[],"isRestrictedView":false},{"seatIdentifier":"STALLS-K24","aggregateReference":"eyJ0eXAiOiJKV1QiLCJhbGciOiJIUzI1NiJ9.eyJzdGkiOjcwNzc1MiwicGFpIjoiZW5jb3JldGlja2V0cyIsInByaSI6ODYsInNpIjoiU1RBTExTLUstMjQifQ.pJey234DeryG3hc0pXSOy1gJUiWNRAySI1WWIhG_AIk","row":"K","number":24,"pricing":{"salePrice":[{"value":9000,"currency":"GBP","decimalPlaces":2}],"faceValue":[{"value":7500,"currency":"GBP","decimalPlaces":2}],"percentageDiscount":0,"includesBookingFee":true,"createdAt":"2021-09-20T22:11:43+0000","promotionLabel":null},"attributes":[],"isRestrictedView":false},{"seatIdentifier":"STALLS-K25","aggregateReference":"eyJ0eXAiOiJKV1QiLCJhbGciOiJIUzI1NiJ9.eyJzdGkiOjcwNzc1MiwicGFpIjoiZW5jb3JldGlja2V0cyIsInByaSI6ODYsInNpIjoiU1RBTExTLUstMjUifQ.XCwtzcytf3WbH_Bo-kUw44IDhjefsZAaLZjRh-erBr8","row":"K","number":25,"pricing":{"salePrice":[{"value":9000,"currency":"GBP","decimalPlaces":2}],"faceValue":[{"value":7500,"currency":"GBP","decimalPlaces":2}],"percentageDiscount":0,"includesBookingFee":true,"createdAt":"2021-09-20T22:11:43+0000","promotionLabel":null},"attributes":[{"title":"SeatAgainstWall","description":"Seat has one side against a wall","intention":"negative"}],"isRestrictedView":true}],"seatLumps":[{"seats":["STALLS-K20","STALLS-K21"]},{"seats":["STALLS-K22","STALLS-K23"]},{"seats":["STALLS-K24","STALLS-K25"]}]},{"groupIdentifier":"STALLS~L1;6","aggregateReference":null,"row":"L","mode":"allocated","seatNumberStart":1,"seatNumberEnd":6,"availableCount":6,"pricing":{"salePrice":[{"value":9000,"currency":"GBP","decimalPlaces":2}],"faceValue":[{"value":7500,"currency":"GBP","decimalPlaces":2}],"percentageDiscount":0,"includesBookingFee":true,"createdAt":"2021-09-20T22:11:43+0000","promotionLabel":null},"seats":[{"seatIdentifier":"STALLS-L1","aggregateReference":"eyJ0eXAiOiJKV1QiLCJhbGciOiJIUzI1NiJ9.eyJzdGkiOjcwNzc1MiwicGFpIjoiZW5jb3JldGlja2V0cyIsInByaSI6ODYsInNpIjoiU1RBTExTLUwtMSJ9.Kn5yfhCFo3ATx-HHGMZ-9dNul8Dxgp0OMc7JcCpgGzQ","row":"L","number":1,"pricing":{"salePrice":[{"value":9000,"currency":"GBP","decimalPlaces":2}],"faceValue":[{"value":7500,"currency":"GBP","decimalPlaces":2}],"percentageDiscount":0,"includesBookingFee":true,"createdAt":"2021-09-20T22:11:43+0000","promotionLabel":null},"attributes":[{"title":"SeatAgainstWall","description":"Seat has one side against a wall","intention":"negative"}],"isRestrictedView":true},{"seatIdentifier":"STALLS-L2","aggregateReference":"eyJ0eXAiOiJKV1QiLCJhbGciOiJIUzI1NiJ9.eyJzdGkiOjcwNzc1MiwicGFpIjoiZW5jb3JldGlja2V0cyIsInByaSI6ODYsInNpIjoiU1RBTExTLUwtMiJ9.7HJ2INYV5QDoW5t09yFfH0K1ZEOlRK8G55PMtHpZvoo","row":"L","number":2,"pricing":{"salePrice":[{"value":9000,"currency":"GBP","decimalPlaces":2}],"faceValue":[{"value":7500,"currency":"GBP","decimalPlaces":2}],"percentageDiscount":0,"includesBookingFee":true,"createdAt":"2021-09-20T22:11:43+0000","promotionLabel":null},"attributes":[],"isRestrictedView":false},{"seatIdentifier":"STALLS-L3","aggregateReference":"eyJ0eXAiOiJKV1QiLCJhbGciOiJIUzI1NiJ9.eyJzdGkiOjcwNzc1MiwicGFpIjoiZW5jb3JldGlja2V0cyIsInByaSI6ODYsInNpIjoiU1RBTExTLUwtMyJ9.RJJjXpBYruswnPRvAGhA0Ukh2SIEG8hLboRc0jynxEo","row":"L","number":3,"pricing":{"salePrice":[{"value":9000,"currency":"GBP","decimalPlaces":2}],"faceValue":[{"value":7500,"currency":"GBP","decimalPlaces":2}],"percentageDiscount":0,"includesBookingFee":true,"createdAt":"2021-09-20T22:11:43+0000","promotionLabel":null},"attributes":[],"isRestrictedView":false},{"seatIdentifier":"STALLS-L4","aggregateReference":"eyJ0eXAiOiJKV1QiLCJhbGciOiJIUzI1NiJ9.eyJzdGkiOjcwNzc1MiwicGFpIjoiZW5jb3JldGlja2V0cyIsInByaSI6ODYsInNpIjoiU1RBTExTLUwtNCJ9.rrM26mwMjI2fyFO-X7_4pTD4sYqBgA0nL0ae_Pkhbaw","row":"L","number":4,"pricing":{"salePrice":[{"value":9000,"currency":"GBP","decimalPlaces":2}],"faceValue":[{"value":7500,"currency":"GBP","decimalPlaces":2}],"percentageDiscount":0,"includesBookingFee":true,"createdAt":"2021-09-20T22:11:43+0000","promotionLabel":null},"attributes":[],"isRestrictedView":false},{"seatIdentifier":"STALLS-L5","aggregateReference":"eyJ0eXAiOiJKV1QiLCJhbGciOiJIUzI1NiJ9.eyJzdGkiOjcwNzc1MiwicGFpIjoiZW5jb3JldGlja2V0cyIsInByaSI6ODYsInNpIjoiU1RBTExTLUwtNSJ9.pX9FEKekV-cXg6ghEqc3z4knK5tlbRfh1iWupR3y3gA","row":"L","number":5,"pricing":{"salePrice":[{"value":9000,"currency":"GBP","decimalPlaces":2}],"faceValue":[{"value":7500,"currency":"GBP","decimalPlaces":2}],"percentageDiscount":0,"includesBookingFee":true,"createdAt":"2021-09-20T22:11:43+0000","promotionLabel":null},"attributes":[],"isRestrictedView":false},{"seatIdentifier":"STALLS-L6","aggregateReference":"eyJ0eXAiOiJKV1QiLCJhbGciOiJIUzI1NiJ9.eyJzdGkiOjcwNzc1MiwicGFpIjoiZW5jb3JldGlja2V0cyIsInByaSI6ODYsInNpIjoiU1RBTExTLUwtNiJ9.w1_-uwNnbYKjTPucUIniZMYCnKzaZrZRiOMj05HgpMg","row":"L","number":6,"pricing":{"salePrice":[{"value":9000,"currency":"GBP","decimalPlaces":2}],"faceValue":[{"value":7500,"currency":"GBP","decimalPlaces":2}],"percentageDiscount":0,"includesBookingFee":true,"createdAt":"2021-09-20T22:11:43+0000","promotionLabel":null},"attributes":[{"title":"EndOfRow","description":"Seat at end of row","intention":"positive"}],"isRestrictedView":false}],"seatLumps":[{"seats":["STALLS-L1","STALLS-L2"]},{"seats":["STALLS-L3","STALLS-L4"]},{"seats":["STALLS-L5","STALLS-L6"]}]},{"groupIdentifier":"STALLS~L7;19","aggregateReference":null,"row":"L","mode":"allocated","seatNumberStart":7,"seatNumberEnd":19,"availableCount":13,"pricing":{"salePrice":[{"value":9000,"currency":"GBP","decimalPlaces":2}],"faceValue":[{"value":7500,"currency":"GBP","decimalPlaces":2}],"percentageDiscount":0,"includesBookingFee":true,"createdAt":"2021-09-20T22:11:43+0000","promotionLabel":null},"seats":[{"seatIdentifier":"STALLS-L7","aggregateReference":"eyJ0eXAiOiJKV1QiLCJhbGciOiJIUzI1NiJ9.eyJzdGkiOjcwNzc1MiwicGFpIjoiZW5jb3JldGlja2V0cyIsInByaSI6ODYsInNpIjoiU1RBTExTLUwtNyJ9.UfSbpmjGplI3XkCyKEMXYxFxY9QUynB3XZ3edwdMsCU","row":"L","number":7,"pricing":{"salePrice":[{"value":9000,"currency":"GBP","decimalPlaces":2}],"faceValue":[{"value":7500,"currency":"GBP","decimalPlaces":2}],"percentageDiscount":0,"includesBookingFee":true,"createdAt":"2021-09-20T22:11:43+0000","promotionLabel":null},"attributes":[{"title":"EndOfRow","description":"Seat at end of row","intention":"positive"}],"isRestrictedView":false},{"seatIdentifier":"STALLS-L8","aggregateReference":"eyJ0eXAiOiJKV1QiLCJhbGciOiJIUzI1NiJ9.eyJzdGkiOjcwNzc1MiwicGFpIjoiZW5jb3JldGlja2V0cyIsInByaSI6ODYsInNpIjoiU1RBTExTLUwtOCJ9.o2QNuDxTP5SaFlKp0kL-zBwr-SsrMqfPmYCCK5oElNs","row":"L","number":8,"pricing":{"salePrice":[{"value":9000,"currency":"GBP","decimalPlaces":2}],"faceValue":[{"value":7500,"currency":"GBP","decimalPlaces":2}],"percentageDiscount":0,"includesBookingFee":true,"createdAt":"2021-09-20T22:11:43+0000","promotionLabel":null},"attributes":[],"isRestrictedView":false},{"seatIdentifier":"STALLS-L9","aggregateReference":"eyJ0eXAiOiJKV1QiLCJhbGciOiJIUzI1NiJ9.eyJzdGkiOjcwNzc1MiwicGFpIjoiZW5jb3JldGlja2V0cyIsInByaSI6ODYsInNpIjoiU1RBTExTLUwtOSJ9.2D9HkvUaudC0LK-_p5HvJoaExmAq6JT9DYPT4AdBA9U","row":"L","number":9,"pricing":{"salePrice":[{"value":9000,"currency":"GBP","decimalPlaces":2}],"faceValue":[{"value":7500,"currency":"GBP","decimalPlaces":2}],"percentageDiscount":0,"includesBookingFee":true,"createdAt":"2021-09-20T22:11:43+0000","promotionLabel":null},"attributes":[],"isRestrictedView":false},{"seatIdentifier":"STALLS-L10","aggregateReference":"eyJ0eXAiOiJKV1QiLCJhbGciOiJIUzI1NiJ9.eyJzdGkiOjcwNzc1MiwicGFpIjoiZW5jb3JldGlja2V0cyIsInByaSI6ODYsInNpIjoiU1RBTExTLUwtMTAifQ.WwCw0ILAfQ6-cb5QN3fTIgIm8qg6VvONR1pN8lXwyXI","row":"L","number":10,"pricing":{"salePrice":[{"value":9000,"currency":"GBP","decimalPlaces":2}],"faceValue":[{"value":7500,"currency":"GBP","decimalPlaces":2}],"percentageDiscount":0,"includesBookingFee":true,"createdAt":"2021-09-20T22:11:43+0000","promotionLabel":null},"attributes":[],"isRestrictedView":false},{"seatIdentifier":"STALLS-L11","aggregateReference":"eyJ0eXAiOiJKV1QiLCJhbGciOiJIUzI1NiJ9.eyJzdGkiOjcwNzc1MiwicGFpIjoiZW5jb3JldGlja2V0cyIsInByaSI6ODYsInNpIjoiU1RBTExTLUwtMTEifQ.UMEtl2qlAptu7XTkmC7PPZzeCciYpSIH07tCie2qhnM","row":"L","number":11,"pricing":{"salePrice":[{"value":9000,"currency":"GBP","decimalPlaces":2}],"faceValue":[{"value":7500,"currency":"GBP","decimalPlaces":2}],"percentageDiscount":0,"includesBookingFee":true,"createdAt":"2021-09-20T22:11:43+0000","promotionLabel":null},"attributes":[],"isRestrictedView":false},{"seatIdentifier":"STALLS-L12","aggregateReference":"eyJ0eXAiOiJKV1QiLCJhbGciOiJIUzI1NiJ9.eyJzdGkiOjcwNzc1MiwicGFpIjoiZW5jb3JldGlja2V0cyIsInByaSI6ODYsInNpIjoiU1RBTExTLUwtMTIifQ.Ce_ptlCop1WzbnFEc4jz4tP0Wvlb3cU3ANo_SFEc_JM","row":"L","number":12,"pricing":{"salePrice":[{"value":9000,"currency":"GBP","decimalPlaces":2}],"faceValue":[{"value":7500,"currency":"GBP","decimalPlaces":2}],"percentageDiscount":0,"includesBookingFee":true,"createdAt":"2021-09-20T22:11:43+0000","promotionLabel":null},"attributes":[],"isRestrictedView":false},{"seatIdentifier":"STALLS-L13","aggregateReference":"eyJ0eXAiOiJKV1QiLCJhbGciOiJIUzI1NiJ9.eyJzdGkiOjcwNzc1MiwicGFpIjoiZW5jb3JldGlja2V0cyIsInByaSI6ODYsInNpIjoiU1RBTExTLUwtMTMifQ.CNjzQkuFsRyPARt-dYPtMb3pd87azpNVYIo9E3c9Mts","row":"L","number":13,"pricing":{"salePrice":[{"value":9000,"currency":"GBP","decimalPlaces":2}],"faceValue":[{"value":7500,"currency":"GBP","decimalPlaces":2}],"percentageDiscount":0,"includesBookingFee":true,"createdAt":"2021-09-20T22:11:43+0000","promotionLabel":null},"attributes":[],"isRestrictedView":false},{"seatIdentifier":"STALLS-L14","aggregateReference":"eyJ0eXAiOiJKV1QiLCJhbGciOiJIUzI1NiJ9.eyJzdGkiOjcwNzc1MiwicGFpIjoiZW5jb3JldGlja2V0cyIsInByaSI6ODYsInNpIjoiU1RBTExTLUwtMTQifQ.w5WBYoexRqAWMZ-0JaB01iO938oBldzfUgAt2CWPn2M","row":"L","number":14,"pricing":{"salePrice":[{"value":9000,"currency":"GBP","decimalPlaces":2}],"faceValue":[{"value":7500,"currency":"GBP","decimalPlaces":2}],"percentageDiscount":0,"includesBookingFee":true,"createdAt":"2021-09-20T22:11:43+0000","promotionLabel":null},"attributes":[],"isRestrictedView":false},{"seatIdentifier":"STALLS-L15","aggregateReference":"eyJ0eXAiOiJKV1QiLCJhbGciOiJIUzI1NiJ9.eyJzdGkiOjcwNzc1MiwicGFpIjoiZW5jb3JldGlja2V0cyIsInByaSI6ODYsInNpIjoiU1RBTExTLUwtMTUifQ.B827kSBIHAIt3Up90o7ybFhfxdFls_MOdHKoqc_iIhQ","row":"L","number":15,"pricing":{"salePrice":[{"value":9000,"currency":"GBP","decimalPlaces":2}],"faceValue":[{"value":7500,"currency":"GBP","decimalPlaces":2}],"percentageDiscount":0,"includesBookingFee":true,"createdAt":"2021-09-20T22:11:43+0000","promotionLabel":null},"attributes":[],"isRestrictedView":false},{"seatIdentifier":"STALLS-L16","aggregateReference":"eyJ0eXAiOiJKV1QiLCJhbGciOiJIUzI1NiJ9.eyJzdGkiOjcwNzc1MiwicGFpIjoiZW5jb3JldGlja2V0cyIsInByaSI6ODYsInNpIjoiU1RBTExTLUwtMTYifQ.kFwKDeoEcEeCXI7V04FXahvqAcYa7RzTozU3tkWDwgg","row":"L","number":16,"pricing":{"salePrice":[{"value":9000,"currency":"GBP","decimalPlaces":2}],"faceValue":[{"value":7500,"currency":"GBP","decimalPlaces":2}],"percentageDiscount":0,"includesBookingFee":true,"createdAt":"2021-09-20T22:11:43+0000","promotionLabel":null},"attributes":[],"isRestrictedView":false},{"seatIdentifier":"STALLS-L17","aggregateReference":"eyJ0eXAiOiJKV1QiLCJhbGciOiJIUzI1NiJ9.eyJzdGkiOjcwNzc1MiwicGFpIjoiZW5jb3JldGlja2V0cyIsInByaSI6ODYsInNpIjoiU1RBTExTLUwtMTcifQ.rVVMaadXVwBTJQGuwv5bAXzrtARCFCX9NgFL_azxwP8","row":"L","number":17,"pricing":{"salePrice":[{"value":9000,"currency":"GBP","decimalPlaces":2}],"faceValue":[{"value":7500,"currency":"GBP","decimalPlaces":2}],"percentageDiscount":0,"includesBookingFee":true,"createdAt":"2021-09-20T22:11:43+0000","promotionLabel":null},"attributes":[],"isRestrictedView":false},{"seatIdentifier":"STALLS-L18","aggregateReference":"eyJ0eXAiOiJKV1QiLCJhbGciOiJIUzI1NiJ9.eyJzdGkiOjcwNzc1MiwicGFpIjoiZW5jb3JldGlja2V0cyIsInByaSI6ODYsInNpIjoiU1RBTExTLUwtMTgifQ.4vn-meVesJExfBff6wM-xpxIo6Gfwkv4qUTkndaKMiQ","row":"L","number":18,"pricing":{"salePrice":[{"value":9000,"currency":"GBP","decimalPlaces":2}],"faceValue":[{"value":7500,"currency":"GBP","decimalPlaces":2}],"percentageDiscount":0,"includesBookingFee":true,"createdAt":"2021-09-20T22:11:43+0000","promotionLabel":null},"attributes":[],"isRestrictedView":false},{"seatIdentifier":"STALLS-L19","aggregateReference":"eyJ0eXAiOiJKV1QiLCJhbGciOiJIUzI1NiJ9.eyJzdGkiOjcwNzc1MiwicGFpIjoiZW5jb3JldGlja2V0cyIsInByaSI6ODYsInNpIjoiU1RBTExTLUwtMTkifQ.33iA5_gpa65inF_PegIxmvoOsMTWSAo5WFwdzG9i5vU","row":"L","number":19,"pricing":{"salePrice":[{"value":9000,"currency":"GBP","decimalPlaces":2}],"faceValue":[{"value":7500,"currency":"GBP","decimalPlaces":2}],"percentageDiscount":0,"includesBookingFee":true,"createdAt":"2021-09-20T22:11:43+0000","promotionLabel":null},"attributes":[{"title":"EndOfRow","description":"Seat at end of row","intention":"positive"}],"isRestrictedView":false}],"seatLumps":[{"seats":["STALLS-L7","STALLS-L8"]},{"seats":["STALLS-L9","STALLS-L10"]},{"seats":["STALLS-L10","STALLS-L11"]},{"seats":["STALLS-L11","STALLS-L12"]},{"seats":["STALLS-L12","STALLS-L13"]},{"seats":["STALLS-L13","STALLS-L14"]},{"seats":["STALLS-L14","STALLS-L15"]},{"seats":["STALLS-L15","STALLS-L16"]},{"seats":["STALLS-L16","STALLS-L17"]},{"seats":["STALLS-L18","STALLS-L19"]}]},{"groupIdentifier":"STALLS~L20;25","aggregateReference":null,"row":"L","mode":"allocated","seatNumberStart":20,"seatNumberEnd":25,"availableCount":6,"pricing":{"salePrice":[{"value":9000,"currency":"GBP","decimalPlaces":2}],"faceValue":[{"value":7500,"currency":"GBP","decimalPlaces":2}],"percentageDiscount":0,"includesBookingFee":true,"createdAt":"2021-09-20T22:11:43+0000","promotionLabel":null},"seats":[{"seatIdentifier":"STALLS-L20","aggregateReference":"eyJ0eXAiOiJKV1QiLCJhbGciOiJIUzI1NiJ9.eyJzdGkiOjcwNzc1MiwicGFpIjoiZW5jb3JldGlja2V0cyIsInByaSI6ODYsInNpIjoiU1RBTExTLUwtMjAifQ.Obs-o9Cg2Y8Jrxqoxdq1pRhAW2fc5RuqCmuLV1C3Dgo","row":"L","number":20,"pricing":{"salePrice":[{"value":9000,"currency":"GBP","decimalPlaces":2}],"faceValue":[{"value":7500,"currency":"GBP","decimalPlaces":2}],"percentageDiscount":0,"includesBookingFee":true,"createdAt":"2021-09-20T22:11:43+0000","promotionLabel":null},"attributes":[{"title":"EndOfRow","description":"Seat at end of row","intention":"positive"}],"isRestrictedView":false},{"seatIdentifier":"STALLS-L21","aggregateReference":"eyJ0eXAiOiJKV1QiLCJhbGciOiJIUzI1NiJ9.eyJzdGkiOjcwNzc1MiwicGFpIjoiZW5jb3JldGlja2V0cyIsInByaSI6ODYsInNpIjoiU1RBTExTLUwtMjEifQ.89mqqEMGHn8wNzyxKGT3ulN6wk2rkQ3iO85r7AgXArg","row":"L","number":21,"pricing":{"salePrice":[{"value":9000,"currency":"GBP","decimalPlaces":2}],"faceValue":[{"value":7500,"currency":"GBP","decimalPlaces":2}],"percentageDiscount":0,"includesBookingFee":true,"createdAt":"2021-09-20T22:11:43+0000","promotionLabel":null},"attributes":[],"isRestrictedView":false},{"seatIdentifier":"STALLS-L22","aggregateReference":"eyJ0eXAiOiJKV1QiLCJhbGciOiJIUzI1NiJ9.eyJzdGkiOjcwNzc1MiwicGFpIjoiZW5jb3JldGlja2V0cyIsInByaSI6ODYsInNpIjoiU1RBTExTLUwtMjIifQ.wRjG0kY8wZtct8TS1hvxBjMruUGA20M1sw862y7diDU","row":"L","number":22,"pricing":{"salePrice":[{"value":9000,"currency":"GBP","decimalPlaces":2}],"faceValue":[{"value":7500,"currency":"GBP","decimalPlaces":2}],"percentageDiscount":0,"includesBookingFee":true,"createdAt":"2021-09-20T22:11:43+0000","promotionLabel":null},"attributes":[],"isRestrictedView":false},{"seatIdentifier":"STALLS-L23","aggregateReference":"eyJ0eXAiOiJKV1QiLCJhbGciOiJIUzI1NiJ9.eyJzdGkiOjcwNzc1MiwicGFpIjoiZW5jb3JldGlja2V0cyIsInByaSI6ODYsInNpIjoiU1RBTExTLUwtMjMifQ.VOmMiNGZNHKx85EgCg5wmI96rAHbPryWGB2Rwkfk8_k","row":"L","number":23,"pricing":{"salePrice":[{"value":9000,"currency":"GBP","decimalPlaces":2}],"faceValue":[{"value":7500,"currency":"GBP","decimalPlaces":2}],"percentageDiscount":0,"includesBookingFee":true,"createdAt":"2021-09-20T22:11:43+0000","promotionLabel":null},"attributes":[],"isRestrictedView":false},{"seatIdentifier":"STALLS-L24","aggregateReference":"eyJ0eXAiOiJKV1QiLCJhbGciOiJIUzI1NiJ9.eyJzdGkiOjcwNzc1MiwicGFpIjoiZW5jb3JldGlja2V0cyIsInByaSI6ODYsInNpIjoiU1RBTExTLUwtMjQifQ.xHqgZFDs99NNh2NXVVlzt_yGTSbELcKEAOH4-rKAdGc","row":"L","number":24,"pricing":{"salePrice":[{"value":9000,"currency":"GBP","decimalPlaces":2}],"faceValue":[{"value":7500,"currency":"GBP","decimalPlaces":2}],"percentageDiscount":0,"includesBookingFee":true,"createdAt":"2021-09-20T22:11:43+0000","promotionLabel":null},"attributes":[],"isRestrictedView":false},{"seatIdentifier":"STALLS-L25","aggregateReference":"eyJ0eXAiOiJKV1QiLCJhbGciOiJIUzI1NiJ9.eyJzdGkiOjcwNzc1MiwicGFpIjoiZW5jb3JldGlja2V0cyIsInByaSI6ODYsInNpIjoiU1RBTExTLUwtMjUifQ.-3uFf0nDE2DAGHVVFkWHe3CG5qSIxVNQCXMJJ1gUeAU","row":"L","number":25,"pricing":{"salePrice":[{"value":9000,"currency":"GBP","decimalPlaces":2}],"faceValue":[{"value":7500,"currency":"GBP","decimalPlaces":2}],"percentageDiscount":0,"includesBookingFee":true,"createdAt":"2021-09-20T22:11:43+0000","promotionLabel":null},"attributes":[{"title":"SeatAgainstWall","description":"Seat has one side against a wall","intention":"negative"}],"isRestrictedView":true}],"seatLumps":[{"seats":["STALLS-L20","STALLS-L21"]},{"seats":["STALLS-L22","STALLS-L23"]},{"seats":["STALLS-L24","STALLS-L25"]}]},{"groupIdentifier":"STALLS~M1;6","aggregateReference":null,"row":"M","mode":"allocated","seatNumberStart":1,"seatNumberEnd":6,"availableCount":6,"pricing":{"salePrice":[{"value":9000,"currency":"GBP","decimalPlaces":2}],"faceValue":[{"value":7500,"currency":"GBP","decimalPlaces":2}],"percentageDiscount":0,"includesBookingFee":true,"createdAt":"2021-09-20T22:11:43+0000","promotionLabel":null},"seats":[{"seatIdentifier":"STALLS-M1","aggregateReference":"eyJ0eXAiOiJKV1QiLCJhbGciOiJIUzI1NiJ9.eyJzdGkiOjcwNzc1MiwicGFpIjoiZW5jb3JldGlja2V0cyIsInByaSI6ODYsInNpIjoiU1RBTExTLU0tMSJ9.MNwXkOzcsDzj7tG67qEboTW4Aiq-KUrZPQnGbf8rLJ8","row":"M","number":1,"pricing":{"salePrice":[{"value":9000,"currency":"GBP","decimalPlaces":2}],"faceValue":[{"value":7500,"currency":"GBP","decimalPlaces":2}],"percentageDiscount":0,"includesBookingFee":true,"createdAt":"2021-09-20T22:11:43+0000","promotionLabel":null},"attributes":[{"title":"SeatAgainstWall","description":"Seat has one side against a wall","intention":"negative"}],"isRestrictedView":true},{"seatIdentifier":"STALLS-M2","aggregateReference":"eyJ0eXAiOiJKV1QiLCJhbGciOiJIUzI1NiJ9.eyJzdGkiOjcwNzc1MiwicGFpIjoiZW5jb3JldGlja2V0cyIsInByaSI6ODYsInNpIjoiU1RBTExTLU0tMiJ9.AW5CKMG98-JYc5x6H4MdWRDjQibXMMqVVM7WEC2URj0","row":"M","number":2,"pricing":{"salePrice":[{"value":9000,"currency":"GBP","decimalPlaces":2}],"faceValue":[{"value":7500,"currency":"GBP","decimalPlaces":2}],"percentageDiscount":0,"includesBookingFee":true,"createdAt":"2021-09-20T22:11:43+0000","promotionLabel":null},"attributes":[],"isRestrictedView":false},{"seatIdentifier":"STALLS-M3","aggregateReference":"eyJ0eXAiOiJKV1QiLCJhbGciOiJIUzI1NiJ9.eyJzdGkiOjcwNzc1MiwicGFpIjoiZW5jb3JldGlja2V0cyIsInByaSI6ODYsInNpIjoiU1RBTExTLU0tMyJ9.ItIq4OfSz-35T7rBc2s6uVvxZbA-0W-n4geBoUiU3uo","row":"M","number":3,"pricing":{"salePrice":[{"value":9000,"currency":"GBP","decimalPlaces":2}],"faceValue":[{"value":7500,"currency":"GBP","decimalPlaces":2}],"percentageDiscount":0,"includesBookingFee":true,"createdAt":"2021-09-20T22:11:43+0000","promotionLabel":null},"attributes":[],"isRestrictedView":false},{"seatIdentifier":"STALLS-M4","aggregateReference":"eyJ0eXAiOiJKV1QiLCJhbGciOiJIUzI1NiJ9.eyJzdGkiOjcwNzc1MiwicGFpIjoiZW5jb3JldGlja2V0cyIsInByaSI6ODYsInNpIjoiU1RBTExTLU0tNCJ9.K8ClW_mi-ESHDYvKONDSl6plzebT82JmG471icWiLT0","row":"M","number":4,"pricing":{"salePrice":[{"value":9000,"currency":"GBP","decimalPlaces":2}],"faceValue":[{"value":7500,"currency":"GBP","decimalPlaces":2}],"percentageDiscount":0,"includesBookingFee":true,"createdAt":"2021-09-20T22:11:43+0000","promotionLabel":null},"attributes":[],"isRestrictedView":false},{"seatIdentifier":"STALLS-M5","aggregateReference":"eyJ0eXAiOiJKV1QiLCJhbGciOiJIUzI1NiJ9.eyJzdGkiOjcwNzc1MiwicGFpIjoiZW5jb3JldGlja2V0cyIsInByaSI6ODYsInNpIjoiU1RBTExTLU0tNSJ9.8tWqMhQDh-N6dRESjXkW5kADAZrG5wbuiKhdbjGYmXo","row":"M","number":5,"pricing":{"salePrice":[{"value":9000,"currency":"GBP","decimalPlaces":2}],"faceValue":[{"value":7500,"currency":"GBP","decimalPlaces":2}],"percentageDiscount":0,"includesBookingFee":true,"createdAt":"2021-09-20T22:11:43+0000","promotionLabel":null},"attributes":[],"isRestrictedView":false},{"seatIdentifier":"STALLS-M6","aggregateReference":"eyJ0eXAiOiJKV1QiLCJhbGciOiJIUzI1NiJ9.eyJzdGkiOjcwNzc1MiwicGFpIjoiZW5jb3JldGlja2V0cyIsInByaSI6ODYsInNpIjoiU1RBTExTLU0tNiJ9.ZVSacRKqruqzRreHnbWHW9YuFTCY5jSUqfumbnbKU2A","row":"M","number":6,"pricing":{"salePrice":[{"value":9000,"currency":"GBP","decimalPlaces":2}],"faceValue":[{"value":7500,"currency":"GBP","decimalPlaces":2}],"percentageDiscount":0,"includesBookingFee":true,"createdAt":"2021-09-20T22:11:43+0000","promotionLabel":null},"attributes":[{"title":"EndOfRow","description":"Seat at end of row","intention":"positive"}],"isRestrictedView":false}],"seatLumps":[{"seats":["STALLS-M1","STALLS-M2"]},{"seats":["STALLS-M3","STALLS-M4"]},{"seats":["STALLS-M5","STALLS-M6"]}]},{"groupIdentifier":"STALLS~M13;19","aggregateReference":null,"row":"M","mode":"allocated","seatNumberStart":13,"seatNumberEnd":19,"availableCount":7,"pricing":{"salePrice":[{"value":9000,"currency":"GBP","decimalPlaces":2}],"faceValue":[{"value":7500,"currency":"GBP","decimalPlaces":2}],"percentageDiscount":0,"includesBookingFee":true,"createdAt":"2021-09-20T22:11:43+0000","promotionLabel":null},"seats":[{"seatIdentifier":"STALLS-M13","aggregateReference":"eyJ0eXAiOiJKV1QiLCJhbGciOiJIUzI1NiJ9.eyJzdGkiOjcwNzc1MiwicGFpIjoiZW5jb3JldGlja2V0cyIsInByaSI6ODYsInNpIjoiU1RBTExTLU0tMTMifQ.BPzqxFWaTnS_makxQIZCGCcLsTRsDCwQZTsvbohoWgk","row":"M","number":13,"pricing":{"salePrice":[{"value":9000,"currency":"GBP","decimalPlaces":2}],"faceValue":[{"value":7500,"currency":"GBP","decimalPlaces":2}],"percentageDiscount":0,"includesBookingFee":true,"createdAt":"2021-09-20T22:11:43+0000","promotionLabel":null},"attributes":[],"isRestrictedView":false},{"seatIdentifier":"STALLS-M14","aggregateReference":"eyJ0eXAiOiJKV1QiLCJhbGciOiJIUzI1NiJ9.eyJzdGkiOjcwNzc1MiwicGFpIjoiZW5jb3JldGlja2V0cyIsInByaSI6ODYsInNpIjoiU1RBTExTLU0tMTQifQ.Y6aeMSIrqMCfY4aIbrkz1StgJvoO4MIsCPJkr6VLrgc","row":"M","number":14,"pricing":{"salePrice":[{"value":9000,"currency":"GBP","decimalPlaces":2}],"faceValue":[{"value":7500,"currency":"GBP","decimalPlaces":2}],"percentageDiscount":0,"includesBookingFee":true,"createdAt":"2021-09-20T22:11:43+0000","promotionLabel":null},"attributes":[],"isRestrictedView":false},{"seatIdentifier":"STALLS-M15","aggregateReference":"eyJ0eXAiOiJKV1QiLCJhbGciOiJIUzI1NiJ9.eyJzdGkiOjcwNzc1MiwicGFpIjoiZW5jb3JldGlja2V0cyIsInByaSI6ODYsInNpIjoiU1RBTExTLU0tMTUifQ._lU5uzaiGsWm8KKzKA5wbQ5JvzT2QEWRgOSOFhyTUKk","row":"M","number":15,"pricing":{"salePrice":[{"value":9000,"currency":"GBP","decimalPlaces":2}],"faceValue":[{"value":7500,"currency":"GBP","decimalPlaces":2}],"percentageDiscount":0,"includesBookingFee":true,"createdAt":"2021-09-20T22:11:43+0000","promotionLabel":null},"attributes":[],"isRestrictedView":false},{"seatIdentifier":"STALLS-M16","aggregateReference":"eyJ0eXAiOiJKV1QiLCJhbGciOiJIUzI1NiJ9.eyJzdGkiOjcwNzc1MiwicGFpIjoiZW5jb3JldGlja2V0cyIsInByaSI6ODYsInNpIjoiU1RBTExTLU0tMTYifQ.aCYHKuypxq8593l8iwBmrYogK3qDwLBLncWsr-0JF1E","row":"M","number":16,"pricing":{"salePrice":[{"value":9000,"currency":"GBP","decimalPlaces":2}],"faceValue":[{"value":7500,"currency":"GBP","decimalPlaces":2}],"percentageDiscount":0,"includesBookingFee":true,"createdAt":"2021-09-20T22:11:43+0000","promotionLabel":null},"attributes":[],"isRestrictedView":false},{"seatIdentifier":"STALLS-M17","aggregateReference":"eyJ0eXAiOiJKV1QiLCJhbGciOiJIUzI1NiJ9.eyJzdGkiOjcwNzc1MiwicGFpIjoiZW5jb3JldGlja2V0cyIsInByaSI6ODYsInNpIjoiU1RBTExTLU0tMTcifQ.Z-X9wuiRljL2Q1Hj5P0oBm8jJbRDUjRw-oCahf3Lw50","row":"M","number":17,"pricing":{"salePrice":[{"value":9000,"currency":"GBP","decimalPlaces":2}],"faceValue":[{"value":7500,"currency":"GBP","decimalPlaces":2}],"percentageDiscount":0,"includesBookingFee":true,"createdAt":"2021-09-20T22:11:43+0000","promotionLabel":null},"attributes":[],"isRestrictedView":false},{"seatIdentifier":"STALLS-M18","aggregateReference":"eyJ0eXAiOiJKV1QiLCJhbGciOiJIUzI1NiJ9.eyJzdGkiOjcwNzc1MiwicGFpIjoiZW5jb3JldGlja2V0cyIsInByaSI6ODYsInNpIjoiU1RBTExTLU0tMTgifQ.oTHOe8kSA9tBWU24rWrKB6v2dhu4lB_oZ6Fmk78ZpWQ","row":"M","number":18,"pricing":{"salePrice":[{"value":9000,"currency":"GBP","decimalPlaces":2}],"faceValue":[{"value":7500,"currency":"GBP","decimalPlaces":2}],"percentageDiscount":0,"includesBookingFee":true,"createdAt":"2021-09-20T22:11:43+0000","promotionLabel":null},"attributes":[],"isRestrictedView":false},{"seatIdentifier":"STALLS-M19","aggregateReference":"eyJ0eXAiOiJKV1QiLCJhbGciOiJIUzI1NiJ9.eyJzdGkiOjcwNzc1MiwicGFpIjoiZW5jb3JldGlja2V0cyIsInByaSI6ODYsInNpIjoiU1RBTExTLU0tMTkifQ.DxTHWqSCOhaLJs5RqTFbrG2T0SAoCkIJBGNzVtBr1tM","row":"M","number":19,"pricing":{"salePrice":[{"value":9000,"currency":"GBP","decimalPlaces":2}],"faceValue":[{"value":7500,"currency":"GBP","decimalPlaces":2}],"percentageDiscount":0,"includesBookingFee":true,"createdAt":"2021-09-20T22:11:43+0000","promotionLabel":null},"attributes":[{"title":"EndOfRow","description":"Seat at end of row","intention":"positive"}],"isRestrictedView":false}],"seatLumps":[{"seats":["STALLS-M13","STALLS-M14"]},{"seats":["STALLS-M15","STALLS-M16"]},{"seats":["STALLS-M16","STALLS-M17"]},{"seats":["STALLS-M18","STALLS-M19"]}]},{"groupIdentifier":"STALLS~M20;25","aggregateReference":null,"row":"M","mode":"allocated","seatNumberStart":20,"seatNumberEnd":25,"availableCount":6,"pricing":{"salePrice":[{"value":9000,"currency":"GBP","decimalPlaces":2}],"faceValue":[{"value":7500,"currency":"GBP","decimalPlaces":2}],"percentageDiscount":0,"includesBookingFee":true,"createdAt":"2021-09-20T22:11:43+0000","promotionLabel":null},"seats":[{"seatIdentifier":"STALLS-M20","aggregateReference":"eyJ0eXAiOiJKV1QiLCJhbGciOiJIUzI1NiJ9.eyJzdGkiOjcwNzc1MiwicGFpIjoiZW5jb3JldGlja2V0cyIsInByaSI6ODYsInNpIjoiU1RBTExTLU0tMjAifQ.KjdyWTYjdKbLb5FRevNpcE3CzyY3-Q0x33XQotGd04k","row":"M","number":20,"pricing":{"salePrice":[{"value":9000,"currency":"GBP","decimalPlaces":2}],"faceValue":[{"value":7500,"currency":"GBP","decimalPlaces":2}],"percentageDiscount":0,"includesBookingFee":true,"createdAt":"2021-09-20T22:11:43+0000","promotionLabel":null},"attributes":[{"title":"EndOfRow","description":"Seat at end of row","intention":"positive"}],"isRestrictedView":false},{"seatIdentifier":"STALLS-M21","aggregateReference":"eyJ0eXAiOiJKV1QiLCJhbGciOiJIUzI1NiJ9.eyJzdGkiOjcwNzc1MiwicGFpIjoiZW5jb3JldGlja2V0cyIsInByaSI6ODYsInNpIjoiU1RBTExTLU0tMjEifQ.Qf-6dJB0h4r-bE0QmcBofUGorT7wvBS03Sv_Gf6dPCQ","row":"M","number":21,"pricing":{"salePrice":[{"value":9000,"currency":"GBP","decimalPlaces":2}],"faceValue":[{"value":7500,"currency":"GBP","decimalPlaces":2}],"percentageDiscount":0,"includesBookingFee":true,"createdAt":"2021-09-20T22:11:43+0000","promotionLabel":null},"attributes":[],"isRestrictedView":false},{"seatIdentifier":"STALLS-M22","aggregateReference":"eyJ0eXAiOiJKV1QiLCJhbGciOiJIUzI1NiJ9.eyJzdGkiOjcwNzc1MiwicGFpIjoiZW5jb3JldGlja2V0cyIsInByaSI6ODYsInNpIjoiU1RBTExTLU0tMjIifQ.f5tAX0cR1Bmeh9hahkfDNGJ8gV5wr78cxRE82L5XWls","row":"M","number":22,"pricing":{"salePrice":[{"value":9000,"currency":"GBP","decimalPlaces":2}],"faceValue":[{"value":7500,"currency":"GBP","decimalPlaces":2}],"percentageDiscount":0,"includesBookingFee":true,"createdAt":"2021-09-20T22:11:43+0000","promotionLabel":null},"attributes":[],"isRestrictedView":false},{"seatIdentifier":"STALLS-M23","aggregateReference":"eyJ0eXAiOiJKV1QiLCJhbGciOiJIUzI1NiJ9.eyJzdGkiOjcwNzc1MiwicGFpIjoiZW5jb3JldGlja2V0cyIsInByaSI6ODYsInNpIjoiU1RBTExTLU0tMjMifQ.i7xg8f9Vh5Ot1VNzV5ZXb1Zq-5Np4jjkay5nVW35hMg","row":"M","number":23,"pricing":{"salePrice":[{"value":9000,"currency":"GBP","decimalPlaces":2}],"faceValue":[{"value":7500,"currency":"GBP","decimalPlaces":2}],"percentageDiscount":0,"includesBookingFee":true,"createdAt":"2021-09-20T22:11:43+0000","promotionLabel":null},"attributes":[],"isRestrictedView":false},{"seatIdentifier":"STALLS-M24","aggregateReference":"eyJ0eXAiOiJKV1QiLCJhbGciOiJIUzI1NiJ9.eyJzdGkiOjcwNzc1MiwicGFpIjoiZW5jb3JldGlja2V0cyIsInByaSI6ODYsInNpIjoiU1RBTExTLU0tMjQifQ.0aJnsUkPSnCqLFa24Bf5qmuo0rQVI-0oaOq7JqiOY7E","row":"M","number":24,"pricing":{"salePrice":[{"value":9000,"currency":"GBP","decimalPlaces":2}],"faceValue":[{"value":7500,"currency":"GBP","decimalPlaces":2}],"percentageDiscount":0,"includesBookingFee":true,"createdAt":"2021-09-20T22:11:43+0000","promotionLabel":null},"attributes":[],"isRestrictedView":false},{"seatIdentifier":"STALLS-M25","aggregateReference":"eyJ0eXAiOiJKV1QiLCJhbGciOiJIUzI1NiJ9.eyJzdGkiOjcwNzc1MiwicGFpIjoiZW5jb3JldGlja2V0cyIsInByaSI6ODYsInNpIjoiU1RBTExTLU0tMjUifQ.GUZa1Goz-LngM_nJ-ZJfNq6Oax0IMC2mnNab4q-7rN0","row":"M","number":25,"pricing":{"salePrice":[{"value":9000,"currency":"GBP","decimalPlaces":2}],"faceValue":[{"value":7500,"currency":"GBP","decimalPlaces":2}],"percentageDiscount":0,"includesBookingFee":true,"createdAt":"2021-09-20T22:11:43+0000","promotionLabel":null},"attributes":[{"title":"SeatAgainstWall","description":"Seat has one side against a wall","intention":"negative"}],"isRestrictedView":true}],"seatLumps":[{"seats":["STALLS-M20","STALLS-M21"]},{"seats":["STALLS-M22","STALLS-M23"]},{"seats":["STALLS-M24","STALLS-M25"]}]},{"groupIdentifier":"STALLS~N1;6","aggregateReference":null,"row":"N","mode":"allocated","seatNumberStart":1,"seatNumberEnd":6,"availableCount":6,"pricing":{"salePrice":[{"value":9000,"currency":"GBP","decimalPlaces":2}],"faceValue":[{"value":7500,"currency":"GBP","decimalPlaces":2}],"percentageDiscount":0,"includesBookingFee":true,"createdAt":"2021-09-20T22:11:43+0000","promotionLabel":null},"seats":[{"seatIdentifier":"STALLS-N1","aggregateReference":"eyJ0eXAiOiJKV1QiLCJhbGciOiJIUzI1NiJ9.eyJzdGkiOjcwNzc1MiwicGFpIjoiZW5jb3JldGlja2V0cyIsInByaSI6ODYsInNpIjoiU1RBTExTLU4tMSJ9.w0X0NxO_bpcBAVnpCq9EqUEfFwk_io9OEsqND7zMkTM","row":"N","number":1,"pricing":{"salePrice":[{"value":9000,"currency":"GBP","decimalPlaces":2}],"faceValue":[{"value":7500,"currency":"GBP","decimalPlaces":2}],"percentageDiscount":0,"includesBookingFee":true,"createdAt":"2021-09-20T22:11:43+0000","promotionLabel":null},"attributes":[{"title":"SeatAgainstWall","description":"Seat has one side against a wall","intention":"negative"}],"isRestrictedView":true},{"seatIdentifier":"STALLS-N2","aggregateReference":"eyJ0eXAiOiJKV1QiLCJhbGciOiJIUzI1NiJ9.eyJzdGkiOjcwNzc1MiwicGFpIjoiZW5jb3JldGlja2V0cyIsInByaSI6ODYsInNpIjoiU1RBTExTLU4tMiJ9.mAJkMZKhbECOQ7UerLEXhpeB76tEgIHpk7h0Sq2XkaA","row":"N","number":2,"pricing":{"salePrice":[{"value":9000,"currency":"GBP","decimalPlaces":2}],"faceValue":[{"value":7500,"currency":"GBP","decimalPlaces":2}],"percentageDiscount":0,"includesBookingFee":true,"createdAt":"2021-09-20T22:11:43+0000","promotionLabel":null},"attributes":[],"isRestrictedView":false},{"seatIdentifier":"STALLS-N3","aggregateReference":"eyJ0eXAiOiJKV1QiLCJhbGciOiJIUzI1NiJ9.eyJzdGkiOjcwNzc1MiwicGFpIjoiZW5jb3JldGlja2V0cyIsInByaSI6ODYsInNpIjoiU1RBTExTLU4tMyJ9.kLRpD4MyxzowbWxnAurQaFzepAnschmZnYb-wiFPWTw","row":"N","number":3,"pricing":{"salePrice":[{"value":9000,"currency":"GBP","decimalPlaces":2}],"faceValue":[{"value":7500,"currency":"GBP","decimalPlaces":2}],"percentageDiscount":0,"includesBookingFee":true,"createdAt":"2021-09-20T22:11:43+0000","promotionLabel":null},"attributes":[],"isRestrictedView":false},{"seatIdentifier":"STALLS-N4","aggregateReference":"eyJ0eXAiOiJKV1QiLCJhbGciOiJIUzI1NiJ9.eyJzdGkiOjcwNzc1MiwicGFpIjoiZW5jb3JldGlja2V0cyIsInByaSI6ODYsInNpIjoiU1RBTExTLU4tNCJ9.qwxclXNXU32sTxwxxeHBaIfphJ57OcAoAtEov059SUc","row":"N","number":4,"pricing":{"salePrice":[{"value":9000,"currency":"GBP","decimalPlaces":2}],"faceValue":[{"value":7500,"currency":"GBP","decimalPlaces":2}],"percentageDiscount":0,"includesBookingFee":true,"createdAt":"2021-09-20T22:11:43+0000","promotionLabel":null},"attributes":[],"isRestrictedView":false},{"seatIdentifier":"STALLS-N5","aggregateReference":"eyJ0eXAiOiJKV1QiLCJhbGciOiJIUzI1NiJ9.eyJzdGkiOjcwNzc1MiwicGFpIjoiZW5jb3JldGlja2V0cyIsInByaSI6ODYsInNpIjoiU1RBTExTLU4tNSJ9.O32DNg4klTiA_8A8IWOi9jz0yZWQdsRhldTkgdWZK6g","row":"N","number":5,"pricing":{"salePrice":[{"value":9000,"currency":"GBP","decimalPlaces":2}],"faceValue":[{"value":7500,"currency":"GBP","decimalPlaces":2}],"percentageDiscount":0,"includesBookingFee":true,"createdAt":"2021-09-20T22:11:43+0000","promotionLabel":null},"attributes":[],"isRestrictedView":false},{"seatIdentifier":"STALLS-N6","aggregateReference":"eyJ0eXAiOiJKV1QiLCJhbGciOiJIUzI1NiJ9.eyJzdGkiOjcwNzc1MiwicGFpIjoiZW5jb3JldGlja2V0cyIsInByaSI6ODYsInNpIjoiU1RBTExTLU4tNiJ9.O3quuS87mX1oDIqi6dT7fup-eZ_v5QNv4U6UWBSEtNQ","row":"N","number":6,"pricing":{"salePrice":[{"value":9000,"currency":"GBP","decimalPlaces":2}],"faceValue":[{"value":7500,"currency":"GBP","decimalPlaces":2}],"percentageDiscount":0,"includesBookingFee":true,"createdAt":"2021-09-20T22:11:43+0000","promotionLabel":null},"attributes":[{"title":"EndOfRow","description":"Seat at end of row","intention":"positive"}],"isRestrictedView":false}],"seatLumps":[{"seats":["STALLS-N1","STALLS-N2"]},{"seats":["STALLS-N3","STALLS-N4"]},{"seats":["STALLS-N5","STALLS-N6"]}]},{"groupIdentifier":"STALLS~N7;18","aggregateReference":null,"row":"N","mode":"allocated","seatNumberStart":7,"seatNumberEnd":18,"availableCount":12,"pricing":{"salePrice":[{"value":9000,"currency":"GBP","decimalPlaces":2}],"faceValue":[{"value":7500,"currency":"GBP","decimalPlaces":2}],"percentageDiscount":0,"includesBookingFee":true,"createdAt":"2021-09-20T22:11:43+0000","promotionLabel":null},"seats":[{"seatIdentifier":"STALLS-N7","aggregateReference":"eyJ0eXAiOiJKV1QiLCJhbGciOiJIUzI1NiJ9.eyJzdGkiOjcwNzc1MiwicGFpIjoiZW5jb3JldGlja2V0cyIsInByaSI6ODYsInNpIjoiU1RBTExTLU4tNyJ9.e2PyV46ynEEEUEwmXMOxqClPR8bO7rZ35N2r8KWt7aM","row":"N","number":7,"pricing":{"salePrice":[{"value":9000,"currency":"GBP","decimalPlaces":2}],"faceValue":[{"value":7500,"currency":"GBP","decimalPlaces":2}],"percentageDiscount":0,"includesBookingFee":true,"createdAt":"2021-09-20T22:11:43+0000","promotionLabel":null},"attributes":[{"title":"EndOfRow","description":"Seat at end of row","intention":"positive"}],"isRestrictedView":false},{"seatIdentifier":"STALLS-N8","aggregateReference":"eyJ0eXAiOiJKV1QiLCJhbGciOiJIUzI1NiJ9.eyJzdGkiOjcwNzc1MiwicGFpIjoiZW5jb3JldGlja2V0cyIsInByaSI6ODYsInNpIjoiU1RBTExTLU4tOCJ9.NVUvxX1zfXxV-8kj7U9WSXPY-_WiT8G6jBR95fM3gTQ","row":"N","number":8,"pricing":{"salePrice":[{"value":9000,"currency":"GBP","decimalPlaces":2}],"faceValue":[{"value":7500,"currency":"GBP","decimalPlaces":2}],"percentageDiscount":0,"includesBookingFee":true,"createdAt":"2021-09-20T22:11:43+0000","promotionLabel":null},"attributes":[],"isRestrictedView":false},{"seatIdentifier":"STALLS-N9","aggregateReference":"eyJ0eXAiOiJKV1QiLCJhbGciOiJIUzI1NiJ9.eyJzdGkiOjcwNzc1MiwicGFpIjoiZW5jb3JldGlja2V0cyIsInByaSI6ODYsInNpIjoiU1RBTExTLU4tOSJ9.8FAjnCjo1PdW36A5i3WPs83lJGfsH9PftvkWt9xTS2o","row":"N","number":9,"pricing":{"salePrice":[{"value":9000,"currency":"GBP","decimalPlaces":2}],"faceValue":[{"value":7500,"currency":"GBP","decimalPlaces":2}],"percentageDiscount":0,"includesBookingFee":true,"createdAt":"2021-09-20T22:11:43+0000","promotionLabel":null},"attributes":[],"isRestrictedView":false},{"seatIdentifier":"STALLS-N10","aggregateReference":"eyJ0eXAiOiJKV1QiLCJhbGciOiJIUzI1NiJ9.eyJzdGkiOjcwNzc1MiwicGFpIjoiZW5jb3JldGlja2V0cyIsInByaSI6ODYsInNpIjoiU1RBTExTLU4tMTAifQ.Ft7zhbaQAy7m8qzRIv7-CL_Cxq-1Y89WCbjDfJpMY3o","row":"N","number":10,"pricing":{"salePrice":[{"value":9000,"currency":"GBP","decimalPlaces":2}],"faceValue":[{"value":7500,"currency":"GBP","decimalPlaces":2}],"percentageDiscount":0,"includesBookingFee":true,"createdAt":"2021-09-20T22:11:43+0000","promotionLabel":null},"attributes":[],"isRestrictedView":false},{"seatIdentifier":"STALLS-N11","aggregateReference":"eyJ0eXAiOiJKV1QiLCJhbGciOiJIUzI1NiJ9.eyJzdGkiOjcwNzc1MiwicGFpIjoiZW5jb3JldGlja2V0cyIsInByaSI6ODYsInNpIjoiU1RBTExTLU4tMTEifQ.wLmmvUMXtkXwC9k6uRRju0lW27gYIpz6UIOHqAFweA8","row":"N","number":11,"pricing":{"salePrice":[{"value":9000,"currency":"GBP","decimalPlaces":2}],"faceValue":[{"value":7500,"currency":"GBP","decimalPlaces":2}],"percentageDiscount":0,"includesBookingFee":true,"createdAt":"2021-09-20T22:11:43+0000","promotionLabel":null},"attributes":[],"isRestrictedView":false},{"seatIdentifier":"STALLS-N12","aggregateReference":"eyJ0eXAiOiJKV1QiLCJhbGciOiJIUzI1NiJ9.eyJzdGkiOjcwNzc1MiwicGFpIjoiZW5jb3JldGlja2V0cyIsInByaSI6ODYsInNpIjoiU1RBTExTLU4tMTIifQ.nkSrm4k3BLt-zIZR-aSExJlerBa9HOouxr13sDYecMM","row":"N","number":12,"pricing":{"salePrice":[{"value":9000,"currency":"GBP","decimalPlaces":2}],"faceValue":[{"value":7500,"currency":"GBP","decimalPlaces":2}],"percentageDiscount":0,"includesBookingFee":true,"createdAt":"2021-09-20T22:11:43+0000","promotionLabel":null},"attributes":[],"isRestrictedView":false},{"seatIdentifier":"STALLS-N13","aggregateReference":"eyJ0eXAiOiJKV1QiLCJhbGciOiJIUzI1NiJ9.eyJzdGkiOjcwNzc1MiwicGFpIjoiZW5jb3JldGlja2V0cyIsInByaSI6ODYsInNpIjoiU1RBTExTLU4tMTMifQ.LdCU2O0dhYyMSpfkRQvOG-wrpq1C1B78d7S9B0MZUn0","row":"N","number":13,"pricing":{"salePrice":[{"value":9000,"currency":"GBP","decimalPlaces":2}],"faceValue":[{"value":7500,"currency":"GBP","decimalPlaces":2}],"percentageDiscount":0,"includesBookingFee":true,"createdAt":"2021-09-20T22:11:43+0000","promotionLabel":null},"attributes":[],"isRestrictedView":false},{"seatIdentifier":"STALLS-N14","aggregateReference":"eyJ0eXAiOiJKV1QiLCJhbGciOiJIUzI1NiJ9.eyJzdGkiOjcwNzc1MiwicGFpIjoiZW5jb3JldGlja2V0cyIsInByaSI6ODYsInNpIjoiU1RBTExTLU4tMTQifQ.m__7XPSDcndn_WMS4Pl-k4rJsPl1LTPy9iiGaNfXGhg","row":"N","number":14,"pricing":{"salePrice":[{"value":9000,"currency":"GBP","decimalPlaces":2}],"faceValue":[{"value":7500,"currency":"GBP","decimalPlaces":2}],"percentageDiscount":0,"includesBookingFee":true,"createdAt":"2021-09-20T22:11:43+0000","promotionLabel":null},"attributes":[],"isRestrictedView":false},{"seatIdentifier":"STALLS-N15","aggregateReference":"eyJ0eXAiOiJKV1QiLCJhbGciOiJIUzI1NiJ9.eyJzdGkiOjcwNzc1MiwicGFpIjoiZW5jb3JldGlja2V0cyIsInByaSI6ODYsInNpIjoiU1RBTExTLU4tMTUifQ.e9b1Afvt7I7b3duH8h7GyK_p7A5KFzz41mZhMj3ipNs","row":"N","number":15,"pricing":{"salePrice":[{"value":9000,"currency":"GBP","decimalPlaces":2}],"faceValue":[{"value":7500,"currency":"GBP","decimalPlaces":2}],"percentageDiscount":0,"includesBookingFee":true,"createdAt":"2021-09-20T22:11:43+0000","promotionLabel":null},"attributes":[],"isRestrictedView":false},{"seatIdentifier":"STALLS-N16","aggregateReference":"eyJ0eXAiOiJKV1QiLCJhbGciOiJIUzI1NiJ9.eyJzdGkiOjcwNzc1MiwicGFpIjoiZW5jb3JldGlja2V0cyIsInByaSI6ODYsInNpIjoiU1RBTExTLU4tMTYifQ.Q3C7Lp7RMljlsiwgjX7ZuqBPTTq0ky_Y4T8-zQS8CXk","row":"N","number":16,"pricing":{"salePrice":[{"value":9000,"currency":"GBP","decimalPlaces":2}],"faceValue":[{"value":7500,"currency":"GBP","decimalPlaces":2}],"percentageDiscount":0,"includesBookingFee":true,"createdAt":"2021-09-20T22:11:43+0000","promotionLabel":null},"attributes":[],"isRestrictedView":false},{"seatIdentifier":"STALLS-N17","aggregateReference":"eyJ0eXAiOiJKV1QiLCJhbGciOiJIUzI1NiJ9.eyJzdGkiOjcwNzc1MiwicGFpIjoiZW5jb3JldGlja2V0cyIsInByaSI6ODYsInNpIjoiU1RBTExTLU4tMTcifQ.M-THd9quWwiG92K1KFmUBNDoqwiHxo11aUA4og5e--I","row":"N","number":17,"pricing":{"salePrice":[{"value":9000,"currency":"GBP","decimalPlaces":2}],"faceValue":[{"value":7500,"currency":"GBP","decimalPlaces":2}],"percentageDiscount":0,"includesBookingFee":true,"createdAt":"2021-09-20T22:11:43+0000","promotionLabel":null},"attributes":[],"isRestrictedView":false},{"seatIdentifier":"STALLS-N18","aggregateReference":"eyJ0eXAiOiJKV1QiLCJhbGciOiJIUzI1NiJ9.eyJzdGkiOjcwNzc1MiwicGFpIjoiZW5jb3JldGlja2V0cyIsInByaSI6ODYsInNpIjoiU1RBTExTLU4tMTgifQ.JeJxGBs5ffja_EkHohVbQlvOCnnQOwlsg07q9zEqdas","row":"N","number":18,"pricing":{"salePrice":[{"value":9000,"currency":"GBP","decimalPlaces":2}],"faceValue":[{"value":7500,"currency":"GBP","decimalPlaces":2}],"percentageDiscount":0,"includesBookingFee":true,"createdAt":"2021-09-20T22:11:43+0000","promotionLabel":null},"attributes":[],"isRestrictedView":false}],"seatLumps":[{"seats":["STALLS-N7","STALLS-N8"]},{"seats":["STALLS-N9","STALLS-N10"]},{"seats":["STALLS-N10","STALLS-N11"]},{"seats":["STALLS-N11","STALLS-N12"]},{"seats":["STALLS-N12","STALLS-N13"]},{"seats":["STALLS-N13","STALLS-N14"]},{"seats":["STALLS-N14","STALLS-N15"]},{"seats":["STALLS-N15","STALLS-N16"]},{"seats":["STALLS-N17","STALLS-N18"]}]},{"groupIdentifier":"STALLS~N21;26","aggregateReference":null,"row":"N","mode":"allocated","seatNumberStart":21,"seatNumberEnd":26,"availableCount":6,"pricing":{"salePrice":[{"value":9000,"currency":"GBP","decimalPlaces":2}],"faceValue":[{"value":7500,"currency":"GBP","decimalPlaces":2}],"percentageDiscount":0,"includesBookingFee":true,"createdAt":"2021-09-20T22:11:43+0000","promotionLabel":null},"seats":[{"seatIdentifier":"STALLS-N21","aggregateReference":"eyJ0eXAiOiJKV1QiLCJhbGciOiJIUzI1NiJ9.eyJzdGkiOjcwNzc1MiwicGFpIjoiZW5jb3JldGlja2V0cyIsInByaSI6ODYsInNpIjoiU1RBTExTLU4tMjEifQ.JTr9iluyy7jm8QnLTYJ78dFGFrClOdi66pFGoxSIBTg","row":"N","number":21,"pricing":{"salePrice":[{"value":9000,"currency":"GBP","decimalPlaces":2}],"faceValue":[{"value":7500,"currency":"GBP","decimalPlaces":2}],"percentageDiscount":0,"includesBookingFee":true,"createdAt":"2021-09-20T22:11:43+0000","promotionLabel":null},"attributes":[{"title":"EndOfRow","description":"Seat at end of row","intention":"positive"}],"isRestrictedView":false},{"seatIdentifier":"STALLS-N22","aggregateReference":"eyJ0eXAiOiJKV1QiLCJhbGciOiJIUzI1NiJ9.eyJzdGkiOjcwNzc1MiwicGFpIjoiZW5jb3JldGlja2V0cyIsInByaSI6ODYsInNpIjoiU1RBTExTLU4tMjIifQ.pyy4vmbA_dvswlTCtQqQQU7CxlbB_8OhaDnSzJsIpGc","row":"N","number":22,"pricing":{"salePrice":[{"value":9000,"currency":"GBP","decimalPlaces":2}],"faceValue":[{"value":7500,"currency":"GBP","decimalPlaces":2}],"percentageDiscount":0,"includesBookingFee":true,"createdAt":"2021-09-20T22:11:43+0000","promotionLabel":null},"attributes":[],"isRestrictedView":false},{"seatIdentifier":"STALLS-N23","aggregateReference":"eyJ0eXAiOiJKV1QiLCJhbGciOiJIUzI1NiJ9.eyJzdGkiOjcwNzc1MiwicGFpIjoiZW5jb3JldGlja2V0cyIsInByaSI6ODYsInNpIjoiU1RBTExTLU4tMjMifQ.6KYlgiB10bADeERT-iumrJRPK0SK8Q41HE1DYiakf2M","row":"N","number":23,"pricing":{"salePrice":[{"value":9000,"currency":"GBP","decimalPlaces":2}],"faceValue":[{"value":7500,"currency":"GBP","decimalPlaces":2}],"percentageDiscount":0,"includesBookingFee":true,"createdAt":"2021-09-20T22:11:43+0000","promotionLabel":null},"attributes":[],"isRestrictedView":false},{"seatIdentifier":"STALLS-N24","aggregateReference":"eyJ0eXAiOiJKV1QiLCJhbGciOiJIUzI1NiJ9.eyJzdGkiOjcwNzc1MiwicGFpIjoiZW5jb3JldGlja2V0cyIsInByaSI6ODYsInNpIjoiU1RBTExTLU4tMjQifQ.dUj8iPY-_F0ehG84IrByPA6zFco1Pk4MHf3PvHNqcGk","row":"N","number":24,"pricing":{"salePrice":[{"value":9000,"currency":"GBP","decimalPlaces":2}],"faceValue":[{"value":7500,"currency":"GBP","decimalPlaces":2}],"percentageDiscount":0,"includesBookingFee":true,"createdAt":"2021-09-20T22:11:43+0000","promotionLabel":null},"attributes":[],"isRestrictedView":false},{"seatIdentifier":"STALLS-N25","aggregateReference":"eyJ0eXAiOiJKV1QiLCJhbGciOiJIUzI1NiJ9.eyJzdGkiOjcwNzc1MiwicGFpIjoiZW5jb3JldGlja2V0cyIsInByaSI6ODYsInNpIjoiU1RBTExTLU4tMjUifQ.fyjPY0OldfytYMCEtXpuTw9G706tJ07H3lIly_fsYA0","row":"N","number":25,"pricing":{"salePrice":[{"value":9000,"currency":"GBP","decimalPlaces":2}],"faceValue":[{"value":7500,"currency":"GBP","decimalPlaces":2}],"percentageDiscount":0,"includesBookingFee":true,"createdAt":"2021-09-20T22:11:43+0000","promotionLabel":null},"attributes":[],"isRestrictedView":false},{"seatIdentifier":"STALLS-N26","aggregateReference":"eyJ0eXAiOiJKV1QiLCJhbGciOiJIUzI1NiJ9.eyJzdGkiOjcwNzc1MiwicGFpIjoiZW5jb3JldGlja2V0cyIsInByaSI6ODYsInNpIjoiU1RBTExTLU4tMjYifQ.AjvY-goB_UuNnfQkx_BNQ2O4em0pKBwdp4brhsqkSf0","row":"N","number":26,"pricing":{"salePrice":[{"value":9000,"currency":"GBP","decimalPlaces":2}],"faceValue":[{"value":7500,"currency":"GBP","decimalPlaces":2}],"percentageDiscount":0,"includesBookingFee":true,"createdAt":"2021-09-20T22:11:43+0000","promotionLabel":null},"attributes":[{"title":"SeatAgainstWall","description":"Seat has one side against a wall","intention":"negative"}],"isRestrictedView":true}],"seatLumps":[{"seats":["STALLS-N21","STALLS-N22"]},{"seats":["STALLS-N23","STALLS-N24"]},{"seats":["STALLS-N25","STALLS-N26"]}]},{"groupIdentifier":"STALLS~O1;6","aggregateReference":null,"row":"O","mode":"allocated","seatNumberStart":1,"seatNumberEnd":6,"availableCount":6,"pricing":{"salePrice":[{"value":9000,"currency":"GBP","decimalPlaces":2}],"faceValue":[{"value":7500,"currency":"GBP","decimalPlaces":2}],"percentageDiscount":0,"includesBookingFee":true,"createdAt":"2021-09-20T22:11:43+0000","promotionLabel":null},"seats":[{"seatIdentifier":"STALLS-O1","aggregateReference":"eyJ0eXAiOiJKV1QiLCJhbGciOiJIUzI1NiJ9.eyJzdGkiOjcwNzc1MiwicGFpIjoiZW5jb3JldGlja2V0cyIsInByaSI6ODYsInNpIjoiU1RBTExTLU8tMSJ9.ZdK0kSqICKzjyptswcGHl_WF7ZjWaS3XExqdmfB0YlE","row":"O","number":1,"pricing":{"salePrice":[{"value":9000,"currency":"GBP","decimalPlaces":2}],"faceValue":[{"value":7500,"currency":"GBP","decimalPlaces":2}],"percentageDiscount":0,"includesBookingFee":true,"createdAt":"2021-09-20T22:11:43+0000","promotionLabel":null},"attributes":[{"title":"SeatAgainstWall","description":"Seat has one side against a wall","intention":"negative"}],"isRestrictedView":true},{"seatIdentifier":"STALLS-O2","aggregateReference":"eyJ0eXAiOiJKV1QiLCJhbGciOiJIUzI1NiJ9.eyJzdGkiOjcwNzc1MiwicGFpIjoiZW5jb3JldGlja2V0cyIsInByaSI6ODYsInNpIjoiU1RBTExTLU8tMiJ9.HH5yNshf71jGKFYLvqDKaTraSE-LomfGU5fJoc4ZbGo","row":"O","number":2,"pricing":{"salePrice":[{"value":9000,"currency":"GBP","decimalPlaces":2}],"faceValue":[{"value":7500,"currency":"GBP","decimalPlaces":2}],"percentageDiscount":0,"includesBookingFee":true,"createdAt":"2021-09-20T22:11:43+0000","promotionLabel":null},"attributes":[],"isRestrictedView":false},{"seatIdentifier":"STALLS-O3","aggregateReference":"eyJ0eXAiOiJKV1QiLCJhbGciOiJIUzI1NiJ9.eyJzdGkiOjcwNzc1MiwicGFpIjoiZW5jb3JldGlja2V0cyIsInByaSI6ODYsInNpIjoiU1RBTExTLU8tMyJ9.amS8RbXWSqX8Zo-Eo3LoPN9AfG1KGqpnnjdy0u1FiZU","row":"O","number":3,"pricing":{"salePrice":[{"value":9000,"currency":"GBP","decimalPlaces":2}],"faceValue":[{"value":7500,"currency":"GBP","decimalPlaces":2}],"percentageDiscount":0,"includesBookingFee":true,"createdAt":"2021-09-20T22:11:43+0000","promotionLabel":null},"attributes":[],"isRestrictedView":false},{"seatIdentifier":"STALLS-O4","aggregateReference":"eyJ0eXAiOiJKV1QiLCJhbGciOiJIUzI1NiJ9.eyJzdGkiOjcwNzc1MiwicGFpIjoiZW5jb3JldGlja2V0cyIsInByaSI6ODYsInNpIjoiU1RBTExTLU8tNCJ9.1ifA0w_pWtICl7WiNZba46XvEvfSb1ZKGYOK8gOh1-g","row":"O","number":4,"pricing":{"salePrice":[{"value":9000,"currency":"GBP","decimalPlaces":2}],"faceValue":[{"value":7500,"currency":"GBP","decimalPlaces":2}],"percentageDiscount":0,"includesBookingFee":true,"createdAt":"2021-09-20T22:11:43+0000","promotionLabel":null},"attributes":[],"isRestrictedView":false},{"seatIdentifier":"STALLS-O5","aggregateReference":"eyJ0eXAiOiJKV1QiLCJhbGciOiJIUzI1NiJ9.eyJzdGkiOjcwNzc1MiwicGFpIjoiZW5jb3JldGlja2V0cyIsInByaSI6ODYsInNpIjoiU1RBTExTLU8tNSJ9.nSqa86xmPC5-Q6bBBjH5h2G9FJQ6cUDX8pTrzea9wd8","row":"O","number":5,"pricing":{"salePrice":[{"value":9000,"currency":"GBP","decimalPlaces":2}],"faceValue":[{"value":7500,"currency":"GBP","decimalPlaces":2}],"percentageDiscount":0,"includesBookingFee":true,"createdAt":"2021-09-20T22:11:43+0000","promotionLabel":null},"attributes":[],"isRestrictedView":false},{"seatIdentifier":"STALLS-O6","aggregateReference":"eyJ0eXAiOiJKV1QiLCJhbGciOiJIUzI1NiJ9.eyJzdGkiOjcwNzc1MiwicGFpIjoiZW5jb3JldGlja2V0cyIsInByaSI6ODYsInNpIjoiU1RBTExTLU8tNiJ9.v80le59OCbcyEb_e7JCe0RXDzuDZ55R4-yQXZfB224s","row":"O","number":6,"pricing":{"salePrice":[{"value":9000,"currency":"GBP","decimalPlaces":2}],"faceValue":[{"value":7500,"currency":"GBP","decimalPlaces":2}],"percentageDiscount":0,"includesBookingFee":true,"createdAt":"2021-09-20T22:11:43+0000","promotionLabel":null},"attributes":[{"title":"EndOfRow","description":"Seat at end of row","intention":"positive"}],"isRestrictedView":false}],"seatLumps":[{"seats":["STALLS-O1","STALLS-O2"]},{"seats":["STALLS-O3","STALLS-O4"]},{"seats":["STALLS-O5","STALLS-O6"]}]},{"groupIdentifier":"STALLS~O7;20","aggregateReference":null,"row":"O","mode":"allocated","seatNumberStart":7,"seatNumberEnd":20,"availableCount":14,"pricing":{"salePrice":[{"value":9000,"currency":"GBP","decimalPlaces":2}],"faceValue":[{"value":7500,"currency":"GBP","decimalPlaces":2}],"percentageDiscount":0,"includesBookingFee":true,"createdAt":"2021-09-20T22:11:43+0000","promotionLabel":null},"seats":[{"seatIdentifier":"STALLS-O7","aggregateReference":"eyJ0eXAiOiJKV1QiLCJhbGciOiJIUzI1NiJ9.eyJzdGkiOjcwNzc1MiwicGFpIjoiZW5jb3JldGlja2V0cyIsInByaSI6ODYsInNpIjoiU1RBTExTLU8tNyJ9.5M04Z9FCiQoTjyp9SbChZ3RIZNo4bg4dg_WqhJC6Ihw","row":"O","number":7,"pricing":{"salePrice":[{"value":9000,"currency":"GBP","decimalPlaces":2}],"faceValue":[{"value":7500,"currency":"GBP","decimalPlaces":2}],"percentageDiscount":0,"includesBookingFee":true,"createdAt":"2021-09-20T22:11:43+0000","promotionLabel":null},"attributes":[{"title":"EndOfRow","description":"Seat at end of row","intention":"positive"}],"isRestrictedView":false},{"seatIdentifier":"STALLS-O8","aggregateReference":"eyJ0eXAiOiJKV1QiLCJhbGciOiJIUzI1NiJ9.eyJzdGkiOjcwNzc1MiwicGFpIjoiZW5jb3JldGlja2V0cyIsInByaSI6ODYsInNpIjoiU1RBTExTLU8tOCJ9.HkjaJGKiGrHmqYb6ElYILulVjoJcUwkXMtSDWDTHjR4","row":"O","number":8,"pricing":{"salePrice":[{"value":9000,"currency":"GBP","decimalPlaces":2}],"faceValue":[{"value":7500,"currency":"GBP","decimalPlaces":2}],"percentageDiscount":0,"includesBookingFee":true,"createdAt":"2021-09-20T22:11:43+0000","promotionLabel":null},"attributes":[],"isRestrictedView":false},{"seatIdentifier":"STALLS-O9","aggregateReference":"eyJ0eXAiOiJKV1QiLCJhbGciOiJIUzI1NiJ9.eyJzdGkiOjcwNzc1MiwicGFpIjoiZW5jb3JldGlja2V0cyIsInByaSI6ODYsInNpIjoiU1RBTExTLU8tOSJ9.-07eUz4CHgzjkgJ9XzQp0mg4K603KN2V5x8rtUqy6Ro","row":"O","number":9,"pricing":{"salePrice":[{"value":9000,"currency":"GBP","decimalPlaces":2}],"faceValue":[{"value":7500,"currency":"GBP","decimalPlaces":2}],"percentageDiscount":0,"includesBookingFee":true,"createdAt":"2021-09-20T22:11:43+0000","promotionLabel":null},"attributes":[],"isRestrictedView":false},{"seatIdentifier":"STALLS-O10","aggregateReference":"eyJ0eXAiOiJKV1QiLCJhbGciOiJIUzI1NiJ9.eyJzdGkiOjcwNzc1MiwicGFpIjoiZW5jb3JldGlja2V0cyIsInByaSI6ODYsInNpIjoiU1RBTExTLU8tMTAifQ.fApk8nKryJ6p8Bc0Z1kw-RvPNHOfe1svL0SASM5-TaM","row":"O","number":10,"pricing":{"salePrice":[{"value":9000,"currency":"GBP","decimalPlaces":2}],"faceValue":[{"value":7500,"currency":"GBP","decimalPlaces":2}],"percentageDiscount":0,"includesBookingFee":true,"createdAt":"2021-09-20T22:11:43+0000","promotionLabel":null},"attributes":[],"isRestrictedView":false},{"seatIdentifier":"STALLS-O11","aggregateReference":"eyJ0eXAiOiJKV1QiLCJhbGciOiJIUzI1NiJ9.eyJzdGkiOjcwNzc1MiwicGFpIjoiZW5jb3JldGlja2V0cyIsInByaSI6ODYsInNpIjoiU1RBTExTLU8tMTEifQ.jFOB1dTnolk20Xs6BCLLRq9RpNb6jr64kFo4DOrDVo4","row":"O","number":11,"pricing":{"salePrice":[{"value":9000,"currency":"GBP","decimalPlaces":2}],"faceValue":[{"value":7500,"currency":"GBP","decimalPlaces":2}],"percentageDiscount":0,"includesBookingFee":true,"createdAt":"2021-09-20T22:11:43+0000","promotionLabel":null},"attributes":[],"isRestrictedView":false},{"seatIdentifier":"STALLS-O12","aggregateReference":"eyJ0eXAiOiJKV1QiLCJhbGciOiJIUzI1NiJ9.eyJzdGkiOjcwNzc1MiwicGFpIjoiZW5jb3JldGlja2V0cyIsInByaSI6ODYsInNpIjoiU1RBTExTLU8tMTIifQ.vNEIXys55IPcad5qFmAOnXCYARiOAYeBkh0r12BsUlo","row":"O","number":12,"pricing":{"salePrice":[{"value":9000,"currency":"GBP","decimalPlaces":2}],"faceValue":[{"value":7500,"currency":"GBP","decimalPlaces":2}],"percentageDiscount":0,"includesBookingFee":true,"createdAt":"2021-09-20T22:11:43+0000","promotionLabel":null},"attributes":[],"isRestrictedView":false},{"seatIdentifier":"STALLS-O13","aggregateReference":"eyJ0eXAiOiJKV1QiLCJhbGciOiJIUzI1NiJ9.eyJzdGkiOjcwNzc1MiwicGFpIjoiZW5jb3JldGlja2V0cyIsInByaSI6ODYsInNpIjoiU1RBTExTLU8tMTMifQ.IV9JRKemAc7RJDBXIUk2hErBs48aHniNijUAITlmXZ4","row":"O","number":13,"pricing":{"salePrice":[{"value":9000,"currency":"GBP","decimalPlaces":2}],"faceValue":[{"value":7500,"currency":"GBP","decimalPlaces":2}],"percentageDiscount":0,"includesBookingFee":true,"createdAt":"2021-09-20T22:11:43+0000","promotionLabel":null},"attributes":[],"isRestrictedView":false},{"seatIdentifier":"STALLS-O14","aggregateReference":"eyJ0eXAiOiJKV1QiLCJhbGciOiJIUzI1NiJ9.eyJzdGkiOjcwNzc1MiwicGFpIjoiZW5jb3JldGlja2V0cyIsInByaSI6ODYsInNpIjoiU1RBTExTLU8tMTQifQ.O_fB_hVI_vRsgZrHDa5_TTzmhUd7IbGV3x0ncDd8QE8","row":"O","number":14,"pricing":{"salePrice":[{"value":9000,"currency":"GBP","decimalPlaces":2}],"faceValue":[{"value":7500,"currency":"GBP","decimalPlaces":2}],"percentageDiscount":0,"includesBookingFee":true,"createdAt":"2021-09-20T22:11:43+0000","promotionLabel":null},"attributes":[],"isRestrictedView":false},{"seatIdentifier":"STALLS-O15","aggregateReference":"eyJ0eXAiOiJKV1QiLCJhbGciOiJIUzI1NiJ9.eyJzdGkiOjcwNzc1MiwicGFpIjoiZW5jb3JldGlja2V0cyIsInByaSI6ODYsInNpIjoiU1RBTExTLU8tMTUifQ.3-hKzbLN7BA3FA05IrLGuMvohEyu8GmIH6jXhrh5oNw","row":"O","number":15,"pricing":{"salePrice":[{"value":9000,"currency":"GBP","decimalPlaces":2}],"faceValue":[{"value":7500,"currency":"GBP","decimalPlaces":2}],"percentageDiscount":0,"includesBookingFee":true,"createdAt":"2021-09-20T22:11:43+0000","promotionLabel":null},"attributes":[],"isRestrictedView":false},{"seatIdentifier":"STALLS-O16","aggregateReference":"eyJ0eXAiOiJKV1QiLCJhbGciOiJIUzI1NiJ9.eyJzdGkiOjcwNzc1MiwicGFpIjoiZW5jb3JldGlja2V0cyIsInByaSI6ODYsInNpIjoiU1RBTExTLU8tMTYifQ.ze_WhfkSyZs8J0hVxJVnnDGiAgU2dpOCUeKBj5eFe_8","row":"O","number":16,"pricing":{"salePrice":[{"value":9000,"currency":"GBP","decimalPlaces":2}],"faceValue":[{"value":7500,"currency":"GBP","decimalPlaces":2}],"percentageDiscount":0,"includesBookingFee":true,"createdAt":"2021-09-20T22:11:43+0000","promotionLabel":null},"attributes":[],"isRestrictedView":false},{"seatIdentifier":"STALLS-O17","aggregateReference":"eyJ0eXAiOiJKV1QiLCJhbGciOiJIUzI1NiJ9.eyJzdGkiOjcwNzc1MiwicGFpIjoiZW5jb3JldGlja2V0cyIsInByaSI6ODYsInNpIjoiU1RBTExTLU8tMTcifQ.txOIvZ6dTcnHAzic4yGojsrbwp2lb09GEC4RwJSudAQ","row":"O","number":17,"pricing":{"salePrice":[{"value":9000,"currency":"GBP","decimalPlaces":2}],"faceValue":[{"value":7500,"currency":"GBP","decimalPlaces":2}],"percentageDiscount":0,"includesBookingFee":true,"createdAt":"2021-09-20T22:11:43+0000","promotionLabel":null},"attributes":[],"isRestrictedView":false},{"seatIdentifier":"STALLS-O18","aggregateReference":"eyJ0eXAiOiJKV1QiLCJhbGciOiJIUzI1NiJ9.eyJzdGkiOjcwNzc1MiwicGFpIjoiZW5jb3JldGlja2V0cyIsInByaSI6ODYsInNpIjoiU1RBTExTLU8tMTgifQ.7Trx5vaqo6ZDroFbRZPtqkH8HuZh2eHKbTi7E44aHDk","row":"O","number":18,"pricing":{"salePrice":[{"value":9000,"currency":"GBP","decimalPlaces":2}],"faceValue":[{"value":7500,"currency":"GBP","decimalPlaces":2}],"percentageDiscount":0,"includesBookingFee":true,"createdAt":"2021-09-20T22:11:43+0000","promotionLabel":null},"attributes":[],"isRestrictedView":false},{"seatIdentifier":"STALLS-O19","aggregateReference":"eyJ0eXAiOiJKV1QiLCJhbGciOiJIUzI1NiJ9.eyJzdGkiOjcwNzc1MiwicGFpIjoiZW5jb3JldGlja2V0cyIsInByaSI6ODYsInNpIjoiU1RBTExTLU8tMTkifQ.h4qRMecdg_hGvR6eiDd3StXEH9fDGBpNKshpxlDp-Ks","row":"O","number":19,"pricing":{"salePrice":[{"value":9000,"currency":"GBP","decimalPlaces":2}],"faceValue":[{"value":7500,"currency":"GBP","decimalPlaces":2}],"percentageDiscount":0,"includesBookingFee":true,"createdAt":"2021-09-20T22:11:43+0000","promotionLabel":null},"attributes":[],"isRestrictedView":false},{"seatIdentifier":"STALLS-O20","aggregateReference":"eyJ0eXAiOiJKV1QiLCJhbGciOiJIUzI1NiJ9.eyJzdGkiOjcwNzc1MiwicGFpIjoiZW5jb3JldGlja2V0cyIsInByaSI6ODYsInNpIjoiU1RBTExTLU8tMjAifQ.ZzM4VtAV_nAy2vejGWAjfDW0r3tgBCaZ3bo4BDJITTU","row":"O","number":20,"pricing":{"salePrice":[{"value":9000,"currency":"GBP","decimalPlaces":2}],"faceValue":[{"value":7500,"currency":"GBP","decimalPlaces":2}],"percentageDiscount":0,"includesBookingFee":true,"createdAt":"2021-09-20T22:11:43+0000","promotionLabel":null},"attributes":[{"title":"EndOfRow","description":"Seat at end of row","intention":"positive"}],"isRestrictedView":false}],"seatLumps":[{"seats":["STALLS-O7","STALLS-O8"]},{"seats":["STALLS-O9","STALLS-O10"]},{"seats":["STALLS-O10","STALLS-O11"]},{"seats":["STALLS-O11","STALLS-O12"]},{"seats":["STALLS-O12","STALLS-O13"]},{"seats":["STALLS-O13","STALLS-O14"]},{"seats":["STALLS-O14","STALLS-O15"]},{"seats":["STALLS-O15","STALLS-O16"]},{"seats":["STALLS-O16","STALLS-O17"]},{"seats":["STALLS-O17","STALLS-O18"]},{"seats":["STALLS-O19","STALLS-O20"]}]},{"groupIdentifier":"STALLS~O21;26","aggregateReference":null,"row":"O","mode":"allocated","seatNumberStart":21,"seatNumberEnd":26,"availableCount":6,"pricing":{"salePrice":[{"value":9000,"currency":"GBP","decimalPlaces":2}],"faceValue":[{"value":7500,"currency":"GBP","decimalPlaces":2}],"percentageDiscount":0,"includesBookingFee":true,"createdAt":"2021-09-20T22:11:43+0000","promotionLabel":null},"seats":[{"seatIdentifier":"STALLS-O21","aggregateReference":"eyJ0eXAiOiJKV1QiLCJhbGciOiJIUzI1NiJ9.eyJzdGkiOjcwNzc1MiwicGFpIjoiZW5jb3JldGlja2V0cyIsInByaSI6ODYsInNpIjoiU1RBTExTLU8tMjEifQ.d19OoaWjL8zkSviZtrhSSr5V9uAD0qnby-HxgtEXW4g","row":"O","number":21,"pricing":{"salePrice":[{"value":9000,"currency":"GBP","decimalPlaces":2}],"faceValue":[{"value":7500,"currency":"GBP","decimalPlaces":2}],"percentageDiscount":0,"includesBookingFee":true,"createdAt":"2021-09-20T22:11:43+0000","promotionLabel":null},"attributes":[{"title":"EndOfRow","description":"Seat at end of row","intention":"positive"}],"isRestrictedView":false},{"seatIdentifier":"STALLS-O22","aggregateReference":"eyJ0eXAiOiJKV1QiLCJhbGciOiJIUzI1NiJ9.eyJzdGkiOjcwNzc1MiwicGFpIjoiZW5jb3JldGlja2V0cyIsInByaSI6ODYsInNpIjoiU1RBTExTLU8tMjIifQ.Qlj4euc_cRdoargwzRdxbU0hBskLNdPj5ib1diDRJ1k","row":"O","number":22,"pricing":{"salePrice":[{"value":9000,"currency":"GBP","decimalPlaces":2}],"faceValue":[{"value":7500,"currency":"GBP","decimalPlaces":2}],"percentageDiscount":0,"includesBookingFee":true,"createdAt":"2021-09-20T22:11:43+0000","promotionLabel":null},"attributes":[],"isRestrictedView":false},{"seatIdentifier":"STALLS-O23","aggregateReference":"eyJ0eXAiOiJKV1QiLCJhbGciOiJIUzI1NiJ9.eyJzdGkiOjcwNzc1MiwicGFpIjoiZW5jb3JldGlja2V0cyIsInByaSI6ODYsInNpIjoiU1RBTExTLU8tMjMifQ.DimmPP-HsUpUDE_KMjrld4LiY1vqAT0F2lc8qhiKUHI","row":"O","number":23,"pricing":{"salePrice":[{"value":9000,"currency":"GBP","decimalPlaces":2}],"faceValue":[{"value":7500,"currency":"GBP","decimalPlaces":2}],"percentageDiscount":0,"includesBookingFee":true,"createdAt":"2021-09-20T22:11:43+0000","promotionLabel":null},"attributes":[],"isRestrictedView":false},{"seatIdentifier":"STALLS-O24","aggregateReference":"eyJ0eXAiOiJKV1QiLCJhbGciOiJIUzI1NiJ9.eyJzdGkiOjcwNzc1MiwicGFpIjoiZW5jb3JldGlja2V0cyIsInByaSI6ODYsInNpIjoiU1RBTExTLU8tMjQifQ.9VBwlTOkdl1Z9mOrZnsM3j1JOXJ2Odfl1Cqu71tHpb8","row":"O","number":24,"pricing":{"salePrice":[{"value":9000,"currency":"GBP","decimalPlaces":2}],"faceValue":[{"value":7500,"currency":"GBP","decimalPlaces":2}],"percentageDiscount":0,"includesBookingFee":true,"createdAt":"2021-09-20T22:11:43+0000","promotionLabel":null},"attributes":[],"isRestrictedView":false},{"seatIdentifier":"STALLS-O25","aggregateReference":"eyJ0eXAiOiJKV1QiLCJhbGciOiJIUzI1NiJ9.eyJzdGkiOjcwNzc1MiwicGFpIjoiZW5jb3JldGlja2V0cyIsInByaSI6ODYsInNpIjoiU1RBTExTLU8tMjUifQ.-nX9HV31QsKP8kqfBtm4bxyQnqKebSIUyT0xl6s09UU","row":"O","number":25,"pricing":{"salePrice":[{"value":9000,"currency":"GBP","decimalPlaces":2}],"faceValue":[{"value":7500,"currency":"GBP","decimalPlaces":2}],"percentageDiscount":0,"includesBookingFee":true,"createdAt":"2021-09-20T22:11:43+0000","promotionLabel":null},"attributes":[],"isRestrictedView":false},{"seatIdentifier":"STALLS-O26","aggregateReference":"eyJ0eXAiOiJKV1QiLCJhbGciOiJIUzI1NiJ9.eyJzdGkiOjcwNzc1MiwicGFpIjoiZW5jb3JldGlja2V0cyIsInByaSI6ODYsInNpIjoiU1RBTExTLU8tMjYifQ.D05uTwrGtp6nbyMTf4bBaPYTelB27-B8wE_dvVtYffY","row":"O","number":26,"pricing":{"salePrice":[{"value":9000,"currency":"GBP","decimalPlaces":2}],"faceValue":[{"value":7500,"currency":"GBP","decimalPlaces":2}],"percentageDiscount":0,"includesBookingFee":true,"createdAt":"2021-09-20T22:11:43+0000","promotionLabel":null},"attributes":[{"title":"SeatAgainstWall","description":"Seat has one side against a wall","intention":"negative"}],"isRestrictedView":true}],"seatLumps":[{"seats":["STALLS-O21","STALLS-O22"]},{"seats":["STALLS-O23","STALLS-O24"]},{"seats":["STALLS-O25","STALLS-O26"]}]},{"groupIdentifier":"STALLS~P7;20","aggregateReference":null,"row":"P","mode":"allocated","seatNumberStart":7,"seatNumberEnd":20,"availableCount":14,"pricing":{"salePrice":[{"value":9000,"currency":"GBP","decimalPlaces":2}],"faceValue":[{"value":7500,"currency":"GBP","decimalPlaces":2}],"percentageDiscount":0,"includesBookingFee":true,"createdAt":"2021-09-20T22:11:43+0000","promotionLabel":null},"seats":[{"seatIdentifier":"STALLS-P7","aggregateReference":"eyJ0eXAiOiJKV1QiLCJhbGciOiJIUzI1NiJ9.eyJzdGkiOjcwNzc1MiwicGFpIjoiZW5jb3JldGlja2V0cyIsInByaSI6ODYsInNpIjoiU1RBTExTLVAtNyJ9.Hr6uTAWmm5-Gi2l09kgdnv-ssDEAb2IC3oYOoItN01M","row":"P","number":7,"pricing":{"salePrice":[{"value":9000,"currency":"GBP","decimalPlaces":2}],"faceValue":[{"value":7500,"currency":"GBP","decimalPlaces":2}],"percentageDiscount":0,"includesBookingFee":true,"createdAt":"2021-09-20T22:11:43+0000","promotionLabel":null},"attributes":[{"title":"EndOfRow","description":"Seat at end of row","intention":"positive"}],"isRestrictedView":false},{"seatIdentifier":"STALLS-P8","aggregateReference":"eyJ0eXAiOiJKV1QiLCJhbGciOiJIUzI1NiJ9.eyJzdGkiOjcwNzc1MiwicGFpIjoiZW5jb3JldGlja2V0cyIsInByaSI6ODYsInNpIjoiU1RBTExTLVAtOCJ9.TCNRobYT8Dg47ocfrf-cPnInt4ViAvOSEHeo73V-FT8","row":"P","number":8,"pricing":{"salePrice":[{"value":9000,"currency":"GBP","decimalPlaces":2}],"faceValue":[{"value":7500,"currency":"GBP","decimalPlaces":2}],"percentageDiscount":0,"includesBookingFee":true,"createdAt":"2021-09-20T22:11:43+0000","promotionLabel":null},"attributes":[],"isRestrictedView":false},{"seatIdentifier":"STALLS-P9","aggregateReference":"eyJ0eXAiOiJKV1QiLCJhbGciOiJIUzI1NiJ9.eyJzdGkiOjcwNzc1MiwicGFpIjoiZW5jb3JldGlja2V0cyIsInByaSI6ODYsInNpIjoiU1RBTExTLVAtOSJ9.L9iaQao9PuvSM8pedwFIZvpkdLeiFfy6IX53qrchcSw","row":"P","number":9,"pricing":{"salePrice":[{"value":9000,"currency":"GBP","decimalPlaces":2}],"faceValue":[{"value":7500,"currency":"GBP","decimalPlaces":2}],"percentageDiscount":0,"includesBookingFee":true,"createdAt":"2021-09-20T22:11:43+0000","promotionLabel":null},"attributes":[],"isRestrictedView":false},{"seatIdentifier":"STALLS-P10","aggregateReference":"eyJ0eXAiOiJKV1QiLCJhbGciOiJIUzI1NiJ9.eyJzdGkiOjcwNzc1MiwicGFpIjoiZW5jb3JldGlja2V0cyIsInByaSI6ODYsInNpIjoiU1RBTExTLVAtMTAifQ.BVHjzrGJjwkeQgCpXSUzkuw8KrfGzsQwE_gWNgRxE3s","row":"P","number":10,"pricing":{"salePrice":[{"value":9000,"currency":"GBP","decimalPlaces":2}],"faceValue":[{"value":7500,"currency":"GBP","decimalPlaces":2}],"percentageDiscount":0,"includesBookingFee":true,"createdAt":"2021-09-20T22:11:43+0000","promotionLabel":null},"attributes":[],"isRestrictedView":false},{"seatIdentifier":"STALLS-P11","aggregateReference":"eyJ0eXAiOiJKV1QiLCJhbGciOiJIUzI1NiJ9.eyJzdGkiOjcwNzc1MiwicGFpIjoiZW5jb3JldGlja2V0cyIsInByaSI6ODYsInNpIjoiU1RBTExTLVAtMTEifQ.xehwtFWal2zxrNOZLUjB-twmABhGVH29Qu8qfQdFOy0","row":"P","number":11,"pricing":{"salePrice":[{"value":9000,"currency":"GBP","decimalPlaces":2}],"faceValue":[{"value":7500,"currency":"GBP","decimalPlaces":2}],"percentageDiscount":0,"includesBookingFee":true,"createdAt":"2021-09-20T22:11:43+0000","promotionLabel":null},"attributes":[],"isRestrictedView":false},{"seatIdentifier":"STALLS-P12","aggregateReference":"eyJ0eXAiOiJKV1QiLCJhbGciOiJIUzI1NiJ9.eyJzdGkiOjcwNzc1MiwicGFpIjoiZW5jb3JldGlja2V0cyIsInByaSI6ODYsInNpIjoiU1RBTExTLVAtMTIifQ.4oWNKHBS0kAouMVzw9xZkR4tNdSP3uKT04vijTqi7ps","row":"P","number":12,"pricing":{"salePrice":[{"value":9000,"currency":"GBP","decimalPlaces":2}],"faceValue":[{"value":7500,"currency":"GBP","decimalPlaces":2}],"percentageDiscount":0,"includesBookingFee":true,"createdAt":"2021-09-20T22:11:43+0000","promotionLabel":null},"attributes":[],"isRestrictedView":false},{"seatIdentifier":"STALLS-P13","aggregateReference":"eyJ0eXAiOiJKV1QiLCJhbGciOiJIUzI1NiJ9.eyJzdGkiOjcwNzc1MiwicGFpIjoiZW5jb3JldGlja2V0cyIsInByaSI6ODYsInNpIjoiU1RBTExTLVAtMTMifQ.uDYu-nPUyE2X2TGU7n4NoYNmP7AaFanje17zxq1MH0Q","row":"P","number":13,"pricing":{"salePrice":[{"value":9000,"currency":"GBP","decimalPlaces":2}],"faceValue":[{"value":7500,"currency":"GBP","decimalPlaces":2}],"percentageDiscount":0,"includesBookingFee":true,"createdAt":"2021-09-20T22:11:43+0000","promotionLabel":null},"attributes":[],"isRestrictedView":false},{"seatIdentifier":"STALLS-P14","aggregateReference":"eyJ0eXAiOiJKV1QiLCJhbGciOiJIUzI1NiJ9.eyJzdGkiOjcwNzc1MiwicGFpIjoiZW5jb3JldGlja2V0cyIsInByaSI6ODYsInNpIjoiU1RBTExTLVAtMTQifQ.6cLgeiZQylQTLGaGnEmPkGX7h4FniXZ7envZyude4Uk","row":"P","number":14,"pricing":{"salePrice":[{"value":9000,"currency":"GBP","decimalPlaces":2}],"faceValue":[{"value":7500,"currency":"GBP","decimalPlaces":2}],"percentageDiscount":0,"includesBookingFee":true,"createdAt":"2021-09-20T22:11:43+0000","promotionLabel":null},"attributes":[],"isRestrictedView":false},{"seatIdentifier":"STALLS-P15","aggregateReference":"eyJ0eXAiOiJKV1QiLCJhbGciOiJIUzI1NiJ9.eyJzdGkiOjcwNzc1MiwicGFpIjoiZW5jb3JldGlja2V0cyIsInByaSI6ODYsInNpIjoiU1RBTExTLVAtMTUifQ.2XgMIlRaKlnfYIdpTXSprElPuYYsqFbdIGrMB5CeGHg","row":"P","number":15,"pricing":{"salePrice":[{"value":9000,"currency":"GBP","decimalPlaces":2}],"faceValue":[{"value":7500,"currency":"GBP","decimalPlaces":2}],"percentageDiscount":0,"includesBookingFee":true,"createdAt":"2021-09-20T22:11:43+0000","promotionLabel":null},"attributes":[],"isRestrictedView":false},{"seatIdentifier":"STALLS-P16","aggregateReference":"eyJ0eXAiOiJKV1QiLCJhbGciOiJIUzI1NiJ9.eyJzdGkiOjcwNzc1MiwicGFpIjoiZW5jb3JldGlja2V0cyIsInByaSI6ODYsInNpIjoiU1RBTExTLVAtMTYifQ.oG4J4GyHnOwbMwCa_PQExo2TD1rkD5b-ThHfj6FDw1w","row":"P","number":16,"pricing":{"salePrice":[{"value":9000,"currency":"GBP","decimalPlaces":2}],"faceValue":[{"value":7500,"currency":"GBP","decimalPlaces":2}],"percentageDiscount":0,"includesBookingFee":true,"createdAt":"2021-09-20T22:11:43+0000","promotionLabel":null},"attributes":[],"isRestrictedView":false},{"seatIdentifier":"STALLS-P17","aggregateReference":"eyJ0eXAiOiJKV1QiLCJhbGciOiJIUzI1NiJ9.eyJzdGkiOjcwNzc1MiwicGFpIjoiZW5jb3JldGlja2V0cyIsInByaSI6ODYsInNpIjoiU1RBTExTLVAtMTcifQ.yY3L_IeSC7z96-mgwfvrPi7HG8PbX-fkaivq8CQtoA8","row":"P","number":17,"pricing":{"salePrice":[{"value":9000,"currency":"GBP","decimalPlaces":2}],"faceValue":[{"value":7500,"currency":"GBP","decimalPlaces":2}],"percentageDiscount":0,"includesBookingFee":true,"createdAt":"2021-09-20T22:11:43+0000","promotionLabel":null},"attributes":[],"isRestrictedView":false},{"seatIdentifier":"STALLS-P18","aggregateReference":"eyJ0eXAiOiJKV1QiLCJhbGciOiJIUzI1NiJ9.eyJzdGkiOjcwNzc1MiwicGFpIjoiZW5jb3JldGlja2V0cyIsInByaSI6ODYsInNpIjoiU1RBTExTLVAtMTgifQ.YVQNDQWaBeZu1Hrzo_oJ-Q-gLYY6I0jamoUxzAG-siI","row":"P","number":18,"pricing":{"salePrice":[{"value":9000,"currency":"GBP","decimalPlaces":2}],"faceValue":[{"value":7500,"currency":"GBP","decimalPlaces":2}],"percentageDiscount":0,"includesBookingFee":true,"createdAt":"2021-09-20T22:11:43+0000","promotionLabel":null},"attributes":[],"isRestrictedView":false},{"seatIdentifier":"STALLS-P19","aggregateReference":"eyJ0eXAiOiJKV1QiLCJhbGciOiJIUzI1NiJ9.eyJzdGkiOjcwNzc1MiwicGFpIjoiZW5jb3JldGlja2V0cyIsInByaSI6ODYsInNpIjoiU1RBTExTLVAtMTkifQ.2FttZAsEKU7VB7igE9P08P-vo6ZYvdS067DPNq6S7-s","row":"P","number":19,"pricing":{"salePrice":[{"value":9000,"currency":"GBP","decimalPlaces":2}],"faceValue":[{"value":7500,"currency":"GBP","decimalPlaces":2}],"percentageDiscount":0,"includesBookingFee":true,"createdAt":"2021-09-20T22:11:43+0000","promotionLabel":null},"attributes":[],"isRestrictedView":false},{"seatIdentifier":"STALLS-P20","aggregateReference":"eyJ0eXAiOiJKV1QiLCJhbGciOiJIUzI1NiJ9.eyJzdGkiOjcwNzc1MiwicGFpIjoiZW5jb3JldGlja2V0cyIsInByaSI6ODYsInNpIjoiU1RBTExTLVAtMjAifQ.zjj50cpPdUDzSm4NjtuQNiKxJK7dxF2AFlxFpFT7z08","row":"P","number":20,"pricing":{"salePrice":[{"value":9000,"currency":"GBP","decimalPlaces":2}],"faceValue":[{"value":7500,"currency":"GBP","decimalPlaces":2}],"percentageDiscount":0,"includesBookingFee":true,"createdAt":"2021-09-20T22:11:43+0000","promotionLabel":null},"attributes":[{"title":"EndOfRow","description":"Seat at end of row","intention":"positive"}],"isRestrictedView":false}],"seatLumps":[{"seats":["STALLS-P7","STALLS-P8"]},{"seats":["STALLS-P9","STALLS-P10"]},{"seats":["STALLS-P10","STALLS-P11"]},{"seats":["STALLS-P11","STALLS-P12"]},{"seats":["STALLS-P12","STALLS-P13"]},{"seats":["STALLS-P13","STALLS-P14"]},{"seats":["STALLS-P14","STALLS-P15"]},{"seats":["STALLS-P15","STALLS-P16"]},{"seats":["STALLS-P16","STALLS-P17"]},{"seats":["STALLS-P17","STALLS-P18"]},{"seats":["STALLS-P19","STALLS-P20"]}]},{"groupIdentifier":"STALLS~D5;9","aggregateReference":null,"row":"D","mode":"allocated","seatNumberStart":5,"seatNumberEnd":9,"availableCount":5,"pricing":{"salePrice":[{"value":11400,"currency":"GBP","decimalPlaces":2}],"faceValue":[{"value":9500,"currency":"GBP","decimalPlaces":2}],"percentageDiscount":0,"includesBookingFee":true,"createdAt":"2021-09-20T22:11:43+0000","promotionLabel":null},"seats":[{"seatIdentifier":"STALLS-D5","aggregateReference":"eyJ0eXAiOiJKV1QiLCJhbGciOiJIUzI1NiJ9.eyJzdGkiOjcwNzc1MiwicGFpIjoiZW5jb3JldGlja2V0cyIsInByaSI6ODYsInNpIjoiU1RBTExTLUQtNSJ9.gE7M_QPuWHhzsSeYi0RHMp2ygRuog4MK7r_30SxSnFw","row":"D","number":5,"pricing":{"salePrice":[{"value":11400,"currency":"GBP","decimalPlaces":2}],"faceValue":[{"value":9500,"currency":"GBP","decimalPlaces":2}],"percentageDiscount":0,"includesBookingFee":true,"createdAt":"2021-09-20T22:11:43+0000","promotionLabel":null},"attributes":[],"isRestrictedView":false},{"seatIdentifier":"STALLS-D6","aggregateReference":"eyJ0eXAiOiJKV1QiLCJhbGciOiJIUzI1NiJ9.eyJzdGkiOjcwNzc1MiwicGFpIjoiZW5jb3JldGlja2V0cyIsInByaSI6ODYsInNpIjoiU1RBTExTLUQtNiJ9.ms4jKfzmtuFQtSKwCxT7FrE7Cx15_AuD1d2-lDBVy3A","row":"D","number":6,"pricing":{"salePrice":[{"value":11400,"currency":"GBP","decimalPlaces":2}],"faceValue":[{"value":9500,"currency":"GBP","decimalPlaces":2}],"percentageDiscount":0,"includesBookingFee":true,"createdAt":"2021-09-20T22:11:43+0000","promotionLabel":null},"attributes":[],"isRestrictedView":false},{"seatIdentifier":"STALLS-D7","aggregateReference":"eyJ0eXAiOiJKV1QiLCJhbGciOiJIUzI1NiJ9.eyJzdGkiOjcwNzc1MiwicGFpIjoiZW5jb3JldGlja2V0cyIsInByaSI6ODYsInNpIjoiU1RBTExTLUQtNyJ9.QtZDpidCyXDhWhrky_YCHah5NUbKJZD42YPyJkxgIzA","row":"D","number":7,"pricing":{"salePrice":[{"value":11400,"currency":"GBP","decimalPlaces":2}],"faceValue":[{"value":9500,"currency":"GBP","decimalPlaces":2}],"percentageDiscount":0,"includesBookingFee":true,"createdAt":"2021-09-20T22:11:43+0000","promotionLabel":null},"attributes":[],"isRestrictedView":false},{"seatIdentifier":"STALLS-D8","aggregateReference":"eyJ0eXAiOiJKV1QiLCJhbGciOiJIUzI1NiJ9.eyJzdGkiOjcwNzc1MiwicGFpIjoiZW5jb3JldGlja2V0cyIsInByaSI6ODYsInNpIjoiU1RBTExTLUQtOCJ9.AzlevpZLbljGujlA6UQA_tWlEE-IMrOO7MyshIq03nA","row":"D","number":8,"pricing":{"salePrice":[{"value":11400,"currency":"GBP","decimalPlaces":2}],"faceValue":[{"value":9500,"currency":"GBP","decimalPlaces":2}],"percentageDiscount":0,"includesBookingFee":true,"createdAt":"2021-09-20T22:11:43+0000","promotionLabel":null},"attributes":[],"isRestrictedView":false},{"seatIdentifier":"STALLS-D9","aggregateReference":"eyJ0eXAiOiJKV1QiLCJhbGciOiJIUzI1NiJ9.eyJzdGkiOjcwNzc1MiwicGFpIjoiZW5jb3JldGlja2V0cyIsInByaSI6ODYsInNpIjoiU1RBTExTLUQtOSJ9.4Gnsm9_NOyT4Amgxvg9SMxBTfDpBghjCJxaZqVN62BU","row":"D","number":9,"pricing":{"salePrice":[{"value":11400,"currency":"GBP","decimalPlaces":2}],"faceValue":[{"value":9500,"currency":"GBP","decimalPlaces":2}],"percentageDiscount":0,"includesBookingFee":true,"createdAt":"2021-09-20T22:11:43+0000","promotionLabel":null},"attributes":[],"isRestrictedView":false}],"seatLumps":[{"seats":["STALLS-D5","STALLS-D6"]},{"seats":["STALLS-D8","STALLS-D9"]}]},{"groupIdentifier":"STALLS~D14;17","aggregateReference":null,"row":"D","mode":"allocated","seatNumberStart":14,"seatNumberEnd":17,"availableCount":4,"pricing":{"salePrice":[{"value":11400,"currency":"GBP","decimalPlaces":2}],"faceValue":[{"value":9500,"currency":"GBP","decimalPlaces":2}],"percentageDiscount":0,"includesBookingFee":true,"createdAt":"2021-09-20T22:11:43+0000","promotionLabel":null},"seats":[{"seatIdentifier":"STALLS-D14","aggregateReference":"eyJ0eXAiOiJKV1QiLCJhbGciOiJIUzI1NiJ9.eyJzdGkiOjcwNzc1MiwicGFpIjoiZW5jb3JldGlja2V0cyIsInByaSI6ODYsInNpIjoiU1RBTExTLUQtMTQifQ.bakSTM8ST03VyDts99lyvdvsbg8k4uU6jsKV_CZ8SSg","row":"D","number":14,"pricing":{"salePrice":[{"value":11400,"currency":"GBP","decimalPlaces":2}],"faceValue":[{"value":9500,"currency":"GBP","decimalPlaces":2}],"percentageDiscount":0,"includesBookingFee":true,"createdAt":"2021-09-20T22:11:43+0000","promotionLabel":null},"attributes":[],"isRestrictedView":false},{"seatIdentifier":"STALLS-D15","aggregateReference":"eyJ0eXAiOiJKV1QiLCJhbGciOiJIUzI1NiJ9.eyJzdGkiOjcwNzc1MiwicGFpIjoiZW5jb3JldGlja2V0cyIsInByaSI6ODYsInNpIjoiU1RBTExTLUQtMTUifQ.6MAI5Nr_cVXLh9WVXhkvGUIl65smM31KDYr9taCGqi4","row":"D","number":15,"pricing":{"salePrice":[{"value":11400,"currency":"GBP","decimalPlaces":2}],"faceValue":[{"value":9500,"currency":"GBP","decimalPlaces":2}],"percentageDiscount":0,"includesBookingFee":true,"createdAt":"2021-09-20T22:11:43+0000","promotionLabel":null},"attributes":[],"isRestrictedView":false},{"seatIdentifier":"STALLS-D16","aggregateReference":"eyJ0eXAiOiJKV1QiLCJhbGciOiJIUzI1NiJ9.eyJzdGkiOjcwNzc1MiwicGFpIjoiZW5jb3JldGlja2V0cyIsInByaSI6ODYsInNpIjoiU1RBTExTLUQtMTYifQ.9a0yyuM_7kM7Ekz9G-Ee9Tqkj9Qc4xMKNudiLfDuIYc","row":"D","number":16,"pricing":{"salePrice":[{"value":11400,"currency":"GBP","decimalPlaces":2}],"faceValue":[{"value":9500,"currency":"GBP","decimalPlaces":2}],"percentageDiscount":0,"includesBookingFee":true,"createdAt":"2021-09-20T22:11:43+0000","promotionLabel":null},"attributes":[],"isRestrictedView":false},{"seatIdentifier":"STALLS-D17","aggregateReference":"eyJ0eXAiOiJKV1QiLCJhbGciOiJIUzI1NiJ9.eyJzdGkiOjcwNzc1MiwicGFpIjoiZW5jb3JldGlja2V0cyIsInByaSI6ODYsInNpIjoiU1RBTExTLUQtMTcifQ.q5Y7ELQhUcGjYz26M3ziaQ8Bn5zPkNMrDrejRXJqCCM","row":"D","number":17,"pricing":{"salePrice":[{"value":11400,"currency":"GBP","decimalPlaces":2}],"faceValue":[{"value":9500,"currency":"GBP","decimalPlaces":2}],"percentageDiscount":0,"includesBookingFee":true,"createdAt":"2021-09-20T22:11:43+0000","promotionLabel":null},"attributes":[],"isRestrictedView":false}],"seatLumps":[{"seats":["STALLS-D14","STALLS-D15"]},{"seats":["STALLS-D16","STALLS-D17"]}]},{"groupIdentifier":"STALLS~E5;17","aggregateReference":null,"row":"E","mode":"allocated","seatNumberStart":5,"seatNumberEnd":17,"availableCount":13,"pricing":{"salePrice":[{"value":11400,"currency":"GBP","decimalPlaces":2}],"faceValue":[{"value":9500,"currency":"GBP","decimalPlaces":2}],"percentageDiscount":0,"includesBookingFee":true,"createdAt":"2021-09-20T22:11:43+0000","promotionLabel":null},"seats":[{"seatIdentifier":"STALLS-E5","aggregateReference":"eyJ0eXAiOiJKV1QiLCJhbGciOiJIUzI1NiJ9.eyJzdGkiOjcwNzc1MiwicGFpIjoiZW5jb3JldGlja2V0cyIsInByaSI6ODYsInNpIjoiU1RBTExTLUUtNSJ9.g22m5yTqzUBLhadQKJ_8mN0JWowJdFAz6udMGRJubnY","row":"E","number":5,"pricing":{"salePrice":[{"value":11400,"currency":"GBP","decimalPlaces":2}],"faceValue":[{"value":9500,"currency":"GBP","decimalPlaces":2}],"percentageDiscount":0,"includesBookingFee":true,"createdAt":"2021-09-20T22:11:43+0000","promotionLabel":null},"attributes":[],"isRestrictedView":false},{"seatIdentifier":"STALLS-E6","aggregateReference":"eyJ0eXAiOiJKV1QiLCJhbGciOiJIUzI1NiJ9.eyJzdGkiOjcwNzc1MiwicGFpIjoiZW5jb3JldGlja2V0cyIsInByaSI6ODYsInNpIjoiU1RBTExTLUUtNiJ9.rvaY3DMlpbBxLyuDWpGyJSrCtQKALzi6FfRVgVw1H8E","row":"E","number":6,"pricing":{"salePrice":[{"value":11400,"currency":"GBP","decimalPlaces":2}],"faceValue":[{"value":9500,"currency":"GBP","decimalPlaces":2}],"percentageDiscount":0,"includesBookingFee":true,"createdAt":"2021-09-20T22:11:43+0000","promotionLabel":null},"attributes":[],"isRestrictedView":false},{"seatIdentifier":"STALLS-E7","aggregateReference":"eyJ0eXAiOiJKV1QiLCJhbGciOiJIUzI1NiJ9.eyJzdGkiOjcwNzc1MiwicGFpIjoiZW5jb3JldGlja2V0cyIsInByaSI6ODYsInNpIjoiU1RBTExTLUUtNyJ9.Vwjj-NXzBtiTxIC9mGsV-ayAuNY2BYV7b3gI8H3DaRw","row":"E","number":7,"pricing":{"salePrice":[{"value":11400,"currency":"GBP","decimalPlaces":2}],"faceValue":[{"value":9500,"currency":"GBP","decimalPlaces":2}],"percentageDiscount":0,"includesBookingFee":true,"createdAt":"2021-09-20T22:11:43+0000","promotionLabel":null},"attributes":[],"isRestrictedView":false},{"seatIdentifier":"STALLS-E8","aggregateReference":"eyJ0eXAiOiJKV1QiLCJhbGciOiJIUzI1NiJ9.eyJzdGkiOjcwNzc1MiwicGFpIjoiZW5jb3JldGlja2V0cyIsInByaSI6ODYsInNpIjoiU1RBTExTLUUtOCJ9.6JSKa16dprbQf3Eh2px7y1B6E9r6vKE7qWkT0K73wx4","row":"E","number":8,"pricing":{"salePrice":[{"value":11400,"currency":"GBP","decimalPlaces":2}],"faceValue":[{"value":9500,"currency":"GBP","decimalPlaces":2}],"percentageDiscount":0,"includesBookingFee":true,"createdAt":"2021-09-20T22:11:43+0000","promotionLabel":null},"attributes":[],"isRestrictedView":false},{"seatIdentifier":"STALLS-E9","aggregateReference":"eyJ0eXAiOiJKV1QiLCJhbGciOiJIUzI1NiJ9.eyJzdGkiOjcwNzc1MiwicGFpIjoiZW5jb3JldGlja2V0cyIsInByaSI6ODYsInNpIjoiU1RBTExTLUUtOSJ9.LrYiDjPeWg5SLrLJI3X4tfDdEO6GLuEX9UN5r0XNxUQ","row":"E","number":9,"pricing":{"salePrice":[{"value":11400,"currency":"GBP","decimalPlaces":2}],"faceValue":[{"value":9500,"currency":"GBP","decimalPlaces":2}],"percentageDiscount":0,"includesBookingFee":true,"createdAt":"2021-09-20T22:11:43+0000","promotionLabel":null},"attributes":[],"isRestrictedView":false},{"seatIdentifier":"STALLS-E10","aggregateReference":"eyJ0eXAiOiJKV1QiLCJhbGciOiJIUzI1NiJ9.eyJzdGkiOjcwNzc1MiwicGFpIjoiZW5jb3JldGlja2V0cyIsInByaSI6ODYsInNpIjoiU1RBTExTLUUtMTAifQ.GWfjRXm0qga0CFSYEVIyTeUEisEgL5fe63dfSXw4390","row":"E","number":10,"pricing":{"salePrice":[{"value":11400,"currency":"GBP","decimalPlaces":2}],"faceValue":[{"value":9500,"currency":"GBP","decimalPlaces":2}],"percentageDiscount":0,"includesBookingFee":true,"createdAt":"2021-09-20T22:11:43+0000","promotionLabel":null},"attributes":[],"isRestrictedView":false},{"seatIdentifier":"STALLS-E11","aggregateReference":"eyJ0eXAiOiJKV1QiLCJhbGciOiJIUzI1NiJ9.eyJzdGkiOjcwNzc1MiwicGFpIjoiZW5jb3JldGlja2V0cyIsInByaSI6ODYsInNpIjoiU1RBTExTLUUtMTEifQ.71PMn5CbmWqglApQf2V_r1Pj9VBV--HjcHDmVUJJJwA","row":"E","number":11,"pricing":{"salePrice":[{"value":11400,"currency":"GBP","decimalPlaces":2}],"faceValue":[{"value":9500,"currency":"GBP","decimalPlaces":2}],"percentageDiscount":0,"includesBookingFee":true,"createdAt":"2021-09-20T22:11:43+0000","promotionLabel":null},"attributes":[],"isRestrictedView":false},{"seatIdentifier":"STALLS-E12","aggregateReference":"eyJ0eXAiOiJKV1QiLCJhbGciOiJIUzI1NiJ9.eyJzdGkiOjcwNzc1MiwicGFpIjoiZW5jb3JldGlja2V0cyIsInByaSI6ODYsInNpIjoiU1RBTExTLUUtMTIifQ.BdeCPF0PzYFPH_A1oGcXZpH_5il0pb1PL_93Bo3ptSM","row":"E","number":12,"pricing":{"salePrice":[{"value":11400,"currency":"GBP","decimalPlaces":2}],"faceValue":[{"value":9500,"currency":"GBP","decimalPlaces":2}],"percentageDiscount":0,"includesBookingFee":true,"createdAt":"2021-09-20T22:11:43+0000","promotionLabel":null},"attributes":[],"isRestrictedView":false},{"seatIdentifier":"STALLS-E13","aggregateReference":"eyJ0eXAiOiJKV1QiLCJhbGciOiJIUzI1NiJ9.eyJzdGkiOjcwNzc1MiwicGFpIjoiZW5jb3JldGlja2V0cyIsInByaSI6ODYsInNpIjoiU1RBTExTLUUtMTMifQ.PdoyEFIyotE46P5ldYFxNLAaH-tFqcoqOk4Nk8AtOHo","row":"E","number":13,"pricing":{"salePrice":[{"value":11400,"currency":"GBP","decimalPlaces":2}],"faceValue":[{"value":9500,"currency":"GBP","decimalPlaces":2}],"percentageDiscount":0,"includesBookingFee":true,"createdAt":"2021-09-20T22:11:43+0000","promotionLabel":null},"attributes":[],"isRestrictedView":false},{"seatIdentifier":"STALLS-E14","aggregateReference":"eyJ0eXAiOiJKV1QiLCJhbGciOiJIUzI1NiJ9.eyJzdGkiOjcwNzc1MiwicGFpIjoiZW5jb3JldGlja2V0cyIsInByaSI6ODYsInNpIjoiU1RBTExTLUUtMTQifQ.YkYLzlez5UAkIzXX5lM4dSH3do-zlr74CDtSnqqVtOc","row":"E","number":14,"pricing":{"salePrice":[{"value":11400,"currency":"GBP","decimalPlaces":2}],"faceValue":[{"value":9500,"currency":"GBP","decimalPlaces":2}],"percentageDiscount":0,"includesBookingFee":true,"createdAt":"2021-09-20T22:11:43+0000","promotionLabel":null},"attributes":[],"isRestrictedView":false},{"seatIdentifier":"STALLS-E15","aggregateReference":"eyJ0eXAiOiJKV1QiLCJhbGciOiJIUzI1NiJ9.eyJzdGkiOjcwNzc1MiwicGFpIjoiZW5jb3JldGlja2V0cyIsInByaSI6ODYsInNpIjoiU1RBTExTLUUtMTUifQ.Tij1EgnW5MO3GdnFsJ-8tukTCYwYz0AahzPBAlfn650","row":"E","number":15,"pricing":{"salePrice":[{"value":11400,"currency":"GBP","decimalPlaces":2}],"faceValue":[{"value":9500,"currency":"GBP","decimalPlaces":2}],"percentageDiscount":0,"includesBookingFee":true,"createdAt":"2021-09-20T22:11:43+0000","promotionLabel":null},"attributes":[],"isRestrictedView":false},{"seatIdentifier":"STALLS-E16","aggregateReference":"eyJ0eXAiOiJKV1QiLCJhbGciOiJIUzI1NiJ9.eyJzdGkiOjcwNzc1MiwicGFpIjoiZW5jb3JldGlja2V0cyIsInByaSI6ODYsInNpIjoiU1RBTExTLUUtMTYifQ.AZUXg-4N9Bna44-0BUqU73ssnkIWh9m4Kin5Ytw4sao","row":"E","number":16,"pricing":{"salePrice":[{"value":11400,"currency":"GBP","decimalPlaces":2}],"faceValue":[{"value":9500,"currency":"GBP","decimalPlaces":2}],"percentageDiscount":0,"includesBookingFee":true,"createdAt":"2021-09-20T22:11:43+0000","promotionLabel":null},"attributes":[],"isRestrictedView":false},{"seatIdentifier":"STALLS-E17","aggregateReference":"eyJ0eXAiOiJKV1QiLCJhbGciOiJIUzI1NiJ9.eyJzdGkiOjcwNzc1MiwicGFpIjoiZW5jb3JldGlja2V0cyIsInByaSI6ODYsInNpIjoiU1RBTExTLUUtMTcifQ.Q5ueFqgxkAguDCXjlDJ7qsIWqgAbZ4I-yZHMWimLIro","row":"E","number":17,"pricing":{"salePrice":[{"value":11400,"currency":"GBP","decimalPlaces":2}],"faceValue":[{"value":9500,"currency":"GBP","decimalPlaces":2}],"percentageDiscount":0,"includesBookingFee":true,"createdAt":"2021-09-20T22:11:43+0000","promotionLabel":null},"attributes":[],"isRestrictedView":false}],"seatLumps":[{"seats":["STALLS-E5","STALLS-E6"]},{"seats":["STALLS-E7","STALLS-E8"]},{"seats":["STALLS-E8","STALLS-E9"]},{"seats":["STALLS-E9","STALLS-E10"]},{"seats":["STALLS-E10","STALLS-E11"]},{"seats":["STALLS-E11","STALLS-E12"]},{"seats":["STALLS-E12","STALLS-E13"]},{"seats":["STALLS-E13","STALLS-E14"]},{"seats":["STALLS-E14","STALLS-E15"]},{"seats":["STALLS-E16","STALLS-E17"]}]},{"groupIdentifier":"STALLS~F6;18","aggregateReference":null,"row":"F","mode":"allocated","seatNumberStart":6,"seatNumberEnd":18,"availableCount":13,"pricing":{"salePrice":[{"value":11400,"currency":"GBP","decimalPlaces":2}],"faceValue":[{"value":9500,"currency":"GBP","decimalPlaces":2}],"percentageDiscount":0,"includesBookingFee":true,"createdAt":"2021-09-20T22:11:43+0000","promotionLabel":null},"seats":[{"seatIdentifier":"STALLS-F6","aggregateReference":"eyJ0eXAiOiJKV1QiLCJhbGciOiJIUzI1NiJ9.eyJzdGkiOjcwNzc1MiwicGFpIjoiZW5jb3JldGlja2V0cyIsInByaSI6ODYsInNpIjoiU1RBTExTLUYtNiJ9.RNoxR_Hym10IvAUXjYgDb475us8KSICWUuSCTcTT8h8","row":"F","number":6,"pricing":{"salePrice":[{"value":11400,"currency":"GBP","decimalPlaces":2}],"faceValue":[{"value":9500,"currency":"GBP","decimalPlaces":2}],"percentageDiscount":0,"includesBookingFee":true,"createdAt":"2021-09-20T22:11:43+0000","promotionLabel":null},"attributes":[],"isRestrictedView":false},{"seatIdentifier":"STALLS-F7","aggregateReference":"eyJ0eXAiOiJKV1QiLCJhbGciOiJIUzI1NiJ9.eyJzdGkiOjcwNzc1MiwicGFpIjoiZW5jb3JldGlja2V0cyIsInByaSI6ODYsInNpIjoiU1RBTExTLUYtNyJ9.UjhYwS1Kr3zvDOF-Xvmk1H3meHao3H8MFn6uoRvJWzM","row":"F","number":7,"pricing":{"salePrice":[{"value":11400,"currency":"GBP","decimalPlaces":2}],"faceValue":[{"value":9500,"currency":"GBP","decimalPlaces":2}],"percentageDiscount":0,"includesBookingFee":true,"createdAt":"2021-09-20T22:11:43+0000","promotionLabel":null},"attributes":[],"isRestrictedView":false},{"seatIdentifier":"STALLS-F8","aggregateReference":"eyJ0eXAiOiJKV1QiLCJhbGciOiJIUzI1NiJ9.eyJzdGkiOjcwNzc1MiwicGFpIjoiZW5jb3JldGlja2V0cyIsInByaSI6ODYsInNpIjoiU1RBTExTLUYtOCJ9.v3PSFpgtdxcvpGTegbJEbvhxZai-Zc8F2GjPo82D2kc","row":"F","number":8,"pricing":{"salePrice":[{"value":11400,"currency":"GBP","decimalPlaces":2}],"faceValue":[{"value":9500,"currency":"GBP","decimalPlaces":2}],"percentageDiscount":0,"includesBookingFee":true,"createdAt":"2021-09-20T22:11:43+0000","promotionLabel":null},"attributes":[],"isRestrictedView":false},{"seatIdentifier":"STALLS-F9","aggregateReference":"eyJ0eXAiOiJKV1QiLCJhbGciOiJIUzI1NiJ9.eyJzdGkiOjcwNzc1MiwicGFpIjoiZW5jb3JldGlja2V0cyIsInByaSI6ODYsInNpIjoiU1RBTExTLUYtOSJ9.TTe8Aiu-FIyRBq8wGoXMV4T1fJ8EeB-MDruzXZ-9cVI","row":"F","number":9,"pricing":{"salePrice":[{"value":11400,"currency":"GBP","decimalPlaces":2}],"faceValue":[{"value":9500,"currency":"GBP","decimalPlaces":2}],"percentageDiscount":0,"includesBookingFee":true,"createdAt":"2021-09-20T22:11:43+0000","promotionLabel":null},"attributes":[],"isRestrictedView":false},{"seatIdentifier":"STALLS-F10","aggregateReference":"eyJ0eXAiOiJKV1QiLCJhbGciOiJIUzI1NiJ9.eyJzdGkiOjcwNzc1MiwicGFpIjoiZW5jb3JldGlja2V0cyIsInByaSI6ODYsInNpIjoiU1RBTExTLUYtMTAifQ.5gQEOROr85lrhglB1UilOqiLUH_QrnUjZQ0W6LBTJgw","row":"F","number":10,"pricing":{"salePrice":[{"value":11400,"currency":"GBP","decimalPlaces":2}],"faceValue":[{"value":9500,"currency":"GBP","decimalPlaces":2}],"percentageDiscount":0,"includesBookingFee":true,"createdAt":"2021-09-20T22:11:43+0000","promotionLabel":null},"attributes":[],"isRestrictedView":false},{"seatIdentifier":"STALLS-F11","aggregateReference":"eyJ0eXAiOiJKV1QiLCJhbGciOiJIUzI1NiJ9.eyJzdGkiOjcwNzc1MiwicGFpIjoiZW5jb3JldGlja2V0cyIsInByaSI6ODYsInNpIjoiU1RBTExTLUYtMTEifQ.rkB2_53Gr6whUl475I8Co0k-X2pfy0C1KQtBLZJuVFY","row":"F","number":11,"pricing":{"salePrice":[{"value":11400,"currency":"GBP","decimalPlaces":2}],"faceValue":[{"value":9500,"currency":"GBP","decimalPlaces":2}],"percentageDiscount":0,"includesBookingFee":true,"createdAt":"2021-09-20T22:11:43+0000","promotionLabel":null},"attributes":[],"isRestrictedView":false},{"seatIdentifier":"STALLS-F12","aggregateReference":"eyJ0eXAiOiJKV1QiLCJhbGciOiJIUzI1NiJ9.eyJzdGkiOjcwNzc1MiwicGFpIjoiZW5jb3JldGlja2V0cyIsInByaSI6ODYsInNpIjoiU1RBTExTLUYtMTIifQ.hReIA_-OTKwATgW96daOEX4-44EU2SZD6g0y5Puk7V8","row":"F","number":12,"pricing":{"salePrice":[{"value":11400,"currency":"GBP","decimalPlaces":2}],"faceValue":[{"value":9500,"currency":"GBP","decimalPlaces":2}],"percentageDiscount":0,"includesBookingFee":true,"createdAt":"2021-09-20T22:11:43+0000","promotionLabel":null},"attributes":[],"isRestrictedView":false},{"seatIdentifier":"STALLS-F13","aggregateReference":"eyJ0eXAiOiJKV1QiLCJhbGciOiJIUzI1NiJ9.eyJzdGkiOjcwNzc1MiwicGFpIjoiZW5jb3JldGlja2V0cyIsInByaSI6ODYsInNpIjoiU1RBTExTLUYtMTMifQ.JChdfJzU4MLuefzRwodjjJHWI470iy4n37Cw_5_Mguk","row":"F","number":13,"pricing":{"salePrice":[{"value":11400,"currency":"GBP","decimalPlaces":2}],"faceValue":[{"value":9500,"currency":"GBP","decimalPlaces":2}],"percentageDiscount":0,"includesBookingFee":true,"createdAt":"2021-09-20T22:11:43+0000","promotionLabel":null},"attributes":[],"isRestrictedView":false},{"seatIdentifier":"STALLS-F14","aggregateReference":"eyJ0eXAiOiJKV1QiLCJhbGciOiJIUzI1NiJ9.eyJzdGkiOjcwNzc1MiwicGFpIjoiZW5jb3JldGlja2V0cyIsInByaSI6ODYsInNpIjoiU1RBTExTLUYtMTQifQ.YEoEZGGefUudCsTjR1nFeT6AB_gpIUQowE_wECDAgw0","row":"F","number":14,"pricing":{"salePrice":[{"value":11400,"currency":"GBP","decimalPlaces":2}],"faceValue":[{"value":9500,"currency":"GBP","decimalPlaces":2}],"percentageDiscount":0,"includesBookingFee":true,"createdAt":"2021-09-20T22:11:43+0000","promotionLabel":null},"attributes":[],"isRestrictedView":false},{"seatIdentifier":"STALLS-F15","aggregateReference":"eyJ0eXAiOiJKV1QiLCJhbGciOiJIUzI1NiJ9.eyJzdGkiOjcwNzc1MiwicGFpIjoiZW5jb3JldGlja2V0cyIsInByaSI6ODYsInNpIjoiU1RBTExTLUYtMTUifQ.ubA6ht1BmSJMCadg3Scx9vbSg7Xi2nuYlXQwAag00Lc","row":"F","number":15,"pricing":{"salePrice":[{"value":11400,"currency":"GBP","decimalPlaces":2}],"faceValue":[{"value":9500,"currency":"GBP","decimalPlaces":2}],"percentageDiscount":0,"includesBookingFee":true,"createdAt":"2021-09-20T22:11:43+0000","promotionLabel":null},"attributes":[],"isRestrictedView":false},{"seatIdentifier":"STALLS-F16","aggregateReference":"eyJ0eXAiOiJKV1QiLCJhbGciOiJIUzI1NiJ9.eyJzdGkiOjcwNzc1MiwicGFpIjoiZW5jb3JldGlja2V0cyIsInByaSI6ODYsInNpIjoiU1RBTExTLUYtMTYifQ.qfOvv7Brh3Dz0wxoB8slQU8CutdaUvyj63uY7pz09o0","row":"F","number":16,"pricing":{"salePrice":[{"value":11400,"currency":"GBP","decimalPlaces":2}],"faceValue":[{"value":9500,"currency":"GBP","decimalPlaces":2}],"percentageDiscount":0,"includesBookingFee":true,"createdAt":"2021-09-20T22:11:43+0000","promotionLabel":null},"attributes":[],"isRestrictedView":false},{"seatIdentifier":"STALLS-F17","aggregateReference":"eyJ0eXAiOiJKV1QiLCJhbGciOiJIUzI1NiJ9.eyJzdGkiOjcwNzc1MiwicGFpIjoiZW5jb3JldGlja2V0cyIsInByaSI6ODYsInNpIjoiU1RBTExTLUYtMTcifQ.M8-aUU70HlZr4kr0Lgx5_Z1g_DyATHGLDy9z08p_Fjo","row":"F","number":17,"pricing":{"salePrice":[{"value":11400,"currency":"GBP","decimalPlaces":2}],"faceValue":[{"value":9500,"currency":"GBP","decimalPlaces":2}],"percentageDiscount":0,"includesBookingFee":true,"createdAt":"2021-09-20T22:11:43+0000","promotionLabel":null},"attributes":[],"isRestrictedView":false},{"seatIdentifier":"STALLS-F18","aggregateReference":"eyJ0eXAiOiJKV1QiLCJhbGciOiJIUzI1NiJ9.eyJzdGkiOjcwNzc1MiwicGFpIjoiZW5jb3JldGlja2V0cyIsInByaSI6ODYsInNpIjoiU1RBTExTLUYtMTgifQ.ih__h0LUsBxoOnJHWpi5ZU2vL_4uSCzMUVAqMD4qFOg","row":"F","number":18,"pricing":{"salePrice":[{"value":11400,"currency":"GBP","decimalPlaces":2}],"faceValue":[{"value":9500,"currency":"GBP","decimalPlaces":2}],"percentageDiscount":0,"includesBookingFee":true,"createdAt":"2021-09-20T22:11:43+0000","promotionLabel":null},"attributes":[],"isRestrictedView":false}],"seatLumps":[{"seats":["STALLS-F6","STALLS-F7"]},{"seats":["STALLS-F8","STALLS-F9"]},{"seats":["STALLS-F9","STALLS-F10"]},{"seats":["STALLS-F10","STALLS-F11"]},{"seats":["STALLS-F11","STALLS-F12"]},{"seats":["STALLS-F12","STALLS-F13"]},{"seats":["STALLS-F13","STALLS-F14"]},{"seats":["STALLS-F14","STALLS-F15"]},{"seats":["STALLS-F15","STALLS-F16"]},{"seats":["STALLS-F17","STALLS-F18"]}]}]},{"availableCount":274,"date":"2021-11-22T19:00:00+0000","partTwoDate":null,"name":"Dress Circle","mode":"allocated","groupings":[{"groupIdentifier":"DRESS CIRCLE~L3;12","aggregateReference":null,"row":"L","mode":"allocated","seatNumberStart":3,"seatNumberEnd":12,"availableCount":10,"pricing":{"salePrice":[{"value":6000,"currency":"GBP","decimalPlaces":2}],"faceValue":[{"value":5000,"currency":"GBP","decimalPlaces":2}],"percentageDiscount":0,"includesBookingFee":true,"createdAt":"2021-09-20T22:11:43+0000","promotionLabel":null},"seats":[{"seatIdentifier":"DRESS_CIRCLE-L3","aggregateReference":"eyJ0eXAiOiJKV1QiLCJhbGciOiJIUzI1NiJ9.eyJzdGkiOjcwNzc1MiwicGFpIjoiZW5jb3JldGlja2V0cyIsInByaSI6ODYsInNpIjoiRFJFU1MgQ0lSQ0xFLUwtMyJ9.eSm3LRWIR3iIqdykeveHxnRLclwSjyaHrZfcbOF2Be8","row":"L","number":3,"pricing":{"salePrice":[{"value":6000,"currency":"GBP","decimalPlaces":2}],"faceValue":[{"value":5000,"currency":"GBP","decimalPlaces":2}],"percentageDiscount":0,"includesBookingFee":true,"createdAt":"2021-09-20T22:11:43+0000","promotionLabel":null},"attributes":[],"isRestrictedView":false},{"seatIdentifier":"DRESS_CIRCLE-L4","aggregateReference":"eyJ0eXAiOiJKV1QiLCJhbGciOiJIUzI1NiJ9.eyJzdGkiOjcwNzc1MiwicGFpIjoiZW5jb3JldGlja2V0cyIsInByaSI6ODYsInNpIjoiRFJFU1MgQ0lSQ0xFLUwtNCJ9.s8M0ZwuynTpUBlmW-QycYcEWVFPFh78S92nrnrN9kZU","row":"L","number":4,"pricing":{"salePrice":[{"value":6000,"currency":"GBP","decimalPlaces":2}],"faceValue":[{"value":5000,"currency":"GBP","decimalPlaces":2}],"percentageDiscount":0,"includesBookingFee":true,"createdAt":"2021-09-20T22:11:43+0000","promotionLabel":null},"attributes":[],"isRestrictedView":false},{"seatIdentifier":"DRESS_CIRCLE-L5","aggregateReference":"eyJ0eXAiOiJKV1QiLCJhbGciOiJIUzI1NiJ9.eyJzdGkiOjcwNzc1MiwicGFpIjoiZW5jb3JldGlja2V0cyIsInByaSI6ODYsInNpIjoiRFJFU1MgQ0lSQ0xFLUwtNSJ9.YdmF8NdYNqDmaP35yVrMoUQS4A_rxNzma9qvzcF7kj4","row":"L","number":5,"pricing":{"salePrice":[{"value":6000,"currency":"GBP","decimalPlaces":2}],"faceValue":[{"value":5000,"currency":"GBP","decimalPlaces":2}],"percentageDiscount":0,"includesBookingFee":true,"createdAt":"2021-09-20T22:11:43+0000","promotionLabel":null},"attributes":[],"isRestrictedView":false},{"seatIdentifier":"DRESS_CIRCLE-L6","aggregateReference":"eyJ0eXAiOiJKV1QiLCJhbGciOiJIUzI1NiJ9.eyJzdGkiOjcwNzc1MiwicGFpIjoiZW5jb3JldGlja2V0cyIsInByaSI6ODYsInNpIjoiRFJFU1MgQ0lSQ0xFLUwtNiJ9.V5HDfFbQZCyAHgHTrf0y-EQyU0lbwRX5C5fkbgaqyTk","row":"L","number":6,"pricing":{"salePrice":[{"value":6000,"currency":"GBP","decimalPlaces":2}],"faceValue":[{"value":5000,"currency":"GBP","decimalPlaces":2}],"percentageDiscount":0,"includesBookingFee":true,"createdAt":"2021-09-20T22:11:43+0000","promotionLabel":null},"attributes":[],"isRestrictedView":false},{"seatIdentifier":"DRESS_CIRCLE-L7","aggregateReference":"eyJ0eXAiOiJKV1QiLCJhbGciOiJIUzI1NiJ9.eyJzdGkiOjcwNzc1MiwicGFpIjoiZW5jb3JldGlja2V0cyIsInByaSI6ODYsInNpIjoiRFJFU1MgQ0lSQ0xFLUwtNyJ9.cBiK7Yz4hN58aW-C1nzA54h81IqTNknN4tqzkvVIJiI","row":"L","number":7,"pricing":{"salePrice":[{"value":6000,"currency":"GBP","decimalPlaces":2}],"faceValue":[{"value":5000,"currency":"GBP","decimalPlaces":2}],"percentageDiscount":0,"includesBookingFee":true,"createdAt":"2021-09-20T22:11:43+0000","promotionLabel":null},"attributes":[],"isRestrictedView":false},{"seatIdentifier":"DRESS_CIRCLE-L8","aggregateReference":"eyJ0eXAiOiJKV1QiLCJhbGciOiJIUzI1NiJ9.eyJzdGkiOjcwNzc1MiwicGFpIjoiZW5jb3JldGlja2V0cyIsInByaSI6ODYsInNpIjoiRFJFU1MgQ0lSQ0xFLUwtOCJ9.JwX924bx5WchI_gyXM7OLsCEgnltB4EWbvlegozSMrc","row":"L","number":8,"pricing":{"salePrice":[{"value":6000,"currency":"GBP","decimalPlaces":2}],"faceValue":[{"value":5000,"currency":"GBP","decimalPlaces":2}],"percentageDiscount":0,"includesBookingFee":true,"createdAt":"2021-09-20T22:11:43+0000","promotionLabel":null},"attributes":[],"isRestrictedView":false},{"seatIdentifier":"DRESS_CIRCLE-L9","aggregateReference":"eyJ0eXAiOiJKV1QiLCJhbGciOiJIUzI1NiJ9.eyJzdGkiOjcwNzc1MiwicGFpIjoiZW5jb3JldGlja2V0cyIsInByaSI6ODYsInNpIjoiRFJFU1MgQ0lSQ0xFLUwtOSJ9.RJUvlzJtI-pciKC9pLsdm_n-v1xFmsmF5l7txf3Y9lI","row":"L","number":9,"pricing":{"salePrice":[{"value":6000,"currency":"GBP","decimalPlaces":2}],"faceValue":[{"value":5000,"currency":"GBP","decimalPlaces":2}],"percentageDiscount":0,"includesBookingFee":true,"createdAt":"2021-09-20T22:11:43+0000","promotionLabel":null},"attributes":[],"isRestrictedView":false},{"seatIdentifier":"DRESS_CIRCLE-L10","aggregateReference":"eyJ0eXAiOiJKV1QiLCJhbGciOiJIUzI1NiJ9.eyJzdGkiOjcwNzc1MiwicGFpIjoiZW5jb3JldGlja2V0cyIsInByaSI6ODYsInNpIjoiRFJFU1MgQ0lSQ0xFLUwtMTAifQ.8rWzMZGFOm5kX0zCKb1EjwelXAQplNvlD7tnLQh_WT4","row":"L","number":10,"pricing":{"salePrice":[{"value":6000,"currency":"GBP","decimalPlaces":2}],"faceValue":[{"value":5000,"currency":"GBP","decimalPlaces":2}],"percentageDiscount":0,"includesBookingFee":true,"createdAt":"2021-09-20T22:11:43+0000","promotionLabel":null},"attributes":[],"isRestrictedView":false},{"seatIdentifier":"DRESS_CIRCLE-L11","aggregateReference":"eyJ0eXAiOiJKV1QiLCJhbGciOiJIUzI1NiJ9.eyJzdGkiOjcwNzc1MiwicGFpIjoiZW5jb3JldGlja2V0cyIsInByaSI6ODYsInNpIjoiRFJFU1MgQ0lSQ0xFLUwtMTEifQ.i20Zmwxptf0HVX2tb3o3w35VP7ChKFlanPF4f1_VjMA","row":"L","number":11,"pricing":{"salePrice":[{"value":6000,"currency":"GBP","decimalPlaces":2}],"faceValue":[{"value":5000,"currency":"GBP","decimalPlaces":2}],"percentageDiscount":0,"includesBookingFee":true,"createdAt":"2021-09-20T22:11:43+0000","promotionLabel":null},"attributes":[],"isRestrictedView":false},{"seatIdentifier":"DRESS_CIRCLE-L12","aggregateReference":"eyJ0eXAiOiJKV1QiLCJhbGciOiJIUzI1NiJ9.eyJzdGkiOjcwNzc1MiwicGFpIjoiZW5jb3JldGlja2V0cyIsInByaSI6ODYsInNpIjoiRFJFU1MgQ0lSQ0xFLUwtMTIifQ.2m7x6yTzWyfDn7ZCrY6CYQ8WXxFImTFe-65RNVXi8TU","row":"L","number":12,"pricing":{"salePrice":[{"value":6000,"currency":"GBP","decimalPlaces":2}],"faceValue":[{"value":5000,"currency":"GBP","decimalPlaces":2}],"percentageDiscount":0,"includesBookingFee":true,"createdAt":"2021-09-20T22:11:43+0000","promotionLabel":null},"attributes":[],"isRestrictedView":false}],"seatLumps":[{"seats":["DRESS_CIRCLE-L3","DRESS_CIRCLE-L4"]},{"seats":["DRESS_CIRCLE-L5","DRESS_CIRCLE-L6"]},{"seats":["DRESS_CIRCLE-L6","DRESS_CIRCLE-L7"]},{"seats":["DRESS_CIRCLE-L7","DRESS_CIRCLE-L8"]},{"seats":["DRESS_CIRCLE-L8","DRESS_CIRCLE-L9"]},{"seats":["DRESS_CIRCLE-L9","DRESS_CIRCLE-L10"]},{"seats":["DRESS_CIRCLE-L11","DRESS_CIRCLE-L12"]}]},{"groupIdentifier":"DRESS CIRCLE~L15;28","aggregateReference":null,"row":"L","mode":"allocated","seatNumberStart":15,"seatNumberEnd":28,"availableCount":14,"pricing":{"salePrice":[{"value":6000,"currency":"GBP","decimalPlaces":2}],"faceValue":[{"value":5000,"currency":"GBP","decimalPlaces":2}],"percentageDiscount":0,"includesBookingFee":true,"createdAt":"2021-09-20T22:11:43+0000","promotionLabel":null},"seats":[{"seatIdentifier":"DRESS_CIRCLE-L15","aggregateReference":"eyJ0eXAiOiJKV1QiLCJhbGciOiJIUzI1NiJ9.eyJzdGkiOjcwNzc1MiwicGFpIjoiZW5jb3JldGlja2V0cyIsInByaSI6ODYsInNpIjoiRFJFU1MgQ0lSQ0xFLUwtMTUifQ.M5QSNb1WuOJ8GlbHVoF7B_drBZEU8prejXE4Hftss7I","row":"L","number":15,"pricing":{"salePrice":[{"value":6000,"currency":"GBP","decimalPlaces":2}],"faceValue":[{"value":5000,"currency":"GBP","decimalPlaces":2}],"percentageDiscount":0,"includesBookingFee":true,"createdAt":"2021-09-20T22:11:43+0000","promotionLabel":null},"attributes":[],"isRestrictedView":false},{"seatIdentifier":"DRESS_CIRCLE-L16","aggregateReference":"eyJ0eXAiOiJKV1QiLCJhbGciOiJIUzI1NiJ9.eyJzdGkiOjcwNzc1MiwicGFpIjoiZW5jb3JldGlja2V0cyIsInByaSI6ODYsInNpIjoiRFJFU1MgQ0lSQ0xFLUwtMTYifQ.lVNd33wCK_MERtfeckQ2gsUboUkdniJZzlpBRI2N7nE","row":"L","number":16,"pricing":{"salePrice":[{"value":6000,"currency":"GBP","decimalPlaces":2}],"faceValue":[{"value":5000,"currency":"GBP","decimalPlaces":2}],"percentageDiscount":0,"includesBookingFee":true,"createdAt":"2021-09-20T22:11:43+0000","promotionLabel":null},"attributes":[],"isRestrictedView":false},{"seatIdentifier":"DRESS_CIRCLE-L17","aggregateReference":"eyJ0eXAiOiJKV1QiLCJhbGciOiJIUzI1NiJ9.eyJzdGkiOjcwNzc1MiwicGFpIjoiZW5jb3JldGlja2V0cyIsInByaSI6ODYsInNpIjoiRFJFU1MgQ0lSQ0xFLUwtMTcifQ.32j74GqLv79WOyt7-2yaMcuI33D-WuOsmo6yBBzgjZ0","row":"L","number":17,"pricing":{"salePrice":[{"value":6000,"currency":"GBP","decimalPlaces":2}],"faceValue":[{"value":5000,"currency":"GBP","decimalPlaces":2}],"percentageDiscount":0,"includesBookingFee":true,"createdAt":"2021-09-20T22:11:43+0000","promotionLabel":null},"attributes":[],"isRestrictedView":false},{"seatIdentifier":"DRESS_CIRCLE-L18","aggregateReference":"eyJ0eXAiOiJKV1QiLCJhbGciOiJIUzI1NiJ9.eyJzdGkiOjcwNzc1MiwicGFpIjoiZW5jb3JldGlja2V0cyIsInByaSI6ODYsInNpIjoiRFJFU1MgQ0lSQ0xFLUwtMTgifQ.SlbeCmn8eSTW_tRt1wqiFsCrQXFx_bkhSlSomn7q4lU","row":"L","number":18,"pricing":{"salePrice":[{"value":6000,"currency":"GBP","decimalPlaces":2}],"faceValue":[{"value":5000,"currency":"GBP","decimalPlaces":2}],"percentageDiscount":0,"includesBookingFee":true,"createdAt":"2021-09-20T22:11:43+0000","promotionLabel":null},"attributes":[],"isRestrictedView":false},{"seatIdentifier":"DRESS_CIRCLE-L19","aggregateReference":"eyJ0eXAiOiJKV1QiLCJhbGciOiJIUzI1NiJ9.eyJzdGkiOjcwNzc1MiwicGFpIjoiZW5jb3JldGlja2V0cyIsInByaSI6ODYsInNpIjoiRFJFU1MgQ0lSQ0xFLUwtMTkifQ.qMmf7EAffydhi9S9ipZw_mjOhBYNAl-CIKf0iGI_r0o","row":"L","number":19,"pricing":{"salePrice":[{"value":6000,"currency":"GBP","decimalPlaces":2}],"faceValue":[{"value":5000,"currency":"GBP","decimalPlaces":2}],"percentageDiscount":0,"includesBookingFee":true,"createdAt":"2021-09-20T22:11:43+0000","promotionLabel":null},"attributes":[],"isRestrictedView":false},{"seatIdentifier":"DRESS_CIRCLE-L20","aggregateReference":"eyJ0eXAiOiJKV1QiLCJhbGciOiJIUzI1NiJ9.eyJzdGkiOjcwNzc1MiwicGFpIjoiZW5jb3JldGlja2V0cyIsInByaSI6ODYsInNpIjoiRFJFU1MgQ0lSQ0xFLUwtMjAifQ.Xo5tRVdyUC-VAa1iGalmZLAVW7kq7Ii1RKbgy4skd5s","row":"L","number":20,"pricing":{"salePrice":[{"value":6000,"currency":"GBP","decimalPlaces":2}],"faceValue":[{"value":5000,"currency":"GBP","decimalPlaces":2}],"percentageDiscount":0,"includesBookingFee":true,"createdAt":"2021-09-20T22:11:43+0000","promotionLabel":null},"attributes":[],"isRestrictedView":false},{"seatIdentifier":"DRESS_CIRCLE-L21","aggregateReference":"eyJ0eXAiOiJKV1QiLCJhbGciOiJIUzI1NiJ9.eyJzdGkiOjcwNzc1MiwicGFpIjoiZW5jb3JldGlja2V0cyIsInByaSI6ODYsInNpIjoiRFJFU1MgQ0lSQ0xFLUwtMjEifQ.wdfv-KrWNlwcNc6E_PHC0NudRfYHLAKIaFPlspzRVPI","row":"L","number":21,"pricing":{"salePrice":[{"value":6000,"currency":"GBP","decimalPlaces":2}],"faceValue":[{"value":5000,"currency":"GBP","decimalPlaces":2}],"percentageDiscount":0,"includesBookingFee":true,"createdAt":"2021-09-20T22:11:43+0000","promotionLabel":null},"attributes":[],"isRestrictedView":false},{"seatIdentifier":"DRESS_CIRCLE-L22","aggregateReference":"eyJ0eXAiOiJKV1QiLCJhbGciOiJIUzI1NiJ9.eyJzdGkiOjcwNzc1MiwicGFpIjoiZW5jb3JldGlja2V0cyIsInByaSI6ODYsInNpIjoiRFJFU1MgQ0lSQ0xFLUwtMjIifQ.1Vdzt6L1YckerFXdACXcq1fQnDUPQWKeuo7RRs3pQFc","row":"L","number":22,"pricing":{"salePrice":[{"value":6000,"currency":"GBP","decimalPlaces":2}],"faceValue":[{"value":5000,"currency":"GBP","decimalPlaces":2}],"percentageDiscount":0,"includesBookingFee":true,"createdAt":"2021-09-20T22:11:43+0000","promotionLabel":null},"attributes":[],"isRestrictedView":false},{"seatIdentifier":"DRESS_CIRCLE-L23","aggregateReference":"eyJ0eXAiOiJKV1QiLCJhbGciOiJIUzI1NiJ9.eyJzdGkiOjcwNzc1MiwicGFpIjoiZW5jb3JldGlja2V0cyIsInByaSI6ODYsInNpIjoiRFJFU1MgQ0lSQ0xFLUwtMjMifQ.lfeY79heJTIaXT5rQtm5q6OEigQW_U2qgBGcNYKm9OA","row":"L","number":23,"pricing":{"salePrice":[{"value":6000,"currency":"GBP","decimalPlaces":2}],"faceValue":[{"value":5000,"currency":"GBP","decimalPlaces":2}],"percentageDiscount":0,"includesBookingFee":true,"createdAt":"2021-09-20T22:11:43+0000","promotionLabel":null},"attributes":[],"isRestrictedView":false},{"seatIdentifier":"DRESS_CIRCLE-L24","aggregateReference":"eyJ0eXAiOiJKV1QiLCJhbGciOiJIUzI1NiJ9.eyJzdGkiOjcwNzc1MiwicGFpIjoiZW5jb3JldGlja2V0cyIsInByaSI6ODYsInNpIjoiRFJFU1MgQ0lSQ0xFLUwtMjQifQ.FFHLXC9lrXLMS-AUem-hBbPv5JSVuznD8oiGgpdO3FU","row":"L","number":24,"pricing":{"salePrice":[{"value":6000,"currency":"GBP","decimalPlaces":2}],"faceValue":[{"value":5000,"currency":"GBP","decimalPlaces":2}],"percentageDiscount":0,"includesBookingFee":true,"createdAt":"2021-09-20T22:11:43+0000","promotionLabel":null},"attributes":[],"isRestrictedView":false},{"seatIdentifier":"DRESS_CIRCLE-L25","aggregateReference":"eyJ0eXAiOiJKV1QiLCJhbGciOiJIUzI1NiJ9.eyJzdGkiOjcwNzc1MiwicGFpIjoiZW5jb3JldGlja2V0cyIsInByaSI6ODYsInNpIjoiRFJFU1MgQ0lSQ0xFLUwtMjUifQ.jW1Cig2g9yB4hhXGWUo6O_gy4lKsdJhN1A88xG1smJQ","row":"L","number":25,"pricing":{"salePrice":[{"value":6000,"currency":"GBP","decimalPlaces":2}],"faceValue":[{"value":5000,"currency":"GBP","decimalPlaces":2}],"percentageDiscount":0,"includesBookingFee":true,"createdAt":"2021-09-20T22:11:43+0000","promotionLabel":null},"attributes":[],"isRestrictedView":false},{"seatIdentifier":"DRESS_CIRCLE-L26","aggregateReference":"eyJ0eXAiOiJKV1QiLCJhbGciOiJIUzI1NiJ9.eyJzdGkiOjcwNzc1MiwicGFpIjoiZW5jb3JldGlja2V0cyIsInByaSI6ODYsInNpIjoiRFJFU1MgQ0lSQ0xFLUwtMjYifQ.VYxRi7wgmurBitm5V4H0gHWvhXyRlpUAHbwLPGMNibk","row":"L","number":26,"pricing":{"salePrice":[{"value":6000,"currency":"GBP","decimalPlaces":2}],"faceValue":[{"value":5000,"currency":"GBP","decimalPlaces":2}],"percentageDiscount":0,"includesBookingFee":true,"createdAt":"2021-09-20T22:11:43+0000","promotionLabel":null},"attributes":[],"isRestrictedView":false},{"seatIdentifier":"DRESS_CIRCLE-L27","aggregateReference":"eyJ0eXAiOiJKV1QiLCJhbGciOiJIUzI1NiJ9.eyJzdGkiOjcwNzc1MiwicGFpIjoiZW5jb3JldGlja2V0cyIsInByaSI6ODYsInNpIjoiRFJFU1MgQ0lSQ0xFLUwtMjcifQ.-3E-XITV3CpADFeeJsa1x6lHUFaP5qdK6pzBTKkg39c","row":"L","number":27,"pricing":{"salePrice":[{"value":6000,"currency":"GBP","decimalPlaces":2}],"faceValue":[{"value":5000,"currency":"GBP","decimalPlaces":2}],"percentageDiscount":0,"includesBookingFee":true,"createdAt":"2021-09-20T22:11:43+0000","promotionLabel":null},"attributes":[],"isRestrictedView":false},{"seatIdentifier":"DRESS_CIRCLE-L28","aggregateReference":"eyJ0eXAiOiJKV1QiLCJhbGciOiJIUzI1NiJ9.eyJzdGkiOjcwNzc1MiwicGFpIjoiZW5jb3JldGlja2V0cyIsInByaSI6ODYsInNpIjoiRFJFU1MgQ0lSQ0xFLUwtMjgifQ.IWlb5HAe2oPmY2ELlGgjIJqy8PJn814Vob1wt37Owfo","row":"L","number":28,"pricing":{"salePrice":[{"value":6000,"currency":"GBP","decimalPlaces":2}],"faceValue":[{"value":5000,"currency":"GBP","decimalPlaces":2}],"percentageDiscount":0,"includesBookingFee":true,"createdAt":"2021-09-20T22:11:43+0000","promotionLabel":null},"attributes":[{"title":"EndOfRow","description":"Seat at end of row","intention":"positive"}],"isRestrictedView":false}],"seatLumps":[{"seats":["DRESS_CIRCLE-L15","DRESS_CIRCLE-L16"]},{"seats":["DRESS_CIRCLE-L17","DRESS_CIRCLE-L18"]},{"seats":["DRESS_CIRCLE-L18","DRESS_CIRCLE-L19"]},{"seats":["DRESS_CIRCLE-L19","DRESS_CIRCLE-L20"]},{"seats":["DRESS_CIRCLE-L20","DRESS_CIRCLE-L21"]},{"seats":["DRESS_CIRCLE-L21","DRESS_CIRCLE-L22"]},{"seats":["DRESS_CIRCLE-L22","DRESS_CIRCLE-L23"]},{"seats":["DRESS_CIRCLE-L23","DRESS_CIRCLE-L24"]},{"seats":["DRESS_CIRCLE-L24","DRESS_CIRCLE-L25"]},{"seats":["DRESS_CIRCLE-L25","DRESS_CIRCLE-L26"]},{"seats":["DRESS_CIRCLE-L27","DRESS_CIRCLE-L28"]}]},{"groupIdentifier":"DRESS CIRCLE~M1;28","aggregateReference":null,"row":"M","mode":"allocated","seatNumberStart":1,"seatNumberEnd":28,"availableCount":28,"pricing":{"salePrice":[{"value":6000,"currency":"GBP","decimalPlaces":2}],"faceValue":[{"value":5000,"currency":"GBP","decimalPlaces":2}],"percentageDiscount":0,"includesBookingFee":true,"createdAt":"2021-09-20T22:11:43+0000","promotionLabel":null},"seats":[{"seatIdentifier":"DRESS_CIRCLE-M1","aggregateReference":"eyJ0eXAiOiJKV1QiLCJhbGciOiJIUzI1NiJ9.eyJzdGkiOjcwNzc1MiwicGFpIjoiZW5jb3JldGlja2V0cyIsInByaSI6ODYsInNpIjoiRFJFU1MgQ0lSQ0xFLU0tMSJ9.l0oVsofVdnhwmQswFni5qxzEQBUI00qAasLYqsBlZ5c","row":"M","number":1,"pricing":{"salePrice":[{"value":6000,"currency":"GBP","decimalPlaces":2}],"faceValue":[{"value":5000,"currency":"GBP","decimalPlaces":2}],"percentageDiscount":0,"includesBookingFee":true,"createdAt":"2021-09-20T22:11:43+0000","promotionLabel":null},"attributes":[{"title":"EndOfRow","description":"Seat at end of row","intention":"positive"}],"isRestrictedView":false},{"seatIdentifier":"DRESS_CIRCLE-M2","aggregateReference":"eyJ0eXAiOiJKV1QiLCJhbGciOiJIUzI1NiJ9.eyJzdGkiOjcwNzc1MiwicGFpIjoiZW5jb3JldGlja2V0cyIsInByaSI6ODYsInNpIjoiRFJFU1MgQ0lSQ0xFLU0tMiJ9.T0NOhHrYSBjYNC6ZCd5X5Pu50gVkQCMo6GFDITQ4gek","row":"M","number":2,"pricing":{"salePrice":[{"value":6000,"currency":"GBP","decimalPlaces":2}],"faceValue":[{"value":5000,"currency":"GBP","decimalPlaces":2}],"percentageDiscount":0,"includesBookingFee":true,"createdAt":"2021-09-20T22:11:43+0000","promotionLabel":null},"attributes":[],"isRestrictedView":false},{"seatIdentifier":"DRESS_CIRCLE-M3","aggregateReference":"eyJ0eXAiOiJKV1QiLCJhbGciOiJIUzI1NiJ9.eyJzdGkiOjcwNzc1MiwicGFpIjoiZW5jb3JldGlja2V0cyIsInByaSI6ODYsInNpIjoiRFJFU1MgQ0lSQ0xFLU0tMyJ9.4T_MW3sZSfUMzQcmbLGJlNg3F4zYztjXRJaUuweuZ-Q","row":"M","number":3,"pricing":{"salePrice":[{"value":6000,"currency":"GBP","decimalPlaces":2}],"faceValue":[{"value":5000,"currency":"GBP","decimalPlaces":2}],"percentageDiscount":0,"includesBookingFee":true,"createdAt":"2021-09-20T22:11:43+0000","promotionLabel":null},"attributes":[],"isRestrictedView":false},{"seatIdentifier":"DRESS_CIRCLE-M4","aggregateReference":"eyJ0eXAiOiJKV1QiLCJhbGciOiJIUzI1NiJ9.eyJzdGkiOjcwNzc1MiwicGFpIjoiZW5jb3JldGlja2V0cyIsInByaSI6ODYsInNpIjoiRFJFU1MgQ0lSQ0xFLU0tNCJ9.x5BRFyWRr2qfB1dEHn6ZiuN0WZ4UNsPePDpRsonOHEs","row":"M","number":4,"pricing":{"salePrice":[{"value":6000,"currency":"GBP","decimalPlaces":2}],"faceValue":[{"value":5000,"currency":"GBP","decimalPlaces":2}],"percentageDiscount":0,"includesBookingFee":true,"createdAt":"2021-09-20T22:11:43+0000","promotionLabel":null},"attributes":[],"isRestrictedView":false},{"seatIdentifier":"DRESS_CIRCLE-M5","aggregateReference":"eyJ0eXAiOiJKV1QiLCJhbGciOiJIUzI1NiJ9.eyJzdGkiOjcwNzc1MiwicGFpIjoiZW5jb3JldGlja2V0cyIsInByaSI6ODYsInNpIjoiRFJFU1MgQ0lSQ0xFLU0tNSJ9.EbR64VGwt61bZBkidSaKHgjS6-7pRopgIQzIOX7aSDg","row":"M","number":5,"pricing":{"salePrice":[{"value":6000,"currency":"GBP","decimalPlaces":2}],"faceValue":[{"value":5000,"currency":"GBP","decimalPlaces":2}],"percentageDiscount":0,"includesBookingFee":true,"createdAt":"2021-09-20T22:11:43+0000","promotionLabel":null},"attributes":[],"isRestrictedView":false},{"seatIdentifier":"DRESS_CIRCLE-M6","aggregateReference":"eyJ0eXAiOiJKV1QiLCJhbGciOiJIUzI1NiJ9.eyJzdGkiOjcwNzc1MiwicGFpIjoiZW5jb3JldGlja2V0cyIsInByaSI6ODYsInNpIjoiRFJFU1MgQ0lSQ0xFLU0tNiJ9.cOtvOfoH2CE7SGohiJpd6oTtF9pSWeMlL_y0NAp4XuM","row":"M","number":6,"pricing":{"salePrice":[{"value":6000,"currency":"GBP","decimalPlaces":2}],"faceValue":[{"value":5000,"currency":"GBP","decimalPlaces":2}],"percentageDiscount":0,"includesBookingFee":true,"createdAt":"2021-09-20T22:11:43+0000","promotionLabel":null},"attributes":[],"isRestrictedView":false},{"seatIdentifier":"DRESS_CIRCLE-M7","aggregateReference":"eyJ0eXAiOiJKV1QiLCJhbGciOiJIUzI1NiJ9.eyJzdGkiOjcwNzc1MiwicGFpIjoiZW5jb3JldGlja2V0cyIsInByaSI6ODYsInNpIjoiRFJFU1MgQ0lSQ0xFLU0tNyJ9.LFJGobdk_9VfydNWY3HLw30iANUFKJevldtPwqYeAqU","row":"M","number":7,"pricing":{"salePrice":[{"value":6000,"currency":"GBP","decimalPlaces":2}],"faceValue":[{"value":5000,"currency":"GBP","decimalPlaces":2}],"percentageDiscount":0,"includesBookingFee":true,"createdAt":"2021-09-20T22:11:43+0000","promotionLabel":null},"attributes":[],"isRestrictedView":false},{"seatIdentifier":"DRESS_CIRCLE-M8","aggregateReference":"eyJ0eXAiOiJKV1QiLCJhbGciOiJIUzI1NiJ9.eyJzdGkiOjcwNzc1MiwicGFpIjoiZW5jb3JldGlja2V0cyIsInByaSI6ODYsInNpIjoiRFJFU1MgQ0lSQ0xFLU0tOCJ9.__Nz0VaWDCG5CcuEBqC5D9vAMvlNBcRkeRNCW4QQRJY","row":"M","number":8,"pricing":{"salePrice":[{"value":6000,"currency":"GBP","decimalPlaces":2}],"faceValue":[{"value":5000,"currency":"GBP","decimalPlaces":2}],"percentageDiscount":0,"includesBookingFee":true,"createdAt":"2021-09-20T22:11:43+0000","promotionLabel":null},"attributes":[],"isRestrictedView":false},{"seatIdentifier":"DRESS_CIRCLE-M9","aggregateReference":"eyJ0eXAiOiJKV1QiLCJhbGciOiJIUzI1NiJ9.eyJzdGkiOjcwNzc1MiwicGFpIjoiZW5jb3JldGlja2V0cyIsInByaSI6ODYsInNpIjoiRFJFU1MgQ0lSQ0xFLU0tOSJ9.A-OFFAtlKWFxs7FCcfM46BJt4sj4PNKJDNaE2YnvnI8","row":"M","number":9,"pricing":{"salePrice":[{"value":6000,"currency":"GBP","decimalPlaces":2}],"faceValue":[{"value":5000,"currency":"GBP","decimalPlaces":2}],"percentageDiscount":0,"includesBookingFee":true,"createdAt":"2021-09-20T22:11:43+0000","promotionLabel":null},"attributes":[],"isRestrictedView":false},{"seatIdentifier":"DRESS_CIRCLE-M10","aggregateReference":"eyJ0eXAiOiJKV1QiLCJhbGciOiJIUzI1NiJ9.eyJzdGkiOjcwNzc1MiwicGFpIjoiZW5jb3JldGlja2V0cyIsInByaSI6ODYsInNpIjoiRFJFU1MgQ0lSQ0xFLU0tMTAifQ.lPkdo5D4KhWymerxCbSo_TyIg7wEjvH4x1HvfsJfUcs","row":"M","number":10,"pricing":{"salePrice":[{"value":6000,"currency":"GBP","decimalPlaces":2}],"faceValue":[{"value":5000,"currency":"GBP","decimalPlaces":2}],"percentageDiscount":0,"includesBookingFee":true,"createdAt":"2021-09-20T22:11:43+0000","promotionLabel":null},"attributes":[],"isRestrictedView":false},{"seatIdentifier":"DRESS_CIRCLE-M11","aggregateReference":"eyJ0eXAiOiJKV1QiLCJhbGciOiJIUzI1NiJ9.eyJzdGkiOjcwNzc1MiwicGFpIjoiZW5jb3JldGlja2V0cyIsInByaSI6ODYsInNpIjoiRFJFU1MgQ0lSQ0xFLU0tMTEifQ.EbU8-ngwkF0M3AdUZgQV4dYO1e6rf83fIZirbkcS1RE","row":"M","number":11,"pricing":{"salePrice":[{"value":6000,"currency":"GBP","decimalPlaces":2}],"faceValue":[{"value":5000,"currency":"GBP","decimalPlaces":2}],"percentageDiscount":0,"includesBookingFee":true,"createdAt":"2021-09-20T22:11:43+0000","promotionLabel":null},"attributes":[],"isRestrictedView":false},{"seatIdentifier":"DRESS_CIRCLE-M12","aggregateReference":"eyJ0eXAiOiJKV1QiLCJhbGciOiJIUzI1NiJ9.eyJzdGkiOjcwNzc1MiwicGFpIjoiZW5jb3JldGlja2V0cyIsInByaSI6ODYsInNpIjoiRFJFU1MgQ0lSQ0xFLU0tMTIifQ.vZwbS1c0vRb4hKKjgvys5naoljP0EQ2S6BEv7gjRwKY","row":"M","number":12,"pricing":{"salePrice":[{"value":6000,"currency":"GBP","decimalPlaces":2}],"faceValue":[{"value":5000,"currency":"GBP","decimalPlaces":2}],"percentageDiscount":0,"includesBookingFee":true,"createdAt":"2021-09-20T22:11:43+0000","promotionLabel":null},"attributes":[],"isRestrictedView":false},{"seatIdentifier":"DRESS_CIRCLE-M13","aggregateReference":"eyJ0eXAiOiJKV1QiLCJhbGciOiJIUzI1NiJ9.eyJzdGkiOjcwNzc1MiwicGFpIjoiZW5jb3JldGlja2V0cyIsInByaSI6ODYsInNpIjoiRFJFU1MgQ0lSQ0xFLU0tMTMifQ.uKfydZHa8h09hIeNA_k34JqE-tFMErQKlsK6m7V8ndc","row":"M","number":13,"pricing":{"salePrice":[{"value":6000,"currency":"GBP","decimalPlaces":2}],"faceValue":[{"value":5000,"currency":"GBP","decimalPlaces":2}],"percentageDiscount":0,"includesBookingFee":true,"createdAt":"2021-09-20T22:11:43+0000","promotionLabel":null},"attributes":[],"isRestrictedView":false},{"seatIdentifier":"DRESS_CIRCLE-M14","aggregateReference":"eyJ0eXAiOiJKV1QiLCJhbGciOiJIUzI1NiJ9.eyJzdGkiOjcwNzc1MiwicGFpIjoiZW5jb3JldGlja2V0cyIsInByaSI6ODYsInNpIjoiRFJFU1MgQ0lSQ0xFLU0tMTQifQ.N8ycjS8XsoAFhyUa3t0Qbt9MDiHX1Qj1D3dlIyY4H8I","row":"M","number":14,"pricing":{"salePrice":[{"value":6000,"currency":"GBP","decimalPlaces":2}],"faceValue":[{"value":5000,"currency":"GBP","decimalPlaces":2}],"percentageDiscount":0,"includesBookingFee":true,"createdAt":"2021-09-20T22:11:43+0000","promotionLabel":null},"attributes":[],"isRestrictedView":false},{"seatIdentifier":"DRESS_CIRCLE-M15","aggregateReference":"eyJ0eXAiOiJKV1QiLCJhbGciOiJIUzI1NiJ9.eyJzdGkiOjcwNzc1MiwicGFpIjoiZW5jb3JldGlja2V0cyIsInByaSI6ODYsInNpIjoiRFJFU1MgQ0lSQ0xFLU0tMTUifQ.ECArHv1Z4cRr0Oqix_s-FmgdUvYI-XFui_8Y52DFq34","row":"M","number":15,"pricing":{"salePrice":[{"value":6000,"currency":"GBP","decimalPlaces":2}],"faceValue":[{"value":5000,"currency":"GBP","decimalPlaces":2}],"percentageDiscount":0,"includesBookingFee":true,"createdAt":"2021-09-20T22:11:43+0000","promotionLabel":null},"attributes":[],"isRestrictedView":false},{"seatIdentifier":"DRESS_CIRCLE-M16","aggregateReference":"eyJ0eXAiOiJKV1QiLCJhbGciOiJIUzI1NiJ9.eyJzdGkiOjcwNzc1MiwicGFpIjoiZW5jb3JldGlja2V0cyIsInByaSI6ODYsInNpIjoiRFJFU1MgQ0lSQ0xFLU0tMTYifQ.GGaTccnl1TfO1lgNcur3vrMnA1xMVS26B_6AJnGOj6Y","row":"M","number":16,"pricing":{"salePrice":[{"value":6000,"currency":"GBP","decimalPlaces":2}],"faceValue":[{"value":5000,"currency":"GBP","decimalPlaces":2}],"percentageDiscount":0,"includesBookingFee":true,"createdAt":"2021-09-20T22:11:43+0000","promotionLabel":null},"attributes":[],"isRestrictedView":false},{"seatIdentifier":"DRESS_CIRCLE-M17","aggregateReference":"eyJ0eXAiOiJKV1QiLCJhbGciOiJIUzI1NiJ9.eyJzdGkiOjcwNzc1MiwicGFpIjoiZW5jb3JldGlja2V0cyIsInByaSI6ODYsInNpIjoiRFJFU1MgQ0lSQ0xFLU0tMTcifQ.uvAv2cPxKbly4SGidEMD5clMxju9hbTFs6OOVP2WlM0","row":"M","number":17,"pricing":{"salePrice":[{"value":6000,"currency":"GBP","decimalPlaces":2}],"faceValue":[{"value":5000,"currency":"GBP","decimalPlaces":2}],"percentageDiscount":0,"includesBookingFee":true,"createdAt":"2021-09-20T22:11:43+0000","promotionLabel":null},"attributes":[],"isRestrictedView":false},{"seatIdentifier":"DRESS_CIRCLE-M18","aggregateReference":"eyJ0eXAiOiJKV1QiLCJhbGciOiJIUzI1NiJ9.eyJzdGkiOjcwNzc1MiwicGFpIjoiZW5jb3JldGlja2V0cyIsInByaSI6ODYsInNpIjoiRFJFU1MgQ0lSQ0xFLU0tMTgifQ.agkA4w7AQ--4eqQ1OFP2vtTLLwNc8RdiP6Gww4c51R0","row":"M","number":18,"pricing":{"salePrice":[{"value":6000,"currency":"GBP","decimalPlaces":2}],"faceValue":[{"value":5000,"currency":"GBP","decimalPlaces":2}],"percentageDiscount":0,"includesBookingFee":true,"createdAt":"2021-09-20T22:11:43+0000","promotionLabel":null},"attributes":[],"isRestrictedView":false},{"seatIdentifier":"DRESS_CIRCLE-M19","aggregateReference":"eyJ0eXAiOiJKV1QiLCJhbGciOiJIUzI1NiJ9.eyJzdGkiOjcwNzc1MiwicGFpIjoiZW5jb3JldGlja2V0cyIsInByaSI6ODYsInNpIjoiRFJFU1MgQ0lSQ0xFLU0tMTkifQ.jTvbR8wn6e9jdKLG3mOSGT1lSs2bs7AJcGirRHaa6lY","row":"M","number":19,"pricing":{"salePrice":[{"value":6000,"currency":"GBP","decimalPlaces":2}],"faceValue":[{"value":5000,"currency":"GBP","decimalPlaces":2}],"percentageDiscount":0,"includesBookingFee":true,"createdAt":"2021-09-20T22:11:43+0000","promotionLabel":null},"attributes":[],"isRestrictedView":false},{"seatIdentifier":"DRESS_CIRCLE-M20","aggregateReference":"eyJ0eXAiOiJKV1QiLCJhbGciOiJIUzI1NiJ9.eyJzdGkiOjcwNzc1MiwicGFpIjoiZW5jb3JldGlja2V0cyIsInByaSI6ODYsInNpIjoiRFJFU1MgQ0lSQ0xFLU0tMjAifQ.0zj8UZoXJGOPQa3agQhPuwPg2IbX4b2m1TtNOH402i8","row":"M","number":20,"pricing":{"salePrice":[{"value":6000,"currency":"GBP","decimalPlaces":2}],"faceValue":[{"value":5000,"currency":"GBP","decimalPlaces":2}],"percentageDiscount":0,"includesBookingFee":true,"createdAt":"2021-09-20T22:11:43+0000","promotionLabel":null},"attributes":[],"isRestrictedView":false},{"seatIdentifier":"DRESS_CIRCLE-M21","aggregateReference":"eyJ0eXAiOiJKV1QiLCJhbGciOiJIUzI1NiJ9.eyJzdGkiOjcwNzc1MiwicGFpIjoiZW5jb3JldGlja2V0cyIsInByaSI6ODYsInNpIjoiRFJFU1MgQ0lSQ0xFLU0tMjEifQ.cKveV8NC2nE1nyVpggFWX7-C-CJRmPenZ41jeA6JOCo","row":"M","number":21,"pricing":{"salePrice":[{"value":6000,"currency":"GBP","decimalPlaces":2}],"faceValue":[{"value":5000,"currency":"GBP","decimalPlaces":2}],"percentageDiscount":0,"includesBookingFee":true,"createdAt":"2021-09-20T22:11:43+0000","promotionLabel":null},"attributes":[],"isRestrictedView":false},{"seatIdentifier":"DRESS_CIRCLE-M22","aggregateReference":"eyJ0eXAiOiJKV1QiLCJhbGciOiJIUzI1NiJ9.eyJzdGkiOjcwNzc1MiwicGFpIjoiZW5jb3JldGlja2V0cyIsInByaSI6ODYsInNpIjoiRFJFU1MgQ0lSQ0xFLU0tMjIifQ.EMIchlYafi1qAUEP6VP0jx5wub0qLPu-LH9Bf1EqsMw","row":"M","number":22,"pricing":{"salePrice":[{"value":6000,"currency":"GBP","decimalPlaces":2}],"faceValue":[{"value":5000,"currency":"GBP","decimalPlaces":2}],"percentageDiscount":0,"includesBookingFee":true,"createdAt":"2021-09-20T22:11:43+0000","promotionLabel":null},"attributes":[],"isRestrictedView":false},{"seatIdentifier":"DRESS_CIRCLE-M23","aggregateReference":"eyJ0eXAiOiJKV1QiLCJhbGciOiJIUzI1NiJ9.eyJzdGkiOjcwNzc1MiwicGFpIjoiZW5jb3JldGlja2V0cyIsInByaSI6ODYsInNpIjoiRFJFU1MgQ0lSQ0xFLU0tMjMifQ.oZgjs8MWDFbHtjPKhBOaXERYTPcrLqKawx7M0xdI1N4","row":"M","number":23,"pricing":{"salePrice":[{"value":6000,"currency":"GBP","decimalPlaces":2}],"faceValue":[{"value":5000,"currency":"GBP","decimalPlaces":2}],"percentageDiscount":0,"includesBookingFee":true,"createdAt":"2021-09-20T22:11:43+0000","promotionLabel":null},"attributes":[],"isRestrictedView":false},{"seatIdentifier":"DRESS_CIRCLE-M24","aggregateReference":"eyJ0eXAiOiJKV1QiLCJhbGciOiJIUzI1NiJ9.eyJzdGkiOjcwNzc1MiwicGFpIjoiZW5jb3JldGlja2V0cyIsInByaSI6ODYsInNpIjoiRFJFU1MgQ0lSQ0xFLU0tMjQifQ.0l2DoVtC6bFFCUUkGHChLxmxBX8Q-0l-JHagj-nnzgI","row":"M","number":24,"pricing":{"salePrice":[{"value":6000,"currency":"GBP","decimalPlaces":2}],"faceValue":[{"value":5000,"currency":"GBP","decimalPlaces":2}],"percentageDiscount":0,"includesBookingFee":true,"createdAt":"2021-09-20T22:11:43+0000","promotionLabel":null},"attributes":[],"isRestrictedView":false},{"seatIdentifier":"DRESS_CIRCLE-M25","aggregateReference":"eyJ0eXAiOiJKV1QiLCJhbGciOiJIUzI1NiJ9.eyJzdGkiOjcwNzc1MiwicGFpIjoiZW5jb3JldGlja2V0cyIsInByaSI6ODYsInNpIjoiRFJFU1MgQ0lSQ0xFLU0tMjUifQ.U3zXRd2lF3ks2Xjqmjch4imBYon2lNAGl0KgEH0h2qQ","row":"M","number":25,"pricing":{"salePrice":[{"value":6000,"currency":"GBP","decimalPlaces":2}],"faceValue":[{"value":5000,"currency":"GBP","decimalPlaces":2}],"percentageDiscount":0,"includesBookingFee":true,"createdAt":"2021-09-20T22:11:43+0000","promotionLabel":null},"attributes":[],"isRestrictedView":false},{"seatIdentifier":"DRESS_CIRCLE-M26","aggregateReference":"eyJ0eXAiOiJKV1QiLCJhbGciOiJIUzI1NiJ9.eyJzdGkiOjcwNzc1MiwicGFpIjoiZW5jb3JldGlja2V0cyIsInByaSI6ODYsInNpIjoiRFJFU1MgQ0lSQ0xFLU0tMjYifQ.yWnfO1UcyNHtsvELxFV9lw1bPeHywdc7W6BIZeKg188","row":"M","number":26,"pricing":{"salePrice":[{"value":6000,"currency":"GBP","decimalPlaces":2}],"faceValue":[{"value":5000,"currency":"GBP","decimalPlaces":2}],"percentageDiscount":0,"includesBookingFee":true,"createdAt":"2021-09-20T22:11:43+0000","promotionLabel":null},"attributes":[],"isRestrictedView":false},{"seatIdentifier":"DRESS_CIRCLE-M27","aggregateReference":"eyJ0eXAiOiJKV1QiLCJhbGciOiJIUzI1NiJ9.eyJzdGkiOjcwNzc1MiwicGFpIjoiZW5jb3JldGlja2V0cyIsInByaSI6ODYsInNpIjoiRFJFU1MgQ0lSQ0xFLU0tMjcifQ.x3VUGodwHKSF1BkDIT-SCtPj7YXb0H82Kkk716wiLOU","row":"M","number":27,"pricing":{"salePrice":[{"value":6000,"currency":"GBP","decimalPlaces":2}],"faceValue":[{"value":5000,"currency":"GBP","decimalPlaces":2}],"percentageDiscount":0,"includesBookingFee":true,"createdAt":"2021-09-20T22:11:43+0000","promotionLabel":null},"attributes":[],"isRestrictedView":false},{"seatIdentifier":"DRESS_CIRCLE-M28","aggregateReference":"eyJ0eXAiOiJKV1QiLCJhbGciOiJIUzI1NiJ9.eyJzdGkiOjcwNzc1MiwicGFpIjoiZW5jb3JldGlja2V0cyIsInByaSI6ODYsInNpIjoiRFJFU1MgQ0lSQ0xFLU0tMjgifQ.ejP_lTFxqC4P6SyDoUaUwyeHrzyK-8MEss84_JjrEAA","row":"M","number":28,"pricing":{"salePrice":[{"value":6000,"currency":"GBP","decimalPlaces":2}],"faceValue":[{"value":5000,"currency":"GBP","decimalPlaces":2}],"percentageDiscount":0,"includesBookingFee":true,"createdAt":"2021-09-20T22:11:43+0000","promotionLabel":null},"attributes":[{"title":"EndOfRow","description":"Seat at end of row","intention":"positive"}],"isRestrictedView":false}],"seatLumps":[{"seats":["DRESS_CIRCLE-M1","DRESS_CIRCLE-M2"]},{"seats":["DRESS_CIRCLE-M3","DRESS_CIRCLE-M4"]},{"seats":["DRESS_CIRCLE-M4","DRESS_CIRCLE-M5"]},{"seats":["DRESS_CIRCLE-M5","DRESS_CIRCLE-M6"]},{"seats":["DRESS_CIRCLE-M6","DRESS_CIRCLE-M7"]},{"seats":["DRESS_CIRCLE-M7","DRESS_CIRCLE-M8"]},{"seats":["DRESS_CIRCLE-M8","DRESS_CIRCLE-M9"]},{"seats":["DRESS_CIRCLE-M9","DRESS_CIRCLE-M10"]},{"seats":["DRESS_CIRCLE-M10","DRESS_CIRCLE-M11"]},{"seats":["DRESS_CIRCLE-M11","DRESS_CIRCLE-M12"]},{"seats":["DRESS_CIRCLE-M12","DRESS_CIRCLE-M13"]},{"seats":["DRESS_CIRCLE-M13","DRESS_CIRCLE-M14"]},{"seats":["DRESS_CIRCLE-M14","DRESS_CIRCLE-M15"]},{"seats":["DRESS_CIRCLE-M15","DRESS_CIRCLE-M16"]},{"seats":["DRESS_CIRCLE-M16","DRESS_CIRCLE-M17"]},{"seats":["DRESS_CIRCLE-M17","DRESS_CIRCLE-M18"]},{"seats":["DRESS_CIRCLE-M18","DRESS_CIRCLE-M19"]},{"seats":["DRESS_CIRCLE-M19","DRESS_CIRCLE-M20"]},{"seats":["DRESS_CIRCLE-M20","DRESS_CIRCLE-M21"]},{"seats":["DRESS_CIRCLE-M21","DRESS_CIRCLE-M22"]},{"seats":["DRESS_CIRCLE-M22","DRESS_CIRCLE-M23"]},{"seats":["DRESS_CIRCLE-M23","DRESS_CIRCLE-M24"]},{"seats":["DRESS_CIRCLE-M24","DRESS_CIRCLE-M25"]},{"seats":["DRESS_CIRCLE-M25","DRESS_CIRCLE-M26"]},{"seats":["DRESS_CIRCLE-M27","DRESS_CIRCLE-M28"]}]},{"groupIdentifier":"DRESS CIRCLE~G1;27","aggregateReference":null,"row":"G","mode":"allocated","seatNumberStart":1,"seatNumberEnd":27,"availableCount":27,"pricing":{"salePrice":[{"value":7200,"currency":"GBP","decimalPlaces":2}],"faceValue":[{"value":6000,"currency":"GBP","decimalPlaces":2}],"percentageDiscount":0,"includesBookingFee":true,"createdAt":"2021-09-20T22:11:43+0000","promotionLabel":null},"seats":[{"seatIdentifier":"DRESS_CIRCLE-G1","aggregateReference":"eyJ0eXAiOiJKV1QiLCJhbGciOiJIUzI1NiJ9.eyJzdGkiOjcwNzc1MiwicGFpIjoiZW5jb3JldGlja2V0cyIsInByaSI6ODYsInNpIjoiRFJFU1MgQ0lSQ0xFLUctMSJ9.5dGd4nQPPQ4DCjMglfqlJZiMK1Mjp4enmXTfvdIsIxw","row":"G","number":1,"pricing":{"salePrice":[{"value":7200,"currency":"GBP","decimalPlaces":2}],"faceValue":[{"value":6000,"currency":"GBP","decimalPlaces":2}],"percentageDiscount":0,"includesBookingFee":true,"createdAt":"2021-09-20T22:11:43+0000","promotionLabel":null},"attributes":[{"title":"EndOfRow","description":"Seat at end of row","intention":"positive"}],"isRestrictedView":false},{"seatIdentifier":"DRESS_CIRCLE-G2","aggregateReference":"eyJ0eXAiOiJKV1QiLCJhbGciOiJIUzI1NiJ9.eyJzdGkiOjcwNzc1MiwicGFpIjoiZW5jb3JldGlja2V0cyIsInByaSI6ODYsInNpIjoiRFJFU1MgQ0lSQ0xFLUctMiJ9.WCNpjKybcn5CjGKQgXnWbuxJqJjl8VOcntoMH7Dg9sM","row":"G","number":2,"pricing":{"salePrice":[{"value":7200,"currency":"GBP","decimalPlaces":2}],"faceValue":[{"value":6000,"currency":"GBP","decimalPlaces":2}],"percentageDiscount":0,"includesBookingFee":true,"createdAt":"2021-09-20T22:11:43+0000","promotionLabel":null},"attributes":[],"isRestrictedView":false},{"seatIdentifier":"DRESS_CIRCLE-G3","aggregateReference":"eyJ0eXAiOiJKV1QiLCJhbGciOiJIUzI1NiJ9.eyJzdGkiOjcwNzc1MiwicGFpIjoiZW5jb3JldGlja2V0cyIsInByaSI6ODYsInNpIjoiRFJFU1MgQ0lSQ0xFLUctMyJ9.-filotVko3e-vUHT79GnFk8gHBthKBSB_IQjE7A8HSo","row":"G","number":3,"pricing":{"salePrice":[{"value":7200,"currency":"GBP","decimalPlaces":2}],"faceValue":[{"value":6000,"currency":"GBP","decimalPlaces":2}],"percentageDiscount":0,"includesBookingFee":true,"createdAt":"2021-09-20T22:11:43+0000","promotionLabel":null},"attributes":[],"isRestrictedView":false},{"seatIdentifier":"DRESS_CIRCLE-G4","aggregateReference":"eyJ0eXAiOiJKV1QiLCJhbGciOiJIUzI1NiJ9.eyJzdGkiOjcwNzc1MiwicGFpIjoiZW5jb3JldGlja2V0cyIsInByaSI6ODYsInNpIjoiRFJFU1MgQ0lSQ0xFLUctNCJ9.BvXmOCopr5EcXi1dhe_WHcQwuocoFKYnOXycWVRBWeQ","row":"G","number":4,"pricing":{"salePrice":[{"value":7200,"currency":"GBP","decimalPlaces":2}],"faceValue":[{"value":6000,"currency":"GBP","decimalPlaces":2}],"percentageDiscount":0,"includesBookingFee":true,"createdAt":"2021-09-20T22:11:43+0000","promotionLabel":null},"attributes":[],"isRestrictedView":false},{"seatIdentifier":"DRESS_CIRCLE-G5","aggregateReference":"eyJ0eXAiOiJKV1QiLCJhbGciOiJIUzI1NiJ9.eyJzdGkiOjcwNzc1MiwicGFpIjoiZW5jb3JldGlja2V0cyIsInByaSI6ODYsInNpIjoiRFJFU1MgQ0lSQ0xFLUctNSJ9.ARJ5lCPGAWtR0loWjA1-dqZa-ZaVfB_k63W5ol6Xc9A","row":"G","number":5,"pricing":{"salePrice":[{"value":7200,"currency":"GBP","decimalPlaces":2}],"faceValue":[{"value":6000,"currency":"GBP","decimalPlaces":2}],"percentageDiscount":0,"includesBookingFee":true,"createdAt":"2021-09-20T22:11:43+0000","promotionLabel":null},"attributes":[],"isRestrictedView":false},{"seatIdentifier":"DRESS_CIRCLE-G6","aggregateReference":"eyJ0eXAiOiJKV1QiLCJhbGciOiJIUzI1NiJ9.eyJzdGkiOjcwNzc1MiwicGFpIjoiZW5jb3JldGlja2V0cyIsInByaSI6ODYsInNpIjoiRFJFU1MgQ0lSQ0xFLUctNiJ9.oEKhweTfzOMjxqf8FzMj4QkLri5Nzmf6qCUkl7WLNIM","row":"G","number":6,"pricing":{"salePrice":[{"value":7200,"currency":"GBP","decimalPlaces":2}],"faceValue":[{"value":6000,"currency":"GBP","decimalPlaces":2}],"percentageDiscount":0,"includesBookingFee":true,"createdAt":"2021-09-20T22:11:43+0000","promotionLabel":null},"attributes":[],"isRestrictedView":false},{"seatIdentifier":"DRESS_CIRCLE-G7","aggregateReference":"eyJ0eXAiOiJKV1QiLCJhbGciOiJIUzI1NiJ9.eyJzdGkiOjcwNzc1MiwicGFpIjoiZW5jb3JldGlja2V0cyIsInByaSI6ODYsInNpIjoiRFJFU1MgQ0lSQ0xFLUctNyJ9.eGuudNXtVyR1S7XKZtXSirl1xQuyxQyO4Al3PpgZtFo","row":"G","number":7,"pricing":{"salePrice":[{"value":7200,"currency":"GBP","decimalPlaces":2}],"faceValue":[{"value":6000,"currency":"GBP","decimalPlaces":2}],"percentageDiscount":0,"includesBookingFee":true,"createdAt":"2021-09-20T22:11:43+0000","promotionLabel":null},"attributes":[],"isRestrictedView":false},{"seatIdentifier":"DRESS_CIRCLE-G8","aggregateReference":"eyJ0eXAiOiJKV1QiLCJhbGciOiJIUzI1NiJ9.eyJzdGkiOjcwNzc1MiwicGFpIjoiZW5jb3JldGlja2V0cyIsInByaSI6ODYsInNpIjoiRFJFU1MgQ0lSQ0xFLUctOCJ9.p4nEbYcfm0su79Vue8hoU5X9H28mdRCXtOD4jVGaBH4","row":"G","number":8,"pricing":{"salePrice":[{"value":7200,"currency":"GBP","decimalPlaces":2}],"faceValue":[{"value":6000,"currency":"GBP","decimalPlaces":2}],"percentageDiscount":0,"includesBookingFee":true,"createdAt":"2021-09-20T22:11:43+0000","promotionLabel":null},"attributes":[],"isRestrictedView":false},{"seatIdentifier":"DRESS_CIRCLE-G9","aggregateReference":"eyJ0eXAiOiJKV1QiLCJhbGciOiJIUzI1NiJ9.eyJzdGkiOjcwNzc1MiwicGFpIjoiZW5jb3JldGlja2V0cyIsInByaSI6ODYsInNpIjoiRFJFU1MgQ0lSQ0xFLUctOSJ9.QCCx2sxXTY_f5p9cuBKhaK7s_j1mShg9AuHytR5JtjU","row":"G","number":9,"pricing":{"salePrice":[{"value":7200,"currency":"GBP","decimalPlaces":2}],"faceValue":[{"value":6000,"currency":"GBP","decimalPlaces":2}],"percentageDiscount":0,"includesBookingFee":true,"createdAt":"2021-09-20T22:11:43+0000","promotionLabel":null},"attributes":[],"isRestrictedView":false},{"seatIdentifier":"DRESS_CIRCLE-G10","aggregateReference":"eyJ0eXAiOiJKV1QiLCJhbGciOiJIUzI1NiJ9.eyJzdGkiOjcwNzc1MiwicGFpIjoiZW5jb3JldGlja2V0cyIsInByaSI6ODYsInNpIjoiRFJFU1MgQ0lSQ0xFLUctMTAifQ.kyqElkGqV1Io-v-Y43QQAioG6zs0JJIQXYE_s-VTaGU","row":"G","number":10,"pricing":{"salePrice":[{"value":7200,"currency":"GBP","decimalPlaces":2}],"faceValue":[{"value":6000,"currency":"GBP","decimalPlaces":2}],"percentageDiscount":0,"includesBookingFee":true,"createdAt":"2021-09-20T22:11:43+0000","promotionLabel":null},"attributes":[],"isRestrictedView":false},{"seatIdentifier":"DRESS_CIRCLE-G11","aggregateReference":"eyJ0eXAiOiJKV1QiLCJhbGciOiJIUzI1NiJ9.eyJzdGkiOjcwNzc1MiwicGFpIjoiZW5jb3JldGlja2V0cyIsInByaSI6ODYsInNpIjoiRFJFU1MgQ0lSQ0xFLUctMTEifQ.S3yzw_xI6XtrrUcfL49Dq8HghLInAvATHbCjkIJ2Hl4","row":"G","number":11,"pricing":{"salePrice":[{"value":7200,"currency":"GBP","decimalPlaces":2}],"faceValue":[{"value":6000,"currency":"GBP","decimalPlaces":2}],"percentageDiscount":0,"includesBookingFee":true,"createdAt":"2021-09-20T22:11:43+0000","promotionLabel":null},"attributes":[],"isRestrictedView":false},{"seatIdentifier":"DRESS_CIRCLE-G12","aggregateReference":"eyJ0eXAiOiJKV1QiLCJhbGciOiJIUzI1NiJ9.eyJzdGkiOjcwNzc1MiwicGFpIjoiZW5jb3JldGlja2V0cyIsInByaSI6ODYsInNpIjoiRFJFU1MgQ0lSQ0xFLUctMTIifQ.aVrPfv7Q_ro-9LFHVQ6yt5WiemjZtxuJyqnc73rrCGs","row":"G","number":12,"pricing":{"salePrice":[{"value":7200,"currency":"GBP","decimalPlaces":2}],"faceValue":[{"value":6000,"currency":"GBP","decimalPlaces":2}],"percentageDiscount":0,"includesBookingFee":true,"createdAt":"2021-09-20T22:11:43+0000","promotionLabel":null},"attributes":[],"isRestrictedView":false},{"seatIdentifier":"DRESS_CIRCLE-G13","aggregateReference":"eyJ0eXAiOiJKV1QiLCJhbGciOiJIUzI1NiJ9.eyJzdGkiOjcwNzc1MiwicGFpIjoiZW5jb3JldGlja2V0cyIsInByaSI6ODYsInNpIjoiRFJFU1MgQ0lSQ0xFLUctMTMifQ.2BfVRazOJufdkSB1L4rPdfjVKQEyv218BlIQyo_bn4s","row":"G","number":13,"pricing":{"salePrice":[{"value":7200,"currency":"GBP","decimalPlaces":2}],"faceValue":[{"value":6000,"currency":"GBP","decimalPlaces":2}],"percentageDiscount":0,"includesBookingFee":true,"createdAt":"2021-09-20T22:11:43+0000","promotionLabel":null},"attributes":[],"isRestrictedView":false},{"seatIdentifier":"DRESS_CIRCLE-G14","aggregateReference":"eyJ0eXAiOiJKV1QiLCJhbGciOiJIUzI1NiJ9.eyJzdGkiOjcwNzc1MiwicGFpIjoiZW5jb3JldGlja2V0cyIsInByaSI6ODYsInNpIjoiRFJFU1MgQ0lSQ0xFLUctMTQifQ.gqsx5kYQPoFq6Sl8TwDaZ2TTQvVAqjuvbU1zpyUkVIA","row":"G","number":14,"pricing":{"salePrice":[{"value":7200,"currency":"GBP","decimalPlaces":2}],"faceValue":[{"value":6000,"currency":"GBP","decimalPlaces":2}],"percentageDiscount":0,"includesBookingFee":true,"createdAt":"2021-09-20T22:11:43+0000","promotionLabel":null},"attributes":[],"isRestrictedView":false},{"seatIdentifier":"DRESS_CIRCLE-G15","aggregateReference":"eyJ0eXAiOiJKV1QiLCJhbGciOiJIUzI1NiJ9.eyJzdGkiOjcwNzc1MiwicGFpIjoiZW5jb3JldGlja2V0cyIsInByaSI6ODYsInNpIjoiRFJFU1MgQ0lSQ0xFLUctMTUifQ.TFTNdMy8zyoQnrT-q8AGU1r1vHO5y_Ndhm7I5SKYF_U","row":"G","number":15,"pricing":{"salePrice":[{"value":7200,"currency":"GBP","decimalPlaces":2}],"faceValue":[{"value":6000,"currency":"GBP","decimalPlaces":2}],"percentageDiscount":0,"includesBookingFee":true,"createdAt":"2021-09-20T22:11:43+0000","promotionLabel":null},"attributes":[],"isRestrictedView":false},{"seatIdentifier":"DRESS_CIRCLE-G16","aggregateReference":"eyJ0eXAiOiJKV1QiLCJhbGciOiJIUzI1NiJ9.eyJzdGkiOjcwNzc1MiwicGFpIjoiZW5jb3JldGlja2V0cyIsInByaSI6ODYsInNpIjoiRFJFU1MgQ0lSQ0xFLUctMTYifQ.ubl3bLIXU4DEIz01nyxtARmwTrRstP2TzWM4C5DvQTI","row":"G","number":16,"pricing":{"salePrice":[{"value":7200,"currency":"GBP","decimalPlaces":2}],"faceValue":[{"value":6000,"currency":"GBP","decimalPlaces":2}],"percentageDiscount":0,"includesBookingFee":true,"createdAt":"2021-09-20T22:11:43+0000","promotionLabel":null},"attributes":[],"isRestrictedView":false},{"seatIdentifier":"DRESS_CIRCLE-G17","aggregateReference":"eyJ0eXAiOiJKV1QiLCJhbGciOiJIUzI1NiJ9.eyJzdGkiOjcwNzc1MiwicGFpIjoiZW5jb3JldGlja2V0cyIsInByaSI6ODYsInNpIjoiRFJFU1MgQ0lSQ0xFLUctMTcifQ.5MbMVIkHVxjUV8-yPDAnTv7re-pIk0b_QAkFeuDT3FQ","row":"G","number":17,"pricing":{"salePrice":[{"value":7200,"currency":"GBP","decimalPlaces":2}],"faceValue":[{"value":6000,"currency":"GBP","decimalPlaces":2}],"percentageDiscount":0,"includesBookingFee":true,"createdAt":"2021-09-20T22:11:43+0000","promotionLabel":null},"attributes":[],"isRestrictedView":false},{"seatIdentifier":"DRESS_CIRCLE-G18","aggregateReference":"eyJ0eXAiOiJKV1QiLCJhbGciOiJIUzI1NiJ9.eyJzdGkiOjcwNzc1MiwicGFpIjoiZW5jb3JldGlja2V0cyIsInByaSI6ODYsInNpIjoiRFJFU1MgQ0lSQ0xFLUctMTgifQ.Gs_u0tJ7QZHrZCJo1xsvRKEALTDfXKjm9VIp4A5utWA","row":"G","number":18,"pricing":{"salePrice":[{"value":7200,"currency":"GBP","decimalPlaces":2}],"faceValue":[{"value":6000,"currency":"GBP","decimalPlaces":2}],"percentageDiscount":0,"includesBookingFee":true,"createdAt":"2021-09-20T22:11:43+0000","promotionLabel":null},"attributes":[],"isRestrictedView":false},{"seatIdentifier":"DRESS_CIRCLE-G19","aggregateReference":"eyJ0eXAiOiJKV1QiLCJhbGciOiJIUzI1NiJ9.eyJzdGkiOjcwNzc1MiwicGFpIjoiZW5jb3JldGlja2V0cyIsInByaSI6ODYsInNpIjoiRFJFU1MgQ0lSQ0xFLUctMTkifQ.KDKMVuy0AMJCYqA6bLBqyWWw8pMbpdZRWxKqln96mHE","row":"G","number":19,"pricing":{"salePrice":[{"value":7200,"currency":"GBP","decimalPlaces":2}],"faceValue":[{"value":6000,"currency":"GBP","decimalPlaces":2}],"percentageDiscount":0,"includesBookingFee":true,"createdAt":"2021-09-20T22:11:43+0000","promotionLabel":null},"attributes":[],"isRestrictedView":false},{"seatIdentifier":"DRESS_CIRCLE-G20","aggregateReference":"eyJ0eXAiOiJKV1QiLCJhbGciOiJIUzI1NiJ9.eyJzdGkiOjcwNzc1MiwicGFpIjoiZW5jb3JldGlja2V0cyIsInByaSI6ODYsInNpIjoiRFJFU1MgQ0lSQ0xFLUctMjAifQ.37pbJB3yZFSjVV1Tqo2YS6BEE8QwSP4Kmcyiift_5pI","row":"G","number":20,"pricing":{"salePrice":[{"value":7200,"currency":"GBP","decimalPlaces":2}],"faceValue":[{"value":6000,"currency":"GBP","decimalPlaces":2}],"percentageDiscount":0,"includesBookingFee":true,"createdAt":"2021-09-20T22:11:43+0000","promotionLabel":null},"attributes":[],"isRestrictedView":false},{"seatIdentifier":"DRESS_CIRCLE-G21","aggregateReference":"eyJ0eXAiOiJKV1QiLCJhbGciOiJIUzI1NiJ9.eyJzdGkiOjcwNzc1MiwicGFpIjoiZW5jb3JldGlja2V0cyIsInByaSI6ODYsInNpIjoiRFJFU1MgQ0lSQ0xFLUctMjEifQ.Zgjwc9R-qXKCWonEf-ICQTWTc0K8RUOi4gSoWCb9DxA","row":"G","number":21,"pricing":{"salePrice":[{"value":7200,"currency":"GBP","decimalPlaces":2}],"faceValue":[{"value":6000,"currency":"GBP","decimalPlaces":2}],"percentageDiscount":0,"includesBookingFee":true,"createdAt":"2021-09-20T22:11:43+0000","promotionLabel":null},"attributes":[],"isRestrictedView":false},{"seatIdentifier":"DRESS_CIRCLE-G22","aggregateReference":"eyJ0eXAiOiJKV1QiLCJhbGciOiJIUzI1NiJ9.eyJzdGkiOjcwNzc1MiwicGFpIjoiZW5jb3JldGlja2V0cyIsInByaSI6ODYsInNpIjoiRFJFU1MgQ0lSQ0xFLUctMjIifQ.OkHEGivyzp9YRZbMP1e-4A0YbvEVNy89QO_9gUPwCe8","row":"G","number":22,"pricing":{"salePrice":[{"value":7200,"currency":"GBP","decimalPlaces":2}],"faceValue":[{"value":6000,"currency":"GBP","decimalPlaces":2}],"percentageDiscount":0,"includesBookingFee":true,"createdAt":"2021-09-20T22:11:43+0000","promotionLabel":null},"attributes":[],"isRestrictedView":false},{"seatIdentifier":"DRESS_CIRCLE-G23","aggregateReference":"eyJ0eXAiOiJKV1QiLCJhbGciOiJIUzI1NiJ9.eyJzdGkiOjcwNzc1MiwicGFpIjoiZW5jb3JldGlja2V0cyIsInByaSI6ODYsInNpIjoiRFJFU1MgQ0lSQ0xFLUctMjMifQ.vtn-9LelbjJ3p5Tg3t5UikYBdNoyxaWUI2O2KaHqCg8","row":"G","number":23,"pricing":{"salePrice":[{"value":7200,"currency":"GBP","decimalPlaces":2}],"faceValue":[{"value":6000,"currency":"GBP","decimalPlaces":2}],"percentageDiscount":0,"includesBookingFee":true,"createdAt":"2021-09-20T22:11:43+0000","promotionLabel":null},"attributes":[],"isRestrictedView":false},{"seatIdentifier":"DRESS_CIRCLE-G24","aggregateReference":"eyJ0eXAiOiJKV1QiLCJhbGciOiJIUzI1NiJ9.eyJzdGkiOjcwNzc1MiwicGFpIjoiZW5jb3JldGlja2V0cyIsInByaSI6ODYsInNpIjoiRFJFU1MgQ0lSQ0xFLUctMjQifQ.QGeQd2xrkoM-9qPVnlIS-zE_2eIQns1kGdkS0we0oMs","row":"G","number":24,"pricing":{"salePrice":[{"value":7200,"currency":"GBP","decimalPlaces":2}],"faceValue":[{"value":6000,"currency":"GBP","decimalPlaces":2}],"percentageDiscount":0,"includesBookingFee":true,"createdAt":"2021-09-20T22:11:43+0000","promotionLabel":null},"attributes":[],"isRestrictedView":false},{"seatIdentifier":"DRESS_CIRCLE-G25","aggregateReference":"eyJ0eXAiOiJKV1QiLCJhbGciOiJIUzI1NiJ9.eyJzdGkiOjcwNzc1MiwicGFpIjoiZW5jb3JldGlja2V0cyIsInByaSI6ODYsInNpIjoiRFJFU1MgQ0lSQ0xFLUctMjUifQ.hnx_UA2nBEtaVA9lfbflpoVYssCnRWeMy71iiJCFEqc","row":"G","number":25,"pricing":{"salePrice":[{"value":7200,"currency":"GBP","decimalPlaces":2}],"faceValue":[{"value":6000,"currency":"GBP","decimalPlaces":2}],"percentageDiscount":0,"includesBookingFee":true,"createdAt":"2021-09-20T22:11:43+0000","promotionLabel":null},"attributes":[],"isRestrictedView":false},{"seatIdentifier":"DRESS_CIRCLE-G26","aggregateReference":"eyJ0eXAiOiJKV1QiLCJhbGciOiJIUzI1NiJ9.eyJzdGkiOjcwNzc1MiwicGFpIjoiZW5jb3JldGlja2V0cyIsInByaSI6ODYsInNpIjoiRFJFU1MgQ0lSQ0xFLUctMjYifQ.FHEzOqPWpfy81ClJCT6JGiYucueU9OsWewmTjxteyJU","row":"G","number":26,"pricing":{"salePrice":[{"value":7200,"currency":"GBP","decimalPlaces":2}],"faceValue":[{"value":6000,"currency":"GBP","decimalPlaces":2}],"percentageDiscount":0,"includesBookingFee":true,"createdAt":"2021-09-20T22:11:43+0000","promotionLabel":null},"attributes":[],"isRestrictedView":false},{"seatIdentifier":"DRESS_CIRCLE-G27","aggregateReference":"eyJ0eXAiOiJKV1QiLCJhbGciOiJIUzI1NiJ9.eyJzdGkiOjcwNzc1MiwicGFpIjoiZW5jb3JldGlja2V0cyIsInByaSI6ODYsInNpIjoiRFJFU1MgQ0lSQ0xFLUctMjcifQ.HKulhnoSN_ml1r49FpqeaLv5KLbEN3wuX5wA2wdqsOY","row":"G","number":27,"pricing":{"salePrice":[{"value":7200,"currency":"GBP","decimalPlaces":2}],"faceValue":[{"value":6000,"currency":"GBP","decimalPlaces":2}],"percentageDiscount":0,"includesBookingFee":true,"createdAt":"2021-09-20T22:11:43+0000","promotionLabel":null},"attributes":[{"title":"EndOfRow","description":"Seat at end of row","intention":"positive"}],"isRestrictedView":false}],"seatLumps":[{"seats":["DRESS_CIRCLE-G1","DRESS_CIRCLE-G2"]},{"seats":["DRESS_CIRCLE-G3","DRESS_CIRCLE-G4"]},{"seats":["DRESS_CIRCLE-G4","DRESS_CIRCLE-G5"]},{"seats":["DRESS_CIRCLE-G5","DRESS_CIRCLE-G6"]},{"seats":["DRESS_CIRCLE-G6","DRESS_CIRCLE-G7"]},{"seats":["DRESS_CIRCLE-G7","DRESS_CIRCLE-G8"]},{"seats":["DRESS_CIRCLE-G8","DRESS_CIRCLE-G9"]},{"seats":["DRESS_CIRCLE-G9","DRESS_CIRCLE-G10"]},{"seats":["DRESS_CIRCLE-G10","DRESS_CIRCLE-G11"]},{"seats":["DRESS_CIRCLE-G11","DRESS_CIRCLE-G12"]},{"seats":["DRESS_CIRCLE-G12","DRESS_CIRCLE-G13"]},{"seats":["DRESS_CIRCLE-G13","DRESS_CIRCLE-G14"]},{"seats":["DRESS_CIRCLE-G14","DRESS_CIRCLE-G15"]},{"seats":["DRESS_CIRCLE-G15","DRESS_CIRCLE-G16"]},{"seats":["DRESS_CIRCLE-G16","DRESS_CIRCLE-G17"]},{"seats":["DRESS_CIRCLE-G17","DRESS_CIRCLE-G18"]},{"seats":["DRESS_CIRCLE-G18","DRESS_CIRCLE-G19"]},{"seats":["DRESS_CIRCLE-G19","DRESS_CIRCLE-G20"]},{"seats":["DRESS_CIRCLE-G20","DRESS_CIRCLE-G21"]},{"seats":["DRESS_CIRCLE-G21","DRESS_CIRCLE-G22"]},{"seats":["DRESS_CIRCLE-G22","DRESS_CIRCLE-G23"]},{"seats":["DRESS_CIRCLE-G23","DRESS_CIRCLE-G24"]},{"seats":["DRESS_CIRCLE-G24","DRESS_CIRCLE-G25"]},{"seats":["DRESS_CIRCLE-G26","DRESS_CIRCLE-G27"]}]},{"groupIdentifier":"DRESS CIRCLE~H1;27","aggregateReference":null,"row":"H","mode":"allocated","seatNumberStart":1,"seatNumberEnd":27,"availableCount":27,"pricing":{"salePrice":[{"value":7200,"currency":"GBP","decimalPlaces":2}],"faceValue":[{"value":6000,"currency":"GBP","decimalPlaces":2}],"percentageDiscount":0,"includesBookingFee":true,"createdAt":"2021-09-20T22:11:43+0000","promotionLabel":null},"seats":[{"seatIdentifier":"DRESS_CIRCLE-H1","aggregateReference":"eyJ0eXAiOiJKV1QiLCJhbGciOiJIUzI1NiJ9.eyJzdGkiOjcwNzc1MiwicGFpIjoiZW5jb3JldGlja2V0cyIsInByaSI6ODYsInNpIjoiRFJFU1MgQ0lSQ0xFLUgtMSJ9.8wdqWXo-AX4xr7w4H1vAFtkNEzI3ceWs3In5T8yqP-I","row":"H","number":1,"pricing":{"salePrice":[{"value":7200,"currency":"GBP","decimalPlaces":2}],"faceValue":[{"value":6000,"currency":"GBP","decimalPlaces":2}],"percentageDiscount":0,"includesBookingFee":true,"createdAt":"2021-09-20T22:11:43+0000","promotionLabel":null},"attributes":[{"title":"EndOfRow","description":"Seat at end of row","intention":"positive"}],"isRestrictedView":false},{"seatIdentifier":"DRESS_CIRCLE-H2","aggregateReference":"eyJ0eXAiOiJKV1QiLCJhbGciOiJIUzI1NiJ9.eyJzdGkiOjcwNzc1MiwicGFpIjoiZW5jb3JldGlja2V0cyIsInByaSI6ODYsInNpIjoiRFJFU1MgQ0lSQ0xFLUgtMiJ9.vS9J4VHOeODE6s3ZnKNSCHJT5rSKuIo2CQzJ_naKksY","row":"H","number":2,"pricing":{"salePrice":[{"value":7200,"currency":"GBP","decimalPlaces":2}],"faceValue":[{"value":6000,"currency":"GBP","decimalPlaces":2}],"percentageDiscount":0,"includesBookingFee":true,"createdAt":"2021-09-20T22:11:43+0000","promotionLabel":null},"attributes":[],"isRestrictedView":false},{"seatIdentifier":"DRESS_CIRCLE-H3","aggregateReference":"eyJ0eXAiOiJKV1QiLCJhbGciOiJIUzI1NiJ9.eyJzdGkiOjcwNzc1MiwicGFpIjoiZW5jb3JldGlja2V0cyIsInByaSI6ODYsInNpIjoiRFJFU1MgQ0lSQ0xFLUgtMyJ9.kuaiFXZ7-dDokhtsBn3ZpFrIs3e4ZFl6ymuqXyd5tvI","row":"H","number":3,"pricing":{"salePrice":[{"value":7200,"currency":"GBP","decimalPlaces":2}],"faceValue":[{"value":6000,"currency":"GBP","decimalPlaces":2}],"percentageDiscount":0,"includesBookingFee":true,"createdAt":"2021-09-20T22:11:43+0000","promotionLabel":null},"attributes":[],"isRestrictedView":false},{"seatIdentifier":"DRESS_CIRCLE-H4","aggregateReference":"eyJ0eXAiOiJKV1QiLCJhbGciOiJIUzI1NiJ9.eyJzdGkiOjcwNzc1MiwicGFpIjoiZW5jb3JldGlja2V0cyIsInByaSI6ODYsInNpIjoiRFJFU1MgQ0lSQ0xFLUgtNCJ9.p_pfqHm9gdobEKE01kaYpvKUi_BXhWQDlwXNKEGjphA","row":"H","number":4,"pricing":{"salePrice":[{"value":7200,"currency":"GBP","decimalPlaces":2}],"faceValue":[{"value":6000,"currency":"GBP","decimalPlaces":2}],"percentageDiscount":0,"includesBookingFee":true,"createdAt":"2021-09-20T22:11:43+0000","promotionLabel":null},"attributes":[],"isRestrictedView":false},{"seatIdentifier":"DRESS_CIRCLE-H5","aggregateReference":"eyJ0eXAiOiJKV1QiLCJhbGciOiJIUzI1NiJ9.eyJzdGkiOjcwNzc1MiwicGFpIjoiZW5jb3JldGlja2V0cyIsInByaSI6ODYsInNpIjoiRFJFU1MgQ0lSQ0xFLUgtNSJ9.eMswTXdJr7avJrVZr4GQ-pglC8fEkccUduswYjjO86Y","row":"H","number":5,"pricing":{"salePrice":[{"value":7200,"currency":"GBP","decimalPlaces":2}],"faceValue":[{"value":6000,"currency":"GBP","decimalPlaces":2}],"percentageDiscount":0,"includesBookingFee":true,"createdAt":"2021-09-20T22:11:43+0000","promotionLabel":null},"attributes":[],"isRestrictedView":false},{"seatIdentifier":"DRESS_CIRCLE-H6","aggregateReference":"eyJ0eXAiOiJKV1QiLCJhbGciOiJIUzI1NiJ9.eyJzdGkiOjcwNzc1MiwicGFpIjoiZW5jb3JldGlja2V0cyIsInByaSI6ODYsInNpIjoiRFJFU1MgQ0lSQ0xFLUgtNiJ9.ZHkJXYi1ZqC1Rg7e43P8zXCLCRVRW8Dpx6U2DSOmrjU","row":"H","number":6,"pricing":{"salePrice":[{"value":7200,"currency":"GBP","decimalPlaces":2}],"faceValue":[{"value":6000,"currency":"GBP","decimalPlaces":2}],"percentageDiscount":0,"includesBookingFee":true,"createdAt":"2021-09-20T22:11:43+0000","promotionLabel":null},"attributes":[],"isRestrictedView":false},{"seatIdentifier":"DRESS_CIRCLE-H7","aggregateReference":"eyJ0eXAiOiJKV1QiLCJhbGciOiJIUzI1NiJ9.eyJzdGkiOjcwNzc1MiwicGFpIjoiZW5jb3JldGlja2V0cyIsInByaSI6ODYsInNpIjoiRFJFU1MgQ0lSQ0xFLUgtNyJ9.2A8h1ND3sNxGBsVPCxBzLQ6sbkSEh54NLsjl7x7EOTk","row":"H","number":7,"pricing":{"salePrice":[{"value":7200,"currency":"GBP","decimalPlaces":2}],"faceValue":[{"value":6000,"currency":"GBP","decimalPlaces":2}],"percentageDiscount":0,"includesBookingFee":true,"createdAt":"2021-09-20T22:11:43+0000","promotionLabel":null},"attributes":[],"isRestrictedView":false},{"seatIdentifier":"DRESS_CIRCLE-H8","aggregateReference":"eyJ0eXAiOiJKV1QiLCJhbGciOiJIUzI1NiJ9.eyJzdGkiOjcwNzc1MiwicGFpIjoiZW5jb3JldGlja2V0cyIsInByaSI6ODYsInNpIjoiRFJFU1MgQ0lSQ0xFLUgtOCJ9.j9sEeS1Kf8VlbARiqCgqMhmi6fMX_pVfWOnlOPPaSkU","row":"H","number":8,"pricing":{"salePrice":[{"value":7200,"currency":"GBP","decimalPlaces":2}],"faceValue":[{"value":6000,"currency":"GBP","decimalPlaces":2}],"percentageDiscount":0,"includesBookingFee":true,"createdAt":"2021-09-20T22:11:43+0000","promotionLabel":null},"attributes":[],"isRestrictedView":false},{"seatIdentifier":"DRESS_CIRCLE-H9","aggregateReference":"eyJ0eXAiOiJKV1QiLCJhbGciOiJIUzI1NiJ9.eyJzdGkiOjcwNzc1MiwicGFpIjoiZW5jb3JldGlja2V0cyIsInByaSI6ODYsInNpIjoiRFJFU1MgQ0lSQ0xFLUgtOSJ9.xO8d9teOXGpyrg7DIqMyMPrCwqZqmqGDOSHrg80f3eA","row":"H","number":9,"pricing":{"salePrice":[{"value":7200,"currency":"GBP","decimalPlaces":2}],"faceValue":[{"value":6000,"currency":"GBP","decimalPlaces":2}],"percentageDiscount":0,"includesBookingFee":true,"createdAt":"2021-09-20T22:11:43+0000","promotionLabel":null},"attributes":[],"isRestrictedView":false},{"seatIdentifier":"DRESS_CIRCLE-H10","aggregateReference":"eyJ0eXAiOiJKV1QiLCJhbGciOiJIUzI1NiJ9.eyJzdGkiOjcwNzc1MiwicGFpIjoiZW5jb3JldGlja2V0cyIsInByaSI6ODYsInNpIjoiRFJFU1MgQ0lSQ0xFLUgtMTAifQ.czD_mJIYE_TJEsXfkfAgGhZY9RdLdlpRBS0nrbuywjM","row":"H","number":10,"pricing":{"salePrice":[{"value":7200,"currency":"GBP","decimalPlaces":2}],"faceValue":[{"value":6000,"currency":"GBP","decimalPlaces":2}],"percentageDiscount":0,"includesBookingFee":true,"createdAt":"2021-09-20T22:11:43+0000","promotionLabel":null},"attributes":[],"isRestrictedView":false},{"seatIdentifier":"DRESS_CIRCLE-H11","aggregateReference":"eyJ0eXAiOiJKV1QiLCJhbGciOiJIUzI1NiJ9.eyJzdGkiOjcwNzc1MiwicGFpIjoiZW5jb3JldGlja2V0cyIsInByaSI6ODYsInNpIjoiRFJFU1MgQ0lSQ0xFLUgtMTEifQ.mg5glAQut_UEr2fAlrPEScxWPfnmD4mRk3RkXnqfcP0","row":"H","number":11,"pricing":{"salePrice":[{"value":7200,"currency":"GBP","decimalPlaces":2}],"faceValue":[{"value":6000,"currency":"GBP","decimalPlaces":2}],"percentageDiscount":0,"includesBookingFee":true,"createdAt":"2021-09-20T22:11:43+0000","promotionLabel":null},"attributes":[],"isRestrictedView":false},{"seatIdentifier":"DRESS_CIRCLE-H12","aggregateReference":"eyJ0eXAiOiJKV1QiLCJhbGciOiJIUzI1NiJ9.eyJzdGkiOjcwNzc1MiwicGFpIjoiZW5jb3JldGlja2V0cyIsInByaSI6ODYsInNpIjoiRFJFU1MgQ0lSQ0xFLUgtMTIifQ.U--SCPmq04_FbNyFFV9gFvrUGu-zQfZ0VEGH5cu7Ods","row":"H","number":12,"pricing":{"salePrice":[{"value":7200,"currency":"GBP","decimalPlaces":2}],"faceValue":[{"value":6000,"currency":"GBP","decimalPlaces":2}],"percentageDiscount":0,"includesBookingFee":true,"createdAt":"2021-09-20T22:11:43+0000","promotionLabel":null},"attributes":[],"isRestrictedView":false},{"seatIdentifier":"DRESS_CIRCLE-H13","aggregateReference":"eyJ0eXAiOiJKV1QiLCJhbGciOiJIUzI1NiJ9.eyJzdGkiOjcwNzc1MiwicGFpIjoiZW5jb3JldGlja2V0cyIsInByaSI6ODYsInNpIjoiRFJFU1MgQ0lSQ0xFLUgtMTMifQ.115pB1NAl0B7lkYdJAXm6HW8KWELzFzoaqm8gUVALMA","row":"H","number":13,"pricing":{"salePrice":[{"value":7200,"currency":"GBP","decimalPlaces":2}],"faceValue":[{"value":6000,"currency":"GBP","decimalPlaces":2}],"percentageDiscount":0,"includesBookingFee":true,"createdAt":"2021-09-20T22:11:43+0000","promotionLabel":null},"attributes":[],"isRestrictedView":false},{"seatIdentifier":"DRESS_CIRCLE-H14","aggregateReference":"eyJ0eXAiOiJKV1QiLCJhbGciOiJIUzI1NiJ9.eyJzdGkiOjcwNzc1MiwicGFpIjoiZW5jb3JldGlja2V0cyIsInByaSI6ODYsInNpIjoiRFJFU1MgQ0lSQ0xFLUgtMTQifQ.ntzTZ2Aia9U1N5OA4hk4zDd4m8OZZYFrGsMdNDay9jA","row":"H","number":14,"pricing":{"salePrice":[{"value":7200,"currency":"GBP","decimalPlaces":2}],"faceValue":[{"value":6000,"currency":"GBP","decimalPlaces":2}],"percentageDiscount":0,"includesBookingFee":true,"createdAt":"2021-09-20T22:11:43+0000","promotionLabel":null},"attributes":[],"isRestrictedView":false},{"seatIdentifier":"DRESS_CIRCLE-H15","aggregateReference":"eyJ0eXAiOiJKV1QiLCJhbGciOiJIUzI1NiJ9.eyJzdGkiOjcwNzc1MiwicGFpIjoiZW5jb3JldGlja2V0cyIsInByaSI6ODYsInNpIjoiRFJFU1MgQ0lSQ0xFLUgtMTUifQ.Fv3Jq9-vaHiLRKaRpa84Fdc970GB9y6lCecfYIgrpMI","row":"H","number":15,"pricing":{"salePrice":[{"value":7200,"currency":"GBP","decimalPlaces":2}],"faceValue":[{"value":6000,"currency":"GBP","decimalPlaces":2}],"percentageDiscount":0,"includesBookingFee":true,"createdAt":"2021-09-20T22:11:43+0000","promotionLabel":null},"attributes":[],"isRestrictedView":false},{"seatIdentifier":"DRESS_CIRCLE-H16","aggregateReference":"eyJ0eXAiOiJKV1QiLCJhbGciOiJIUzI1NiJ9.eyJzdGkiOjcwNzc1MiwicGFpIjoiZW5jb3JldGlja2V0cyIsInByaSI6ODYsInNpIjoiRFJFU1MgQ0lSQ0xFLUgtMTYifQ.fJWTd_4fvYS5Ovz586reda9nS5HK0ELvgdMMUVSLRZ4","row":"H","number":16,"pricing":{"salePrice":[{"value":7200,"currency":"GBP","decimalPlaces":2}],"faceValue":[{"value":6000,"currency":"GBP","decimalPlaces":2}],"percentageDiscount":0,"includesBookingFee":true,"createdAt":"2021-09-20T22:11:43+0000","promotionLabel":null},"attributes":[],"isRestrictedView":false},{"seatIdentifier":"DRESS_CIRCLE-H17","aggregateReference":"eyJ0eXAiOiJKV1QiLCJhbGciOiJIUzI1NiJ9.eyJzdGkiOjcwNzc1MiwicGFpIjoiZW5jb3JldGlja2V0cyIsInByaSI6ODYsInNpIjoiRFJFU1MgQ0lSQ0xFLUgtMTcifQ.rxhXsFHG-cgFwbrAezuo_ckTlWoQOuN0SGngN3GXz2k","row":"H","number":17,"pricing":{"salePrice":[{"value":7200,"currency":"GBP","decimalPlaces":2}],"faceValue":[{"value":6000,"currency":"GBP","decimalPlaces":2}],"percentageDiscount":0,"includesBookingFee":true,"createdAt":"2021-09-20T22:11:43+0000","promotionLabel":null},"attributes":[],"isRestrictedView":false},{"seatIdentifier":"DRESS_CIRCLE-H18","aggregateReference":"eyJ0eXAiOiJKV1QiLCJhbGciOiJIUzI1NiJ9.eyJzdGkiOjcwNzc1MiwicGFpIjoiZW5jb3JldGlja2V0cyIsInByaSI6ODYsInNpIjoiRFJFU1MgQ0lSQ0xFLUgtMTgifQ.TiLdGhD2i52wVC-XNBkclq-qB9aG0IWXHHEY4Kajl8E","row":"H","number":18,"pricing":{"salePrice":[{"value":7200,"currency":"GBP","decimalPlaces":2}],"faceValue":[{"value":6000,"currency":"GBP","decimalPlaces":2}],"percentageDiscount":0,"includesBookingFee":true,"createdAt":"2021-09-20T22:11:43+0000","promotionLabel":null},"attributes":[],"isRestrictedView":false},{"seatIdentifier":"DRESS_CIRCLE-H19","aggregateReference":"eyJ0eXAiOiJKV1QiLCJhbGciOiJIUzI1NiJ9.eyJzdGkiOjcwNzc1MiwicGFpIjoiZW5jb3JldGlja2V0cyIsInByaSI6ODYsInNpIjoiRFJFU1MgQ0lSQ0xFLUgtMTkifQ.uFoiAYsLUo8XeLNdyQFj5BNm5V8CgQj1UIGZqS98bjw","row":"H","number":19,"pricing":{"salePrice":[{"value":7200,"currency":"GBP","decimalPlaces":2}],"faceValue":[{"value":6000,"currency":"GBP","decimalPlaces":2}],"percentageDiscount":0,"includesBookingFee":true,"createdAt":"2021-09-20T22:11:43+0000","promotionLabel":null},"attributes":[],"isRestrictedView":false},{"seatIdentifier":"DRESS_CIRCLE-H20","aggregateReference":"eyJ0eXAiOiJKV1QiLCJhbGciOiJIUzI1NiJ9.eyJzdGkiOjcwNzc1MiwicGFpIjoiZW5jb3JldGlja2V0cyIsInByaSI6ODYsInNpIjoiRFJFU1MgQ0lSQ0xFLUgtMjAifQ.xVtBZEzkvGow8qIn9rmmcwRN5A6NTMR9cdL3PSxxR18","row":"H","number":20,"pricing":{"salePrice":[{"value":7200,"currency":"GBP","decimalPlaces":2}],"faceValue":[{"value":6000,"currency":"GBP","decimalPlaces":2}],"percentageDiscount":0,"includesBookingFee":true,"createdAt":"2021-09-20T22:11:43+0000","promotionLabel":null},"attributes":[],"isRestrictedView":false},{"seatIdentifier":"DRESS_CIRCLE-H21","aggregateReference":"eyJ0eXAiOiJKV1QiLCJhbGciOiJIUzI1NiJ9.eyJzdGkiOjcwNzc1MiwicGFpIjoiZW5jb3JldGlja2V0cyIsInByaSI6ODYsInNpIjoiRFJFU1MgQ0lSQ0xFLUgtMjEifQ.EK6kINg2zoj1iaSzm-ASLPu_FVcbtzTD2z6V03KZsE0","row":"H","number":21,"pricing":{"salePrice":[{"value":7200,"currency":"GBP","decimalPlaces":2}],"faceValue":[{"value":6000,"currency":"GBP","decimalPlaces":2}],"percentageDiscount":0,"includesBookingFee":true,"createdAt":"2021-09-20T22:11:43+0000","promotionLabel":null},"attributes":[],"isRestrictedView":false},{"seatIdentifier":"DRESS_CIRCLE-H22","aggregateReference":"eyJ0eXAiOiJKV1QiLCJhbGciOiJIUzI1NiJ9.eyJzdGkiOjcwNzc1MiwicGFpIjoiZW5jb3JldGlja2V0cyIsInByaSI6ODYsInNpIjoiRFJFU1MgQ0lSQ0xFLUgtMjIifQ.DlLYgan_IXgFBOxWyyFCcyG1OS6UOltN_6t3pSLNYzo","row":"H","number":22,"pricing":{"salePrice":[{"value":7200,"currency":"GBP","decimalPlaces":2}],"faceValue":[{"value":6000,"currency":"GBP","decimalPlaces":2}],"percentageDiscount":0,"includesBookingFee":true,"createdAt":"2021-09-20T22:11:43+0000","promotionLabel":null},"attributes":[],"isRestrictedView":false},{"seatIdentifier":"DRESS_CIRCLE-H23","aggregateReference":"eyJ0eXAiOiJKV1QiLCJhbGciOiJIUzI1NiJ9.eyJzdGkiOjcwNzc1MiwicGFpIjoiZW5jb3JldGlja2V0cyIsInByaSI6ODYsInNpIjoiRFJFU1MgQ0lSQ0xFLUgtMjMifQ.4xDcDQfnG7I0IuhngXhfkm5NMtP88HHCL8K5q5J8v-k","row":"H","number":23,"pricing":{"salePrice":[{"value":7200,"currency":"GBP","decimalPlaces":2}],"faceValue":[{"value":6000,"currency":"GBP","decimalPlaces":2}],"percentageDiscount":0,"includesBookingFee":true,"createdAt":"2021-09-20T22:11:43+0000","promotionLabel":null},"attributes":[],"isRestrictedView":false},{"seatIdentifier":"DRESS_CIRCLE-H24","aggregateReference":"eyJ0eXAiOiJKV1QiLCJhbGciOiJIUzI1NiJ9.eyJzdGkiOjcwNzc1MiwicGFpIjoiZW5jb3JldGlja2V0cyIsInByaSI6ODYsInNpIjoiRFJFU1MgQ0lSQ0xFLUgtMjQifQ.O6Aa-APzA3Zs7Qne0VpaGyCsKWXcOS6X74XaXQusDU0","row":"H","number":24,"pricing":{"salePrice":[{"value":7200,"currency":"GBP","decimalPlaces":2}],"faceValue":[{"value":6000,"currency":"GBP","decimalPlaces":2}],"percentageDiscount":0,"includesBookingFee":true,"createdAt":"2021-09-20T22:11:43+0000","promotionLabel":null},"attributes":[],"isRestrictedView":false},{"seatIdentifier":"DRESS_CIRCLE-H25","aggregateReference":"eyJ0eXAiOiJKV1QiLCJhbGciOiJIUzI1NiJ9.eyJzdGkiOjcwNzc1MiwicGFpIjoiZW5jb3JldGlja2V0cyIsInByaSI6ODYsInNpIjoiRFJFU1MgQ0lSQ0xFLUgtMjUifQ.E1KoHafl292Xqkk3m9l_o4N9KcHDSM-YZIU5LlSgIE8","row":"H","number":25,"pricing":{"salePrice":[{"value":7200,"currency":"GBP","decimalPlaces":2}],"faceValue":[{"value":6000,"currency":"GBP","decimalPlaces":2}],"percentageDiscount":0,"includesBookingFee":true,"createdAt":"2021-09-20T22:11:43+0000","promotionLabel":null},"attributes":[],"isRestrictedView":false},{"seatIdentifier":"DRESS_CIRCLE-H26","aggregateReference":"eyJ0eXAiOiJKV1QiLCJhbGciOiJIUzI1NiJ9.eyJzdGkiOjcwNzc1MiwicGFpIjoiZW5jb3JldGlja2V0cyIsInByaSI6ODYsInNpIjoiRFJFU1MgQ0lSQ0xFLUgtMjYifQ.psEFUR3akYB8zumznMl_CLrDWdA5mR1zrGPqiS3i2Hg","row":"H","number":26,"pricing":{"salePrice":[{"value":7200,"currency":"GBP","decimalPlaces":2}],"faceValue":[{"value":6000,"currency":"GBP","decimalPlaces":2}],"percentageDiscount":0,"includesBookingFee":true,"createdAt":"2021-09-20T22:11:43+0000","promotionLabel":null},"attributes":[],"isRestrictedView":false},{"seatIdentifier":"DRESS_CIRCLE-H27","aggregateReference":"eyJ0eXAiOiJKV1QiLCJhbGciOiJIUzI1NiJ9.eyJzdGkiOjcwNzc1MiwicGFpIjoiZW5jb3JldGlja2V0cyIsInByaSI6ODYsInNpIjoiRFJFU1MgQ0lSQ0xFLUgtMjcifQ.srJKM6Xg2rlajs55yB7a8SFU3LgeO-RJ0yqvZJhpJcw","row":"H","number":27,"pricing":{"salePrice":[{"value":7200,"currency":"GBP","decimalPlaces":2}],"faceValue":[{"value":6000,"currency":"GBP","decimalPlaces":2}],"percentageDiscount":0,"includesBookingFee":true,"createdAt":"2021-09-20T22:11:43+0000","promotionLabel":null},"attributes":[{"title":"EndOfRow","description":"Seat at end of row","intention":"positive"}],"isRestrictedView":false}],"seatLumps":[{"seats":["DRESS_CIRCLE-H1","DRESS_CIRCLE-H2"]},{"seats":["DRESS_CIRCLE-H3","DRESS_CIRCLE-H4"]},{"seats":["DRESS_CIRCLE-H4","DRESS_CIRCLE-H5"]},{"seats":["DRESS_CIRCLE-H5","DRESS_CIRCLE-H6"]},{"seats":["DRESS_CIRCLE-H6","DRESS_CIRCLE-H7"]},{"seats":["DRESS_CIRCLE-H7","DRESS_CIRCLE-H8"]},{"seats":["DRESS_CIRCLE-H8","DRESS_CIRCLE-H9"]},{"seats":["DRESS_CIRCLE-H9","DRESS_CIRCLE-H10"]},{"seats":["DRESS_CIRCLE-H10","DRESS_CIRCLE-H11"]},{"seats":["DRESS_CIRCLE-H11","DRESS_CIRCLE-H12"]},{"seats":["DRESS_CIRCLE-H12","DRESS_CIRCLE-H13"]},{"seats":["DRESS_CIRCLE-H13","DRESS_CIRCLE-H14"]},{"seats":["DRESS_CIRCLE-H14","DRESS_CIRCLE-H15"]},{"seats":["DRESS_CIRCLE-H15","DRESS_CIRCLE-H16"]},{"seats":["DRESS_CIRCLE-H16","DRESS_CIRCLE-H17"]},{"seats":["DRESS_CIRCLE-H17","DRESS_CIRCLE-H18"]},{"seats":["DRESS_CIRCLE-H18","DRESS_CIRCLE-H19"]},{"seats":["DRESS_CIRCLE-H19","DRESS_CIRCLE-H20"]},{"seats":["DRESS_CIRCLE-H20","DRESS_CIRCLE-H21"]},{"seats":["DRESS_CIRCLE-H21","DRESS_CIRCLE-H22"]},{"seats":["DRESS_CIRCLE-H22","DRESS_CIRCLE-H23"]},{"seats":["DRESS_CIRCLE-H23","DRESS_CIRCLE-H24"]},{"seats":["DRESS_CIRCLE-H24","DRESS_CIRCLE-H25"]},{"seats":["DRESS_CIRCLE-H26","DRESS_CIRCLE-H27"]}]},{"groupIdentifier":"DRESS CIRCLE~J1;27","aggregateReference":null,"row":"J","mode":"allocated","seatNumberStart":1,"seatNumberEnd":27,"availableCount":27,"pricing":{"salePrice":[{"value":7200,"currency":"GBP","decimalPlaces":2}],"faceValue":[{"value":6000,"currency":"GBP","decimalPlaces":2}],"percentageDiscount":0,"includesBookingFee":true,"createdAt":"2021-09-20T22:11:43+0000","promotionLabel":null},"seats":[{"seatIdentifier":"DRESS_CIRCLE-J1","aggregateReference":"eyJ0eXAiOiJKV1QiLCJhbGciOiJIUzI1NiJ9.eyJzdGkiOjcwNzc1MiwicGFpIjoiZW5jb3JldGlja2V0cyIsInByaSI6ODYsInNpIjoiRFJFU1MgQ0lSQ0xFLUotMSJ9.ejgeixaAk8zXY4Pl3SVrtWG9c-lM9n-mI2UmSOzGaT4","row":"J","number":1,"pricing":{"salePrice":[{"value":7200,"currency":"GBP","decimalPlaces":2}],"faceValue":[{"value":6000,"currency":"GBP","decimalPlaces":2}],"percentageDiscount":0,"includesBookingFee":true,"createdAt":"2021-09-20T22:11:43+0000","promotionLabel":null},"attributes":[{"title":"EndOfRow","description":"Seat at end of row","intention":"positive"}],"isRestrictedView":false},{"seatIdentifier":"DRESS_CIRCLE-J2","aggregateReference":"eyJ0eXAiOiJKV1QiLCJhbGciOiJIUzI1NiJ9.eyJzdGkiOjcwNzc1MiwicGFpIjoiZW5jb3JldGlja2V0cyIsInByaSI6ODYsInNpIjoiRFJFU1MgQ0lSQ0xFLUotMiJ9.qv5Lf89O6X_tzOKWpyeL3EjnON78yfDHJwp8S4A2TZ4","row":"J","number":2,"pricing":{"salePrice":[{"value":7200,"currency":"GBP","decimalPlaces":2}],"faceValue":[{"value":6000,"currency":"GBP","decimalPlaces":2}],"percentageDiscount":0,"includesBookingFee":true,"createdAt":"2021-09-20T22:11:43+0000","promotionLabel":null},"attributes":[],"isRestrictedView":false},{"seatIdentifier":"DRESS_CIRCLE-J3","aggregateReference":"eyJ0eXAiOiJKV1QiLCJhbGciOiJIUzI1NiJ9.eyJzdGkiOjcwNzc1MiwicGFpIjoiZW5jb3JldGlja2V0cyIsInByaSI6ODYsInNpIjoiRFJFU1MgQ0lSQ0xFLUotMyJ9.lUcMPb05ucg8ADPGFunz9bVFCHu6YubTRfms00fw4Eo","row":"J","number":3,"pricing":{"salePrice":[{"value":7200,"currency":"GBP","decimalPlaces":2}],"faceValue":[{"value":6000,"currency":"GBP","decimalPlaces":2}],"percentageDiscount":0,"includesBookingFee":true,"createdAt":"2021-09-20T22:11:43+0000","promotionLabel":null},"attributes":[],"isRestrictedView":false},{"seatIdentifier":"DRESS_CIRCLE-J4","aggregateReference":"eyJ0eXAiOiJKV1QiLCJhbGciOiJIUzI1NiJ9.eyJzdGkiOjcwNzc1MiwicGFpIjoiZW5jb3JldGlja2V0cyIsInByaSI6ODYsInNpIjoiRFJFU1MgQ0lSQ0xFLUotNCJ9.vppMLQJIncMRKarV5lntmnAIC-qW1BLUs-fhWF5s7NE","row":"J","number":4,"pricing":{"salePrice":[{"value":7200,"currency":"GBP","decimalPlaces":2}],"faceValue":[{"value":6000,"currency":"GBP","decimalPlaces":2}],"percentageDiscount":0,"includesBookingFee":true,"createdAt":"2021-09-20T22:11:43+0000","promotionLabel":null},"attributes":[],"isRestrictedView":false},{"seatIdentifier":"DRESS_CIRCLE-J5","aggregateReference":"eyJ0eXAiOiJKV1QiLCJhbGciOiJIUzI1NiJ9.eyJzdGkiOjcwNzc1MiwicGFpIjoiZW5jb3JldGlja2V0cyIsInByaSI6ODYsInNpIjoiRFJFU1MgQ0lSQ0xFLUotNSJ9.D5b9GEbkLn2sR6CMrccfV3S8fj8PMerwQ0NbB2H1vVo","row":"J","number":5,"pricing":{"salePrice":[{"value":7200,"currency":"GBP","decimalPlaces":2}],"faceValue":[{"value":6000,"currency":"GBP","decimalPlaces":2}],"percentageDiscount":0,"includesBookingFee":true,"createdAt":"2021-09-20T22:11:43+0000","promotionLabel":null},"attributes":[],"isRestrictedView":false},{"seatIdentifier":"DRESS_CIRCLE-J6","aggregateReference":"eyJ0eXAiOiJKV1QiLCJhbGciOiJIUzI1NiJ9.eyJzdGkiOjcwNzc1MiwicGFpIjoiZW5jb3JldGlja2V0cyIsInByaSI6ODYsInNpIjoiRFJFU1MgQ0lSQ0xFLUotNiJ9.8EiLl36UlIjE2GzEGvE-9nBR5H27tlbRuCmeCeHe6Qc","row":"J","number":6,"pricing":{"salePrice":[{"value":7200,"currency":"GBP","decimalPlaces":2}],"faceValue":[{"value":6000,"currency":"GBP","decimalPlaces":2}],"percentageDiscount":0,"includesBookingFee":true,"createdAt":"2021-09-20T22:11:43+0000","promotionLabel":null},"attributes":[],"isRestrictedView":false},{"seatIdentifier":"DRESS_CIRCLE-J7","aggregateReference":"eyJ0eXAiOiJKV1QiLCJhbGciOiJIUzI1NiJ9.eyJzdGkiOjcwNzc1MiwicGFpIjoiZW5jb3JldGlja2V0cyIsInByaSI6ODYsInNpIjoiRFJFU1MgQ0lSQ0xFLUotNyJ9.RifiSodL7he564EXDtEoA-IyPS8xxN6CA-NJIgSFofU","row":"J","number":7,"pricing":{"salePrice":[{"value":7200,"currency":"GBP","decimalPlaces":2}],"faceValue":[{"value":6000,"currency":"GBP","decimalPlaces":2}],"percentageDiscount":0,"includesBookingFee":true,"createdAt":"2021-09-20T22:11:43+0000","promotionLabel":null},"attributes":[],"isRestrictedView":false},{"seatIdentifier":"DRESS_CIRCLE-J8","aggregateReference":"eyJ0eXAiOiJKV1QiLCJhbGciOiJIUzI1NiJ9.eyJzdGkiOjcwNzc1MiwicGFpIjoiZW5jb3JldGlja2V0cyIsInByaSI6ODYsInNpIjoiRFJFU1MgQ0lSQ0xFLUotOCJ9.mliXl2Bx73jsYqNmm9rMip0r5nmaTglZ760lPMraQgw","row":"J","number":8,"pricing":{"salePrice":[{"value":7200,"currency":"GBP","decimalPlaces":2}],"faceValue":[{"value":6000,"currency":"GBP","decimalPlaces":2}],"percentageDiscount":0,"includesBookingFee":true,"createdAt":"2021-09-20T22:11:43+0000","promotionLabel":null},"attributes":[],"isRestrictedView":false},{"seatIdentifier":"DRESS_CIRCLE-J9","aggregateReference":"eyJ0eXAiOiJKV1QiLCJhbGciOiJIUzI1NiJ9.eyJzdGkiOjcwNzc1MiwicGFpIjoiZW5jb3JldGlja2V0cyIsInByaSI6ODYsInNpIjoiRFJFU1MgQ0lSQ0xFLUotOSJ9.UJhEkc1cp0eF-j2e5phD-DFy4Dkmlo38yQBWA37D8dk","row":"J","number":9,"pricing":{"salePrice":[{"value":7200,"currency":"GBP","decimalPlaces":2}],"faceValue":[{"value":6000,"currency":"GBP","decimalPlaces":2}],"percentageDiscount":0,"includesBookingFee":true,"createdAt":"2021-09-20T22:11:43+0000","promotionLabel":null},"attributes":[],"isRestrictedView":false},{"seatIdentifier":"DRESS_CIRCLE-J10","aggregateReference":"eyJ0eXAiOiJKV1QiLCJhbGciOiJIUzI1NiJ9.eyJzdGkiOjcwNzc1MiwicGFpIjoiZW5jb3JldGlja2V0cyIsInByaSI6ODYsInNpIjoiRFJFU1MgQ0lSQ0xFLUotMTAifQ.dkb_-16KEDa-rFpQ7qoExa_G_zItUdsQQ9jg8nrZ46Y","row":"J","number":10,"pricing":{"salePrice":[{"value":7200,"currency":"GBP","decimalPlaces":2}],"faceValue":[{"value":6000,"currency":"GBP","decimalPlaces":2}],"percentageDiscount":0,"includesBookingFee":true,"createdAt":"2021-09-20T22:11:43+0000","promotionLabel":null},"attributes":[],"isRestrictedView":false},{"seatIdentifier":"DRESS_CIRCLE-J11","aggregateReference":"eyJ0eXAiOiJKV1QiLCJhbGciOiJIUzI1NiJ9.eyJzdGkiOjcwNzc1MiwicGFpIjoiZW5jb3JldGlja2V0cyIsInByaSI6ODYsInNpIjoiRFJFU1MgQ0lSQ0xFLUotMTEifQ.C5SCDZ7BobIx0uiNwzs61RjjY3FAf2fPzUuLGus_Dwk","row":"J","number":11,"pricing":{"salePrice":[{"value":7200,"currency":"GBP","decimalPlaces":2}],"faceValue":[{"value":6000,"currency":"GBP","decimalPlaces":2}],"percentageDiscount":0,"includesBookingFee":true,"createdAt":"2021-09-20T22:11:43+0000","promotionLabel":null},"attributes":[],"isRestrictedView":false},{"seatIdentifier":"DRESS_CIRCLE-J12","aggregateReference":"eyJ0eXAiOiJKV1QiLCJhbGciOiJIUzI1NiJ9.eyJzdGkiOjcwNzc1MiwicGFpIjoiZW5jb3JldGlja2V0cyIsInByaSI6ODYsInNpIjoiRFJFU1MgQ0lSQ0xFLUotMTIifQ.LdI8AUeiVma6YFWoM6wjAeCxYYvIffXGQGmfuUi3s4c","row":"J","number":12,"pricing":{"salePrice":[{"value":7200,"currency":"GBP","decimalPlaces":2}],"faceValue":[{"value":6000,"currency":"GBP","decimalPlaces":2}],"percentageDiscount":0,"includesBookingFee":true,"createdAt":"2021-09-20T22:11:43+0000","promotionLabel":null},"attributes":[],"isRestrictedView":false},{"seatIdentifier":"DRESS_CIRCLE-J13","aggregateReference":"eyJ0eXAiOiJKV1QiLCJhbGciOiJIUzI1NiJ9.eyJzdGkiOjcwNzc1MiwicGFpIjoiZW5jb3JldGlja2V0cyIsInByaSI6ODYsInNpIjoiRFJFU1MgQ0lSQ0xFLUotMTMifQ.CeNFnKqIpjpNdSybL_MHZeb48dUS1MP7ib_ecxYYgeU","row":"J","number":13,"pricing":{"salePrice":[{"value":7200,"currency":"GBP","decimalPlaces":2}],"faceValue":[{"value":6000,"currency":"GBP","decimalPlaces":2}],"percentageDiscount":0,"includesBookingFee":true,"createdAt":"2021-09-20T22:11:43+0000","promotionLabel":null},"attributes":[],"isRestrictedView":false},{"seatIdentifier":"DRESS_CIRCLE-J14","aggregateReference":"eyJ0eXAiOiJKV1QiLCJhbGciOiJIUzI1NiJ9.eyJzdGkiOjcwNzc1MiwicGFpIjoiZW5jb3JldGlja2V0cyIsInByaSI6ODYsInNpIjoiRFJFU1MgQ0lSQ0xFLUotMTQifQ.9oEZfWs10XrovnpaV0HrodL6KAKTckRakni1RFbbqrA","row":"J","number":14,"pricing":{"salePrice":[{"value":7200,"currency":"GBP","decimalPlaces":2}],"faceValue":[{"value":6000,"currency":"GBP","decimalPlaces":2}],"percentageDiscount":0,"includesBookingFee":true,"createdAt":"2021-09-20T22:11:43+0000","promotionLabel":null},"attributes":[],"isRestrictedView":false},{"seatIdentifier":"DRESS_CIRCLE-J15","aggregateReference":"eyJ0eXAiOiJKV1QiLCJhbGciOiJIUzI1NiJ9.eyJzdGkiOjcwNzc1MiwicGFpIjoiZW5jb3JldGlja2V0cyIsInByaSI6ODYsInNpIjoiRFJFU1MgQ0lSQ0xFLUotMTUifQ.8GK8hQ7HmMNzku1N-mVokAGXX4yTqjGgVj8HlO--pvA","row":"J","number":15,"pricing":{"salePrice":[{"value":7200,"currency":"GBP","decimalPlaces":2}],"faceValue":[{"value":6000,"currency":"GBP","decimalPlaces":2}],"percentageDiscount":0,"includesBookingFee":true,"createdAt":"2021-09-20T22:11:43+0000","promotionLabel":null},"attributes":[],"isRestrictedView":false},{"seatIdentifier":"DRESS_CIRCLE-J16","aggregateReference":"eyJ0eXAiOiJKV1QiLCJhbGciOiJIUzI1NiJ9.eyJzdGkiOjcwNzc1MiwicGFpIjoiZW5jb3JldGlja2V0cyIsInByaSI6ODYsInNpIjoiRFJFU1MgQ0lSQ0xFLUotMTYifQ.ncfR4oMnj0oLJDmQf3pmI94IFG2wFre5hCRGVhz4R5g","row":"J","number":16,"pricing":{"salePrice":[{"value":7200,"currency":"GBP","decimalPlaces":2}],"faceValue":[{"value":6000,"currency":"GBP","decimalPlaces":2}],"percentageDiscount":0,"includesBookingFee":true,"createdAt":"2021-09-20T22:11:43+0000","promotionLabel":null},"attributes":[],"isRestrictedView":false},{"seatIdentifier":"DRESS_CIRCLE-J17","aggregateReference":"eyJ0eXAiOiJKV1QiLCJhbGciOiJIUzI1NiJ9.eyJzdGkiOjcwNzc1MiwicGFpIjoiZW5jb3JldGlja2V0cyIsInByaSI6ODYsInNpIjoiRFJFU1MgQ0lSQ0xFLUotMTcifQ.HiPlZP-NNCnQZjF3WKNjfuPZogvU4YK8FdlU09QKFWI","row":"J","number":17,"pricing":{"salePrice":[{"value":7200,"currency":"GBP","decimalPlaces":2}],"faceValue":[{"value":6000,"currency":"GBP","decimalPlaces":2}],"percentageDiscount":0,"includesBookingFee":true,"createdAt":"2021-09-20T22:11:43+0000","promotionLabel":null},"attributes":[],"isRestrictedView":false},{"seatIdentifier":"DRESS_CIRCLE-J18","aggregateReference":"eyJ0eXAiOiJKV1QiLCJhbGciOiJIUzI1NiJ9.eyJzdGkiOjcwNzc1MiwicGFpIjoiZW5jb3JldGlja2V0cyIsInByaSI6ODYsInNpIjoiRFJFU1MgQ0lSQ0xFLUotMTgifQ.UBHYE5Dxg3H0qrpowobWptrC0ReXoxMtFV2lOwP0JMo","row":"J","number":18,"pricing":{"salePrice":[{"value":7200,"currency":"GBP","decimalPlaces":2}],"faceValue":[{"value":6000,"currency":"GBP","decimalPlaces":2}],"percentageDiscount":0,"includesBookingFee":true,"createdAt":"2021-09-20T22:11:43+0000","promotionLabel":null},"attributes":[],"isRestrictedView":false},{"seatIdentifier":"DRESS_CIRCLE-J19","aggregateReference":"eyJ0eXAiOiJKV1QiLCJhbGciOiJIUzI1NiJ9.eyJzdGkiOjcwNzc1MiwicGFpIjoiZW5jb3JldGlja2V0cyIsInByaSI6ODYsInNpIjoiRFJFU1MgQ0lSQ0xFLUotMTkifQ.Z5aSVNC-sXv4bwkqOBb6Y-BFccW2SdItTSDmFpr9sX8","row":"J","number":19,"pricing":{"salePrice":[{"value":7200,"currency":"GBP","decimalPlaces":2}],"faceValue":[{"value":6000,"currency":"GBP","decimalPlaces":2}],"percentageDiscount":0,"includesBookingFee":true,"createdAt":"2021-09-20T22:11:43+0000","promotionLabel":null},"attributes":[],"isRestrictedView":false},{"seatIdentifier":"DRESS_CIRCLE-J20","aggregateReference":"eyJ0eXAiOiJKV1QiLCJhbGciOiJIUzI1NiJ9.eyJzdGkiOjcwNzc1MiwicGFpIjoiZW5jb3JldGlja2V0cyIsInByaSI6ODYsInNpIjoiRFJFU1MgQ0lSQ0xFLUotMjAifQ.ERVEZuA_Tog0MtVmosQ5KSxX5MiMsWbP3n-JKcdzcVA","row":"J","number":20,"pricing":{"salePrice":[{"value":7200,"currency":"GBP","decimalPlaces":2}],"faceValue":[{"value":6000,"currency":"GBP","decimalPlaces":2}],"percentageDiscount":0,"includesBookingFee":true,"createdAt":"2021-09-20T22:11:43+0000","promotionLabel":null},"attributes":[],"isRestrictedView":false},{"seatIdentifier":"DRESS_CIRCLE-J21","aggregateReference":"eyJ0eXAiOiJKV1QiLCJhbGciOiJIUzI1NiJ9.eyJzdGkiOjcwNzc1MiwicGFpIjoiZW5jb3JldGlja2V0cyIsInByaSI6ODYsInNpIjoiRFJFU1MgQ0lSQ0xFLUotMjEifQ.awnY9maUBEcBhsTfbaxABuU5djrqYFUbpSWGKvxILTU","row":"J","number":21,"pricing":{"salePrice":[{"value":7200,"currency":"GBP","decimalPlaces":2}],"faceValue":[{"value":6000,"currency":"GBP","decimalPlaces":2}],"percentageDiscount":0,"includesBookingFee":true,"createdAt":"2021-09-20T22:11:43+0000","promotionLabel":null},"attributes":[],"isRestrictedView":false},{"seatIdentifier":"DRESS_CIRCLE-J22","aggregateReference":"eyJ0eXAiOiJKV1QiLCJhbGciOiJIUzI1NiJ9.eyJzdGkiOjcwNzc1MiwicGFpIjoiZW5jb3JldGlja2V0cyIsInByaSI6ODYsInNpIjoiRFJFU1MgQ0lSQ0xFLUotMjIifQ.71EGB7IDcELNTclwBa_dp7uSEiVcGeFc3q0u6JV8qS0","row":"J","number":22,"pricing":{"salePrice":[{"value":7200,"currency":"GBP","decimalPlaces":2}],"faceValue":[{"value":6000,"currency":"GBP","decimalPlaces":2}],"percentageDiscount":0,"includesBookingFee":true,"createdAt":"2021-09-20T22:11:43+0000","promotionLabel":null},"attributes":[],"isRestrictedView":false},{"seatIdentifier":"DRESS_CIRCLE-J23","aggregateReference":"eyJ0eXAiOiJKV1QiLCJhbGciOiJIUzI1NiJ9.eyJzdGkiOjcwNzc1MiwicGFpIjoiZW5jb3JldGlja2V0cyIsInByaSI6ODYsInNpIjoiRFJFU1MgQ0lSQ0xFLUotMjMifQ.YFimw_Do2JHhKFyOfkpCLYJdK6Qadbq_ulfMCmObU1U","row":"J","number":23,"pricing":{"salePrice":[{"value":7200,"currency":"GBP","decimalPlaces":2}],"faceValue":[{"value":6000,"currency":"GBP","decimalPlaces":2}],"percentageDiscount":0,"includesBookingFee":true,"createdAt":"2021-09-20T22:11:43+0000","promotionLabel":null},"attributes":[],"isRestrictedView":false},{"seatIdentifier":"DRESS_CIRCLE-J24","aggregateReference":"eyJ0eXAiOiJKV1QiLCJhbGciOiJIUzI1NiJ9.eyJzdGkiOjcwNzc1MiwicGFpIjoiZW5jb3JldGlja2V0cyIsInByaSI6ODYsInNpIjoiRFJFU1MgQ0lSQ0xFLUotMjQifQ.j4dHe5FzVKVKVXVRUaqOyETH4LYt8bZZS79FDRD60cM","row":"J","number":24,"pricing":{"salePrice":[{"value":7200,"currency":"GBP","decimalPlaces":2}],"faceValue":[{"value":6000,"currency":"GBP","decimalPlaces":2}],"percentageDiscount":0,"includesBookingFee":true,"createdAt":"2021-09-20T22:11:43+0000","promotionLabel":null},"attributes":[],"isRestrictedView":false},{"seatIdentifier":"DRESS_CIRCLE-J25","aggregateReference":"eyJ0eXAiOiJKV1QiLCJhbGciOiJIUzI1NiJ9.eyJzdGkiOjcwNzc1MiwicGFpIjoiZW5jb3JldGlja2V0cyIsInByaSI6ODYsInNpIjoiRFJFU1MgQ0lSQ0xFLUotMjUifQ.GjRe_p81-9q4nl5Z_VxzFqvgWGiuszht_H3qVDgm4Hg","row":"J","number":25,"pricing":{"salePrice":[{"value":7200,"currency":"GBP","decimalPlaces":2}],"faceValue":[{"value":6000,"currency":"GBP","decimalPlaces":2}],"percentageDiscount":0,"includesBookingFee":true,"createdAt":"2021-09-20T22:11:43+0000","promotionLabel":null},"attributes":[],"isRestrictedView":false},{"seatIdentifier":"DRESS_CIRCLE-J26","aggregateReference":"eyJ0eXAiOiJKV1QiLCJhbGciOiJIUzI1NiJ9.eyJzdGkiOjcwNzc1MiwicGFpIjoiZW5jb3JldGlja2V0cyIsInByaSI6ODYsInNpIjoiRFJFU1MgQ0lSQ0xFLUotMjYifQ.mGAeLiGgwxKRZ44IhH-afxi0fzOS6ncbV8BvBnIsA64","row":"J","number":26,"pricing":{"salePrice":[{"value":7200,"currency":"GBP","decimalPlaces":2}],"faceValue":[{"value":6000,"currency":"GBP","decimalPlaces":2}],"percentageDiscount":0,"includesBookingFee":true,"createdAt":"2021-09-20T22:11:43+0000","promotionLabel":null},"attributes":[],"isRestrictedView":false},{"seatIdentifier":"DRESS_CIRCLE-J27","aggregateReference":"eyJ0eXAiOiJKV1QiLCJhbGciOiJIUzI1NiJ9.eyJzdGkiOjcwNzc1MiwicGFpIjoiZW5jb3JldGlja2V0cyIsInByaSI6ODYsInNpIjoiRFJFU1MgQ0lSQ0xFLUotMjcifQ.1-LEy9Drnr_gbAykP2bMAc2uMOfCOM5MjyS0Feyu8hE","row":"J","number":27,"pricing":{"salePrice":[{"value":7200,"currency":"GBP","decimalPlaces":2}],"faceValue":[{"value":6000,"currency":"GBP","decimalPlaces":2}],"percentageDiscount":0,"includesBookingFee":true,"createdAt":"2021-09-20T22:11:43+0000","promotionLabel":null},"attributes":[{"title":"EndOfRow","description":"Seat at end of row","intention":"positive"}],"isRestrictedView":false}],"seatLumps":[{"seats":["DRESS_CIRCLE-J1","DRESS_CIRCLE-J2"]},{"seats":["DRESS_CIRCLE-J3","DRESS_CIRCLE-J4"]},{"seats":["DRESS_CIRCLE-J4","DRESS_CIRCLE-J5"]},{"seats":["DRESS_CIRCLE-J5","DRESS_CIRCLE-J6"]},{"seats":["DRESS_CIRCLE-J6","DRESS_CIRCLE-J7"]},{"seats":["DRESS_CIRCLE-J7","DRESS_CIRCLE-J8"]},{"seats":["DRESS_CIRCLE-J8","DRESS_CIRCLE-J9"]},{"seats":["DRESS_CIRCLE-J9","DRESS_CIRCLE-J10"]},{"seats":["DRESS_CIRCLE-J10","DRESS_CIRCLE-J11"]},{"seats":["DRESS_CIRCLE-J11","DRESS_CIRCLE-J12"]},{"seats":["DRESS_CIRCLE-J12","DRESS_CIRCLE-J13"]},{"seats":["DRESS_CIRCLE-J13","DRESS_CIRCLE-J14"]},{"seats":["DRESS_CIRCLE-J14","DRESS_CIRCLE-J15"]},{"seats":["DRESS_CIRCLE-J15","DRESS_CIRCLE-J16"]},{"seats":["DRESS_CIRCLE-J16","DRESS_CIRCLE-J17"]},{"seats":["DRESS_CIRCLE-J17","DRESS_CIRCLE-J18"]},{"seats":["DRESS_CIRCLE-J18","DRESS_CIRCLE-J19"]},{"seats":["DRESS_CIRCLE-J19","DRESS_CIRCLE-J20"]},{"seats":["DRESS_CIRCLE-J20","DRESS_CIRCLE-J21"]},{"seats":["DRESS_CIRCLE-J21","DRESS_CIRCLE-J22"]},{"seats":["DRESS_CIRCLE-J22","DRESS_CIRCLE-J23"]},{"seats":["DRESS_CIRCLE-J23","DRESS_CIRCLE-J24"]},{"seats":["DRESS_CIRCLE-J24","DRESS_CIRCLE-J25"]},{"seats":["DRESS_CIRCLE-J26","DRESS_CIRCLE-J27"]}]},{"groupIdentifier":"DRESS CIRCLE~K1;27","aggregateReference":null,"row":"K","mode":"allocated","seatNumberStart":1,"seatNumberEnd":27,"availableCount":27,"pricing":{"salePrice":[{"value":7200,"currency":"GBP","decimalPlaces":2}],"faceValue":[{"value":6000,"currency":"GBP","decimalPlaces":2}],"percentageDiscount":0,"includesBookingFee":true,"createdAt":"2021-09-20T22:11:43+0000","promotionLabel":null},"seats":[{"seatIdentifier":"DRESS_CIRCLE-K1","aggregateReference":"eyJ0eXAiOiJKV1QiLCJhbGciOiJIUzI1NiJ9.eyJzdGkiOjcwNzc1MiwicGFpIjoiZW5jb3JldGlja2V0cyIsInByaSI6ODYsInNpIjoiRFJFU1MgQ0lSQ0xFLUstMSJ9.Qx1hYai4BG13xvMVNc_YKvVJvxrP_BTaE98AjCQ3Fbg","row":"K","number":1,"pricing":{"salePrice":[{"value":7200,"currency":"GBP","decimalPlaces":2}],"faceValue":[{"value":6000,"currency":"GBP","decimalPlaces":2}],"percentageDiscount":0,"includesBookingFee":true,"createdAt":"2021-09-20T22:11:43+0000","promotionLabel":null},"attributes":[{"title":"EndOfRow","description":"Seat at end of row","intention":"positive"}],"isRestrictedView":false},{"seatIdentifier":"DRESS_CIRCLE-K2","aggregateReference":"eyJ0eXAiOiJKV1QiLCJhbGciOiJIUzI1NiJ9.eyJzdGkiOjcwNzc1MiwicGFpIjoiZW5jb3JldGlja2V0cyIsInByaSI6ODYsInNpIjoiRFJFU1MgQ0lSQ0xFLUstMiJ9.vzQDhGl4D7IhCFhfwS8REKGYmkib6FSuAZn9OvO_DNA","row":"K","number":2,"pricing":{"salePrice":[{"value":7200,"currency":"GBP","decimalPlaces":2}],"faceValue":[{"value":6000,"currency":"GBP","decimalPlaces":2}],"percentageDiscount":0,"includesBookingFee":true,"createdAt":"2021-09-20T22:11:43+0000","promotionLabel":null},"attributes":[],"isRestrictedView":false},{"seatIdentifier":"DRESS_CIRCLE-K3","aggregateReference":"eyJ0eXAiOiJKV1QiLCJhbGciOiJIUzI1NiJ9.eyJzdGkiOjcwNzc1MiwicGFpIjoiZW5jb3JldGlja2V0cyIsInByaSI6ODYsInNpIjoiRFJFU1MgQ0lSQ0xFLUstMyJ9.X0FO3I77WvA8bQQjNahqdXD84OMdQf3TeR_v4FZuAVQ","row":"K","number":3,"pricing":{"salePrice":[{"value":7200,"currency":"GBP","decimalPlaces":2}],"faceValue":[{"value":6000,"currency":"GBP","decimalPlaces":2}],"percentageDiscount":0,"includesBookingFee":true,"createdAt":"2021-09-20T22:11:43+0000","promotionLabel":null},"attributes":[],"isRestrictedView":false},{"seatIdentifier":"DRESS_CIRCLE-K4","aggregateReference":"eyJ0eXAiOiJKV1QiLCJhbGciOiJIUzI1NiJ9.eyJzdGkiOjcwNzc1MiwicGFpIjoiZW5jb3JldGlja2V0cyIsInByaSI6ODYsInNpIjoiRFJFU1MgQ0lSQ0xFLUstNCJ9.PUxKaxq6jf-3mGZ2q5YtuDmi8tM9GipaeDX-H8MOcpE","row":"K","number":4,"pricing":{"salePrice":[{"value":7200,"currency":"GBP","decimalPlaces":2}],"faceValue":[{"value":6000,"currency":"GBP","decimalPlaces":2}],"percentageDiscount":0,"includesBookingFee":true,"createdAt":"2021-09-20T22:11:43+0000","promotionLabel":null},"attributes":[],"isRestrictedView":false},{"seatIdentifier":"DRESS_CIRCLE-K5","aggregateReference":"eyJ0eXAiOiJKV1QiLCJhbGciOiJIUzI1NiJ9.eyJzdGkiOjcwNzc1MiwicGFpIjoiZW5jb3JldGlja2V0cyIsInByaSI6ODYsInNpIjoiRFJFU1MgQ0lSQ0xFLUstNSJ9.5Kc2Udayt4jx_wKlBVHaNeAKKMYz6Wkvby7Cg98khrI","row":"K","number":5,"pricing":{"salePrice":[{"value":7200,"currency":"GBP","decimalPlaces":2}],"faceValue":[{"value":6000,"currency":"GBP","decimalPlaces":2}],"percentageDiscount":0,"includesBookingFee":true,"createdAt":"2021-09-20T22:11:43+0000","promotionLabel":null},"attributes":[],"isRestrictedView":false},{"seatIdentifier":"DRESS_CIRCLE-K6","aggregateReference":"eyJ0eXAiOiJKV1QiLCJhbGciOiJIUzI1NiJ9.eyJzdGkiOjcwNzc1MiwicGFpIjoiZW5jb3JldGlja2V0cyIsInByaSI6ODYsInNpIjoiRFJFU1MgQ0lSQ0xFLUstNiJ9.RenQUoYu4OO6q4qpjsbw6aqRBq_Ye8xjLCJWiZkMgsE","row":"K","number":6,"pricing":{"salePrice":[{"value":7200,"currency":"GBP","decimalPlaces":2}],"faceValue":[{"value":6000,"currency":"GBP","decimalPlaces":2}],"percentageDiscount":0,"includesBookingFee":true,"createdAt":"2021-09-20T22:11:43+0000","promotionLabel":null},"attributes":[],"isRestrictedView":false},{"seatIdentifier":"DRESS_CIRCLE-K7","aggregateReference":"eyJ0eXAiOiJKV1QiLCJhbGciOiJIUzI1NiJ9.eyJzdGkiOjcwNzc1MiwicGFpIjoiZW5jb3JldGlja2V0cyIsInByaSI6ODYsInNpIjoiRFJFU1MgQ0lSQ0xFLUstNyJ9.T1jGhE_k8fBIGgogzhovTIYdrrzl2r5DCU3B6Uqz8HE","row":"K","number":7,"pricing":{"salePrice":[{"value":7200,"currency":"GBP","decimalPlaces":2}],"faceValue":[{"value":6000,"currency":"GBP","decimalPlaces":2}],"percentageDiscount":0,"includesBookingFee":true,"createdAt":"2021-09-20T22:11:43+0000","promotionLabel":null},"attributes":[],"isRestrictedView":false},{"seatIdentifier":"DRESS_CIRCLE-K8","aggregateReference":"eyJ0eXAiOiJKV1QiLCJhbGciOiJIUzI1NiJ9.eyJzdGkiOjcwNzc1MiwicGFpIjoiZW5jb3JldGlja2V0cyIsInByaSI6ODYsInNpIjoiRFJFU1MgQ0lSQ0xFLUstOCJ9.RRUF0o_1H79aXg2Gxzp9T81MgPMTudVwGFVOj6gBqBI","row":"K","number":8,"pricing":{"salePrice":[{"value":7200,"currency":"GBP","decimalPlaces":2}],"faceValue":[{"value":6000,"currency":"GBP","decimalPlaces":2}],"percentageDiscount":0,"includesBookingFee":true,"createdAt":"2021-09-20T22:11:43+0000","promotionLabel":null},"attributes":[],"isRestrictedView":false},{"seatIdentifier":"DRESS_CIRCLE-K9","aggregateReference":"eyJ0eXAiOiJKV1QiLCJhbGciOiJIUzI1NiJ9.eyJzdGkiOjcwNzc1MiwicGFpIjoiZW5jb3JldGlja2V0cyIsInByaSI6ODYsInNpIjoiRFJFU1MgQ0lSQ0xFLUstOSJ9.c5D6-RFlIwC0GNaLikZuAs-MmkQOcwU2yxz7eqVnqNA","row":"K","number":9,"pricing":{"salePrice":[{"value":7200,"currency":"GBP","decimalPlaces":2}],"faceValue":[{"value":6000,"currency":"GBP","decimalPlaces":2}],"percentageDiscount":0,"includesBookingFee":true,"createdAt":"2021-09-20T22:11:43+0000","promotionLabel":null},"attributes":[],"isRestrictedView":false},{"seatIdentifier":"DRESS_CIRCLE-K10","aggregateReference":"eyJ0eXAiOiJKV1QiLCJhbGciOiJIUzI1NiJ9.eyJzdGkiOjcwNzc1MiwicGFpIjoiZW5jb3JldGlja2V0cyIsInByaSI6ODYsInNpIjoiRFJFU1MgQ0lSQ0xFLUstMTAifQ.TygV2VMY7sc7NAG2VHQTBd3u1emLyHVdr-xBYKm0_Jc","row":"K","number":10,"pricing":{"salePrice":[{"value":7200,"currency":"GBP","decimalPlaces":2}],"faceValue":[{"value":6000,"currency":"GBP","decimalPlaces":2}],"percentageDiscount":0,"includesBookingFee":true,"createdAt":"2021-09-20T22:11:43+0000","promotionLabel":null},"attributes":[],"isRestrictedView":false},{"seatIdentifier":"DRESS_CIRCLE-K11","aggregateReference":"eyJ0eXAiOiJKV1QiLCJhbGciOiJIUzI1NiJ9.eyJzdGkiOjcwNzc1MiwicGFpIjoiZW5jb3JldGlja2V0cyIsInByaSI6ODYsInNpIjoiRFJFU1MgQ0lSQ0xFLUstMTEifQ.QQPJ_kxmSQkYmthmvHgJq6InTPB0gaKwkcmNWz71pu0","row":"K","number":11,"pricing":{"salePrice":[{"value":7200,"currency":"GBP","decimalPlaces":2}],"faceValue":[{"value":6000,"currency":"GBP","decimalPlaces":2}],"percentageDiscount":0,"includesBookingFee":true,"createdAt":"2021-09-20T22:11:43+0000","promotionLabel":null},"attributes":[],"isRestrictedView":false},{"seatIdentifier":"DRESS_CIRCLE-K12","aggregateReference":"eyJ0eXAiOiJKV1QiLCJhbGciOiJIUzI1NiJ9.eyJzdGkiOjcwNzc1MiwicGFpIjoiZW5jb3JldGlja2V0cyIsInByaSI6ODYsInNpIjoiRFJFU1MgQ0lSQ0xFLUstMTIifQ.VlvBdzKXOJx6Lw50Ur4Ft-fq_sVOha9vwskFAS0FDX8","row":"K","number":12,"pricing":{"salePrice":[{"value":7200,"currency":"GBP","decimalPlaces":2}],"faceValue":[{"value":6000,"currency":"GBP","decimalPlaces":2}],"percentageDiscount":0,"includesBookingFee":true,"createdAt":"2021-09-20T22:11:43+0000","promotionLabel":null},"attributes":[],"isRestrictedView":false},{"seatIdentifier":"DRESS_CIRCLE-K13","aggregateReference":"eyJ0eXAiOiJKV1QiLCJhbGciOiJIUzI1NiJ9.eyJzdGkiOjcwNzc1MiwicGFpIjoiZW5jb3JldGlja2V0cyIsInByaSI6ODYsInNpIjoiRFJFU1MgQ0lSQ0xFLUstMTMifQ.luNpHQd-UWBdq4Usw59LbSN0sqjx0vKxd46bCSq1H_Y","row":"K","number":13,"pricing":{"salePrice":[{"value":7200,"currency":"GBP","decimalPlaces":2}],"faceValue":[{"value":6000,"currency":"GBP","decimalPlaces":2}],"percentageDiscount":0,"includesBookingFee":true,"createdAt":"2021-09-20T22:11:43+0000","promotionLabel":null},"attributes":[],"isRestrictedView":false},{"seatIdentifier":"DRESS_CIRCLE-K14","aggregateReference":"eyJ0eXAiOiJKV1QiLCJhbGciOiJIUzI1NiJ9.eyJzdGkiOjcwNzc1MiwicGFpIjoiZW5jb3JldGlja2V0cyIsInByaSI6ODYsInNpIjoiRFJFU1MgQ0lSQ0xFLUstMTQifQ.81Cfe59ljxf0pWoGiMcW86J76vKrVh7GXH8UxbWIqj0","row":"K","number":14,"pricing":{"salePrice":[{"value":7200,"currency":"GBP","decimalPlaces":2}],"faceValue":[{"value":6000,"currency":"GBP","decimalPlaces":2}],"percentageDiscount":0,"includesBookingFee":true,"createdAt":"2021-09-20T22:11:43+0000","promotionLabel":null},"attributes":[],"isRestrictedView":false},{"seatIdentifier":"DRESS_CIRCLE-K15","aggregateReference":"eyJ0eXAiOiJKV1QiLCJhbGciOiJIUzI1NiJ9.eyJzdGkiOjcwNzc1MiwicGFpIjoiZW5jb3JldGlja2V0cyIsInByaSI6ODYsInNpIjoiRFJFU1MgQ0lSQ0xFLUstMTUifQ.CdgIz3u6Gf-kymhHUI03SFddZCqK1fyk-sGjEYiQpuA","row":"K","number":15,"pricing":{"salePrice":[{"value":7200,"currency":"GBP","decimalPlaces":2}],"faceValue":[{"value":6000,"currency":"GBP","decimalPlaces":2}],"percentageDiscount":0,"includesBookingFee":true,"createdAt":"2021-09-20T22:11:43+0000","promotionLabel":null},"attributes":[],"isRestrictedView":false},{"seatIdentifier":"DRESS_CIRCLE-K16","aggregateReference":"eyJ0eXAiOiJKV1QiLCJhbGciOiJIUzI1NiJ9.eyJzdGkiOjcwNzc1MiwicGFpIjoiZW5jb3JldGlja2V0cyIsInByaSI6ODYsInNpIjoiRFJFU1MgQ0lSQ0xFLUstMTYifQ.-EeAFYhXkPnlddE4qFVkYGsCRcFW8pxj_-jUTQ7619o","row":"K","number":16,"pricing":{"salePrice":[{"value":7200,"currency":"GBP","decimalPlaces":2}],"faceValue":[{"value":6000,"currency":"GBP","decimalPlaces":2}],"percentageDiscount":0,"includesBookingFee":true,"createdAt":"2021-09-20T22:11:43+0000","promotionLabel":null},"attributes":[],"isRestrictedView":false},{"seatIdentifier":"DRESS_CIRCLE-K17","aggregateReference":"eyJ0eXAiOiJKV1QiLCJhbGciOiJIUzI1NiJ9.eyJzdGkiOjcwNzc1MiwicGFpIjoiZW5jb3JldGlja2V0cyIsInByaSI6ODYsInNpIjoiRFJFU1MgQ0lSQ0xFLUstMTcifQ.C7wXDt6No2w6N9YG2vLbT-F2oHuTj8VIPg_ZLkda4UU","row":"K","number":17,"pricing":{"salePrice":[{"value":7200,"currency":"GBP","decimalPlaces":2}],"faceValue":[{"value":6000,"currency":"GBP","decimalPlaces":2}],"percentageDiscount":0,"includesBookingFee":true,"createdAt":"2021-09-20T22:11:43+0000","promotionLabel":null},"attributes":[],"isRestrictedView":false},{"seatIdentifier":"DRESS_CIRCLE-K18","aggregateReference":"eyJ0eXAiOiJKV1QiLCJhbGciOiJIUzI1NiJ9.eyJzdGkiOjcwNzc1MiwicGFpIjoiZW5jb3JldGlja2V0cyIsInByaSI6ODYsInNpIjoiRFJFU1MgQ0lSQ0xFLUstMTgifQ.d2joP-msskU-9V2h3M0EGl2jMbaz73yRny4Ar8IGscs","row":"K","number":18,"pricing":{"salePrice":[{"value":7200,"currency":"GBP","decimalPlaces":2}],"faceValue":[{"value":6000,"currency":"GBP","decimalPlaces":2}],"percentageDiscount":0,"includesBookingFee":true,"createdAt":"2021-09-20T22:11:43+0000","promotionLabel":null},"attributes":[],"isRestrictedView":false},{"seatIdentifier":"DRESS_CIRCLE-K19","aggregateReference":"eyJ0eXAiOiJKV1QiLCJhbGciOiJIUzI1NiJ9.eyJzdGkiOjcwNzc1MiwicGFpIjoiZW5jb3JldGlja2V0cyIsInByaSI6ODYsInNpIjoiRFJFU1MgQ0lSQ0xFLUstMTkifQ.uVN8UgRkC-jUBhsqlQGhtAKRD0JMhs5yRp89ZgjIDaw","row":"K","number":19,"pricing":{"salePrice":[{"value":7200,"currency":"GBP","decimalPlaces":2}],"faceValue":[{"value":6000,"currency":"GBP","decimalPlaces":2}],"percentageDiscount":0,"includesBookingFee":true,"createdAt":"2021-09-20T22:11:43+0000","promotionLabel":null},"attributes":[],"isRestrictedView":false},{"seatIdentifier":"DRESS_CIRCLE-K20","aggregateReference":"eyJ0eXAiOiJKV1QiLCJhbGciOiJIUzI1NiJ9.eyJzdGkiOjcwNzc1MiwicGFpIjoiZW5jb3JldGlja2V0cyIsInByaSI6ODYsInNpIjoiRFJFU1MgQ0lSQ0xFLUstMjAifQ.RnbTeUodUuYBCvswOHQ3lcuLFtQyJLeLWpWfNkrl11w","row":"K","number":20,"pricing":{"salePrice":[{"value":7200,"currency":"GBP","decimalPlaces":2}],"faceValue":[{"value":6000,"currency":"GBP","decimalPlaces":2}],"percentageDiscount":0,"includesBookingFee":true,"createdAt":"2021-09-20T22:11:43+0000","promotionLabel":null},"attributes":[],"isRestrictedView":false},{"seatIdentifier":"DRESS_CIRCLE-K21","aggregateReference":"eyJ0eXAiOiJKV1QiLCJhbGciOiJIUzI1NiJ9.eyJzdGkiOjcwNzc1MiwicGFpIjoiZW5jb3JldGlja2V0cyIsInByaSI6ODYsInNpIjoiRFJFU1MgQ0lSQ0xFLUstMjEifQ.xpMcrp4Jymq2mI5eaN_O3KvUim_SxhHbmMZibqBh8nI","row":"K","number":21,"pricing":{"salePrice":[{"value":7200,"currency":"GBP","decimalPlaces":2}],"faceValue":[{"value":6000,"currency":"GBP","decimalPlaces":2}],"percentageDiscount":0,"includesBookingFee":true,"createdAt":"2021-09-20T22:11:43+0000","promotionLabel":null},"attributes":[],"isRestrictedView":false},{"seatIdentifier":"DRESS_CIRCLE-K22","aggregateReference":"eyJ0eXAiOiJKV1QiLCJhbGciOiJIUzI1NiJ9.eyJzdGkiOjcwNzc1MiwicGFpIjoiZW5jb3JldGlja2V0cyIsInByaSI6ODYsInNpIjoiRFJFU1MgQ0lSQ0xFLUstMjIifQ.UaPKmoJkeYIE_mLhRtEHO2AfQn9fwd9Rrwh5EQsAVyM","row":"K","number":22,"pricing":{"salePrice":[{"value":7200,"currency":"GBP","decimalPlaces":2}],"faceValue":[{"value":6000,"currency":"GBP","decimalPlaces":2}],"percentageDiscount":0,"includesBookingFee":true,"createdAt":"2021-09-20T22:11:43+0000","promotionLabel":null},"attributes":[],"isRestrictedView":false},{"seatIdentifier":"DRESS_CIRCLE-K23","aggregateReference":"eyJ0eXAiOiJKV1QiLCJhbGciOiJIUzI1NiJ9.eyJzdGkiOjcwNzc1MiwicGFpIjoiZW5jb3JldGlja2V0cyIsInByaSI6ODYsInNpIjoiRFJFU1MgQ0lSQ0xFLUstMjMifQ.buGyTpnBl_8VAp-hSNa7qfyNCeoKiCA1egmWvBkL9k4","row":"K","number":23,"pricing":{"salePrice":[{"value":7200,"currency":"GBP","decimalPlaces":2}],"faceValue":[{"value":6000,"currency":"GBP","decimalPlaces":2}],"percentageDiscount":0,"includesBookingFee":true,"createdAt":"2021-09-20T22:11:43+0000","promotionLabel":null},"attributes":[],"isRestrictedView":false},{"seatIdentifier":"DRESS_CIRCLE-K24","aggregateReference":"eyJ0eXAiOiJKV1QiLCJhbGciOiJIUzI1NiJ9.eyJzdGkiOjcwNzc1MiwicGFpIjoiZW5jb3JldGlja2V0cyIsInByaSI6ODYsInNpIjoiRFJFU1MgQ0lSQ0xFLUstMjQifQ.-DbERH6vn1tJisvH6U9yJTJqPgkibvpvDnj1CNnQ0KI","row":"K","number":24,"pricing":{"salePrice":[{"value":7200,"currency":"GBP","decimalPlaces":2}],"faceValue":[{"value":6000,"currency":"GBP","decimalPlaces":2}],"percentageDiscount":0,"includesBookingFee":true,"createdAt":"2021-09-20T22:11:43+0000","promotionLabel":null},"attributes":[],"isRestrictedView":false},{"seatIdentifier":"DRESS_CIRCLE-K25","aggregateReference":"eyJ0eXAiOiJKV1QiLCJhbGciOiJIUzI1NiJ9.eyJzdGkiOjcwNzc1MiwicGFpIjoiZW5jb3JldGlja2V0cyIsInByaSI6ODYsInNpIjoiRFJFU1MgQ0lSQ0xFLUstMjUifQ.grg6qpi8xKl7OXDYEjxcQQob2hW6akc32LjRsSBghs4","row":"K","number":25,"pricing":{"salePrice":[{"value":7200,"currency":"GBP","decimalPlaces":2}],"faceValue":[{"value":6000,"currency":"GBP","decimalPlaces":2}],"percentageDiscount":0,"includesBookingFee":true,"createdAt":"2021-09-20T22:11:43+0000","promotionLabel":null},"attributes":[],"isRestrictedView":false},{"seatIdentifier":"DRESS_CIRCLE-K26","aggregateReference":"eyJ0eXAiOiJKV1QiLCJhbGciOiJIUzI1NiJ9.eyJzdGkiOjcwNzc1MiwicGFpIjoiZW5jb3JldGlja2V0cyIsInByaSI6ODYsInNpIjoiRFJFU1MgQ0lSQ0xFLUstMjYifQ.i1g1UySRt_G9V3HO05WrprEtCflo2Ng2Dg0g_w_Ht50","row":"K","number":26,"pricing":{"salePrice":[{"value":7200,"currency":"GBP","decimalPlaces":2}],"faceValue":[{"value":6000,"currency":"GBP","decimalPlaces":2}],"percentageDiscount":0,"includesBookingFee":true,"createdAt":"2021-09-20T22:11:43+0000","promotionLabel":null},"attributes":[],"isRestrictedView":false},{"seatIdentifier":"DRESS_CIRCLE-K27","aggregateReference":"eyJ0eXAiOiJKV1QiLCJhbGciOiJIUzI1NiJ9.eyJzdGkiOjcwNzc1MiwicGFpIjoiZW5jb3JldGlja2V0cyIsInByaSI6ODYsInNpIjoiRFJFU1MgQ0lSQ0xFLUstMjcifQ.iGLH0dp5qXBTlRw43zqN8D3jgWuy5562KY945rM0oHc","row":"K","number":27,"pricing":{"salePrice":[{"value":7200,"currency":"GBP","decimalPlaces":2}],"faceValue":[{"value":6000,"currency":"GBP","decimalPlaces":2}],"percentageDiscount":0,"includesBookingFee":true,"createdAt":"2021-09-20T22:11:43+0000","promotionLabel":null},"attributes":[{"title":"EndOfRow","description":"Seat at end of row","intention":"positive"}],"isRestrictedView":false}],"seatLumps":[{"seats":["DRESS_CIRCLE-K1","DRESS_CIRCLE-K2"]},{"seats":["DRESS_CIRCLE-K3","DRESS_CIRCLE-K4"]},{"seats":["DRESS_CIRCLE-K4","DRESS_CIRCLE-K5"]},{"seats":["DRESS_CIRCLE-K5","DRESS_CIRCLE-K6"]},{"seats":["DRESS_CIRCLE-K6","DRESS_CIRCLE-K7"]},{"seats":["DRESS_CIRCLE-K7","DRESS_CIRCLE-K8"]},{"seats":["DRESS_CIRCLE-K8","DRESS_CIRCLE-K9"]},{"seats":["DRESS_CIRCLE-K9","DRESS_CIRCLE-K10"]},{"seats":["DRESS_CIRCLE-K10","DRESS_CIRCLE-K11"]},{"seats":["DRESS_CIRCLE-K11","DRESS_CIRCLE-K12"]},{"seats":["DRESS_CIRCLE-K12","DRESS_CIRCLE-K13"]},{"seats":["DRESS_CIRCLE-K13","DRESS_CIRCLE-K14"]},{"seats":["DRESS_CIRCLE-K14","DRESS_CIRCLE-K15"]},{"seats":["DRESS_CIRCLE-K15","DRESS_CIRCLE-K16"]},{"seats":["DRESS_CIRCLE-K16","DRESS_CIRCLE-K17"]},{"seats":["DRESS_CIRCLE-K17","DRESS_CIRCLE-K18"]},{"seats":["DRESS_CIRCLE-K18","DRESS_CIRCLE-K19"]},{"seats":["DRESS_CIRCLE-K19","DRESS_CIRCLE-K20"]},{"seats":["DRESS_CIRCLE-K20","DRESS_CIRCLE-K21"]},{"seats":["DRESS_CIRCLE-K21","DRESS_CIRCLE-K22"]},{"seats":["DRESS_CIRCLE-K22","DRESS_CIRCLE-K23"]},{"seats":["DRESS_CIRCLE-K23","DRESS_CIRCLE-K24"]},{"seats":["DRESS_CIRCLE-K24","DRESS_CIRCLE-K25"]},{"seats":["DRESS_CIRCLE-K26","DRESS_CIRCLE-K27"]}]},{"groupIdentifier":"DRESS CIRCLE~B1;8","aggregateReference":null,"row":"B","mode":"allocated","seatNumberStart":1,"seatNumberEnd":8,"availableCount":8,"pricing":{"salePrice":[{"value":9000,"currency":"GBP","decimalPlaces":2}],"faceValue":[{"value":7500,"currency":"GBP","decimalPlaces":2}],"percentageDiscount":0,"includesBookingFee":true,"createdAt":"2021-09-20T22:11:43+0000","promotionLabel":null},"seats":[{"seatIdentifier":"DRESS_CIRCLE-B1","aggregateReference":"eyJ0eXAiOiJKV1QiLCJhbGciOiJIUzI1NiJ9.eyJzdGkiOjcwNzc1MiwicGFpIjoiZW5jb3JldGlja2V0cyIsInByaSI6ODYsInNpIjoiRFJFU1MgQ0lSQ0xFLUItMSJ9.vu8AJGhuj_WwCeyHF4yR4afgos8lnf6XIKkdPAtn2d4","row":"B","number":1,"pricing":{"salePrice":[{"value":9000,"currency":"GBP","decimalPlaces":2}],"faceValue":[{"value":7500,"currency":"GBP","decimalPlaces":2}],"percentageDiscount":0,"includesBookingFee":true,"createdAt":"2021-09-20T22:11:43+0000","promotionLabel":null},"attributes":[{"title":"EndOfRow","description":"Seat at end of row","intention":"positive"},{"title":"RestrictedView","description":"Restricted view","intention":"negative"},{"title":"SafetyRailInView","description":"Safety rail in view","intention":"negative"}],"isRestrictedView":true},{"seatIdentifier":"DRESS_CIRCLE-B2","aggregateReference":"eyJ0eXAiOiJKV1QiLCJhbGciOiJIUzI1NiJ9.eyJzdGkiOjcwNzc1MiwicGFpIjoiZW5jb3JldGlja2V0cyIsInByaSI6ODYsInNpIjoiRFJFU1MgQ0lSQ0xFLUItMiJ9.yRetfBugGfRhEb3kVPl7eWAe2TPVAawz591zh8Yn6kI","row":"B","number":2,"pricing":{"salePrice":[{"value":9000,"currency":"GBP","decimalPlaces":2}],"faceValue":[{"value":7500,"currency":"GBP","decimalPlaces":2}],"percentageDiscount":0,"includesBookingFee":true,"createdAt":"2021-09-20T22:11:43+0000","promotionLabel":null},"attributes":[{"title":"RestrictedView","description":"Restricted view","intention":"negative"},{"title":"SafetyRailInView","description":"Safety rail in view","intention":"negative"}],"isRestrictedView":true},{"seatIdentifier":"DRESS_CIRCLE-B3","aggregateReference":"eyJ0eXAiOiJKV1QiLCJhbGciOiJIUzI1NiJ9.eyJzdGkiOjcwNzc1MiwicGFpIjoiZW5jb3JldGlja2V0cyIsInByaSI6ODYsInNpIjoiRFJFU1MgQ0lSQ0xFLUItMyJ9.dZUyd27u-xX9N1VSuEPGh2om3wbT_3h7l_zt4UZXJzg","row":"B","number":3,"pricing":{"salePrice":[{"value":9000,"currency":"GBP","decimalPlaces":2}],"faceValue":[{"value":7500,"currency":"GBP","decimalPlaces":2}],"percentageDiscount":0,"includesBookingFee":true,"createdAt":"2021-09-20T22:11:43+0000","promotionLabel":null},"attributes":[],"isRestrictedView":false},{"seatIdentifier":"DRESS_CIRCLE-B4","aggregateReference":"eyJ0eXAiOiJKV1QiLCJhbGciOiJIUzI1NiJ9.eyJzdGkiOjcwNzc1MiwicGFpIjoiZW5jb3JldGlja2V0cyIsInByaSI6ODYsInNpIjoiRFJFU1MgQ0lSQ0xFLUItNCJ9.eYJYn4eSXg9C-TncOiChpOY5oMHpraZIjqlD6vq-Fxc","row":"B","number":4,"pricing":{"salePrice":[{"value":9000,"currency":"GBP","decimalPlaces":2}],"faceValue":[{"value":7500,"currency":"GBP","decimalPlaces":2}],"percentageDiscount":0,"includesBookingFee":true,"createdAt":"2021-09-20T22:11:43+0000","promotionLabel":null},"attributes":[],"isRestrictedView":false},{"seatIdentifier":"DRESS_CIRCLE-B5","aggregateReference":"eyJ0eXAiOiJKV1QiLCJhbGciOiJIUzI1NiJ9.eyJzdGkiOjcwNzc1MiwicGFpIjoiZW5jb3JldGlja2V0cyIsInByaSI6ODYsInNpIjoiRFJFU1MgQ0lSQ0xFLUItNSJ9.GP0i1Y3NOIyuwLT8cF4eNWa23RNyqDBFqgIXVcF_plE","row":"B","number":5,"pricing":{"salePrice":[{"value":9000,"currency":"GBP","decimalPlaces":2}],"faceValue":[{"value":7500,"currency":"GBP","decimalPlaces":2}],"percentageDiscount":0,"includesBookingFee":true,"createdAt":"2021-09-20T22:11:43+0000","promotionLabel":null},"attributes":[],"isRestrictedView":false},{"seatIdentifier":"DRESS_CIRCLE-B6","aggregateReference":"eyJ0eXAiOiJKV1QiLCJhbGciOiJIUzI1NiJ9.eyJzdGkiOjcwNzc1MiwicGFpIjoiZW5jb3JldGlja2V0cyIsInByaSI6ODYsInNpIjoiRFJFU1MgQ0lSQ0xFLUItNiJ9.DaiyAWz-0FUiv8dRNrVN-T0D0oTiGDNfvXF5IofHNyc","row":"B","number":6,"pricing":{"salePrice":[{"value":9000,"currency":"GBP","decimalPlaces":2}],"faceValue":[{"value":7500,"currency":"GBP","decimalPlaces":2}],"percentageDiscount":0,"includesBookingFee":true,"createdAt":"2021-09-20T22:11:43+0000","promotionLabel":null},"attributes":[],"isRestrictedView":false},{"seatIdentifier":"DRESS_CIRCLE-B7","aggregateReference":"eyJ0eXAiOiJKV1QiLCJhbGciOiJIUzI1NiJ9.eyJzdGkiOjcwNzc1MiwicGFpIjoiZW5jb3JldGlja2V0cyIsInByaSI6ODYsInNpIjoiRFJFU1MgQ0lSQ0xFLUItNyJ9.1DEPd3JorKNHxPL1fFdr6RfNmGK0K3MMj-hAYJDIvm4","row":"B","number":7,"pricing":{"salePrice":[{"value":9000,"currency":"GBP","decimalPlaces":2}],"faceValue":[{"value":7500,"currency":"GBP","decimalPlaces":2}],"percentageDiscount":0,"includesBookingFee":true,"createdAt":"2021-09-20T22:11:43+0000","promotionLabel":null},"attributes":[],"isRestrictedView":false},{"seatIdentifier":"DRESS_CIRCLE-B8","aggregateReference":"eyJ0eXAiOiJKV1QiLCJhbGciOiJIUzI1NiJ9.eyJzdGkiOjcwNzc1MiwicGFpIjoiZW5jb3JldGlja2V0cyIsInByaSI6ODYsInNpIjoiRFJFU1MgQ0lSQ0xFLUItOCJ9.WkzjjsXwDCzMdLpXThWzR9hj5csNGk6e3iE225ofUd0","row":"B","number":8,"pricing":{"salePrice":[{"value":9000,"currency":"GBP","decimalPlaces":2}],"faceValue":[{"value":7500,"currency":"GBP","decimalPlaces":2}],"percentageDiscount":0,"includesBookingFee":true,"createdAt":"2021-09-20T22:11:43+0000","promotionLabel":null},"attributes":[],"isRestrictedView":false}],"seatLumps":[{"seats":["DRESS_CIRCLE-B1","DRESS_CIRCLE-B2"]},{"seats":["DRESS_CIRCLE-B3","DRESS_CIRCLE-B4"]},{"seats":["DRESS_CIRCLE-B4","DRESS_CIRCLE-B5"]},{"seats":["DRESS_CIRCLE-B5","DRESS_CIRCLE-B6"]},{"seats":["DRESS_CIRCLE-B7","DRESS_CIRCLE-B8"]}]},{"groupIdentifier":"DRESS CIRCLE~B17;24","aggregateReference":null,"row":"B","mode":"allocated","seatNumberStart":17,"seatNumberEnd":24,"availableCount":8,"pricing":{"salePrice":[{"value":9000,"currency":"GBP","decimalPlaces":2}],"faceValue":[{"value":7500,"currency":"GBP","decimalPlaces":2}],"percentageDiscount":0,"includesBookingFee":true,"createdAt":"2021-09-20T22:11:43+0000","promotionLabel":null},"seats":[{"seatIdentifier":"DRESS_CIRCLE-B17","aggregateReference":"eyJ0eXAiOiJKV1QiLCJhbGciOiJIUzI1NiJ9.eyJzdGkiOjcwNzc1MiwicGFpIjoiZW5jb3JldGlja2V0cyIsInByaSI6ODYsInNpIjoiRFJFU1MgQ0lSQ0xFLUItMTcifQ.RrdX5UD7I2ZFxlIdHfTmqlD9I4bXFgOB0C8-nDaK43s","row":"B","number":17,"pricing":{"salePrice":[{"value":9000,"currency":"GBP","decimalPlaces":2}],"faceValue":[{"value":7500,"currency":"GBP","decimalPlaces":2}],"percentageDiscount":0,"includesBookingFee":true,"createdAt":"2021-09-20T22:11:43+0000","promotionLabel":null},"attributes":[],"isRestrictedView":false},{"seatIdentifier":"DRESS_CIRCLE-B18","aggregateReference":"eyJ0eXAiOiJKV1QiLCJhbGciOiJIUzI1NiJ9.eyJzdGkiOjcwNzc1MiwicGFpIjoiZW5jb3JldGlja2V0cyIsInByaSI6ODYsInNpIjoiRFJFU1MgQ0lSQ0xFLUItMTgifQ.YO-limaFhB0mLA16eVgEA9UhPQIZd_4LsiBB7dYY1m8","row":"B","number":18,"pricing":{"salePrice":[{"value":9000,"currency":"GBP","decimalPlaces":2}],"faceValue":[{"value":7500,"currency":"GBP","decimalPlaces":2}],"percentageDiscount":0,"includesBookingFee":true,"createdAt":"2021-09-20T22:11:43+0000","promotionLabel":null},"attributes":[],"isRestrictedView":false},{"seatIdentifier":"DRESS_CIRCLE-B19","aggregateReference":"eyJ0eXAiOiJKV1QiLCJhbGciOiJIUzI1NiJ9.eyJzdGkiOjcwNzc1MiwicGFpIjoiZW5jb3JldGlja2V0cyIsInByaSI6ODYsInNpIjoiRFJFU1MgQ0lSQ0xFLUItMTkifQ.8QZD9xwO6HecIOKjNNp5M1l8yp0__6XLhlELIyv-X2I","row":"B","number":19,"pricing":{"salePrice":[{"value":9000,"currency":"GBP","decimalPlaces":2}],"faceValue":[{"value":7500,"currency":"GBP","decimalPlaces":2}],"percentageDiscount":0,"includesBookingFee":true,"createdAt":"2021-09-20T22:11:43+0000","promotionLabel":null},"attributes":[],"isRestrictedView":false},{"seatIdentifier":"DRESS_CIRCLE-B20","aggregateReference":"eyJ0eXAiOiJKV1QiLCJhbGciOiJIUzI1NiJ9.eyJzdGkiOjcwNzc1MiwicGFpIjoiZW5jb3JldGlja2V0cyIsInByaSI6ODYsInNpIjoiRFJFU1MgQ0lSQ0xFLUItMjAifQ.m2skNqeXGeIIAJ2JD3Z_IZk8gfrKjXK_4IxEZvNQGrY","row":"B","number":20,"pricing":{"salePrice":[{"value":9000,"currency":"GBP","decimalPlaces":2}],"faceValue":[{"value":7500,"currency":"GBP","decimalPlaces":2}],"percentageDiscount":0,"includesBookingFee":true,"createdAt":"2021-09-20T22:11:43+0000","promotionLabel":null},"attributes":[],"isRestrictedView":false},{"seatIdentifier":"DRESS_CIRCLE-B21","aggregateReference":"eyJ0eXAiOiJKV1QiLCJhbGciOiJIUzI1NiJ9.eyJzdGkiOjcwNzc1MiwicGFpIjoiZW5jb3JldGlja2V0cyIsInByaSI6ODYsInNpIjoiRFJFU1MgQ0lSQ0xFLUItMjEifQ.5t6Nd8HHAShFyjoz2kGcMFRdjZVhEOIEE6ZSXs3DWHE","row":"B","number":21,"pricing":{"salePrice":[{"value":9000,"currency":"GBP","decimalPlaces":2}],"faceValue":[{"value":7500,"currency":"GBP","decimalPlaces":2}],"percentageDiscount":0,"includesBookingFee":true,"createdAt":"2021-09-20T22:11:43+0000","promotionLabel":null},"attributes":[],"isRestrictedView":false},{"seatIdentifier":"DRESS_CIRCLE-B22","aggregateReference":"eyJ0eXAiOiJKV1QiLCJhbGciOiJIUzI1NiJ9.eyJzdGkiOjcwNzc1MiwicGFpIjoiZW5jb3JldGlja2V0cyIsInByaSI6ODYsInNpIjoiRFJFU1MgQ0lSQ0xFLUItMjIifQ.rLk5-ouwrIVXwYlD4wAy4Qa6yRtP-qkwdPkQJ8FhkjM","row":"B","number":22,"pricing":{"salePrice":[{"value":9000,"currency":"GBP","decimalPlaces":2}],"faceValue":[{"value":7500,"currency":"GBP","decimalPlaces":2}],"percentageDiscount":0,"includesBookingFee":true,"createdAt":"2021-09-20T22:11:43+0000","promotionLabel":null},"attributes":[],"isRestrictedView":false},{"seatIdentifier":"DRESS_CIRCLE-B23","aggregateReference":"eyJ0eXAiOiJKV1QiLCJhbGciOiJIUzI1NiJ9.eyJzdGkiOjcwNzc1MiwicGFpIjoiZW5jb3JldGlja2V0cyIsInByaSI6ODYsInNpIjoiRFJFU1MgQ0lSQ0xFLUItMjMifQ.puC6i3QEEIipUQKAWkk-Y2SlvFl39XWD_0ULmWbd3YU","row":"B","number":23,"pricing":{"salePrice":[{"value":9000,"currency":"GBP","decimalPlaces":2}],"faceValue":[{"value":7500,"currency":"GBP","decimalPlaces":2}],"percentageDiscount":0,"includesBookingFee":true,"createdAt":"2021-09-20T22:11:43+0000","promotionLabel":null},"attributes":[{"title":"RestrictedView","description":"Restricted view","intention":"negative"},{"title":"SafetyRailInView","description":"Safety rail in view","intention":"negative"}],"isRestrictedView":true},{"seatIdentifier":"DRESS_CIRCLE-B24","aggregateReference":"eyJ0eXAiOiJKV1QiLCJhbGciOiJIUzI1NiJ9.eyJzdGkiOjcwNzc1MiwicGFpIjoiZW5jb3JldGlja2V0cyIsInByaSI6ODYsInNpIjoiRFJFU1MgQ0lSQ0xFLUItMjQifQ.ZdX4SGehiWOs7iSNSNZ7v50hWIRKZAWIxs4zSjavxUQ","row":"B","number":24,"pricing":{"salePrice":[{"value":9000,"currency":"GBP","decimalPlaces":2}],"faceValue":[{"value":7500,"currency":"GBP","decimalPlaces":2}],"percentageDiscount":0,"includesBookingFee":true,"createdAt":"2021-09-20T22:11:43+0000","promotionLabel":null},"attributes":[{"title":"EndOfRow","description":"Seat at end of row","intention":"positive"},{"title":"RestrictedView","description":"Restricted view","intention":"negative"},{"title":"SafetyRailInView","description":"Safety rail in view","intention":"negative"}],"isRestrictedView":true}],"seatLumps":[{"seats":["DRESS_CIRCLE-B17","DRESS_CIRCLE-B18"]},{"seats":["DRESS_CIRCLE-B19","DRESS_CIRCLE-B20"]},{"seats":["DRESS_CIRCLE-B20","DRESS_CIRCLE-B21"]},{"seats":["DRESS_CIRCLE-B21","DRESS_CIRCLE-B22"]},{"seats":["DRESS_CIRCLE-B23","DRESS_CIRCLE-B24"]}]},{"groupIdentifier":"DRESS CIRCLE~C3;13","aggregateReference":null,"row":"C","mode":"allocated","seatNumberStart":3,"seatNumberEnd":13,"availableCount":11,"pricing":{"salePrice":[{"value":9000,"currency":"GBP","decimalPlaces":2}],"faceValue":[{"value":7500,"currency":"GBP","decimalPlaces":2}],"percentageDiscount":0,"includesBookingFee":true,"createdAt":"2021-09-20T22:11:43+0000","promotionLabel":null},"seats":[{"seatIdentifier":"DRESS_CIRCLE-C3","aggregateReference":"eyJ0eXAiOiJKV1QiLCJhbGciOiJIUzI1NiJ9.eyJzdGkiOjcwNzc1MiwicGFpIjoiZW5jb3JldGlja2V0cyIsInByaSI6ODYsInNpIjoiRFJFU1MgQ0lSQ0xFLUMtMyJ9.5i9RhpQihdnQ-29RNsz8WYAZa67Mvd9ZSkSmNWKpXDo","row":"C","number":3,"pricing":{"salePrice":[{"value":9000,"currency":"GBP","decimalPlaces":2}],"faceValue":[{"value":7500,"currency":"GBP","decimalPlaces":2}],"percentageDiscount":0,"includesBookingFee":true,"createdAt":"2021-09-20T22:11:43+0000","promotionLabel":null},"attributes":[],"isRestrictedView":false},{"seatIdentifier":"DRESS_CIRCLE-C4","aggregateReference":"eyJ0eXAiOiJKV1QiLCJhbGciOiJIUzI1NiJ9.eyJzdGkiOjcwNzc1MiwicGFpIjoiZW5jb3JldGlja2V0cyIsInByaSI6ODYsInNpIjoiRFJFU1MgQ0lSQ0xFLUMtNCJ9.g1B-AjIvem7phA4l7HZlvyeIxu3cyJzcBzdb3pXPUJo","row":"C","number":4,"pricing":{"salePrice":[{"value":9000,"currency":"GBP","decimalPlaces":2}],"faceValue":[{"value":7500,"currency":"GBP","decimalPlaces":2}],"percentageDiscount":0,"includesBookingFee":true,"createdAt":"2021-09-20T22:11:43+0000","promotionLabel":null},"attributes":[],"isRestrictedView":false},{"seatIdentifier":"DRESS_CIRCLE-C5","aggregateReference":"eyJ0eXAiOiJKV1QiLCJhbGciOiJIUzI1NiJ9.eyJzdGkiOjcwNzc1MiwicGFpIjoiZW5jb3JldGlja2V0cyIsInByaSI6ODYsInNpIjoiRFJFU1MgQ0lSQ0xFLUMtNSJ9.g8fbAD-gH0_SdsBGCLvAohEwwATJ7n3QnyujC-hNDGM","row":"C","number":5,"pricing":{"salePrice":[{"value":9000,"currency":"GBP","decimalPlaces":2}],"faceValue":[{"value":7500,"currency":"GBP","decimalPlaces":2}],"percentageDiscount":0,"includesBookingFee":true,"createdAt":"2021-09-20T22:11:43+0000","promotionLabel":null},"attributes":[],"isRestrictedView":false},{"seatIdentifier":"DRESS_CIRCLE-C6","aggregateReference":"eyJ0eXAiOiJKV1QiLCJhbGciOiJIUzI1NiJ9.eyJzdGkiOjcwNzc1MiwicGFpIjoiZW5jb3JldGlja2V0cyIsInByaSI6ODYsInNpIjoiRFJFU1MgQ0lSQ0xFLUMtNiJ9.P2ngk0G8BLS4cVM58LDSjC_4Rz0dPvFoMcV3klP2gAI","row":"C","number":6,"pricing":{"salePrice":[{"value":9000,"currency":"GBP","decimalPlaces":2}],"faceValue":[{"value":7500,"currency":"GBP","decimalPlaces":2}],"percentageDiscount":0,"includesBookingFee":true,"createdAt":"2021-09-20T22:11:43+0000","promotionLabel":null},"attributes":[],"isRestrictedView":false},{"seatIdentifier":"DRESS_CIRCLE-C7","aggregateReference":"eyJ0eXAiOiJKV1QiLCJhbGciOiJIUzI1NiJ9.eyJzdGkiOjcwNzc1MiwicGFpIjoiZW5jb3JldGlja2V0cyIsInByaSI6ODYsInNpIjoiRFJFU1MgQ0lSQ0xFLUMtNyJ9.eLgmSx1nc_mfK2OIpJrijPkaEuF0vc_axhvuQPuE6wI","row":"C","number":7,"pricing":{"salePrice":[{"value":9000,"currency":"GBP","decimalPlaces":2}],"faceValue":[{"value":7500,"currency":"GBP","decimalPlaces":2}],"percentageDiscount":0,"includesBookingFee":true,"createdAt":"2021-09-20T22:11:43+0000","promotionLabel":null},"attributes":[],"isRestrictedView":false},{"seatIdentifier":"DRESS_CIRCLE-C8","aggregateReference":"eyJ0eXAiOiJKV1QiLCJhbGciOiJIUzI1NiJ9.eyJzdGkiOjcwNzc1MiwicGFpIjoiZW5jb3JldGlja2V0cyIsInByaSI6ODYsInNpIjoiRFJFU1MgQ0lSQ0xFLUMtOCJ9.3XU9GiKCASt945sa0oZJG3tC_cxsqJ9G_Ia0QyOZXWM","row":"C","number":8,"pricing":{"salePrice":[{"value":9000,"currency":"GBP","decimalPlaces":2}],"faceValue":[{"value":7500,"currency":"GBP","decimalPlaces":2}],"percentageDiscount":0,"includesBookingFee":true,"createdAt":"2021-09-20T22:11:43+0000","promotionLabel":null},"attributes":[],"isRestrictedView":false},{"seatIdentifier":"DRESS_CIRCLE-C9","aggregateReference":"eyJ0eXAiOiJKV1QiLCJhbGciOiJIUzI1NiJ9.eyJzdGkiOjcwNzc1MiwicGFpIjoiZW5jb3JldGlja2V0cyIsInByaSI6ODYsInNpIjoiRFJFU1MgQ0lSQ0xFLUMtOSJ9.omRmKMKF7IVFiLyhufh0nsumGQ4rzk6iROPgATlIgOE","row":"C","number":9,"pricing":{"salePrice":[{"value":9000,"currency":"GBP","decimalPlaces":2}],"faceValue":[{"value":7500,"currency":"GBP","decimalPlaces":2}],"percentageDiscount":0,"includesBookingFee":true,"createdAt":"2021-09-20T22:11:43+0000","promotionLabel":null},"attributes":[],"isRestrictedView":false},{"seatIdentifier":"DRESS_CIRCLE-C10","aggregateReference":"eyJ0eXAiOiJKV1QiLCJhbGciOiJIUzI1NiJ9.eyJzdGkiOjcwNzc1MiwicGFpIjoiZW5jb3JldGlja2V0cyIsInByaSI6ODYsInNpIjoiRFJFU1MgQ0lSQ0xFLUMtMTAifQ._1miQxCxajjm0RVzzR8_LuceS5eCAkQJA4L2wypbb-A","row":"C","number":10,"pricing":{"salePrice":[{"value":9000,"currency":"GBP","decimalPlaces":2}],"faceValue":[{"value":7500,"currency":"GBP","decimalPlaces":2}],"percentageDiscount":0,"includesBookingFee":true,"createdAt":"2021-09-20T22:11:43+0000","promotionLabel":null},"attributes":[],"isRestrictedView":false},{"seatIdentifier":"DRESS_CIRCLE-C11","aggregateReference":"eyJ0eXAiOiJKV1QiLCJhbGciOiJIUzI1NiJ9.eyJzdGkiOjcwNzc1MiwicGFpIjoiZW5jb3JldGlja2V0cyIsInByaSI6ODYsInNpIjoiRFJFU1MgQ0lSQ0xFLUMtMTEifQ.xyrre54ky0tgvR9I34Jy3X4uTWIFRnWEi0W0NSOvEn4","row":"C","number":11,"pricing":{"salePrice":[{"value":9000,"currency":"GBP","decimalPlaces":2}],"faceValue":[{"value":7500,"currency":"GBP","decimalPlaces":2}],"percentageDiscount":0,"includesBookingFee":true,"createdAt":"2021-09-20T22:11:43+0000","promotionLabel":null},"attributes":[],"isRestrictedView":false},{"seatIdentifier":"DRESS_CIRCLE-C12","aggregateReference":"eyJ0eXAiOiJKV1QiLCJhbGciOiJIUzI1NiJ9.eyJzdGkiOjcwNzc1MiwicGFpIjoiZW5jb3JldGlja2V0cyIsInByaSI6ODYsInNpIjoiRFJFU1MgQ0lSQ0xFLUMtMTIifQ.DOUSVp0u7NiwPFCKHSrx3-FsCNQvBcd9UmjJNOaHALg","row":"C","number":12,"pricing":{"salePrice":[{"value":9000,"currency":"GBP","decimalPlaces":2}],"faceValue":[{"value":7500,"currency":"GBP","decimalPlaces":2}],"percentageDiscount":0,"includesBookingFee":true,"createdAt":"2021-09-20T22:11:43+0000","promotionLabel":null},"attributes":[],"isRestrictedView":false},{"seatIdentifier":"DRESS_CIRCLE-C13","aggregateReference":"eyJ0eXAiOiJKV1QiLCJhbGciOiJIUzI1NiJ9.eyJzdGkiOjcwNzc1MiwicGFpIjoiZW5jb3JldGlja2V0cyIsInByaSI6ODYsInNpIjoiRFJFU1MgQ0lSQ0xFLUMtMTMifQ.YbSbdahaYtD8oqa4v9EHwpya_5DbkbjbIQsRVreK1rY","row":"C","number":13,"pricing":{"salePrice":[{"value":9000,"currency":"GBP","decimalPlaces":2}],"faceValue":[{"value":7500,"currency":"GBP","decimalPlaces":2}],"percentageDiscount":0,"includesBookingFee":true,"createdAt":"2021-09-20T22:11:43+0000","promotionLabel":null},"attributes":[],"isRestrictedView":false}],"seatLumps":[{"seats":["DRESS_CIRCLE-C3","DRESS_CIRCLE-C4"]},{"seats":["DRESS_CIRCLE-C5","DRESS_CIRCLE-C6"]},{"seats":["DRESS_CIRCLE-C6","DRESS_CIRCLE-C7"]},{"seats":["DRESS_CIRCLE-C7","DRESS_CIRCLE-C8"]},{"seats":["DRESS_CIRCLE-C8","DRESS_CIRCLE-C9"]},{"seats":["DRESS_CIRCLE-C9","DRESS_CIRCLE-C10"]},{"seats":["DRESS_CIRCLE-C10","DRESS_CIRCLE-C11"]},{"seats":["DRESS_CIRCLE-C12","DRESS_CIRCLE-C13"]}]},{"groupIdentifier":"DRESS CIRCLE~C16;23","aggregateReference":null,"row":"C","mode":"allocated","seatNumberStart":16,"seatNumberEnd":23,"availableCount":8,"pricing":{"salePrice":[{"value":9000,"currency":"GBP","decimalPlaces":2}],"faceValue":[{"value":7500,"currency":"GBP","decimalPlaces":2}],"percentageDiscount":0,"includesBookingFee":true,"createdAt":"2021-09-20T22:11:43+0000","promotionLabel":null},"seats":[{"seatIdentifier":"DRESS_CIRCLE-C16","aggregateReference":"eyJ0eXAiOiJKV1QiLCJhbGciOiJIUzI1NiJ9.eyJzdGkiOjcwNzc1MiwicGFpIjoiZW5jb3JldGlja2V0cyIsInByaSI6ODYsInNpIjoiRFJFU1MgQ0lSQ0xFLUMtMTYifQ.kTG2bnQ_unOfvhvZzsjUDj_D_dVeAnOG9mptJvf5E6c","row":"C","number":16,"pricing":{"salePrice":[{"value":9000,"currency":"GBP","decimalPlaces":2}],"faceValue":[{"value":7500,"currency":"GBP","decimalPlaces":2}],"percentageDiscount":0,"includesBookingFee":true,"createdAt":"2021-09-20T22:11:43+0000","promotionLabel":null},"attributes":[],"isRestrictedView":false},{"seatIdentifier":"DRESS_CIRCLE-C17","aggregateReference":"eyJ0eXAiOiJKV1QiLCJhbGciOiJIUzI1NiJ9.eyJzdGkiOjcwNzc1MiwicGFpIjoiZW5jb3JldGlja2V0cyIsInByaSI6ODYsInNpIjoiRFJFU1MgQ0lSQ0xFLUMtMTcifQ.6qaxn88fa2R3fgKy-75eQ2c3AL5uZGb9_dJqW_5ehbw","row":"C","number":17,"pricing":{"salePrice":[{"value":9000,"currency":"GBP","decimalPlaces":2}],"faceValue":[{"value":7500,"currency":"GBP","decimalPlaces":2}],"percentageDiscount":0,"includesBookingFee":true,"createdAt":"2021-09-20T22:11:43+0000","promotionLabel":null},"attributes":[],"isRestrictedView":false},{"seatIdentifier":"DRESS_CIRCLE-C18","aggregateReference":"eyJ0eXAiOiJKV1QiLCJhbGciOiJIUzI1NiJ9.eyJzdGkiOjcwNzc1MiwicGFpIjoiZW5jb3JldGlja2V0cyIsInByaSI6ODYsInNpIjoiRFJFU1MgQ0lSQ0xFLUMtMTgifQ.GFI5EV7wkRyrnrg4l96YuA4NxbVn1klVj59NtWdWbwQ","row":"C","number":18,"pricing":{"salePrice":[{"value":9000,"currency":"GBP","decimalPlaces":2}],"faceValue":[{"value":7500,"currency":"GBP","decimalPlaces":2}],"percentageDiscount":0,"includesBookingFee":true,"createdAt":"2021-09-20T22:11:43+0000","promotionLabel":null},"attributes":[],"isRestrictedView":false},{"seatIdentifier":"DRESS_CIRCLE-C19","aggregateReference":"eyJ0eXAiOiJKV1QiLCJhbGciOiJIUzI1NiJ9.eyJzdGkiOjcwNzc1MiwicGFpIjoiZW5jb3JldGlja2V0cyIsInByaSI6ODYsInNpIjoiRFJFU1MgQ0lSQ0xFLUMtMTkifQ.lIbrR_xGZvQyYNi84nQQQ3U2Qlm_FV21c7Tt_gvxbTo","row":"C","number":19,"pricing":{"salePrice":[{"value":9000,"currency":"GBP","decimalPlaces":2}],"faceValue":[{"value":7500,"currency":"GBP","decimalPlaces":2}],"percentageDiscount":0,"includesBookingFee":true,"createdAt":"2021-09-20T22:11:43+0000","promotionLabel":null},"attributes":[],"isRestrictedView":false},{"seatIdentifier":"DRESS_CIRCLE-C20","aggregateReference":"eyJ0eXAiOiJKV1QiLCJhbGciOiJIUzI1NiJ9.eyJzdGkiOjcwNzc1MiwicGFpIjoiZW5jb3JldGlja2V0cyIsInByaSI6ODYsInNpIjoiRFJFU1MgQ0lSQ0xFLUMtMjAifQ.l5DfhB4Por_VoyAo2A05uHXfMD9qjVXGMJz5rZx26z4","row":"C","number":20,"pricing":{"salePrice":[{"value":9000,"currency":"GBP","decimalPlaces":2}],"faceValue":[{"value":7500,"currency":"GBP","decimalPlaces":2}],"percentageDiscount":0,"includesBookingFee":true,"createdAt":"2021-09-20T22:11:43+0000","promotionLabel":null},"attributes":[],"isRestrictedView":false},{"seatIdentifier":"DRESS_CIRCLE-C21","aggregateReference":"eyJ0eXAiOiJKV1QiLCJhbGciOiJIUzI1NiJ9.eyJzdGkiOjcwNzc1MiwicGFpIjoiZW5jb3JldGlja2V0cyIsInByaSI6ODYsInNpIjoiRFJFU1MgQ0lSQ0xFLUMtMjEifQ.3dgVHNRKC_9BOJekT8jzYpbFjM__YEM1cgpXI6ywU6w","row":"C","number":21,"pricing":{"salePrice":[{"value":9000,"currency":"GBP","decimalPlaces":2}],"faceValue":[{"value":7500,"currency":"GBP","decimalPlaces":2}],"percentageDiscount":0,"includesBookingFee":true,"createdAt":"2021-09-20T22:11:43+0000","promotionLabel":null},"attributes":[],"isRestrictedView":false},{"seatIdentifier":"DRESS_CIRCLE-C22","aggregateReference":"eyJ0eXAiOiJKV1QiLCJhbGciOiJIUzI1NiJ9.eyJzdGkiOjcwNzc1MiwicGFpIjoiZW5jb3JldGlja2V0cyIsInByaSI6ODYsInNpIjoiRFJFU1MgQ0lSQ0xFLUMtMjIifQ.iR1-NbJzaLlcKn4IF-nv5BqgV25OeMH6-jXVNUvQJQ4","row":"C","number":22,"pricing":{"salePrice":[{"value":9000,"currency":"GBP","decimalPlaces":2}],"faceValue":[{"value":7500,"currency":"GBP","decimalPlaces":2}],"percentageDiscount":0,"includesBookingFee":true,"createdAt":"2021-09-20T22:11:43+0000","promotionLabel":null},"attributes":[],"isRestrictedView":false},{"seatIdentifier":"DRESS_CIRCLE-C23","aggregateReference":"eyJ0eXAiOiJKV1QiLCJhbGciOiJIUzI1NiJ9.eyJzdGkiOjcwNzc1MiwicGFpIjoiZW5jb3JldGlja2V0cyIsInByaSI6ODYsInNpIjoiRFJFU1MgQ0lSQ0xFLUMtMjMifQ.iWVpnXH9MSW_jR-lwzQ7cz4NyOpigd4dOHzKaePaJAs","row":"C","number":23,"pricing":{"salePrice":[{"value":9000,"currency":"GBP","decimalPlaces":2}],"faceValue":[{"value":7500,"currency":"GBP","decimalPlaces":2}],"percentageDiscount":0,"includesBookingFee":true,"createdAt":"2021-09-20T22:11:43+0000","promotionLabel":null},"attributes":[],"isRestrictedView":false}],"seatLumps":[{"seats":["DRESS_CIRCLE-C16","DRESS_CIRCLE-C17"]},{"seats":["DRESS_CIRCLE-C18","DRESS_CIRCLE-C19"]},{"seats":["DRESS_CIRCLE-C19","DRESS_CIRCLE-C20"]},{"seats":["DRESS_CIRCLE-C20","DRESS_CIRCLE-C21"]},{"seats":["DRESS_CIRCLE-C22","DRESS_CIRCLE-C23"]}]},{"groupIdentifier":"DRESS CIRCLE~D1;26","aggregateReference":null,"row":"D","mode":"allocated","seatNumberStart":1,"seatNumberEnd":26,"availableCount":26,"pricing":{"salePrice":[{"value":9000,"currency":"GBP","decimalPlaces":2}],"faceValue":[{"value":7500,"currency":"GBP","decimalPlaces":2}],"percentageDiscount":0,"includesBookingFee":true,"createdAt":"2021-09-20T22:11:43+0000","promotionLabel":null},"seats":[{"seatIdentifier":"DRESS_CIRCLE-D1","aggregateReference":"eyJ0eXAiOiJKV1QiLCJhbGciOiJIUzI1NiJ9.eyJzdGkiOjcwNzc1MiwicGFpIjoiZW5jb3JldGlja2V0cyIsInByaSI6ODYsInNpIjoiRFJFU1MgQ0lSQ0xFLUQtMSJ9.hRQpqC7Bi6SpcJMQRUlaVbWZ0Xby-0944qmW1tUlGIM","row":"D","number":1,"pricing":{"salePrice":[{"value":9000,"currency":"GBP","decimalPlaces":2}],"faceValue":[{"value":7500,"currency":"GBP","decimalPlaces":2}],"percentageDiscount":0,"includesBookingFee":true,"createdAt":"2021-09-20T22:11:43+0000","promotionLabel":null},"attributes":[{"title":"EndOfRow","description":"Seat at end of row","intention":"positive"}],"isRestrictedView":false},{"seatIdentifier":"DRESS_CIRCLE-D2","aggregateReference":"eyJ0eXAiOiJKV1QiLCJhbGciOiJIUzI1NiJ9.eyJzdGkiOjcwNzc1MiwicGFpIjoiZW5jb3JldGlja2V0cyIsInByaSI6ODYsInNpIjoiRFJFU1MgQ0lSQ0xFLUQtMiJ9._WvVVmVS2rsquO5qZUgi2IhyoilT5DWMFrN7TC4YJhM","row":"D","number":2,"pricing":{"salePrice":[{"value":9000,"currency":"GBP","decimalPlaces":2}],"faceValue":[{"value":7500,"currency":"GBP","decimalPlaces":2}],"percentageDiscount":0,"includesBookingFee":true,"createdAt":"2021-09-20T22:11:43+0000","promotionLabel":null},"attributes":[],"isRestrictedView":false},{"seatIdentifier":"DRESS_CIRCLE-D3","aggregateReference":"eyJ0eXAiOiJKV1QiLCJhbGciOiJIUzI1NiJ9.eyJzdGkiOjcwNzc1MiwicGFpIjoiZW5jb3JldGlja2V0cyIsInByaSI6ODYsInNpIjoiRFJFU1MgQ0lSQ0xFLUQtMyJ9.NfJ_wS6yfiSkpbcJt9Oo02bHfDBon6t47b5LlGPOSwQ","row":"D","number":3,"pricing":{"salePrice":[{"value":9000,"currency":"GBP","decimalPlaces":2}],"faceValue":[{"value":7500,"currency":"GBP","decimalPlaces":2}],"percentageDiscount":0,"includesBookingFee":true,"createdAt":"2021-09-20T22:11:43+0000","promotionLabel":null},"attributes":[],"isRestrictedView":false},{"seatIdentifier":"DRESS_CIRCLE-D4","aggregateReference":"eyJ0eXAiOiJKV1QiLCJhbGciOiJIUzI1NiJ9.eyJzdGkiOjcwNzc1MiwicGFpIjoiZW5jb3JldGlja2V0cyIsInByaSI6ODYsInNpIjoiRFJFU1MgQ0lSQ0xFLUQtNCJ9.mftjFhGhM5cbAjB7h1vNgW2CY8Pn-zsgybWxHSo-OOs","row":"D","number":4,"pricing":{"salePrice":[{"value":9000,"currency":"GBP","decimalPlaces":2}],"faceValue":[{"value":7500,"currency":"GBP","decimalPlaces":2}],"percentageDiscount":0,"includesBookingFee":true,"createdAt":"2021-09-20T22:11:43+0000","promotionLabel":null},"attributes":[],"isRestrictedView":false},{"seatIdentifier":"DRESS_CIRCLE-D5","aggregateReference":"eyJ0eXAiOiJKV1QiLCJhbGciOiJIUzI1NiJ9.eyJzdGkiOjcwNzc1MiwicGFpIjoiZW5jb3JldGlja2V0cyIsInByaSI6ODYsInNpIjoiRFJFU1MgQ0lSQ0xFLUQtNSJ9.PEpUik4lWxBdulBpd2qI20m792o35CtNfMEyvrh7keA","row":"D","number":5,"pricing":{"salePrice":[{"value":9000,"currency":"GBP","decimalPlaces":2}],"faceValue":[{"value":7500,"currency":"GBP","decimalPlaces":2}],"percentageDiscount":0,"includesBookingFee":true,"createdAt":"2021-09-20T22:11:43+0000","promotionLabel":null},"attributes":[],"isRestrictedView":false},{"seatIdentifier":"DRESS_CIRCLE-D6","aggregateReference":"eyJ0eXAiOiJKV1QiLCJhbGciOiJIUzI1NiJ9.eyJzdGkiOjcwNzc1MiwicGFpIjoiZW5jb3JldGlja2V0cyIsInByaSI6ODYsInNpIjoiRFJFU1MgQ0lSQ0xFLUQtNiJ9.A52nmyOQNpt8NU5vvGok0iWzy-VOMp0N0B0b1grF36c","row":"D","number":6,"pricing":{"salePrice":[{"value":9000,"currency":"GBP","decimalPlaces":2}],"faceValue":[{"value":7500,"currency":"GBP","decimalPlaces":2}],"percentageDiscount":0,"includesBookingFee":true,"createdAt":"2021-09-20T22:11:43+0000","promotionLabel":null},"attributes":[],"isRestrictedView":false},{"seatIdentifier":"DRESS_CIRCLE-D7","aggregateReference":"eyJ0eXAiOiJKV1QiLCJhbGciOiJIUzI1NiJ9.eyJzdGkiOjcwNzc1MiwicGFpIjoiZW5jb3JldGlja2V0cyIsInByaSI6ODYsInNpIjoiRFJFU1MgQ0lSQ0xFLUQtNyJ9.mdj1geActhCGRjq-scsX2sghEMCRPZPLR-b0asJnQ2A","row":"D","number":7,"pricing":{"salePrice":[{"value":9000,"currency":"GBP","decimalPlaces":2}],"faceValue":[{"value":7500,"currency":"GBP","decimalPlaces":2}],"percentageDiscount":0,"includesBookingFee":true,"createdAt":"2021-09-20T22:11:43+0000","promotionLabel":null},"attributes":[],"isRestrictedView":false},{"seatIdentifier":"DRESS_CIRCLE-D8","aggregateReference":"eyJ0eXAiOiJKV1QiLCJhbGciOiJIUzI1NiJ9.eyJzdGkiOjcwNzc1MiwicGFpIjoiZW5jb3JldGlja2V0cyIsInByaSI6ODYsInNpIjoiRFJFU1MgQ0lSQ0xFLUQtOCJ9.aTadxBBSrHV46Bu1bd3jsgreOsjXRUxjqM9oibj0XMw","row":"D","number":8,"pricing":{"salePrice":[{"value":9000,"currency":"GBP","decimalPlaces":2}],"faceValue":[{"value":7500,"currency":"GBP","decimalPlaces":2}],"percentageDiscount":0,"includesBookingFee":true,"createdAt":"2021-09-20T22:11:43+0000","promotionLabel":null},"attributes":[],"isRestrictedView":false},{"seatIdentifier":"DRESS_CIRCLE-D9","aggregateReference":"eyJ0eXAiOiJKV1QiLCJhbGciOiJIUzI1NiJ9.eyJzdGkiOjcwNzc1MiwicGFpIjoiZW5jb3JldGlja2V0cyIsInByaSI6ODYsInNpIjoiRFJFU1MgQ0lSQ0xFLUQtOSJ9.JVUMiCO7ybl-VdwxCoVGwWC92nhEFqYFckcbPSdqIuo","row":"D","number":9,"pricing":{"salePrice":[{"value":9000,"currency":"GBP","decimalPlaces":2}],"faceValue":[{"value":7500,"currency":"GBP","decimalPlaces":2}],"percentageDiscount":0,"includesBookingFee":true,"createdAt":"2021-09-20T22:11:43+0000","promotionLabel":null},"attributes":[],"isRestrictedView":false},{"seatIdentifier":"DRESS_CIRCLE-D10","aggregateReference":"eyJ0eXAiOiJKV1QiLCJhbGciOiJIUzI1NiJ9.eyJzdGkiOjcwNzc1MiwicGFpIjoiZW5jb3JldGlja2V0cyIsInByaSI6ODYsInNpIjoiRFJFU1MgQ0lSQ0xFLUQtMTAifQ.EsQ6EtmzttGzEt7eXfz8QmY5XvEEKvlkr2EkJnKHbD4","row":"D","number":10,"pricing":{"salePrice":[{"value":9000,"currency":"GBP","decimalPlaces":2}],"faceValue":[{"value":7500,"currency":"GBP","decimalPlaces":2}],"percentageDiscount":0,"includesBookingFee":true,"createdAt":"2021-09-20T22:11:43+0000","promotionLabel":null},"attributes":[],"isRestrictedView":false},{"seatIdentifier":"DRESS_CIRCLE-D11","aggregateReference":"eyJ0eXAiOiJKV1QiLCJhbGciOiJIUzI1NiJ9.eyJzdGkiOjcwNzc1MiwicGFpIjoiZW5jb3JldGlja2V0cyIsInByaSI6ODYsInNpIjoiRFJFU1MgQ0lSQ0xFLUQtMTEifQ.1ENzKvJYGZryu5WBs4x-LbV-smkezNN4y0XvcRAOu3E","row":"D","number":11,"pricing":{"salePrice":[{"value":9000,"currency":"GBP","decimalPlaces":2}],"faceValue":[{"value":7500,"currency":"GBP","decimalPlaces":2}],"percentageDiscount":0,"includesBookingFee":true,"createdAt":"2021-09-20T22:11:43+0000","promotionLabel":null},"attributes":[],"isRestrictedView":false},{"seatIdentifier":"DRESS_CIRCLE-D12","aggregateReference":"eyJ0eXAiOiJKV1QiLCJhbGciOiJIUzI1NiJ9.eyJzdGkiOjcwNzc1MiwicGFpIjoiZW5jb3JldGlja2V0cyIsInByaSI6ODYsInNpIjoiRFJFU1MgQ0lSQ0xFLUQtMTIifQ.jQHDeo1-rTeujWCsEUTSFcP7xpj2jDUzYx4oXCHMXio","row":"D","number":12,"pricing":{"salePrice":[{"value":9000,"currency":"GBP","decimalPlaces":2}],"faceValue":[{"value":7500,"currency":"GBP","decimalPlaces":2}],"percentageDiscount":0,"includesBookingFee":true,"createdAt":"2021-09-20T22:11:43+0000","promotionLabel":null},"attributes":[],"isRestrictedView":false},{"seatIdentifier":"DRESS_CIRCLE-D13","aggregateReference":"eyJ0eXAiOiJKV1QiLCJhbGciOiJIUzI1NiJ9.eyJzdGkiOjcwNzc1MiwicGFpIjoiZW5jb3JldGlja2V0cyIsInByaSI6ODYsInNpIjoiRFJFU1MgQ0lSQ0xFLUQtMTMifQ.qmzUNqHH5txHPC8EtGBYqcB6dv2kCuHH-tlcipchtOo","row":"D","number":13,"pricing":{"salePrice":[{"value":9000,"currency":"GBP","decimalPlaces":2}],"faceValue":[{"value":7500,"currency":"GBP","decimalPlaces":2}],"percentageDiscount":0,"includesBookingFee":true,"createdAt":"2021-09-20T22:11:43+0000","promotionLabel":null},"attributes":[],"isRestrictedView":false},{"seatIdentifier":"DRESS_CIRCLE-D14","aggregateReference":"eyJ0eXAiOiJKV1QiLCJhbGciOiJIUzI1NiJ9.eyJzdGkiOjcwNzc1MiwicGFpIjoiZW5jb3JldGlja2V0cyIsInByaSI6ODYsInNpIjoiRFJFU1MgQ0lSQ0xFLUQtMTQifQ.XEh_zLWMByINUD4_Qw52VhLPKH9DrbmYcTh0zQOfZls","row":"D","number":14,"pricing":{"salePrice":[{"value":9000,"currency":"GBP","decimalPlaces":2}],"faceValue":[{"value":7500,"currency":"GBP","decimalPlaces":2}],"percentageDiscount":0,"includesBookingFee":true,"createdAt":"2021-09-20T22:11:43+0000","promotionLabel":null},"attributes":[],"isRestrictedView":false},{"seatIdentifier":"DRESS_CIRCLE-D15","aggregateReference":"eyJ0eXAiOiJKV1QiLCJhbGciOiJIUzI1NiJ9.eyJzdGkiOjcwNzc1MiwicGFpIjoiZW5jb3JldGlja2V0cyIsInByaSI6ODYsInNpIjoiRFJFU1MgQ0lSQ0xFLUQtMTUifQ.ASjD1yVy0CBW18AMn04li492QlN874c6uMktPxC9N7w","row":"D","number":15,"pricing":{"salePrice":[{"value":9000,"currency":"GBP","decimalPlaces":2}],"faceValue":[{"value":7500,"currency":"GBP","decimalPlaces":2}],"percentageDiscount":0,"includesBookingFee":true,"createdAt":"2021-09-20T22:11:43+0000","promotionLabel":null},"attributes":[],"isRestrictedView":false},{"seatIdentifier":"DRESS_CIRCLE-D16","aggregateReference":"eyJ0eXAiOiJKV1QiLCJhbGciOiJIUzI1NiJ9.eyJzdGkiOjcwNzc1MiwicGFpIjoiZW5jb3JldGlja2V0cyIsInByaSI6ODYsInNpIjoiRFJFU1MgQ0lSQ0xFLUQtMTYifQ.hNXKGV4LAbPwO6MaaZwH4-M-BbQFSmzJDn3wHaaWAeY","row":"D","number":16,"pricing":{"salePrice":[{"value":9000,"currency":"GBP","decimalPlaces":2}],"faceValue":[{"value":7500,"currency":"GBP","decimalPlaces":2}],"percentageDiscount":0,"includesBookingFee":true,"createdAt":"2021-09-20T22:11:43+0000","promotionLabel":null},"attributes":[],"isRestrictedView":false},{"seatIdentifier":"DRESS_CIRCLE-D17","aggregateReference":"eyJ0eXAiOiJKV1QiLCJhbGciOiJIUzI1NiJ9.eyJzdGkiOjcwNzc1MiwicGFpIjoiZW5jb3JldGlja2V0cyIsInByaSI6ODYsInNpIjoiRFJFU1MgQ0lSQ0xFLUQtMTcifQ.NHFPCxprNXcOXxemBWvS-luNccE9ULZ138c1IKUnuCI","row":"D","number":17,"pricing":{"salePrice":[{"value":9000,"currency":"GBP","decimalPlaces":2}],"faceValue":[{"value":7500,"currency":"GBP","decimalPlaces":2}],"percentageDiscount":0,"includesBookingFee":true,"createdAt":"2021-09-20T22:11:43+0000","promotionLabel":null},"attributes":[],"isRestrictedView":false},{"seatIdentifier":"DRESS_CIRCLE-D18","aggregateReference":"eyJ0eXAiOiJKV1QiLCJhbGciOiJIUzI1NiJ9.eyJzdGkiOjcwNzc1MiwicGFpIjoiZW5jb3JldGlja2V0cyIsInByaSI6ODYsInNpIjoiRFJFU1MgQ0lSQ0xFLUQtMTgifQ.BnXX1XMjulXm8i-t3BPFSD4sEJheG_jalTQYK1sqqpI","row":"D","number":18,"pricing":{"salePrice":[{"value":9000,"currency":"GBP","decimalPlaces":2}],"faceValue":[{"value":7500,"currency":"GBP","decimalPlaces":2}],"percentageDiscount":0,"includesBookingFee":true,"createdAt":"2021-09-20T22:11:43+0000","promotionLabel":null},"attributes":[],"isRestrictedView":false},{"seatIdentifier":"DRESS_CIRCLE-D19","aggregateReference":"eyJ0eXAiOiJKV1QiLCJhbGciOiJIUzI1NiJ9.eyJzdGkiOjcwNzc1MiwicGFpIjoiZW5jb3JldGlja2V0cyIsInByaSI6ODYsInNpIjoiRFJFU1MgQ0lSQ0xFLUQtMTkifQ.OiBd_cy39xenh0fY65sq80-zVBIMOGiwbB5DY3PdcfE","row":"D","number":19,"pricing":{"salePrice":[{"value":9000,"currency":"GBP","decimalPlaces":2}],"faceValue":[{"value":7500,"currency":"GBP","decimalPlaces":2}],"percentageDiscount":0,"includesBookingFee":true,"createdAt":"2021-09-20T22:11:43+0000","promotionLabel":null},"attributes":[],"isRestrictedView":false},{"seatIdentifier":"DRESS_CIRCLE-D20","aggregateReference":"eyJ0eXAiOiJKV1QiLCJhbGciOiJIUzI1NiJ9.eyJzdGkiOjcwNzc1MiwicGFpIjoiZW5jb3JldGlja2V0cyIsInByaSI6ODYsInNpIjoiRFJFU1MgQ0lSQ0xFLUQtMjAifQ.hRJeN7Anri0Y6P0PzLYvswSMcBi3Cpz_ZH2VG0G3mUM","row":"D","number":20,"pricing":{"salePrice":[{"value":9000,"currency":"GBP","decimalPlaces":2}],"faceValue":[{"value":7500,"currency":"GBP","decimalPlaces":2}],"percentageDiscount":0,"includesBookingFee":true,"createdAt":"2021-09-20T22:11:43+0000","promotionLabel":null},"attributes":[],"isRestrictedView":false},{"seatIdentifier":"DRESS_CIRCLE-D21","aggregateReference":"eyJ0eXAiOiJKV1QiLCJhbGciOiJIUzI1NiJ9.eyJzdGkiOjcwNzc1MiwicGFpIjoiZW5jb3JldGlja2V0cyIsInByaSI6ODYsInNpIjoiRFJFU1MgQ0lSQ0xFLUQtMjEifQ.GeiTiKV6FdVZcEXYzhI1ZNZbVgt_kvVIS6ngN7c12JQ","row":"D","number":21,"pricing":{"salePrice":[{"value":9000,"currency":"GBP","decimalPlaces":2}],"faceValue":[{"value":7500,"currency":"GBP","decimalPlaces":2}],"percentageDiscount":0,"includesBookingFee":true,"createdAt":"2021-09-20T22:11:43+0000","promotionLabel":null},"attributes":[],"isRestrictedView":false},{"seatIdentifier":"DRESS_CIRCLE-D22","aggregateReference":"eyJ0eXAiOiJKV1QiLCJhbGciOiJIUzI1NiJ9.eyJzdGkiOjcwNzc1MiwicGFpIjoiZW5jb3JldGlja2V0cyIsInByaSI6ODYsInNpIjoiRFJFU1MgQ0lSQ0xFLUQtMjIifQ.iVzNI93T44jkqMDDpr4QRrAn6iPAFvyHyJsostBqu44","row":"D","number":22,"pricing":{"salePrice":[{"value":9000,"currency":"GBP","decimalPlaces":2}],"faceValue":[{"value":7500,"currency":"GBP","decimalPlaces":2}],"percentageDiscount":0,"includesBookingFee":true,"createdAt":"2021-09-20T22:11:43+0000","promotionLabel":null},"attributes":[],"isRestrictedView":false},{"seatIdentifier":"DRESS_CIRCLE-D23","aggregateReference":"eyJ0eXAiOiJKV1QiLCJhbGciOiJIUzI1NiJ9.eyJzdGkiOjcwNzc1MiwicGFpIjoiZW5jb3JldGlja2V0cyIsInByaSI6ODYsInNpIjoiRFJFU1MgQ0lSQ0xFLUQtMjMifQ.p-jy1OE3UTXRkhfKVCErC-DmLdjoQiUn3EcCVNx2New","row":"D","number":23,"pricing":{"salePrice":[{"value":9000,"currency":"GBP","decimalPlaces":2}],"faceValue":[{"value":7500,"currency":"GBP","decimalPlaces":2}],"percentageDiscount":0,"includesBookingFee":true,"createdAt":"2021-09-20T22:11:43+0000","promotionLabel":null},"attributes":[],"isRestrictedView":false},{"seatIdentifier":"DRESS_CIRCLE-D24","aggregateReference":"eyJ0eXAiOiJKV1QiLCJhbGciOiJIUzI1NiJ9.eyJzdGkiOjcwNzc1MiwicGFpIjoiZW5jb3JldGlja2V0cyIsInByaSI6ODYsInNpIjoiRFJFU1MgQ0lSQ0xFLUQtMjQifQ.7LmEoNtSa2bvpZnQoMoaRuWzHrDVoIM06htW_5JbD38","row":"D","number":24,"pricing":{"salePrice":[{"value":9000,"currency":"GBP","decimalPlaces":2}],"faceValue":[{"value":7500,"currency":"GBP","decimalPlaces":2}],"percentageDiscount":0,"includesBookingFee":true,"createdAt":"2021-09-20T22:11:43+0000","promotionLabel":null},"attributes":[],"isRestrictedView":false},{"seatIdentifier":"DRESS_CIRCLE-D25","aggregateReference":"eyJ0eXAiOiJKV1QiLCJhbGciOiJIUzI1NiJ9.eyJzdGkiOjcwNzc1MiwicGFpIjoiZW5jb3JldGlja2V0cyIsInByaSI6ODYsInNpIjoiRFJFU1MgQ0lSQ0xFLUQtMjUifQ.PEN3aiLRgWb3vHztYA09q0vDO898Qc765GB6TtZbxrk","row":"D","number":25,"pricing":{"salePrice":[{"value":9000,"currency":"GBP","decimalPlaces":2}],"faceValue":[{"value":7500,"currency":"GBP","decimalPlaces":2}],"percentageDiscount":0,"includesBookingFee":true,"createdAt":"2021-09-20T22:11:43+0000","promotionLabel":null},"attributes":[],"isRestrictedView":false},{"seatIdentifier":"DRESS_CIRCLE-D26","aggregateReference":"eyJ0eXAiOiJKV1QiLCJhbGciOiJIUzI1NiJ9.eyJzdGkiOjcwNzc1MiwicGFpIjoiZW5jb3JldGlja2V0cyIsInByaSI6ODYsInNpIjoiRFJFU1MgQ0lSQ0xFLUQtMjYifQ.nDwM88XxJg0YPRM7x96upcTs1L0qjUgrkyK-RhhIcvQ","row":"D","number":26,"pricing":{"salePrice":[{"value":9000,"currency":"GBP","decimalPlaces":2}],"faceValue":[{"value":7500,"currency":"GBP","decimalPlaces":2}],"percentageDiscount":0,"includesBookingFee":true,"createdAt":"2021-09-20T22:11:43+0000","promotionLabel":null},"attributes":[{"title":"EndOfRow","description":"Seat at end of row","intention":"positive"}],"isRestrictedView":false}],"seatLumps":[{"seats":["DRESS_CIRCLE-D1","DRESS_CIRCLE-D2"]},{"seats":["DRESS_CIRCLE-D3","DRESS_CIRCLE-D4"]},{"seats":["DRESS_CIRCLE-D4","DRESS_CIRCLE-D5"]},{"seats":["DRESS_CIRCLE-D5","DRESS_CIRCLE-D6"]},{"seats":["DRESS_CIRCLE-D6","DRESS_CIRCLE-D7"]},{"seats":["DRESS_CIRCLE-D7","DRESS_CIRCLE-D8"]},{"seats":["DRESS_CIRCLE-D8","DRESS_CIRCLE-D9"]},{"seats":["DRESS_CIRCLE-D9","DRESS_CIRCLE-D10"]},{"seats":["DRESS_CIRCLE-D10","DRESS_CIRCLE-D11"]},{"seats":["DRESS_CIRCLE-D11","DRESS_CIRCLE-D12"]},{"seats":["DRESS_CIRCLE-D12","DRESS_CIRCLE-D13"]},{"seats":["DRESS_CIRCLE-D13","DRESS_CIRCLE-D14"]},{"seats":["DRESS_CIRCLE-D14","DRESS_CIRCLE-D15"]},{"seats":["DRESS_CIRCLE-D15","DRESS_CIRCLE-D16"]},{"seats":["DRESS_CIRCLE-D16","DRESS_CIRCLE-D17"]},{"seats":["DRESS_CIRCLE-D17","DRESS_CIRCLE-D18"]},{"seats":["DRESS_CIRCLE-D18","DRESS_CIRCLE-D19"]},{"seats":["DRESS_CIRCLE-D19","DRESS_CIRCLE-D20"]},{"seats":["DRESS_CIRCLE-D20","DRESS_CIRCLE-D21"]},{"seats":["DRESS_CIRCLE-D21","DRESS_CIRCLE-D22"]},{"seats":["DRESS_CIRCLE-D22","DRESS_CIRCLE-D23"]},{"seats":["DRESS_CIRCLE-D23","DRESS_CIRCLE-D24"]},{"seats":["DRESS_CIRCLE-D25","DRESS_CIRCLE-D26"]}]},{"groupIdentifier":"DRESS CIRCLE~E1;26","aggregateReference":null,"row":"E","mode":"allocated","seatNumberStart":1,"seatNumberEnd":26,"availableCount":26,"pricing":{"salePrice":[{"value":9000,"currency":"GBP","decimalPlaces":2}],"faceValue":[{"value":7500,"currency":"GBP","decimalPlaces":2}],"percentageDiscount":0,"includesBookingFee":true,"createdAt":"2021-09-20T22:11:43+0000","promotionLabel":null},"seats":[{"seatIdentifier":"DRESS_CIRCLE-E1","aggregateReference":"eyJ0eXAiOiJKV1QiLCJhbGciOiJIUzI1NiJ9.eyJzdGkiOjcwNzc1MiwicGFpIjoiZW5jb3JldGlja2V0cyIsInByaSI6ODYsInNpIjoiRFJFU1MgQ0lSQ0xFLUUtMSJ9.38w2_yF3DYzfPcVVqq8JU6t0xwAFg9NQBvBUjxQmQrA","row":"E","number":1,"pricing":{"salePrice":[{"value":9000,"currency":"GBP","decimalPlaces":2}],"faceValue":[{"value":7500,"currency":"GBP","decimalPlaces":2}],"percentageDiscount":0,"includesBookingFee":true,"createdAt":"2021-09-20T22:11:43+0000","promotionLabel":null},"attributes":[{"title":"EndOfRow","description":"Seat at end of row","intention":"positive"}],"isRestrictedView":false},{"seatIdentifier":"DRESS_CIRCLE-E2","aggregateReference":"eyJ0eXAiOiJKV1QiLCJhbGciOiJIUzI1NiJ9.eyJzdGkiOjcwNzc1MiwicGFpIjoiZW5jb3JldGlja2V0cyIsInByaSI6ODYsInNpIjoiRFJFU1MgQ0lSQ0xFLUUtMiJ9.6Y29QSaEJ_kDpaAbpD4kXsLpTeHwm4uMy9UXRPgSxZY","row":"E","number":2,"pricing":{"salePrice":[{"value":9000,"currency":"GBP","decimalPlaces":2}],"faceValue":[{"value":7500,"currency":"GBP","decimalPlaces":2}],"percentageDiscount":0,"includesBookingFee":true,"createdAt":"2021-09-20T22:11:43+0000","promotionLabel":null},"attributes":[],"isRestrictedView":false},{"seatIdentifier":"DRESS_CIRCLE-E3","aggregateReference":"eyJ0eXAiOiJKV1QiLCJhbGciOiJIUzI1NiJ9.eyJzdGkiOjcwNzc1MiwicGFpIjoiZW5jb3JldGlja2V0cyIsInByaSI6ODYsInNpIjoiRFJFU1MgQ0lSQ0xFLUUtMyJ9.eyTF5ZxEmv4rttUyS72KAkZRVbglq2hzK5KWSipu274","row":"E","number":3,"pricing":{"salePrice":[{"value":9000,"currency":"GBP","decimalPlaces":2}],"faceValue":[{"value":7500,"currency":"GBP","decimalPlaces":2}],"percentageDiscount":0,"includesBookingFee":true,"createdAt":"2021-09-20T22:11:43+0000","promotionLabel":null},"attributes":[],"isRestrictedView":false},{"seatIdentifier":"DRESS_CIRCLE-E4","aggregateReference":"eyJ0eXAiOiJKV1QiLCJhbGciOiJIUzI1NiJ9.eyJzdGkiOjcwNzc1MiwicGFpIjoiZW5jb3JldGlja2V0cyIsInByaSI6ODYsInNpIjoiRFJFU1MgQ0lSQ0xFLUUtNCJ9.9dFVlzKSqgdTSOBcsdACcOSKyYCZd80rvUIZ1ujuOfM","row":"E","number":4,"pricing":{"salePrice":[{"value":9000,"currency":"GBP","decimalPlaces":2}],"faceValue":[{"value":7500,"currency":"GBP","decimalPlaces":2}],"percentageDiscount":0,"includesBookingFee":true,"createdAt":"2021-09-20T22:11:43+0000","promotionLabel":null},"attributes":[],"isRestrictedView":false},{"seatIdentifier":"DRESS_CIRCLE-E5","aggregateReference":"eyJ0eXAiOiJKV1QiLCJhbGciOiJIUzI1NiJ9.eyJzdGkiOjcwNzc1MiwicGFpIjoiZW5jb3JldGlja2V0cyIsInByaSI6ODYsInNpIjoiRFJFU1MgQ0lSQ0xFLUUtNSJ9.UHv8syrZH0czjHDpaKI9DEV87kZykjygKNNq1FHZLFc","row":"E","number":5,"pricing":{"salePrice":[{"value":9000,"currency":"GBP","decimalPlaces":2}],"faceValue":[{"value":7500,"currency":"GBP","decimalPlaces":2}],"percentageDiscount":0,"includesBookingFee":true,"createdAt":"2021-09-20T22:11:43+0000","promotionLabel":null},"attributes":[],"isRestrictedView":false},{"seatIdentifier":"DRESS_CIRCLE-E6","aggregateReference":"eyJ0eXAiOiJKV1QiLCJhbGciOiJIUzI1NiJ9.eyJzdGkiOjcwNzc1MiwicGFpIjoiZW5jb3JldGlja2V0cyIsInByaSI6ODYsInNpIjoiRFJFU1MgQ0lSQ0xFLUUtNiJ9.TSrmvvQ6SkX_-JL6BA4HWtbvEKaUIABuuPXhSoGjPZg","row":"E","number":6,"pricing":{"salePrice":[{"value":9000,"currency":"GBP","decimalPlaces":2}],"faceValue":[{"value":7500,"currency":"GBP","decimalPlaces":2}],"percentageDiscount":0,"includesBookingFee":true,"createdAt":"2021-09-20T22:11:43+0000","promotionLabel":null},"attributes":[],"isRestrictedView":false},{"seatIdentifier":"DRESS_CIRCLE-E7","aggregateReference":"eyJ0eXAiOiJKV1QiLCJhbGciOiJIUzI1NiJ9.eyJzdGkiOjcwNzc1MiwicGFpIjoiZW5jb3JldGlja2V0cyIsInByaSI6ODYsInNpIjoiRFJFU1MgQ0lSQ0xFLUUtNyJ9.aFnsgUk5XRc4sXiBjSDoX1HUdOIODW-QKvZifYnFURQ","row":"E","number":7,"pricing":{"salePrice":[{"value":9000,"currency":"GBP","decimalPlaces":2}],"faceValue":[{"value":7500,"currency":"GBP","decimalPlaces":2}],"percentageDiscount":0,"includesBookingFee":true,"createdAt":"2021-09-20T22:11:43+0000","promotionLabel":null},"attributes":[],"isRestrictedView":false},{"seatIdentifier":"DRESS_CIRCLE-E8","aggregateReference":"eyJ0eXAiOiJKV1QiLCJhbGciOiJIUzI1NiJ9.eyJzdGkiOjcwNzc1MiwicGFpIjoiZW5jb3JldGlja2V0cyIsInByaSI6ODYsInNpIjoiRFJFU1MgQ0lSQ0xFLUUtOCJ9.WQTp3RJYIAjnMmbOirqsye_Or3UWYqqjy7wQ1FeUoXk","row":"E","number":8,"pricing":{"salePrice":[{"value":9000,"currency":"GBP","decimalPlaces":2}],"faceValue":[{"value":7500,"currency":"GBP","decimalPlaces":2}],"percentageDiscount":0,"includesBookingFee":true,"createdAt":"2021-09-20T22:11:43+0000","promotionLabel":null},"attributes":[],"isRestrictedView":false},{"seatIdentifier":"DRESS_CIRCLE-E9","aggregateReference":"eyJ0eXAiOiJKV1QiLCJhbGciOiJIUzI1NiJ9.eyJzdGkiOjcwNzc1MiwicGFpIjoiZW5jb3JldGlja2V0cyIsInByaSI6ODYsInNpIjoiRFJFU1MgQ0lSQ0xFLUUtOSJ9.0UTfPxlG_eCZKzlCOR84aQYkfFjhybriUi_Oup1U4nc","row":"E","number":9,"pricing":{"salePrice":[{"value":9000,"currency":"GBP","decimalPlaces":2}],"faceValue":[{"value":7500,"currency":"GBP","decimalPlaces":2}],"percentageDiscount":0,"includesBookingFee":true,"createdAt":"2021-09-20T22:11:43+0000","promotionLabel":null},"attributes":[],"isRestrictedView":false},{"seatIdentifier":"DRESS_CIRCLE-E10","aggregateReference":"eyJ0eXAiOiJKV1QiLCJhbGciOiJIUzI1NiJ9.eyJzdGkiOjcwNzc1MiwicGFpIjoiZW5jb3JldGlja2V0cyIsInByaSI6ODYsInNpIjoiRFJFU1MgQ0lSQ0xFLUUtMTAifQ.caLkUYyvrqaHJyMWOtynJP8FQcmQEOrO4yeKqaL8w-E","row":"E","number":10,"pricing":{"salePrice":[{"value":9000,"currency":"GBP","decimalPlaces":2}],"faceValue":[{"value":7500,"currency":"GBP","decimalPlaces":2}],"percentageDiscount":0,"includesBookingFee":true,"createdAt":"2021-09-20T22:11:43+0000","promotionLabel":null},"attributes":[],"isRestrictedView":false},{"seatIdentifier":"DRESS_CIRCLE-E11","aggregateReference":"eyJ0eXAiOiJKV1QiLCJhbGciOiJIUzI1NiJ9.eyJzdGkiOjcwNzc1MiwicGFpIjoiZW5jb3JldGlja2V0cyIsInByaSI6ODYsInNpIjoiRFJFU1MgQ0lSQ0xFLUUtMTEifQ.6L5mBfF2YGXvXjfC_hyrlchIg2cKRavKFaCQuYA2Bn8","row":"E","number":11,"pricing":{"salePrice":[{"value":9000,"currency":"GBP","decimalPlaces":2}],"faceValue":[{"value":7500,"currency":"GBP","decimalPlaces":2}],"percentageDiscount":0,"includesBookingFee":true,"createdAt":"2021-09-20T22:11:43+0000","promotionLabel":null},"attributes":[],"isRestrictedView":false},{"seatIdentifier":"DRESS_CIRCLE-E12","aggregateReference":"eyJ0eXAiOiJKV1QiLCJhbGciOiJIUzI1NiJ9.eyJzdGkiOjcwNzc1MiwicGFpIjoiZW5jb3JldGlja2V0cyIsInByaSI6ODYsInNpIjoiRFJFU1MgQ0lSQ0xFLUUtMTIifQ.QXNyDeYgK6I1-cJ5ABMNI9vxw1t0cpNz42rknpnWZI4","row":"E","number":12,"pricing":{"salePrice":[{"value":9000,"currency":"GBP","decimalPlaces":2}],"faceValue":[{"value":7500,"currency":"GBP","decimalPlaces":2}],"percentageDiscount":0,"includesBookingFee":true,"createdAt":"2021-09-20T22:11:43+0000","promotionLabel":null},"attributes":[],"isRestrictedView":false},{"seatIdentifier":"DRESS_CIRCLE-E13","aggregateReference":"eyJ0eXAiOiJKV1QiLCJhbGciOiJIUzI1NiJ9.eyJzdGkiOjcwNzc1MiwicGFpIjoiZW5jb3JldGlja2V0cyIsInByaSI6ODYsInNpIjoiRFJFU1MgQ0lSQ0xFLUUtMTMifQ.8Tb2wqnZAXSg4kTOMl4_Qboz6Mh5CJ1V9rHyyES_UgY","row":"E","number":13,"pricing":{"salePrice":[{"value":9000,"currency":"GBP","decimalPlaces":2}],"faceValue":[{"value":7500,"currency":"GBP","decimalPlaces":2}],"percentageDiscount":0,"includesBookingFee":true,"createdAt":"2021-09-20T22:11:43+0000","promotionLabel":null},"attributes":[],"isRestrictedView":false},{"seatIdentifier":"DRESS_CIRCLE-E14","aggregateReference":"eyJ0eXAiOiJKV1QiLCJhbGciOiJIUzI1NiJ9.eyJzdGkiOjcwNzc1MiwicGFpIjoiZW5jb3JldGlja2V0cyIsInByaSI6ODYsInNpIjoiRFJFU1MgQ0lSQ0xFLUUtMTQifQ.UOHTxFWJMMeV1_aPCR0a_oojwblBMoEHOM4n8l5E9vA","row":"E","number":14,"pricing":{"salePrice":[{"value":9000,"currency":"GBP","decimalPlaces":2}],"faceValue":[{"value":7500,"currency":"GBP","decimalPlaces":2}],"percentageDiscount":0,"includesBookingFee":true,"createdAt":"2021-09-20T22:11:43+0000","promotionLabel":null},"attributes":[],"isRestrictedView":false},{"seatIdentifier":"DRESS_CIRCLE-E15","aggregateReference":"eyJ0eXAiOiJKV1QiLCJhbGciOiJIUzI1NiJ9.eyJzdGkiOjcwNzc1MiwicGFpIjoiZW5jb3JldGlja2V0cyIsInByaSI6ODYsInNpIjoiRFJFU1MgQ0lSQ0xFLUUtMTUifQ.vedkr_DPkOZGfLYFKwaXoCoNhdnXumv5oPGL5mLX3TQ","row":"E","number":15,"pricing":{"salePrice":[{"value":9000,"currency":"GBP","decimalPlaces":2}],"faceValue":[{"value":7500,"currency":"GBP","decimalPlaces":2}],"percentageDiscount":0,"includesBookingFee":true,"createdAt":"2021-09-20T22:11:43+0000","promotionLabel":null},"attributes":[],"isRestrictedView":false},{"seatIdentifier":"DRESS_CIRCLE-E16","aggregateReference":"eyJ0eXAiOiJKV1QiLCJhbGciOiJIUzI1NiJ9.eyJzdGkiOjcwNzc1MiwicGFpIjoiZW5jb3JldGlja2V0cyIsInByaSI6ODYsInNpIjoiRFJFU1MgQ0lSQ0xFLUUtMTYifQ.eBhTYvoFh07c7OKYsjViWe_AvdvjqhvtQ1CwmDw27Ck","row":"E","number":16,"pricing":{"salePrice":[{"value":9000,"currency":"GBP","decimalPlaces":2}],"faceValue":[{"value":7500,"currency":"GBP","decimalPlaces":2}],"percentageDiscount":0,"includesBookingFee":true,"createdAt":"2021-09-20T22:11:43+0000","promotionLabel":null},"attributes":[],"isRestrictedView":false},{"seatIdentifier":"DRESS_CIRCLE-E17","aggregateReference":"eyJ0eXAiOiJKV1QiLCJhbGciOiJIUzI1NiJ9.eyJzdGkiOjcwNzc1MiwicGFpIjoiZW5jb3JldGlja2V0cyIsInByaSI6ODYsInNpIjoiRFJFU1MgQ0lSQ0xFLUUtMTcifQ.VFZWXiiSDuZGpNqRInFhQhV3sO0Zvjv0mH-KYTAd38Y","row":"E","number":17,"pricing":{"salePrice":[{"value":9000,"currency":"GBP","decimalPlaces":2}],"faceValue":[{"value":7500,"currency":"GBP","decimalPlaces":2}],"percentageDiscount":0,"includesBookingFee":true,"createdAt":"2021-09-20T22:11:43+0000","promotionLabel":null},"attributes":[],"isRestrictedView":false},{"seatIdentifier":"DRESS_CIRCLE-E18","aggregateReference":"eyJ0eXAiOiJKV1QiLCJhbGciOiJIUzI1NiJ9.eyJzdGkiOjcwNzc1MiwicGFpIjoiZW5jb3JldGlja2V0cyIsInByaSI6ODYsInNpIjoiRFJFU1MgQ0lSQ0xFLUUtMTgifQ.Eiz5Fs2EU0HnMSn1Z2snX_PHcevVbYlAkN7g43sH05I","row":"E","number":18,"pricing":{"salePrice":[{"value":9000,"currency":"GBP","decimalPlaces":2}],"faceValue":[{"value":7500,"currency":"GBP","decimalPlaces":2}],"percentageDiscount":0,"includesBookingFee":true,"createdAt":"2021-09-20T22:11:43+0000","promotionLabel":null},"attributes":[],"isRestrictedView":false},{"seatIdentifier":"DRESS_CIRCLE-E19","aggregateReference":"eyJ0eXAiOiJKV1QiLCJhbGciOiJIUzI1NiJ9.eyJzdGkiOjcwNzc1MiwicGFpIjoiZW5jb3JldGlja2V0cyIsInByaSI6ODYsInNpIjoiRFJFU1MgQ0lSQ0xFLUUtMTkifQ.ZLaSaXx8Hsq0xHO1XEfIQr567ED1FhOEt0-_eyPtHjI","row":"E","number":19,"pricing":{"salePrice":[{"value":9000,"currency":"GBP","decimalPlaces":2}],"faceValue":[{"value":7500,"currency":"GBP","decimalPlaces":2}],"percentageDiscount":0,"includesBookingFee":true,"createdAt":"2021-09-20T22:11:43+0000","promotionLabel":null},"attributes":[],"isRestrictedView":false},{"seatIdentifier":"DRESS_CIRCLE-E20","aggregateReference":"eyJ0eXAiOiJKV1QiLCJhbGciOiJIUzI1NiJ9.eyJzdGkiOjcwNzc1MiwicGFpIjoiZW5jb3JldGlja2V0cyIsInByaSI6ODYsInNpIjoiRFJFU1MgQ0lSQ0xFLUUtMjAifQ.czYw39Wtt2zCRklP1FhU7rpRoYd0rv3Gpsu5KJYmWEQ","row":"E","number":20,"pricing":{"salePrice":[{"value":9000,"currency":"GBP","decimalPlaces":2}],"faceValue":[{"value":7500,"currency":"GBP","decimalPlaces":2}],"percentageDiscount":0,"includesBookingFee":true,"createdAt":"2021-09-20T22:11:43+0000","promotionLabel":null},"attributes":[],"isRestrictedView":false},{"seatIdentifier":"DRESS_CIRCLE-E21","aggregateReference":"eyJ0eXAiOiJKV1QiLCJhbGciOiJIUzI1NiJ9.eyJzdGkiOjcwNzc1MiwicGFpIjoiZW5jb3JldGlja2V0cyIsInByaSI6ODYsInNpIjoiRFJFU1MgQ0lSQ0xFLUUtMjEifQ.RnTykQk3F3pfq0UwMvbNb7YV6_MoeFisP_KfstKWOlw","row":"E","number":21,"pricing":{"salePrice":[{"value":9000,"currency":"GBP","decimalPlaces":2}],"faceValue":[{"value":7500,"currency":"GBP","decimalPlaces":2}],"percentageDiscount":0,"includesBookingFee":true,"createdAt":"2021-09-20T22:11:43+0000","promotionLabel":null},"attributes":[],"isRestrictedView":false},{"seatIdentifier":"DRESS_CIRCLE-E22","aggregateReference":"eyJ0eXAiOiJKV1QiLCJhbGciOiJIUzI1NiJ9.eyJzdGkiOjcwNzc1MiwicGFpIjoiZW5jb3JldGlja2V0cyIsInByaSI6ODYsInNpIjoiRFJFU1MgQ0lSQ0xFLUUtMjIifQ.N4SAZK2ff7SBDV_0OAPs84RkDgKxFMB3hNrOSC_tZH8","row":"E","number":22,"pricing":{"salePrice":[{"value":9000,"currency":"GBP","decimalPlaces":2}],"faceValue":[{"value":7500,"currency":"GBP","decimalPlaces":2}],"percentageDiscount":0,"includesBookingFee":true,"createdAt":"2021-09-20T22:11:43+0000","promotionLabel":null},"attributes":[],"isRestrictedView":false},{"seatIdentifier":"DRESS_CIRCLE-E23","aggregateReference":"eyJ0eXAiOiJKV1QiLCJhbGciOiJIUzI1NiJ9.eyJzdGkiOjcwNzc1MiwicGFpIjoiZW5jb3JldGlja2V0cyIsInByaSI6ODYsInNpIjoiRFJFU1MgQ0lSQ0xFLUUtMjMifQ.mVwnYiUaZNCCQFvr7lAvhqO7TZowkm4FkVM3J2Li74o","row":"E","number":23,"pricing":{"salePrice":[{"value":9000,"currency":"GBP","decimalPlaces":2}],"faceValue":[{"value":7500,"currency":"GBP","decimalPlaces":2}],"percentageDiscount":0,"includesBookingFee":true,"createdAt":"2021-09-20T22:11:43+0000","promotionLabel":null},"attributes":[],"isRestrictedView":false},{"seatIdentifier":"DRESS_CIRCLE-E24","aggregateReference":"eyJ0eXAiOiJKV1QiLCJhbGciOiJIUzI1NiJ9.eyJzdGkiOjcwNzc1MiwicGFpIjoiZW5jb3JldGlja2V0cyIsInByaSI6ODYsInNpIjoiRFJFU1MgQ0lSQ0xFLUUtMjQifQ.TWLLBok9t-UNt33DkEViZkfJiCi-wTifz1MXvyQATcQ","row":"E","number":24,"pricing":{"salePrice":[{"value":9000,"currency":"GBP","decimalPlaces":2}],"faceValue":[{"value":7500,"currency":"GBP","decimalPlaces":2}],"percentageDiscount":0,"includesBookingFee":true,"createdAt":"2021-09-20T22:11:43+0000","promotionLabel":null},"attributes":[],"isRestrictedView":false},{"seatIdentifier":"DRESS_CIRCLE-E25","aggregateReference":"eyJ0eXAiOiJKV1QiLCJhbGciOiJIUzI1NiJ9.eyJzdGkiOjcwNzc1MiwicGFpIjoiZW5jb3JldGlja2V0cyIsInByaSI6ODYsInNpIjoiRFJFU1MgQ0lSQ0xFLUUtMjUifQ.tQQlDRwQ7xix_BHFaW5RPaec-T6PTwx7dPkq79nhs5g","row":"E","number":25,"pricing":{"salePrice":[{"value":9000,"currency":"GBP","decimalPlaces":2}],"faceValue":[{"value":7500,"currency":"GBP","decimalPlaces":2}],"percentageDiscount":0,"includesBookingFee":true,"createdAt":"2021-09-20T22:11:43+0000","promotionLabel":null},"attributes":[],"isRestrictedView":false},{"seatIdentifier":"DRESS_CIRCLE-E26","aggregateReference":"eyJ0eXAiOiJKV1QiLCJhbGciOiJIUzI1NiJ9.eyJzdGkiOjcwNzc1MiwicGFpIjoiZW5jb3JldGlja2V0cyIsInByaSI6ODYsInNpIjoiRFJFU1MgQ0lSQ0xFLUUtMjYifQ.vNgy96J1rqy9FDFH7BHDDQFqEF_5h_5O3dFTM0VmiBY","row":"E","number":26,"pricing":{"salePrice":[{"value":9000,"currency":"GBP","decimalPlaces":2}],"faceValue":[{"value":7500,"currency":"GBP","decimalPlaces":2}],"percentageDiscount":0,"includesBookingFee":true,"createdAt":"2021-09-20T22:11:43+0000","promotionLabel":null},"attributes":[{"title":"EndOfRow","description":"Seat at end of row","intention":"positive"}],"isRestrictedView":false}],"seatLumps":[{"seats":["DRESS_CIRCLE-E1","DRESS_CIRCLE-E2"]},{"seats":["DRESS_CIRCLE-E3","DRESS_CIRCLE-E4"]},{"seats":["DRESS_CIRCLE-E4","DRESS_CIRCLE-E5"]},{"seats":["DRESS_CIRCLE-E5","DRESS_CIRCLE-E6"]},{"seats":["DRESS_CIRCLE-E6","DRESS_CIRCLE-E7"]},{"seats":["DRESS_CIRCLE-E7","DRESS_CIRCLE-E8"]},{"seats":["DRESS_CIRCLE-E8","DRESS_CIRCLE-E9"]},{"seats":["DRESS_CIRCLE-E9","DRESS_CIRCLE-E10"]},{"seats":["DRESS_CIRCLE-E10","DRESS_CIRCLE-E11"]},{"seats":["DRESS_CIRCLE-E11","DRESS_CIRCLE-E12"]},{"seats":["DRESS_CIRCLE-E12","DRESS_CIRCLE-E13"]},{"seats":["DRESS_CIRCLE-E13","DRESS_CIRCLE-E14"]},{"seats":["DRESS_CIRCLE-E14","DRESS_CIRCLE-E15"]},{"seats":["DRESS_CIRCLE-E15","DRESS_CIRCLE-E16"]},{"seats":["DRESS_CIRCLE-E16","DRESS_CIRCLE-E17"]},{"seats":["DRESS_CIRCLE-E17","DRESS_CIRCLE-E18"]},{"seats":["DRESS_CIRCLE-E18","DRESS_CIRCLE-E19"]},{"seats":["DRESS_CIRCLE-E19","DRESS_CIRCLE-E20"]},{"seats":["DRESS_CIRCLE-E20","DRESS_CIRCLE-E21"]},{"seats":["DRESS_CIRCLE-E21","DRESS_CIRCLE-E22"]},{"seats":["DRESS_CIRCLE-E22","DRESS_CIRCLE-E23"]},{"seats":["DRESS_CIRCLE-E23","DRESS_CIRCLE-E24"]},{"seats":["DRESS_CIRCLE-E25","DRESS_CIRCLE-E26"]}]},{"groupIdentifier":"DRESS CIRCLE~F1;12","aggregateReference":null,"row":"F","mode":"allocated","seatNumberStart":1,"seatNumberEnd":12,"availableCount":12,"pricing":{"salePrice":[{"value":9000,"currency":"GBP","decimalPlaces":2}],"faceValue":[{"value":7500,"currency":"GBP","decimalPlaces":2}],"percentageDiscount":0,"includesBookingFee":true,"createdAt":"2021-09-20T22:11:43+0000","promotionLabel":null},"seats":[{"seatIdentifier":"DRESS_CIRCLE-F1","aggregateReference":"eyJ0eXAiOiJKV1QiLCJhbGciOiJIUzI1NiJ9.eyJzdGkiOjcwNzc1MiwicGFpIjoiZW5jb3JldGlja2V0cyIsInByaSI6ODYsInNpIjoiRFJFU1MgQ0lSQ0xFLUYtMSJ9.ezMr0Y6xqHm7CvSDTstgLA1zNSZzeu3OtDRXbAYyRIs","row":"F","number":1,"pricing":{"salePrice":[{"value":9000,"currency":"GBP","decimalPlaces":2}],"faceValue":[{"value":7500,"currency":"GBP","decimalPlaces":2}],"percentageDiscount":0,"includesBookingFee":true,"createdAt":"2021-09-20T22:11:43+0000","promotionLabel":null},"attributes":[{"title":"EndOfRow","description":"Seat at end of row","intention":"positive"}],"isRestrictedView":false},{"seatIdentifier":"DRESS_CIRCLE-F2","aggregateReference":"eyJ0eXAiOiJKV1QiLCJhbGciOiJIUzI1NiJ9.eyJzdGkiOjcwNzc1MiwicGFpIjoiZW5jb3JldGlja2V0cyIsInByaSI6ODYsInNpIjoiRFJFU1MgQ0lSQ0xFLUYtMiJ9.UDq3F7wUJzX8UlOlJjKeI-bCXilch5FlcSwhgi2lxfc","row":"F","number":2,"pricing":{"salePrice":[{"value":9000,"currency":"GBP","decimalPlaces":2}],"faceValue":[{"value":7500,"currency":"GBP","decimalPlaces":2}],"percentageDiscount":0,"includesBookingFee":true,"createdAt":"2021-09-20T22:11:43+0000","promotionLabel":null},"attributes":[],"isRestrictedView":false},{"seatIdentifier":"DRESS_CIRCLE-F3","aggregateReference":"eyJ0eXAiOiJKV1QiLCJhbGciOiJIUzI1NiJ9.eyJzdGkiOjcwNzc1MiwicGFpIjoiZW5jb3JldGlja2V0cyIsInByaSI6ODYsInNpIjoiRFJFU1MgQ0lSQ0xFLUYtMyJ9.xoFBw74q3S_ef9Uwm7ggqtjA0YMJfI6I2FKStw_4IKI","row":"F","number":3,"pricing":{"salePrice":[{"value":9000,"currency":"GBP","decimalPlaces":2}],"faceValue":[{"value":7500,"currency":"GBP","decimalPlaces":2}],"percentageDiscount":0,"includesBookingFee":true,"createdAt":"2021-09-20T22:11:43+0000","promotionLabel":null},"attributes":[],"isRestrictedView":false},{"seatIdentifier":"DRESS_CIRCLE-F4","aggregateReference":"eyJ0eXAiOiJKV1QiLCJhbGciOiJIUzI1NiJ9.eyJzdGkiOjcwNzc1MiwicGFpIjoiZW5jb3JldGlja2V0cyIsInByaSI6ODYsInNpIjoiRFJFU1MgQ0lSQ0xFLUYtNCJ9.ix_pVhaFzV4DwxZyi2yOeAPInK_cWYC5eyVwAx3Facw","row":"F","number":4,"pricing":{"salePrice":[{"value":9000,"currency":"GBP","decimalPlaces":2}],"faceValue":[{"value":7500,"currency":"GBP","decimalPlaces":2}],"percentageDiscount":0,"includesBookingFee":true,"createdAt":"2021-09-20T22:11:43+0000","promotionLabel":null},"attributes":[],"isRestrictedView":false},{"seatIdentifier":"DRESS_CIRCLE-F5","aggregateReference":"eyJ0eXAiOiJKV1QiLCJhbGciOiJIUzI1NiJ9.eyJzdGkiOjcwNzc1MiwicGFpIjoiZW5jb3JldGlja2V0cyIsInByaSI6ODYsInNpIjoiRFJFU1MgQ0lSQ0xFLUYtNSJ9.VAGLFF6XnY8NMoeL7QBTIKA-BSUTrCAK9WQ-T7VwYoY","row":"F","number":5,"pricing":{"salePrice":[{"value":9000,"currency":"GBP","decimalPlaces":2}],"faceValue":[{"value":7500,"currency":"GBP","decimalPlaces":2}],"percentageDiscount":0,"includesBookingFee":true,"createdAt":"2021-09-20T22:11:43+0000","promotionLabel":null},"attributes":[],"isRestrictedView":false},{"seatIdentifier":"DRESS_CIRCLE-F6","aggregateReference":"eyJ0eXAiOiJKV1QiLCJhbGciOiJIUzI1NiJ9.eyJzdGkiOjcwNzc1MiwicGFpIjoiZW5jb3JldGlja2V0cyIsInByaSI6ODYsInNpIjoiRFJFU1MgQ0lSQ0xFLUYtNiJ9.FfcLRn_IaEDhT4iyiNm0nt0_HTpGS_zufyqniLCmOgQ","row":"F","number":6,"pricing":{"salePrice":[{"value":9000,"currency":"GBP","decimalPlaces":2}],"faceValue":[{"value":7500,"currency":"GBP","decimalPlaces":2}],"percentageDiscount":0,"includesBookingFee":true,"createdAt":"2021-09-20T22:11:43+0000","promotionLabel":null},"attributes":[],"isRestrictedView":false},{"seatIdentifier":"DRESS_CIRCLE-F7","aggregateReference":"eyJ0eXAiOiJKV1QiLCJhbGciOiJIUzI1NiJ9.eyJzdGkiOjcwNzc1MiwicGFpIjoiZW5jb3JldGlja2V0cyIsInByaSI6ODYsInNpIjoiRFJFU1MgQ0lSQ0xFLUYtNyJ9.kD4M9dzq81VJ_U4KOMXa0J2gMlYb5ssToKqyr6PuMnc","row":"F","number":7,"pricing":{"salePrice":[{"value":9000,"currency":"GBP","decimalPlaces":2}],"faceValue":[{"value":7500,"currency":"GBP","decimalPlaces":2}],"percentageDiscount":0,"includesBookingFee":true,"createdAt":"2021-09-20T22:11:43+0000","promotionLabel":null},"attributes":[],"isRestrictedView":false},{"seatIdentifier":"DRESS_CIRCLE-F8","aggregateReference":"eyJ0eXAiOiJKV1QiLCJhbGciOiJIUzI1NiJ9.eyJzdGkiOjcwNzc1MiwicGFpIjoiZW5jb3JldGlja2V0cyIsInByaSI6ODYsInNpIjoiRFJFU1MgQ0lSQ0xFLUYtOCJ9.Nh37b2AzQd72u4tCvhcM1Pxw-7aPLyxhuLOKaxP4_2w","row":"F","number":8,"pricing":{"salePrice":[{"value":9000,"currency":"GBP","decimalPlaces":2}],"faceValue":[{"value":7500,"currency":"GBP","decimalPlaces":2}],"percentageDiscount":0,"includesBookingFee":true,"createdAt":"2021-09-20T22:11:43+0000","promotionLabel":null},"attributes":[],"isRestrictedView":false},{"seatIdentifier":"DRESS_CIRCLE-F9","aggregateReference":"eyJ0eXAiOiJKV1QiLCJhbGciOiJIUzI1NiJ9.eyJzdGkiOjcwNzc1MiwicGFpIjoiZW5jb3JldGlja2V0cyIsInByaSI6ODYsInNpIjoiRFJFU1MgQ0lSQ0xFLUYtOSJ9.0R_cs8RFvCHd-8SJysNpowirYDB7EobZ7RUMm7EAH2I","row":"F","number":9,"pricing":{"salePrice":[{"value":9000,"currency":"GBP","decimalPlaces":2}],"faceValue":[{"value":7500,"currency":"GBP","decimalPlaces":2}],"percentageDiscount":0,"includesBookingFee":true,"createdAt":"2021-09-20T22:11:43+0000","promotionLabel":null},"attributes":[],"isRestrictedView":false},{"seatIdentifier":"DRESS_CIRCLE-F10","aggregateReference":"eyJ0eXAiOiJKV1QiLCJhbGciOiJIUzI1NiJ9.eyJzdGkiOjcwNzc1MiwicGFpIjoiZW5jb3JldGlja2V0cyIsInByaSI6ODYsInNpIjoiRFJFU1MgQ0lSQ0xFLUYtMTAifQ.PtVeOfU5tefAz0Vww0kALWnU5N5lJ4avVVXumhmFBhw","row":"F","number":10,"pricing":{"salePrice":[{"value":9000,"currency":"GBP","decimalPlaces":2}],"faceValue":[{"value":7500,"currency":"GBP","decimalPlaces":2}],"percentageDiscount":0,"includesBookingFee":true,"createdAt":"2021-09-20T22:11:43+0000","promotionLabel":null},"attributes":[],"isRestrictedView":false},{"seatIdentifier":"DRESS_CIRCLE-F11","aggregateReference":"eyJ0eXAiOiJKV1QiLCJhbGciOiJIUzI1NiJ9.eyJzdGkiOjcwNzc1MiwicGFpIjoiZW5jb3JldGlja2V0cyIsInByaSI6ODYsInNpIjoiRFJFU1MgQ0lSQ0xFLUYtMTEifQ.oBAXrXiCyY2FF6UI528g7yNGzTyCcrOIzyWc02qWmFM","row":"F","number":11,"pricing":{"salePrice":[{"value":9000,"currency":"GBP","decimalPlaces":2}],"faceValue":[{"value":7500,"currency":"GBP","decimalPlaces":2}],"percentageDiscount":0,"includesBookingFee":true,"createdAt":"2021-09-20T22:11:43+0000","promotionLabel":null},"attributes":[],"isRestrictedView":false},{"seatIdentifier":"DRESS_CIRCLE-F12","aggregateReference":"eyJ0eXAiOiJKV1QiLCJhbGciOiJIUzI1NiJ9.eyJzdGkiOjcwNzc1MiwicGFpIjoiZW5jb3JldGlja2V0cyIsInByaSI6ODYsInNpIjoiRFJFU1MgQ0lSQ0xFLUYtMTIifQ.LqmTQX1kuu9vdg6eHAmEJlSN3KKO1NJMUtOu6mSWGAw","row":"F","number":12,"pricing":{"salePrice":[{"value":9000,"currency":"GBP","decimalPlaces":2}],"faceValue":[{"value":7500,"currency":"GBP","decimalPlaces":2}],"percentageDiscount":0,"includesBookingFee":true,"createdAt":"2021-09-20T22:11:43+0000","promotionLabel":null},"attributes":[],"isRestrictedView":false}],"seatLumps":[{"seats":["DRESS_CIRCLE-F1","DRESS_CIRCLE-F2"]},{"seats":["DRESS_CIRCLE-F3","DRESS_CIRCLE-F4"]},{"seats":["DRESS_CIRCLE-F4","DRESS_CIRCLE-F5"]},{"seats":["DRESS_CIRCLE-F5","DRESS_CIRCLE-F6"]},{"seats":["DRESS_CIRCLE-F6","DRESS_CIRCLE-F7"]},{"seats":["DRESS_CIRCLE-F7","DRESS_CIRCLE-F8"]},{"seats":["DRESS_CIRCLE-F8","DRESS_CIRCLE-F9"]},{"seats":["DRESS_CIRCLE-F9","DRESS_CIRCLE-F10"]},{"seats":["DRESS_CIRCLE-F11","DRESS_CIRCLE-F12"]}]},{"groupIdentifier":"DRESS CIRCLE~F17;27","aggregateReference":null,"row":"F","mode":"allocated","seatNumberStart":17,"seatNumberEnd":27,"availableCount":11,"pricing":{"salePrice":[{"value":9000,"currency":"GBP","decimalPlaces":2}],"faceValue":[{"value":7500,"currency":"GBP","decimalPlaces":2}],"percentageDiscount":0,"includesBookingFee":true,"createdAt":"2021-09-20T22:11:43+0000","promotionLabel":null},"seats":[{"seatIdentifier":"DRESS_CIRCLE-F17","aggregateReference":"eyJ0eXAiOiJKV1QiLCJhbGciOiJIUzI1NiJ9.eyJzdGkiOjcwNzc1MiwicGFpIjoiZW5jb3JldGlja2V0cyIsInByaSI6ODYsInNpIjoiRFJFU1MgQ0lSQ0xFLUYtMTcifQ.OQ-k2E1LlLMf3A-tfkPQBQKYS9FducoZQzo_8v8YT6s","row":"F","number":17,"pricing":{"salePrice":[{"value":9000,"currency":"GBP","decimalPlaces":2}],"faceValue":[{"value":7500,"currency":"GBP","decimalPlaces":2}],"percentageDiscount":0,"includesBookingFee":true,"createdAt":"2021-09-20T22:11:43+0000","promotionLabel":null},"attributes":[],"isRestrictedView":false},{"seatIdentifier":"DRESS_CIRCLE-F18","aggregateReference":"eyJ0eXAiOiJKV1QiLCJhbGciOiJIUzI1NiJ9.eyJzdGkiOjcwNzc1MiwicGFpIjoiZW5jb3JldGlja2V0cyIsInByaSI6ODYsInNpIjoiRFJFU1MgQ0lSQ0xFLUYtMTgifQ.KZppKzh31kbkMp_KOTPN5FkIAPu8nqGRXGOpR2QF80U","row":"F","number":18,"pricing":{"salePrice":[{"value":9000,"currency":"GBP","decimalPlaces":2}],"faceValue":[{"value":7500,"currency":"GBP","decimalPlaces":2}],"percentageDiscount":0,"includesBookingFee":true,"createdAt":"2021-09-20T22:11:43+0000","promotionLabel":null},"attributes":[],"isRestrictedView":false},{"seatIdentifier":"DRESS_CIRCLE-F19","aggregateReference":"eyJ0eXAiOiJKV1QiLCJhbGciOiJIUzI1NiJ9.eyJzdGkiOjcwNzc1MiwicGFpIjoiZW5jb3JldGlja2V0cyIsInByaSI6ODYsInNpIjoiRFJFU1MgQ0lSQ0xFLUYtMTkifQ.Sg_1BL7jwhB21G2mBypWbKvhghf_qSMl41tfPDUY6Lk","row":"F","number":19,"pricing":{"salePrice":[{"value":9000,"currency":"GBP","decimalPlaces":2}],"faceValue":[{"value":7500,"currency":"GBP","decimalPlaces":2}],"percentageDiscount":0,"includesBookingFee":true,"createdAt":"2021-09-20T22:11:43+0000","promotionLabel":null},"attributes":[],"isRestrictedView":false},{"seatIdentifier":"DRESS_CIRCLE-F20","aggregateReference":"eyJ0eXAiOiJKV1QiLCJhbGciOiJIUzI1NiJ9.eyJzdGkiOjcwNzc1MiwicGFpIjoiZW5jb3JldGlja2V0cyIsInByaSI6ODYsInNpIjoiRFJFU1MgQ0lSQ0xFLUYtMjAifQ.jDjDV27IYVBU7TKv4EdXYowAQ1bI_7654LX_UiGN7bU","row":"F","number":20,"pricing":{"salePrice":[{"value":9000,"currency":"GBP","decimalPlaces":2}],"faceValue":[{"value":7500,"currency":"GBP","decimalPlaces":2}],"percentageDiscount":0,"includesBookingFee":true,"createdAt":"2021-09-20T22:11:43+0000","promotionLabel":null},"attributes":[],"isRestrictedView":false},{"seatIdentifier":"DRESS_CIRCLE-F21","aggregateReference":"eyJ0eXAiOiJKV1QiLCJhbGciOiJIUzI1NiJ9.eyJzdGkiOjcwNzc1MiwicGFpIjoiZW5jb3JldGlja2V0cyIsInByaSI6ODYsInNpIjoiRFJFU1MgQ0lSQ0xFLUYtMjEifQ.m0ycJIW6NhOmMHMi8eVuZynbXb05Z4yA7IL7q3Ir_FQ","row":"F","number":21,"pricing":{"salePrice":[{"value":9000,"currency":"GBP","decimalPlaces":2}],"faceValue":[{"value":7500,"currency":"GBP","decimalPlaces":2}],"percentageDiscount":0,"includesBookingFee":true,"createdAt":"2021-09-20T22:11:43+0000","promotionLabel":null},"attributes":[],"isRestrictedView":false},{"seatIdentifier":"DRESS_CIRCLE-F22","aggregateReference":"eyJ0eXAiOiJKV1QiLCJhbGciOiJIUzI1NiJ9.eyJzdGkiOjcwNzc1MiwicGFpIjoiZW5jb3JldGlja2V0cyIsInByaSI6ODYsInNpIjoiRFJFU1MgQ0lSQ0xFLUYtMjIifQ.uHGS94uNO2osRhNWKE99bRBmmEg8Hu3OzMewxO95eKA","row":"F","number":22,"pricing":{"salePrice":[{"value":9000,"currency":"GBP","decimalPlaces":2}],"faceValue":[{"value":7500,"currency":"GBP","decimalPlaces":2}],"percentageDiscount":0,"includesBookingFee":true,"createdAt":"2021-09-20T22:11:43+0000","promotionLabel":null},"attributes":[],"isRestrictedView":false},{"seatIdentifier":"DRESS_CIRCLE-F23","aggregateReference":"eyJ0eXAiOiJKV1QiLCJhbGciOiJIUzI1NiJ9.eyJzdGkiOjcwNzc1MiwicGFpIjoiZW5jb3JldGlja2V0cyIsInByaSI6ODYsInNpIjoiRFJFU1MgQ0lSQ0xFLUYtMjMifQ.Y1_21o3Kx9Iq4GNR6xv3mt2DFnoZaQY7zzybUoXOlSg","row":"F","number":23,"pricing":{"salePrice":[{"value":9000,"currency":"GBP","decimalPlaces":2}],"faceValue":[{"value":7500,"currency":"GBP","decimalPlaces":2}],"percentageDiscount":0,"includesBookingFee":true,"createdAt":"2021-09-20T22:11:43+0000","promotionLabel":null},"attributes":[],"isRestrictedView":false},{"seatIdentifier":"DRESS_CIRCLE-F24","aggregateReference":"eyJ0eXAiOiJKV1QiLCJhbGciOiJIUzI1NiJ9.eyJzdGkiOjcwNzc1MiwicGFpIjoiZW5jb3JldGlja2V0cyIsInByaSI6ODYsInNpIjoiRFJFU1MgQ0lSQ0xFLUYtMjQifQ.DVy7KaUDRjB4mG18vdVLKcIcXj-FbJRDQS3G2YkonTM","row":"F","number":24,"pricing":{"salePrice":[{"value":9000,"currency":"GBP","decimalPlaces":2}],"faceValue":[{"value":7500,"currency":"GBP","decimalPlaces":2}],"percentageDiscount":0,"includesBookingFee":true,"createdAt":"2021-09-20T22:11:43+0000","promotionLabel":null},"attributes":[],"isRestrictedView":false},{"seatIdentifier":"DRESS_CIRCLE-F25","aggregateReference":"eyJ0eXAiOiJKV1QiLCJhbGciOiJIUzI1NiJ9.eyJzdGkiOjcwNzc1MiwicGFpIjoiZW5jb3JldGlja2V0cyIsInByaSI6ODYsInNpIjoiRFJFU1MgQ0lSQ0xFLUYtMjUifQ.aey8p0nHf_NM2hgJEes_KIzR1YVB-a22RrHbt9jnXUo","row":"F","number":25,"pricing":{"salePrice":[{"value":9000,"currency":"GBP","decimalPlaces":2}],"faceValue":[{"value":7500,"currency":"GBP","decimalPlaces":2}],"percentageDiscount":0,"includesBookingFee":true,"createdAt":"2021-09-20T22:11:43+0000","promotionLabel":null},"attributes":[],"isRestrictedView":false},{"seatIdentifier":"DRESS_CIRCLE-F26","aggregateReference":"eyJ0eXAiOiJKV1QiLCJhbGciOiJIUzI1NiJ9.eyJzdGkiOjcwNzc1MiwicGFpIjoiZW5jb3JldGlja2V0cyIsInByaSI6ODYsInNpIjoiRFJFU1MgQ0lSQ0xFLUYtMjYifQ.VEr6UviEsvQ5tReu53g-j3aBv4ddU8uqDlRpaAaK7ss","row":"F","number":26,"pricing":{"salePrice":[{"value":9000,"currency":"GBP","decimalPlaces":2}],"faceValue":[{"value":7500,"currency":"GBP","decimalPlaces":2}],"percentageDiscount":0,"includesBookingFee":true,"createdAt":"2021-09-20T22:11:43+0000","promotionLabel":null},"attributes":[],"isRestrictedView":false},{"seatIdentifier":"DRESS_CIRCLE-F27","aggregateReference":"eyJ0eXAiOiJKV1QiLCJhbGciOiJIUzI1NiJ9.eyJzdGkiOjcwNzc1MiwicGFpIjoiZW5jb3JldGlja2V0cyIsInByaSI6ODYsInNpIjoiRFJFU1MgQ0lSQ0xFLUYtMjcifQ.6nUlDLqCCqU9u1vePfCRnHO4w-xHPs0_P7ZOUw7cByQ","row":"F","number":27,"pricing":{"salePrice":[{"value":9000,"currency":"GBP","decimalPlaces":2}],"faceValue":[{"value":7500,"currency":"GBP","decimalPlaces":2}],"percentageDiscount":0,"includesBookingFee":true,"createdAt":"2021-09-20T22:11:43+0000","promotionLabel":null},"attributes":[{"title":"EndOfRow","description":"Seat at end of row","intention":"positive"}],"isRestrictedView":false}],"seatLumps":[{"seats":["DRESS_CIRCLE-F17","DRESS_CIRCLE-F18"]},{"seats":["DRESS_CIRCLE-F19","DRESS_CIRCLE-F20"]},{"seats":["DRESS_CIRCLE-F20","DRESS_CIRCLE-F21"]},{"seats":["DRESS_CIRCLE-F21","DRESS_CIRCLE-F22"]},{"seats":["DRESS_CIRCLE-F22","DRESS_CIRCLE-F23"]},{"seats":["DRESS_CIRCLE-F23","DRESS_CIRCLE-F24"]},{"seats":["DRESS_CIRCLE-F24","DRESS_CIRCLE-F25"]},{"seats":["DRESS_CIRCLE-F26","DRESS_CIRCLE-F27"]}]},{"groupIdentifier":"DRESS CIRCLE~B9;10","aggregateReference":null,"row":"B","mode":"allocated","seatNumberStart":9,"seatNumberEnd":10,"availableCount":2,"pricing":{"salePrice":[{"value":11400,"currency":"GBP","decimalPlaces":2}],"faceValue":[{"value":9500,"currency":"GBP","decimalPlaces":2}],"percentageDiscount":0,"includesBookingFee":true,"createdAt":"2021-09-20T22:11:43+0000","promotionLabel":null},"seats":[{"seatIdentifier":"DRESS_CIRCLE-B9","aggregateReference":"eyJ0eXAiOiJKV1QiLCJhbGciOiJIUzI1NiJ9.eyJzdGkiOjcwNzc1MiwicGFpIjoiZW5jb3JldGlja2V0cyIsInByaSI6ODYsInNpIjoiRFJFU1MgQ0lSQ0xFLUItOSJ9.C-AoiRPnsJ2Gz6arD0tMaF3O7MiLRKB4791g1izzJ9c","row":"B","number":9,"pricing":{"salePrice":[{"value":11400,"currency":"GBP","decimalPlaces":2}],"faceValue":[{"value":9500,"currency":"GBP","decimalPlaces":2}],"percentageDiscount":0,"includesBookingFee":true,"createdAt":"2021-09-20T22:11:43+0000","promotionLabel":null},"attributes":[],"isRestrictedView":false},{"seatIdentifier":"DRESS_CIRCLE-B10","aggregateReference":"eyJ0eXAiOiJKV1QiLCJhbGciOiJIUzI1NiJ9.eyJzdGkiOjcwNzc1MiwicGFpIjoiZW5jb3JldGlja2V0cyIsInByaSI6ODYsInNpIjoiRFJFU1MgQ0lSQ0xFLUItMTAifQ.towK2w1ksx1WBsgGVrdaBMselwHNSEHQpFAjZ028WD4","row":"B","number":10,"pricing":{"salePrice":[{"value":11400,"currency":"GBP","decimalPlaces":2}],"faceValue":[{"value":9500,"currency":"GBP","decimalPlaces":2}],"percentageDiscount":0,"includesBookingFee":true,"createdAt":"2021-09-20T22:11:43+0000","promotionLabel":null},"attributes":[],"isRestrictedView":false}],"seatLumps":[{"seats":["DRESS_CIRCLE-B9","DRESS_CIRCLE-B10"]}]},{"groupIdentifier":"DRESS CIRCLE~B15;16","aggregateReference":null,"row":"B","mode":"allocated","seatNumberStart":15,"seatNumberEnd":16,"availableCount":2,"pricing":{"salePrice":[{"value":11400,"currency":"GBP","decimalPlaces":2}],"faceValue":[{"value":9500,"currency":"GBP","decimalPlaces":2}],"percentageDiscount":0,"includesBookingFee":true,"createdAt":"2021-09-20T22:11:43+0000","promotionLabel":null},"seats":[{"seatIdentifier":"DRESS_CIRCLE-B15","aggregateReference":"eyJ0eXAiOiJKV1QiLCJhbGciOiJIUzI1NiJ9.eyJzdGkiOjcwNzc1MiwicGFpIjoiZW5jb3JldGlja2V0cyIsInByaSI6ODYsInNpIjoiRFJFU1MgQ0lSQ0xFLUItMTUifQ.tdthx0gd3CFs5echnUM8NHcij7OvwTWwye-Tg1TPgxM","row":"B","number":15,"pricing":{"salePrice":[{"value":11400,"currency":"GBP","decimalPlaces":2}],"faceValue":[{"value":9500,"currency":"GBP","decimalPlaces":2}],"percentageDiscount":0,"includesBookingFee":true,"createdAt":"2021-09-20T22:11:43+0000","promotionLabel":null},"attributes":[],"isRestrictedView":false},{"seatIdentifier":"DRESS_CIRCLE-B16","aggregateReference":"eyJ0eXAiOiJKV1QiLCJhbGciOiJIUzI1NiJ9.eyJzdGkiOjcwNzc1MiwicGFpIjoiZW5jb3JldGlja2V0cyIsInByaSI6ODYsInNpIjoiRFJFU1MgQ0lSQ0xFLUItMTYifQ.3iRes2CwUoO5W2j4jCeIR2L7suP6mR3ghKIW8B-YhG0","row":"B","number":16,"pricing":{"salePrice":[{"value":11400,"currency":"GBP","decimalPlaces":2}],"faceValue":[{"value":9500,"currency":"GBP","decimalPlaces":2}],"percentageDiscount":0,"includesBookingFee":true,"createdAt":"2021-09-20T22:11:43+0000","promotionLabel":null},"attributes":[],"isRestrictedView":false}],"seatLumps":[{"seats":["DRESS_CIRCLE-B15","DRESS_CIRCLE-B16"]}]}]}]},"context":null}
[verifyBookingTest INFO ] 2021-09-20 23:11:45.434 (LocalDriver.java:18) - Initializing browser: chrome
[verifyBookingTest INFO ] 2021-09-20 23:11:47.156 (AppDriver.java:33) - Launching URL: https://www.encoretickets.co.uk/
[verifyBookingTest INFO ] 2021-09-20 23:11:49.878 (HomePage.java:50) - Verifying Sign in page.
[verifyBookingTest INFO ] 2021-09-20 23:11:49.994 (HomePage.java:30) - Entering the Show or Attraction: TINA-The Tina Turner Musical
[verifyBookingTest INFO ] 2021-09-20 23:11:50.442 (HomePage.java:36) - Clicking First Search Result
[verifyBookingTest INFO ] 2021-09-20 23:11:50.875 (HomePage.java:43) - Clicking Find Tickets button
[verifyBookingTest INFO ] 2021-09-20 23:11:51.536 (ChooseADatePage.java:88) - Verifying Choose a date page.
[verifyBookingTest INFO ] 2021-09-20 23:11:52.413 (ChooseADatePage.java:39) - Clicking Month Selector button
[verifyBookingTest INFO ] 2021-09-20 23:11:52.539 (ChooseADatePage.java:45) - Selecting the Month and Year: November 2021
[verifyBookingTest INFO ] 2021-09-20 23:11:52.761 (ChooseADatePage.java:56) - Selecting the date: November 22, 2021
[verifyBookingTest INFO ] 2021-09-20 23:11:56.144 (ChooseADatePage.java:76) - Selecting the show time: 14:30
[verifyBookingTest INFO ] 2021-09-20 23:11:56.176 (ChooseADatePage.java:69) - Clicking Pick Your Seats button
[verifyBookingTest INFO ] 2021-09-20 23:12:02.232 (SeatPlanningPage.java:115) - Verifying Seat planning Page
[verifyBookingTest INFO ] 2021-09-20 23:12:02.288 (SeatPlanningPage.java:65) - Number of frames present : 2
]]></system-out>
    <system-err><![CDATA[[TestNG-tests-1] INFO io.github.bonigarcia.wdm.WebDriverManager - Using chromedriver 93.0.4577.63 (resolved driver for Chrome 93)
[TestNG-tests-1] INFO io.github.bonigarcia.wdm.WebDriverManager - Exporting webdriver.chrome.driver as /Users/ra324990/.cache/selenium/chromedriver/mac64/93.0.4577.63/chromedriver
Starting ChromeDriver 93.0.4577.63 (ff5c0da2ec0adeaed5550e6c7e98417dac77d98a-refs/branch-heads/4577@{#1135}) on port 13998
Only local connections are allowed.
Please see https://chromedriver.chromium.org/security-considerations for suggestions on keeping ChromeDriver safe.
ChromeDriver was started successfully.
Sep 20, 2021 11:11:47 PM org.openqa.selenium.remote.ProtocolHandshake createSession
INFO: Detected dialect: W3C
]]></system-err>
  </testcase>
</testsuite>