<?xml version="1.0" encoding="UTF-8"?>
<!-- Generated by org.testng.reporters.JUnitReportReporter -->
<testsuite hostname="C02X6HZXJG5J" failures="0" tests="1" name="com.encore.web.tests.EncoreWebTests" time="24.190" errors="0" timestamp="2021-09-20T07:36:05 BST" skipped="0">
  <testcase classname="com.encore.web.tests.EncoreWebTests" name="verifyBookingTest" time="24.190"/>
  <system-out/>
</testsuite> <!-- com.encore.web.tests.EncoreWebTests -->
